[2024-05-18T23:21:13.306+0000] {processor.py:161} INFO - Started process (PID=83) to work on /opt/airflow/dags/welcome_dag.py
[2024-05-18T23:21:13.307+0000] {processor.py:830} INFO - Processing file /opt/airflow/dags/welcome_dag.py for tasks to queue
[2024-05-18T23:21:13.309+0000] {logging_mixin.py:188} INFO - [2024-05-18T23:21:13.309+0000] {dagbag.py:545} INFO - Filling up the DagBag from /opt/airflow/dags/welcome_dag.py
[2024-05-18T23:21:13.332+0000] {processor.py:840} INFO - DAG(s) 'welcome_dag' retrieved from /opt/airflow/dags/welcome_dag.py
[2024-05-18T23:21:13.393+0000] {logging_mixin.py:188} INFO - [2024-05-18T23:21:13.393+0000] {override.py:1829} INFO - Created Permission View: can delete on DAG:welcome_dag
[2024-05-18T23:21:13.399+0000] {logging_mixin.py:188} INFO - [2024-05-18T23:21:13.399+0000] {override.py:1829} INFO - Created Permission View: can read on DAG:welcome_dag
[2024-05-18T23:21:13.403+0000] {logging_mixin.py:188} INFO - [2024-05-18T23:21:13.403+0000] {override.py:1829} INFO - Created Permission View: can edit on DAG:welcome_dag
[2024-05-18T23:21:13.403+0000] {logging_mixin.py:188} INFO - [2024-05-18T23:21:13.403+0000] {dag.py:3096} INFO - Sync 1 DAGs
[2024-05-18T23:21:13.407+0000] {logging_mixin.py:188} INFO - [2024-05-18T23:21:13.407+0000] {dag.py:3118} INFO - Creating ORM DAG for welcome_dag
[2024-05-18T23:21:13.413+0000] {logging_mixin.py:188} INFO - [2024-05-18T23:21:13.412+0000] {dag.py:3954} INFO - Setting next_dagrun for welcome_dag to 2024-05-17 23:00:00+00:00, run_after=2024-05-18 23:00:00+00:00
[2024-05-18T23:21:13.423+0000] {processor.py:183} INFO - Processing /opt/airflow/dags/welcome_dag.py took 0.121 seconds
[2024-05-18T23:21:44.247+0000] {processor.py:161} INFO - Started process (PID=84) to work on /opt/airflow/dags/welcome_dag.py
[2024-05-18T23:21:44.248+0000] {processor.py:830} INFO - Processing file /opt/airflow/dags/welcome_dag.py for tasks to queue
[2024-05-18T23:21:44.250+0000] {logging_mixin.py:188} INFO - [2024-05-18T23:21:44.250+0000] {dagbag.py:545} INFO - Filling up the DagBag from /opt/airflow/dags/welcome_dag.py
[2024-05-18T23:21:44.262+0000] {processor.py:840} INFO - DAG(s) 'welcome_dag' retrieved from /opt/airflow/dags/welcome_dag.py
[2024-05-18T23:21:44.276+0000] {logging_mixin.py:188} INFO - [2024-05-18T23:21:44.275+0000] {dag.py:3096} INFO - Sync 1 DAGs
[2024-05-18T23:21:44.286+0000] {logging_mixin.py:188} INFO - [2024-05-18T23:21:44.286+0000] {dag.py:3954} INFO - Setting next_dagrun for welcome_dag to 2024-05-17 23:00:00+00:00, run_after=2024-05-18 23:00:00+00:00
[2024-05-18T23:21:44.297+0000] {processor.py:183} INFO - Processing /opt/airflow/dags/welcome_dag.py took 0.054 seconds
[2024-05-18T23:22:14.623+0000] {processor.py:161} INFO - Started process (PID=157) to work on /opt/airflow/dags/welcome_dag.py
[2024-05-18T23:22:14.624+0000] {processor.py:830} INFO - Processing file /opt/airflow/dags/welcome_dag.py for tasks to queue
[2024-05-18T23:22:14.626+0000] {logging_mixin.py:188} INFO - [2024-05-18T23:22:14.626+0000] {dagbag.py:545} INFO - Filling up the DagBag from /opt/airflow/dags/welcome_dag.py
[2024-05-18T23:22:14.638+0000] {processor.py:840} INFO - DAG(s) 'welcome_dag' retrieved from /opt/airflow/dags/welcome_dag.py
[2024-05-18T23:22:14.650+0000] {logging_mixin.py:188} INFO - [2024-05-18T23:22:14.650+0000] {dag.py:3096} INFO - Sync 1 DAGs
[2024-05-18T23:22:14.661+0000] {logging_mixin.py:188} INFO - [2024-05-18T23:22:14.661+0000] {dag.py:3954} INFO - Setting next_dagrun for welcome_dag to 2024-05-18 23:00:00+00:00, run_after=2024-05-19 23:00:00+00:00
[2024-05-18T23:22:14.672+0000] {processor.py:183} INFO - Processing /opt/airflow/dags/welcome_dag.py took 0.054 seconds
[2024-05-18T23:22:45.042+0000] {processor.py:161} INFO - Started process (PID=158) to work on /opt/airflow/dags/welcome_dag.py
[2024-05-18T23:22:45.043+0000] {processor.py:830} INFO - Processing file /opt/airflow/dags/welcome_dag.py for tasks to queue
[2024-05-18T23:22:45.046+0000] {logging_mixin.py:188} INFO - [2024-05-18T23:22:45.045+0000] {dagbag.py:545} INFO - Filling up the DagBag from /opt/airflow/dags/welcome_dag.py
[2024-05-18T23:22:45.059+0000] {processor.py:840} INFO - DAG(s) 'welcome_dag' retrieved from /opt/airflow/dags/welcome_dag.py
[2024-05-18T23:22:45.074+0000] {logging_mixin.py:188} INFO - [2024-05-18T23:22:45.074+0000] {dag.py:3096} INFO - Sync 1 DAGs
[2024-05-18T23:22:45.087+0000] {logging_mixin.py:188} INFO - [2024-05-18T23:22:45.087+0000] {dag.py:3954} INFO - Setting next_dagrun for welcome_dag to 2024-05-18 23:00:00+00:00, run_after=2024-05-19 23:00:00+00:00
[2024-05-18T23:22:45.098+0000] {processor.py:183} INFO - Processing /opt/airflow/dags/welcome_dag.py took 0.065 seconds
[2024-05-18T23:23:15.251+0000] {processor.py:161} INFO - Started process (PID=159) to work on /opt/airflow/dags/welcome_dag.py
[2024-05-18T23:23:15.253+0000] {processor.py:830} INFO - Processing file /opt/airflow/dags/welcome_dag.py for tasks to queue
[2024-05-18T23:23:15.256+0000] {logging_mixin.py:188} INFO - [2024-05-18T23:23:15.256+0000] {dagbag.py:545} INFO - Filling up the DagBag from /opt/airflow/dags/welcome_dag.py
[2024-05-18T23:23:15.275+0000] {processor.py:840} INFO - DAG(s) 'welcome_dag' retrieved from /opt/airflow/dags/welcome_dag.py
[2024-05-18T23:23:15.291+0000] {logging_mixin.py:188} INFO - [2024-05-18T23:23:15.291+0000] {dag.py:3096} INFO - Sync 1 DAGs
[2024-05-18T23:23:15.302+0000] {logging_mixin.py:188} INFO - [2024-05-18T23:23:15.302+0000] {dag.py:3954} INFO - Setting next_dagrun for welcome_dag to 2024-05-18 23:00:00+00:00, run_after=2024-05-19 23:00:00+00:00
[2024-05-18T23:23:15.314+0000] {processor.py:183} INFO - Processing /opt/airflow/dags/welcome_dag.py took 0.069 seconds
[2024-05-18T23:23:45.453+0000] {processor.py:161} INFO - Started process (PID=160) to work on /opt/airflow/dags/welcome_dag.py
[2024-05-18T23:23:45.454+0000] {processor.py:830} INFO - Processing file /opt/airflow/dags/welcome_dag.py for tasks to queue
[2024-05-18T23:23:45.456+0000] {logging_mixin.py:188} INFO - [2024-05-18T23:23:45.456+0000] {dagbag.py:545} INFO - Filling up the DagBag from /opt/airflow/dags/welcome_dag.py
[2024-05-18T23:23:45.470+0000] {processor.py:840} INFO - DAG(s) 'welcome_dag' retrieved from /opt/airflow/dags/welcome_dag.py
[2024-05-18T23:23:45.485+0000] {logging_mixin.py:188} INFO - [2024-05-18T23:23:45.485+0000] {dag.py:3096} INFO - Sync 1 DAGs
[2024-05-18T23:23:45.495+0000] {logging_mixin.py:188} INFO - [2024-05-18T23:23:45.495+0000] {dag.py:3954} INFO - Setting next_dagrun for welcome_dag to 2024-05-18 23:00:00+00:00, run_after=2024-05-19 23:00:00+00:00
[2024-05-18T23:23:45.507+0000] {processor.py:183} INFO - Processing /opt/airflow/dags/welcome_dag.py took 0.058 seconds
[2024-05-18T23:24:15.661+0000] {processor.py:161} INFO - Started process (PID=161) to work on /opt/airflow/dags/welcome_dag.py
[2024-05-18T23:24:15.662+0000] {processor.py:830} INFO - Processing file /opt/airflow/dags/welcome_dag.py for tasks to queue
[2024-05-18T23:24:15.664+0000] {logging_mixin.py:188} INFO - [2024-05-18T23:24:15.664+0000] {dagbag.py:545} INFO - Filling up the DagBag from /opt/airflow/dags/welcome_dag.py
[2024-05-18T23:24:15.681+0000] {processor.py:840} INFO - DAG(s) 'welcome_dag' retrieved from /opt/airflow/dags/welcome_dag.py
[2024-05-18T23:24:15.697+0000] {logging_mixin.py:188} INFO - [2024-05-18T23:24:15.696+0000] {dag.py:3096} INFO - Sync 1 DAGs
[2024-05-18T23:24:15.707+0000] {logging_mixin.py:188} INFO - [2024-05-18T23:24:15.707+0000] {dag.py:3954} INFO - Setting next_dagrun for welcome_dag to 2024-05-18 23:00:00+00:00, run_after=2024-05-19 23:00:00+00:00
[2024-05-18T23:24:15.719+0000] {processor.py:183} INFO - Processing /opt/airflow/dags/welcome_dag.py took 0.063 seconds
[2024-05-18T23:24:45.865+0000] {processor.py:161} INFO - Started process (PID=162) to work on /opt/airflow/dags/welcome_dag.py
[2024-05-18T23:24:45.866+0000] {processor.py:830} INFO - Processing file /opt/airflow/dags/welcome_dag.py for tasks to queue
[2024-05-18T23:24:45.868+0000] {logging_mixin.py:188} INFO - [2024-05-18T23:24:45.867+0000] {dagbag.py:545} INFO - Filling up the DagBag from /opt/airflow/dags/welcome_dag.py
[2024-05-18T23:24:45.880+0000] {processor.py:840} INFO - DAG(s) 'welcome_dag' retrieved from /opt/airflow/dags/welcome_dag.py
[2024-05-18T23:24:45.894+0000] {logging_mixin.py:188} INFO - [2024-05-18T23:24:45.894+0000] {dag.py:3096} INFO - Sync 1 DAGs
[2024-05-18T23:24:45.905+0000] {logging_mixin.py:188} INFO - [2024-05-18T23:24:45.905+0000] {dag.py:3954} INFO - Setting next_dagrun for welcome_dag to 2024-05-18 23:00:00+00:00, run_after=2024-05-19 23:00:00+00:00
[2024-05-18T23:24:45.917+0000] {processor.py:183} INFO - Processing /opt/airflow/dags/welcome_dag.py took 0.058 seconds
[2024-05-18T23:25:16.050+0000] {processor.py:161} INFO - Started process (PID=163) to work on /opt/airflow/dags/welcome_dag.py
[2024-05-18T23:25:16.050+0000] {processor.py:830} INFO - Processing file /opt/airflow/dags/welcome_dag.py for tasks to queue
[2024-05-18T23:25:16.052+0000] {logging_mixin.py:188} INFO - [2024-05-18T23:25:16.051+0000] {dagbag.py:545} INFO - Filling up the DagBag from /opt/airflow/dags/welcome_dag.py
[2024-05-18T23:25:16.064+0000] {processor.py:840} INFO - DAG(s) 'welcome_dag' retrieved from /opt/airflow/dags/welcome_dag.py
[2024-05-18T23:25:16.077+0000] {logging_mixin.py:188} INFO - [2024-05-18T23:25:16.076+0000] {dag.py:3096} INFO - Sync 1 DAGs
[2024-05-18T23:25:16.087+0000] {logging_mixin.py:188} INFO - [2024-05-18T23:25:16.087+0000] {dag.py:3954} INFO - Setting next_dagrun for welcome_dag to 2024-05-18 23:00:00+00:00, run_after=2024-05-19 23:00:00+00:00
[2024-05-18T23:25:16.099+0000] {processor.py:183} INFO - Processing /opt/airflow/dags/welcome_dag.py took 0.054 seconds
[2024-05-18T23:25:46.248+0000] {processor.py:161} INFO - Started process (PID=164) to work on /opt/airflow/dags/welcome_dag.py
[2024-05-18T23:25:46.249+0000] {processor.py:830} INFO - Processing file /opt/airflow/dags/welcome_dag.py for tasks to queue
[2024-05-18T23:25:46.251+0000] {logging_mixin.py:188} INFO - [2024-05-18T23:25:46.250+0000] {dagbag.py:545} INFO - Filling up the DagBag from /opt/airflow/dags/welcome_dag.py
[2024-05-18T23:25:46.263+0000] {processor.py:840} INFO - DAG(s) 'welcome_dag' retrieved from /opt/airflow/dags/welcome_dag.py
[2024-05-18T23:25:46.277+0000] {logging_mixin.py:188} INFO - [2024-05-18T23:25:46.277+0000] {dag.py:3096} INFO - Sync 1 DAGs
[2024-05-18T23:25:46.287+0000] {logging_mixin.py:188} INFO - [2024-05-18T23:25:46.287+0000] {dag.py:3954} INFO - Setting next_dagrun for welcome_dag to 2024-05-18 23:00:00+00:00, run_after=2024-05-19 23:00:00+00:00
[2024-05-18T23:25:46.301+0000] {processor.py:183} INFO - Processing /opt/airflow/dags/welcome_dag.py took 0.058 seconds
[2024-05-18T23:26:16.442+0000] {processor.py:161} INFO - Started process (PID=165) to work on /opt/airflow/dags/welcome_dag.py
[2024-05-18T23:26:16.443+0000] {processor.py:830} INFO - Processing file /opt/airflow/dags/welcome_dag.py for tasks to queue
[2024-05-18T23:26:16.445+0000] {logging_mixin.py:188} INFO - [2024-05-18T23:26:16.445+0000] {dagbag.py:545} INFO - Filling up the DagBag from /opt/airflow/dags/welcome_dag.py
[2024-05-18T23:26:16.459+0000] {processor.py:840} INFO - DAG(s) 'welcome_dag' retrieved from /opt/airflow/dags/welcome_dag.py
[2024-05-18T23:26:16.475+0000] {logging_mixin.py:188} INFO - [2024-05-18T23:26:16.475+0000] {dag.py:3096} INFO - Sync 1 DAGs
[2024-05-18T23:26:16.487+0000] {logging_mixin.py:188} INFO - [2024-05-18T23:26:16.487+0000] {dag.py:3954} INFO - Setting next_dagrun for welcome_dag to 2024-05-18 23:00:00+00:00, run_after=2024-05-19 23:00:00+00:00
[2024-05-18T23:26:16.501+0000] {processor.py:183} INFO - Processing /opt/airflow/dags/welcome_dag.py took 0.065 seconds
[2024-05-18T23:26:46.631+0000] {processor.py:161} INFO - Started process (PID=166) to work on /opt/airflow/dags/welcome_dag.py
[2024-05-18T23:26:46.633+0000] {processor.py:830} INFO - Processing file /opt/airflow/dags/welcome_dag.py for tasks to queue
[2024-05-18T23:26:46.634+0000] {logging_mixin.py:188} INFO - [2024-05-18T23:26:46.634+0000] {dagbag.py:545} INFO - Filling up the DagBag from /opt/airflow/dags/welcome_dag.py
[2024-05-18T23:26:46.648+0000] {processor.py:840} INFO - DAG(s) 'welcome_dag' retrieved from /opt/airflow/dags/welcome_dag.py
[2024-05-18T23:26:46.667+0000] {logging_mixin.py:188} INFO - [2024-05-18T23:26:46.667+0000] {dag.py:3096} INFO - Sync 1 DAGs
[2024-05-18T23:26:46.678+0000] {logging_mixin.py:188} INFO - [2024-05-18T23:26:46.678+0000] {dag.py:3954} INFO - Setting next_dagrun for welcome_dag to 2024-05-18 23:00:00+00:00, run_after=2024-05-19 23:00:00+00:00
[2024-05-18T23:26:46.691+0000] {processor.py:183} INFO - Processing /opt/airflow/dags/welcome_dag.py took 0.064 seconds
[2024-05-18T23:27:16.843+0000] {processor.py:161} INFO - Started process (PID=167) to work on /opt/airflow/dags/welcome_dag.py
[2024-05-18T23:27:16.844+0000] {processor.py:830} INFO - Processing file /opt/airflow/dags/welcome_dag.py for tasks to queue
[2024-05-18T23:27:16.846+0000] {logging_mixin.py:188} INFO - [2024-05-18T23:27:16.846+0000] {dagbag.py:545} INFO - Filling up the DagBag from /opt/airflow/dags/welcome_dag.py
[2024-05-18T23:27:16.859+0000] {processor.py:840} INFO - DAG(s) 'welcome_dag' retrieved from /opt/airflow/dags/welcome_dag.py
[2024-05-18T23:27:16.873+0000] {logging_mixin.py:188} INFO - [2024-05-18T23:27:16.873+0000] {dag.py:3096} INFO - Sync 1 DAGs
[2024-05-18T23:27:16.884+0000] {logging_mixin.py:188} INFO - [2024-05-18T23:27:16.884+0000] {dag.py:3954} INFO - Setting next_dagrun for welcome_dag to 2024-05-18 23:00:00+00:00, run_after=2024-05-19 23:00:00+00:00
[2024-05-18T23:27:16.895+0000] {processor.py:183} INFO - Processing /opt/airflow/dags/welcome_dag.py took 0.060 seconds
[2024-05-18T23:27:47.007+0000] {processor.py:161} INFO - Started process (PID=168) to work on /opt/airflow/dags/welcome_dag.py
[2024-05-18T23:27:47.008+0000] {processor.py:830} INFO - Processing file /opt/airflow/dags/welcome_dag.py for tasks to queue
[2024-05-18T23:27:47.011+0000] {logging_mixin.py:188} INFO - [2024-05-18T23:27:47.010+0000] {dagbag.py:545} INFO - Filling up the DagBag from /opt/airflow/dags/welcome_dag.py
[2024-05-18T23:27:47.026+0000] {processor.py:840} INFO - DAG(s) 'welcome_dag' retrieved from /opt/airflow/dags/welcome_dag.py
[2024-05-18T23:27:47.040+0000] {logging_mixin.py:188} INFO - [2024-05-18T23:27:47.040+0000] {dag.py:3096} INFO - Sync 1 DAGs
[2024-05-18T23:27:47.050+0000] {logging_mixin.py:188} INFO - [2024-05-18T23:27:47.050+0000] {dag.py:3954} INFO - Setting next_dagrun for welcome_dag to 2024-05-18 23:00:00+00:00, run_after=2024-05-19 23:00:00+00:00
[2024-05-18T23:27:47.061+0000] {processor.py:183} INFO - Processing /opt/airflow/dags/welcome_dag.py took 0.062 seconds
[2024-05-18T23:28:17.197+0000] {processor.py:161} INFO - Started process (PID=169) to work on /opt/airflow/dags/welcome_dag.py
[2024-05-18T23:28:17.198+0000] {processor.py:830} INFO - Processing file /opt/airflow/dags/welcome_dag.py for tasks to queue
[2024-05-18T23:28:17.200+0000] {logging_mixin.py:188} INFO - [2024-05-18T23:28:17.199+0000] {dagbag.py:545} INFO - Filling up the DagBag from /opt/airflow/dags/welcome_dag.py
[2024-05-18T23:28:17.212+0000] {processor.py:840} INFO - DAG(s) 'welcome_dag' retrieved from /opt/airflow/dags/welcome_dag.py
[2024-05-18T23:28:17.226+0000] {logging_mixin.py:188} INFO - [2024-05-18T23:28:17.226+0000] {dag.py:3096} INFO - Sync 1 DAGs
[2024-05-18T23:28:17.236+0000] {logging_mixin.py:188} INFO - [2024-05-18T23:28:17.236+0000] {dag.py:3954} INFO - Setting next_dagrun for welcome_dag to 2024-05-18 23:00:00+00:00, run_after=2024-05-19 23:00:00+00:00
[2024-05-18T23:28:17.248+0000] {processor.py:183} INFO - Processing /opt/airflow/dags/welcome_dag.py took 0.056 seconds
[2024-05-18T23:28:47.396+0000] {processor.py:161} INFO - Started process (PID=170) to work on /opt/airflow/dags/welcome_dag.py
[2024-05-18T23:28:47.397+0000] {processor.py:830} INFO - Processing file /opt/airflow/dags/welcome_dag.py for tasks to queue
[2024-05-18T23:28:47.398+0000] {logging_mixin.py:188} INFO - [2024-05-18T23:28:47.398+0000] {dagbag.py:545} INFO - Filling up the DagBag from /opt/airflow/dags/welcome_dag.py
[2024-05-18T23:28:47.410+0000] {processor.py:840} INFO - DAG(s) 'welcome_dag' retrieved from /opt/airflow/dags/welcome_dag.py
[2024-05-18T23:28:47.425+0000] {logging_mixin.py:188} INFO - [2024-05-18T23:28:47.425+0000] {dag.py:3096} INFO - Sync 1 DAGs
[2024-05-18T23:28:47.435+0000] {logging_mixin.py:188} INFO - [2024-05-18T23:28:47.435+0000] {dag.py:3954} INFO - Setting next_dagrun for welcome_dag to 2024-05-18 23:00:00+00:00, run_after=2024-05-19 23:00:00+00:00
[2024-05-18T23:28:47.449+0000] {processor.py:183} INFO - Processing /opt/airflow/dags/welcome_dag.py took 0.058 seconds
[2024-05-18T23:29:17.606+0000] {processor.py:161} INFO - Started process (PID=171) to work on /opt/airflow/dags/welcome_dag.py
[2024-05-18T23:29:17.608+0000] {processor.py:830} INFO - Processing file /opt/airflow/dags/welcome_dag.py for tasks to queue
[2024-05-18T23:29:17.610+0000] {logging_mixin.py:188} INFO - [2024-05-18T23:29:17.609+0000] {dagbag.py:545} INFO - Filling up the DagBag from /opt/airflow/dags/welcome_dag.py
[2024-05-18T23:29:17.622+0000] {processor.py:840} INFO - DAG(s) 'welcome_dag' retrieved from /opt/airflow/dags/welcome_dag.py
[2024-05-18T23:29:17.635+0000] {logging_mixin.py:188} INFO - [2024-05-18T23:29:17.635+0000] {dag.py:3096} INFO - Sync 1 DAGs
[2024-05-18T23:29:17.645+0000] {logging_mixin.py:188} INFO - [2024-05-18T23:29:17.645+0000] {dag.py:3954} INFO - Setting next_dagrun for welcome_dag to 2024-05-18 23:00:00+00:00, run_after=2024-05-19 23:00:00+00:00
[2024-05-18T23:29:17.657+0000] {processor.py:183} INFO - Processing /opt/airflow/dags/welcome_dag.py took 0.056 seconds
[2024-05-18T23:29:47.813+0000] {processor.py:161} INFO - Started process (PID=172) to work on /opt/airflow/dags/welcome_dag.py
[2024-05-18T23:29:47.814+0000] {processor.py:830} INFO - Processing file /opt/airflow/dags/welcome_dag.py for tasks to queue
[2024-05-18T23:29:47.817+0000] {logging_mixin.py:188} INFO - [2024-05-18T23:29:47.816+0000] {dagbag.py:545} INFO - Filling up the DagBag from /opt/airflow/dags/welcome_dag.py
[2024-05-18T23:29:47.838+0000] {processor.py:840} INFO - DAG(s) 'welcome_dag' retrieved from /opt/airflow/dags/welcome_dag.py
[2024-05-18T23:29:47.857+0000] {logging_mixin.py:188} INFO - [2024-05-18T23:29:47.857+0000] {dag.py:3096} INFO - Sync 1 DAGs
[2024-05-18T23:29:47.870+0000] {logging_mixin.py:188} INFO - [2024-05-18T23:29:47.870+0000] {dag.py:3954} INFO - Setting next_dagrun for welcome_dag to 2024-05-18 23:00:00+00:00, run_after=2024-05-19 23:00:00+00:00
[2024-05-18T23:29:47.883+0000] {processor.py:183} INFO - Processing /opt/airflow/dags/welcome_dag.py took 0.077 seconds
[2024-05-18T23:30:18.010+0000] {processor.py:161} INFO - Started process (PID=173) to work on /opt/airflow/dags/welcome_dag.py
[2024-05-18T23:30:18.011+0000] {processor.py:830} INFO - Processing file /opt/airflow/dags/welcome_dag.py for tasks to queue
[2024-05-18T23:30:18.013+0000] {logging_mixin.py:188} INFO - [2024-05-18T23:30:18.012+0000] {dagbag.py:545} INFO - Filling up the DagBag from /opt/airflow/dags/welcome_dag.py
[2024-05-18T23:30:18.025+0000] {processor.py:840} INFO - DAG(s) 'welcome_dag' retrieved from /opt/airflow/dags/welcome_dag.py
[2024-05-18T23:30:18.041+0000] {logging_mixin.py:188} INFO - [2024-05-18T23:30:18.041+0000] {dag.py:3096} INFO - Sync 1 DAGs
[2024-05-18T23:30:18.053+0000] {logging_mixin.py:188} INFO - [2024-05-18T23:30:18.053+0000] {dag.py:3954} INFO - Setting next_dagrun for welcome_dag to 2024-05-18 23:00:00+00:00, run_after=2024-05-19 23:00:00+00:00
[2024-05-18T23:30:18.066+0000] {processor.py:183} INFO - Processing /opt/airflow/dags/welcome_dag.py took 0.060 seconds
[2024-05-18T23:30:48.168+0000] {processor.py:161} INFO - Started process (PID=174) to work on /opt/airflow/dags/welcome_dag.py
[2024-05-18T23:30:48.169+0000] {processor.py:830} INFO - Processing file /opt/airflow/dags/welcome_dag.py for tasks to queue
[2024-05-18T23:30:48.171+0000] {logging_mixin.py:188} INFO - [2024-05-18T23:30:48.171+0000] {dagbag.py:545} INFO - Filling up the DagBag from /opt/airflow/dags/welcome_dag.py
[2024-05-18T23:30:48.185+0000] {processor.py:840} INFO - DAG(s) 'welcome_dag' retrieved from /opt/airflow/dags/welcome_dag.py
[2024-05-18T23:30:48.198+0000] {logging_mixin.py:188} INFO - [2024-05-18T23:30:48.198+0000] {dag.py:3096} INFO - Sync 1 DAGs
[2024-05-18T23:30:48.209+0000] {logging_mixin.py:188} INFO - [2024-05-18T23:30:48.209+0000] {dag.py:3954} INFO - Setting next_dagrun for welcome_dag to 2024-05-18 23:00:00+00:00, run_after=2024-05-19 23:00:00+00:00
[2024-05-18T23:30:48.222+0000] {processor.py:183} INFO - Processing /opt/airflow/dags/welcome_dag.py took 0.059 seconds
[2024-05-18T23:31:18.358+0000] {processor.py:161} INFO - Started process (PID=175) to work on /opt/airflow/dags/welcome_dag.py
[2024-05-18T23:31:18.359+0000] {processor.py:830} INFO - Processing file /opt/airflow/dags/welcome_dag.py for tasks to queue
[2024-05-18T23:31:18.362+0000] {logging_mixin.py:188} INFO - [2024-05-18T23:31:18.361+0000] {dagbag.py:545} INFO - Filling up the DagBag from /opt/airflow/dags/welcome_dag.py
[2024-05-18T23:31:18.375+0000] {processor.py:840} INFO - DAG(s) 'welcome_dag' retrieved from /opt/airflow/dags/welcome_dag.py
[2024-05-18T23:31:18.389+0000] {logging_mixin.py:188} INFO - [2024-05-18T23:31:18.388+0000] {dag.py:3096} INFO - Sync 1 DAGs
[2024-05-18T23:31:18.399+0000] {logging_mixin.py:188} INFO - [2024-05-18T23:31:18.399+0000] {dag.py:3954} INFO - Setting next_dagrun for welcome_dag to 2024-05-18 23:00:00+00:00, run_after=2024-05-19 23:00:00+00:00
[2024-05-18T23:31:18.412+0000] {processor.py:183} INFO - Processing /opt/airflow/dags/welcome_dag.py took 0.059 seconds
[2024-05-18T23:31:48.559+0000] {processor.py:161} INFO - Started process (PID=176) to work on /opt/airflow/dags/welcome_dag.py
[2024-05-18T23:31:48.560+0000] {processor.py:830} INFO - Processing file /opt/airflow/dags/welcome_dag.py for tasks to queue
[2024-05-18T23:31:48.562+0000] {logging_mixin.py:188} INFO - [2024-05-18T23:31:48.562+0000] {dagbag.py:545} INFO - Filling up the DagBag from /opt/airflow/dags/welcome_dag.py
[2024-05-18T23:31:48.580+0000] {processor.py:840} INFO - DAG(s) 'welcome_dag' retrieved from /opt/airflow/dags/welcome_dag.py
[2024-05-18T23:31:48.594+0000] {logging_mixin.py:188} INFO - [2024-05-18T23:31:48.594+0000] {dag.py:3096} INFO - Sync 1 DAGs
[2024-05-18T23:31:48.606+0000] {logging_mixin.py:188} INFO - [2024-05-18T23:31:48.606+0000] {dag.py:3954} INFO - Setting next_dagrun for welcome_dag to 2024-05-18 23:00:00+00:00, run_after=2024-05-19 23:00:00+00:00
[2024-05-18T23:31:48.618+0000] {processor.py:183} INFO - Processing /opt/airflow/dags/welcome_dag.py took 0.065 seconds
[2024-05-18T23:32:18.758+0000] {processor.py:161} INFO - Started process (PID=177) to work on /opt/airflow/dags/welcome_dag.py
[2024-05-18T23:32:18.759+0000] {processor.py:830} INFO - Processing file /opt/airflow/dags/welcome_dag.py for tasks to queue
[2024-05-18T23:32:18.762+0000] {logging_mixin.py:188} INFO - [2024-05-18T23:32:18.761+0000] {dagbag.py:545} INFO - Filling up the DagBag from /opt/airflow/dags/welcome_dag.py
[2024-05-18T23:32:18.774+0000] {processor.py:840} INFO - DAG(s) 'welcome_dag' retrieved from /opt/airflow/dags/welcome_dag.py
[2024-05-18T23:32:18.788+0000] {logging_mixin.py:188} INFO - [2024-05-18T23:32:18.788+0000] {dag.py:3096} INFO - Sync 1 DAGs
[2024-05-18T23:32:18.798+0000] {logging_mixin.py:188} INFO - [2024-05-18T23:32:18.798+0000] {dag.py:3954} INFO - Setting next_dagrun for welcome_dag to 2024-05-18 23:00:00+00:00, run_after=2024-05-19 23:00:00+00:00
[2024-05-18T23:32:18.811+0000] {processor.py:183} INFO - Processing /opt/airflow/dags/welcome_dag.py took 0.059 seconds
[2024-05-18T23:32:48.951+0000] {processor.py:161} INFO - Started process (PID=178) to work on /opt/airflow/dags/welcome_dag.py
[2024-05-18T23:32:48.953+0000] {processor.py:830} INFO - Processing file /opt/airflow/dags/welcome_dag.py for tasks to queue
[2024-05-18T23:32:48.956+0000] {logging_mixin.py:188} INFO - [2024-05-18T23:32:48.956+0000] {dagbag.py:545} INFO - Filling up the DagBag from /opt/airflow/dags/welcome_dag.py
[2024-05-18T23:32:48.970+0000] {processor.py:840} INFO - DAG(s) 'welcome_dag' retrieved from /opt/airflow/dags/welcome_dag.py
[2024-05-18T23:32:48.984+0000] {logging_mixin.py:188} INFO - [2024-05-18T23:32:48.984+0000] {dag.py:3096} INFO - Sync 1 DAGs
[2024-05-18T23:32:48.994+0000] {logging_mixin.py:188} INFO - [2024-05-18T23:32:48.994+0000] {dag.py:3954} INFO - Setting next_dagrun for welcome_dag to 2024-05-18 23:00:00+00:00, run_after=2024-05-19 23:00:00+00:00
[2024-05-18T23:32:49.007+0000] {processor.py:183} INFO - Processing /opt/airflow/dags/welcome_dag.py took 0.063 seconds
[2024-05-18T23:33:19.155+0000] {processor.py:161} INFO - Started process (PID=179) to work on /opt/airflow/dags/welcome_dag.py
[2024-05-18T23:33:19.158+0000] {processor.py:830} INFO - Processing file /opt/airflow/dags/welcome_dag.py for tasks to queue
[2024-05-18T23:33:19.160+0000] {logging_mixin.py:188} INFO - [2024-05-18T23:33:19.160+0000] {dagbag.py:545} INFO - Filling up the DagBag from /opt/airflow/dags/welcome_dag.py
[2024-05-18T23:33:19.171+0000] {processor.py:840} INFO - DAG(s) 'welcome_dag' retrieved from /opt/airflow/dags/welcome_dag.py
[2024-05-18T23:33:19.182+0000] {logging_mixin.py:188} INFO - [2024-05-18T23:33:19.182+0000] {dag.py:3096} INFO - Sync 1 DAGs
[2024-05-18T23:33:19.190+0000] {logging_mixin.py:188} INFO - [2024-05-18T23:33:19.190+0000] {dag.py:3954} INFO - Setting next_dagrun for welcome_dag to 2024-05-18 23:00:00+00:00, run_after=2024-05-19 23:00:00+00:00
[2024-05-18T23:33:19.202+0000] {processor.py:183} INFO - Processing /opt/airflow/dags/welcome_dag.py took 0.057 seconds
[2024-05-18T23:33:49.339+0000] {processor.py:161} INFO - Started process (PID=180) to work on /opt/airflow/dags/welcome_dag.py
[2024-05-18T23:33:49.340+0000] {processor.py:830} INFO - Processing file /opt/airflow/dags/welcome_dag.py for tasks to queue
[2024-05-18T23:33:49.342+0000] {logging_mixin.py:188} INFO - [2024-05-18T23:33:49.342+0000] {dagbag.py:545} INFO - Filling up the DagBag from /opt/airflow/dags/welcome_dag.py
[2024-05-18T23:33:49.358+0000] {processor.py:840} INFO - DAG(s) 'welcome_dag' retrieved from /opt/airflow/dags/welcome_dag.py
[2024-05-18T23:33:49.373+0000] {logging_mixin.py:188} INFO - [2024-05-18T23:33:49.373+0000] {dag.py:3096} INFO - Sync 1 DAGs
[2024-05-18T23:33:49.383+0000] {logging_mixin.py:188} INFO - [2024-05-18T23:33:49.383+0000] {dag.py:3954} INFO - Setting next_dagrun for welcome_dag to 2024-05-18 23:00:00+00:00, run_after=2024-05-19 23:00:00+00:00
[2024-05-18T23:33:49.395+0000] {processor.py:183} INFO - Processing /opt/airflow/dags/welcome_dag.py took 0.061 seconds
[2024-05-18T23:34:19.550+0000] {processor.py:161} INFO - Started process (PID=181) to work on /opt/airflow/dags/welcome_dag.py
[2024-05-18T23:34:19.551+0000] {processor.py:830} INFO - Processing file /opt/airflow/dags/welcome_dag.py for tasks to queue
[2024-05-18T23:34:19.554+0000] {logging_mixin.py:188} INFO - [2024-05-18T23:34:19.554+0000] {dagbag.py:545} INFO - Filling up the DagBag from /opt/airflow/dags/welcome_dag.py
[2024-05-18T23:34:19.567+0000] {processor.py:840} INFO - DAG(s) 'welcome_dag' retrieved from /opt/airflow/dags/welcome_dag.py
[2024-05-18T23:34:19.582+0000] {logging_mixin.py:188} INFO - [2024-05-18T23:34:19.582+0000] {dag.py:3096} INFO - Sync 1 DAGs
[2024-05-18T23:34:19.592+0000] {logging_mixin.py:188} INFO - [2024-05-18T23:34:19.592+0000] {dag.py:3954} INFO - Setting next_dagrun for welcome_dag to 2024-05-18 23:00:00+00:00, run_after=2024-05-19 23:00:00+00:00
[2024-05-18T23:34:19.605+0000] {processor.py:183} INFO - Processing /opt/airflow/dags/welcome_dag.py took 0.060 seconds
[2024-05-18T23:34:49.786+0000] {processor.py:161} INFO - Started process (PID=182) to work on /opt/airflow/dags/welcome_dag.py
[2024-05-18T23:34:49.787+0000] {processor.py:830} INFO - Processing file /opt/airflow/dags/welcome_dag.py for tasks to queue
[2024-05-18T23:34:49.789+0000] {logging_mixin.py:188} INFO - [2024-05-18T23:34:49.789+0000] {dagbag.py:545} INFO - Filling up the DagBag from /opt/airflow/dags/welcome_dag.py
[2024-05-18T23:34:49.804+0000] {processor.py:840} INFO - DAG(s) 'welcome_dag' retrieved from /opt/airflow/dags/welcome_dag.py
[2024-05-18T23:34:49.818+0000] {logging_mixin.py:188} INFO - [2024-05-18T23:34:49.818+0000] {dag.py:3096} INFO - Sync 1 DAGs
[2024-05-18T23:34:49.830+0000] {logging_mixin.py:188} INFO - [2024-05-18T23:34:49.829+0000] {dag.py:3954} INFO - Setting next_dagrun for welcome_dag to 2024-05-18 23:00:00+00:00, run_after=2024-05-19 23:00:00+00:00
[2024-05-18T23:34:49.843+0000] {processor.py:183} INFO - Processing /opt/airflow/dags/welcome_dag.py took 0.062 seconds
[2024-05-18T23:35:20.009+0000] {processor.py:161} INFO - Started process (PID=183) to work on /opt/airflow/dags/welcome_dag.py
[2024-05-18T23:35:20.011+0000] {processor.py:830} INFO - Processing file /opt/airflow/dags/welcome_dag.py for tasks to queue
[2024-05-18T23:35:20.014+0000] {logging_mixin.py:188} INFO - [2024-05-18T23:35:20.013+0000] {dagbag.py:545} INFO - Filling up the DagBag from /opt/airflow/dags/welcome_dag.py
[2024-05-18T23:35:20.029+0000] {processor.py:840} INFO - DAG(s) 'welcome_dag' retrieved from /opt/airflow/dags/welcome_dag.py
[2024-05-18T23:35:20.044+0000] {logging_mixin.py:188} INFO - [2024-05-18T23:35:20.044+0000] {dag.py:3096} INFO - Sync 1 DAGs
[2024-05-18T23:35:20.057+0000] {logging_mixin.py:188} INFO - [2024-05-18T23:35:20.057+0000] {dag.py:3954} INFO - Setting next_dagrun for welcome_dag to 2024-05-18 23:00:00+00:00, run_after=2024-05-19 23:00:00+00:00
[2024-05-18T23:35:20.069+0000] {processor.py:183} INFO - Processing /opt/airflow/dags/welcome_dag.py took 0.066 seconds
[2024-05-18T23:35:50.208+0000] {processor.py:161} INFO - Started process (PID=184) to work on /opt/airflow/dags/welcome_dag.py
[2024-05-18T23:35:50.209+0000] {processor.py:830} INFO - Processing file /opt/airflow/dags/welcome_dag.py for tasks to queue
[2024-05-18T23:35:50.211+0000] {logging_mixin.py:188} INFO - [2024-05-18T23:35:50.211+0000] {dagbag.py:545} INFO - Filling up the DagBag from /opt/airflow/dags/welcome_dag.py
[2024-05-18T23:35:50.223+0000] {processor.py:840} INFO - DAG(s) 'welcome_dag' retrieved from /opt/airflow/dags/welcome_dag.py
[2024-05-18T23:35:50.237+0000] {logging_mixin.py:188} INFO - [2024-05-18T23:35:50.237+0000] {dag.py:3096} INFO - Sync 1 DAGs
[2024-05-18T23:35:50.248+0000] {logging_mixin.py:188} INFO - [2024-05-18T23:35:50.247+0000] {dag.py:3954} INFO - Setting next_dagrun for welcome_dag to 2024-05-18 23:00:00+00:00, run_after=2024-05-19 23:00:00+00:00
[2024-05-18T23:35:50.260+0000] {processor.py:183} INFO - Processing /opt/airflow/dags/welcome_dag.py took 0.058 seconds
[2024-05-18T23:36:20.420+0000] {processor.py:161} INFO - Started process (PID=185) to work on /opt/airflow/dags/welcome_dag.py
[2024-05-18T23:36:20.421+0000] {processor.py:830} INFO - Processing file /opt/airflow/dags/welcome_dag.py for tasks to queue
[2024-05-18T23:36:20.424+0000] {logging_mixin.py:188} INFO - [2024-05-18T23:36:20.423+0000] {dagbag.py:545} INFO - Filling up the DagBag from /opt/airflow/dags/welcome_dag.py
[2024-05-18T23:36:20.438+0000] {processor.py:840} INFO - DAG(s) 'welcome_dag' retrieved from /opt/airflow/dags/welcome_dag.py
[2024-05-18T23:36:20.452+0000] {logging_mixin.py:188} INFO - [2024-05-18T23:36:20.452+0000] {dag.py:3096} INFO - Sync 1 DAGs
[2024-05-18T23:36:20.463+0000] {logging_mixin.py:188} INFO - [2024-05-18T23:36:20.463+0000] {dag.py:3954} INFO - Setting next_dagrun for welcome_dag to 2024-05-18 23:00:00+00:00, run_after=2024-05-19 23:00:00+00:00
[2024-05-18T23:36:20.475+0000] {processor.py:183} INFO - Processing /opt/airflow/dags/welcome_dag.py took 0.062 seconds
[2024-05-18T23:36:50.554+0000] {processor.py:161} INFO - Started process (PID=186) to work on /opt/airflow/dags/welcome_dag.py
[2024-05-18T23:36:50.556+0000] {processor.py:830} INFO - Processing file /opt/airflow/dags/welcome_dag.py for tasks to queue
[2024-05-18T23:36:50.559+0000] {logging_mixin.py:188} INFO - [2024-05-18T23:36:50.558+0000] {dagbag.py:545} INFO - Filling up the DagBag from /opt/airflow/dags/welcome_dag.py
[2024-05-18T23:36:50.574+0000] {processor.py:840} INFO - DAG(s) 'welcome_dag' retrieved from /opt/airflow/dags/welcome_dag.py
[2024-05-18T23:36:50.590+0000] {logging_mixin.py:188} INFO - [2024-05-18T23:36:50.590+0000] {dag.py:3096} INFO - Sync 1 DAGs
[2024-05-18T23:36:50.602+0000] {logging_mixin.py:188} INFO - [2024-05-18T23:36:50.601+0000] {dag.py:3954} INFO - Setting next_dagrun for welcome_dag to 2024-05-18 23:00:00+00:00, run_after=2024-05-19 23:00:00+00:00
[2024-05-18T23:36:50.616+0000] {processor.py:183} INFO - Processing /opt/airflow/dags/welcome_dag.py took 0.069 seconds
[2024-05-18T23:37:20.762+0000] {processor.py:161} INFO - Started process (PID=187) to work on /opt/airflow/dags/welcome_dag.py
[2024-05-18T23:37:20.763+0000] {processor.py:830} INFO - Processing file /opt/airflow/dags/welcome_dag.py for tasks to queue
[2024-05-18T23:37:20.765+0000] {logging_mixin.py:188} INFO - [2024-05-18T23:37:20.765+0000] {dagbag.py:545} INFO - Filling up the DagBag from /opt/airflow/dags/welcome_dag.py
[2024-05-18T23:37:20.776+0000] {processor.py:840} INFO - DAG(s) 'welcome_dag' retrieved from /opt/airflow/dags/welcome_dag.py
[2024-05-18T23:37:20.793+0000] {logging_mixin.py:188} INFO - [2024-05-18T23:37:20.793+0000] {dag.py:3096} INFO - Sync 1 DAGs
[2024-05-18T23:37:20.815+0000] {logging_mixin.py:188} INFO - [2024-05-18T23:37:20.815+0000] {dag.py:3954} INFO - Setting next_dagrun for welcome_dag to 2024-05-18 23:00:00+00:00, run_after=2024-05-19 23:00:00+00:00
[2024-05-18T23:37:20.848+0000] {processor.py:183} INFO - Processing /opt/airflow/dags/welcome_dag.py took 0.092 seconds
[2024-05-18T23:37:50.961+0000] {processor.py:161} INFO - Started process (PID=188) to work on /opt/airflow/dags/welcome_dag.py
[2024-05-18T23:37:50.962+0000] {processor.py:830} INFO - Processing file /opt/airflow/dags/welcome_dag.py for tasks to queue
[2024-05-18T23:37:50.965+0000] {logging_mixin.py:188} INFO - [2024-05-18T23:37:50.964+0000] {dagbag.py:545} INFO - Filling up the DagBag from /opt/airflow/dags/welcome_dag.py
[2024-05-18T23:37:50.978+0000] {processor.py:840} INFO - DAG(s) 'welcome_dag' retrieved from /opt/airflow/dags/welcome_dag.py
[2024-05-18T23:37:50.992+0000] {logging_mixin.py:188} INFO - [2024-05-18T23:37:50.992+0000] {dag.py:3096} INFO - Sync 1 DAGs
[2024-05-18T23:37:51.003+0000] {logging_mixin.py:188} INFO - [2024-05-18T23:37:51.003+0000] {dag.py:3954} INFO - Setting next_dagrun for welcome_dag to 2024-05-18 23:00:00+00:00, run_after=2024-05-19 23:00:00+00:00
[2024-05-18T23:37:51.018+0000] {processor.py:183} INFO - Processing /opt/airflow/dags/welcome_dag.py took 0.065 seconds
[2024-05-18T23:38:21.158+0000] {processor.py:161} INFO - Started process (PID=189) to work on /opt/airflow/dags/welcome_dag.py
[2024-05-18T23:38:21.159+0000] {processor.py:830} INFO - Processing file /opt/airflow/dags/welcome_dag.py for tasks to queue
[2024-05-18T23:38:21.162+0000] {logging_mixin.py:188} INFO - [2024-05-18T23:38:21.161+0000] {dagbag.py:545} INFO - Filling up the DagBag from /opt/airflow/dags/welcome_dag.py
[2024-05-18T23:38:21.172+0000] {processor.py:840} INFO - DAG(s) 'welcome_dag' retrieved from /opt/airflow/dags/welcome_dag.py
[2024-05-18T23:38:21.182+0000] {logging_mixin.py:188} INFO - [2024-05-18T23:38:21.182+0000] {dag.py:3096} INFO - Sync 1 DAGs
[2024-05-18T23:38:21.190+0000] {logging_mixin.py:188} INFO - [2024-05-18T23:38:21.190+0000] {dag.py:3954} INFO - Setting next_dagrun for welcome_dag to 2024-05-18 23:00:00+00:00, run_after=2024-05-19 23:00:00+00:00
[2024-05-18T23:38:21.202+0000] {processor.py:183} INFO - Processing /opt/airflow/dags/welcome_dag.py took 0.049 seconds
[2024-05-18T23:38:51.283+0000] {processor.py:161} INFO - Started process (PID=190) to work on /opt/airflow/dags/welcome_dag.py
[2024-05-18T23:38:51.285+0000] {processor.py:830} INFO - Processing file /opt/airflow/dags/welcome_dag.py for tasks to queue
[2024-05-18T23:38:51.287+0000] {logging_mixin.py:188} INFO - [2024-05-18T23:38:51.286+0000] {dagbag.py:545} INFO - Filling up the DagBag from /opt/airflow/dags/welcome_dag.py
[2024-05-18T23:38:51.301+0000] {processor.py:840} INFO - DAG(s) 'welcome_dag' retrieved from /opt/airflow/dags/welcome_dag.py
[2024-05-18T23:38:51.316+0000] {logging_mixin.py:188} INFO - [2024-05-18T23:38:51.316+0000] {dag.py:3096} INFO - Sync 1 DAGs
[2024-05-18T23:38:51.327+0000] {logging_mixin.py:188} INFO - [2024-05-18T23:38:51.327+0000] {dag.py:3954} INFO - Setting next_dagrun for welcome_dag to 2024-05-18 23:00:00+00:00, run_after=2024-05-19 23:00:00+00:00
[2024-05-18T23:38:51.340+0000] {processor.py:183} INFO - Processing /opt/airflow/dags/welcome_dag.py took 0.063 seconds
[2024-05-18T23:39:21.498+0000] {processor.py:161} INFO - Started process (PID=191) to work on /opt/airflow/dags/welcome_dag.py
[2024-05-18T23:39:21.499+0000] {processor.py:830} INFO - Processing file /opt/airflow/dags/welcome_dag.py for tasks to queue
[2024-05-18T23:39:21.501+0000] {logging_mixin.py:188} INFO - [2024-05-18T23:39:21.501+0000] {dagbag.py:545} INFO - Filling up the DagBag from /opt/airflow/dags/welcome_dag.py
[2024-05-18T23:39:21.514+0000] {processor.py:840} INFO - DAG(s) 'welcome_dag' retrieved from /opt/airflow/dags/welcome_dag.py
[2024-05-18T23:39:21.528+0000] {logging_mixin.py:188} INFO - [2024-05-18T23:39:21.528+0000] {dag.py:3096} INFO - Sync 1 DAGs
[2024-05-18T23:39:21.539+0000] {logging_mixin.py:188} INFO - [2024-05-18T23:39:21.539+0000] {dag.py:3954} INFO - Setting next_dagrun for welcome_dag to 2024-05-18 23:00:00+00:00, run_after=2024-05-19 23:00:00+00:00
[2024-05-18T23:39:21.552+0000] {processor.py:183} INFO - Processing /opt/airflow/dags/welcome_dag.py took 0.059 seconds
[2024-05-18T23:41:22.073+0000] {processor.py:161} INFO - Started process (PID=199) to work on /opt/airflow/dags/welcome_dag.py
[2024-05-18T23:41:22.074+0000] {processor.py:830} INFO - Processing file /opt/airflow/dags/welcome_dag.py for tasks to queue
[2024-05-18T23:41:22.075+0000] {logging_mixin.py:188} INFO - [2024-05-18T23:41:22.075+0000] {dagbag.py:545} INFO - Filling up the DagBag from /opt/airflow/dags/welcome_dag.py
[2024-05-18T23:41:22.088+0000] {processor.py:840} INFO - DAG(s) 'welcome_dag' retrieved from /opt/airflow/dags/welcome_dag.py
[2024-05-18T23:41:22.142+0000] {logging_mixin.py:188} INFO - [2024-05-18T23:41:22.142+0000] {override.py:1829} INFO - Created Permission View: can read on DAG:welcome_dag
[2024-05-18T23:41:22.145+0000] {logging_mixin.py:188} INFO - [2024-05-18T23:41:22.145+0000] {override.py:1829} INFO - Created Permission View: can edit on DAG:welcome_dag
[2024-05-18T23:41:22.147+0000] {logging_mixin.py:188} INFO - [2024-05-18T23:41:22.147+0000] {override.py:1829} INFO - Created Permission View: can delete on DAG:welcome_dag
[2024-05-18T23:41:22.147+0000] {logging_mixin.py:188} INFO - [2024-05-18T23:41:22.147+0000] {dag.py:3096} INFO - Sync 1 DAGs
[2024-05-18T23:41:22.151+0000] {logging_mixin.py:188} INFO - [2024-05-18T23:41:22.151+0000] {dag.py:3118} INFO - Creating ORM DAG for welcome_dag
[2024-05-18T23:41:22.156+0000] {logging_mixin.py:188} INFO - [2024-05-18T23:41:22.156+0000] {dag.py:3954} INFO - Setting next_dagrun for welcome_dag to 2024-05-17 23:00:00+00:00, run_after=2024-05-18 23:00:00+00:00
[2024-05-18T23:41:22.163+0000] {processor.py:183} INFO - Processing /opt/airflow/dags/welcome_dag.py took 0.092 seconds
[2024-05-18T23:41:52.337+0000] {processor.py:161} INFO - Started process (PID=226) to work on /opt/airflow/dags/welcome_dag.py
[2024-05-18T23:41:52.338+0000] {processor.py:830} INFO - Processing file /opt/airflow/dags/welcome_dag.py for tasks to queue
[2024-05-18T23:41:52.340+0000] {logging_mixin.py:188} INFO - [2024-05-18T23:41:52.340+0000] {dagbag.py:545} INFO - Filling up the DagBag from /opt/airflow/dags/welcome_dag.py
[2024-05-18T23:41:52.356+0000] {processor.py:840} INFO - DAG(s) 'welcome_dag' retrieved from /opt/airflow/dags/welcome_dag.py
[2024-05-18T23:41:52.383+0000] {logging_mixin.py:188} INFO - [2024-05-18T23:41:52.383+0000] {dag.py:3096} INFO - Sync 1 DAGs
[2024-05-18T23:41:52.396+0000] {logging_mixin.py:188} INFO - [2024-05-18T23:41:52.396+0000] {dag.py:3954} INFO - Setting next_dagrun for welcome_dag to 2024-05-17 23:00:00+00:00, run_after=2024-05-18 23:00:00+00:00
[2024-05-18T23:41:52.404+0000] {processor.py:183} INFO - Processing /opt/airflow/dags/welcome_dag.py took 0.074 seconds
[2024-05-18T23:42:22.705+0000] {processor.py:161} INFO - Started process (PID=231) to work on /opt/airflow/dags/welcome_dag.py
[2024-05-18T23:42:22.706+0000] {processor.py:830} INFO - Processing file /opt/airflow/dags/welcome_dag.py for tasks to queue
[2024-05-18T23:42:22.709+0000] {logging_mixin.py:188} INFO - [2024-05-18T23:42:22.708+0000] {dagbag.py:545} INFO - Filling up the DagBag from /opt/airflow/dags/welcome_dag.py
[2024-05-18T23:42:22.725+0000] {processor.py:840} INFO - DAG(s) 'welcome_dag' retrieved from /opt/airflow/dags/welcome_dag.py
[2024-05-18T23:42:22.746+0000] {logging_mixin.py:188} INFO - [2024-05-18T23:42:22.746+0000] {dag.py:3096} INFO - Sync 1 DAGs
[2024-05-18T23:42:22.756+0000] {logging_mixin.py:188} INFO - [2024-05-18T23:42:22.756+0000] {dag.py:3954} INFO - Setting next_dagrun for welcome_dag to 2024-05-17 23:00:00+00:00, run_after=2024-05-18 23:00:00+00:00
[2024-05-18T23:42:22.764+0000] {processor.py:183} INFO - Processing /opt/airflow/dags/welcome_dag.py took 0.066 seconds
[2024-05-18T23:42:33.806+0000] {processor.py:161} INFO - Started process (PID=199) to work on /opt/airflow/dags/welcome_dag.py
[2024-05-18T23:42:33.807+0000] {processor.py:830} INFO - Processing file /opt/airflow/dags/welcome_dag.py for tasks to queue
[2024-05-18T23:42:33.807+0000] {logging_mixin.py:188} INFO - [2024-05-18T23:42:33.807+0000] {dagbag.py:545} INFO - Filling up the DagBag from /opt/airflow/dags/welcome_dag.py
[2024-05-18T23:42:33.817+0000] {processor.py:840} INFO - DAG(s) 'welcome_dag' retrieved from /opt/airflow/dags/welcome_dag.py
[2024-05-18T23:42:33.828+0000] {logging_mixin.py:188} INFO - [2024-05-18T23:42:33.828+0000] {dag.py:3096} INFO - Sync 1 DAGs
[2024-05-18T23:42:33.837+0000] {logging_mixin.py:188} INFO - [2024-05-18T23:42:33.837+0000] {dag.py:3954} INFO - Setting next_dagrun for welcome_dag to 2024-05-17 23:00:00+00:00, run_after=2024-05-18 23:00:00+00:00
[2024-05-18T23:42:33.843+0000] {processor.py:183} INFO - Processing /opt/airflow/dags/welcome_dag.py took 0.040 seconds
[2024-05-18T23:43:04.079+0000] {processor.py:161} INFO - Started process (PID=226) to work on /opt/airflow/dags/welcome_dag.py
[2024-05-18T23:43:04.080+0000] {processor.py:830} INFO - Processing file /opt/airflow/dags/welcome_dag.py for tasks to queue
[2024-05-18T23:43:04.082+0000] {logging_mixin.py:188} INFO - [2024-05-18T23:43:04.082+0000] {dagbag.py:545} INFO - Filling up the DagBag from /opt/airflow/dags/welcome_dag.py
[2024-05-18T23:43:04.097+0000] {processor.py:840} INFO - DAG(s) 'welcome_dag' retrieved from /opt/airflow/dags/welcome_dag.py
[2024-05-18T23:43:04.154+0000] {logging_mixin.py:188} INFO - [2024-05-18T23:43:04.154+0000] {dag.py:3096} INFO - Sync 1 DAGs
[2024-05-18T23:43:04.162+0000] {logging_mixin.py:188} INFO - [2024-05-18T23:43:04.162+0000] {dag.py:3954} INFO - Setting next_dagrun for welcome_dag to 2024-05-17 23:00:00+00:00, run_after=2024-05-18 23:00:00+00:00
[2024-05-18T23:43:04.168+0000] {processor.py:183} INFO - Processing /opt/airflow/dags/welcome_dag.py took 0.096 seconds
[2024-05-18T23:43:34.357+0000] {processor.py:161} INFO - Started process (PID=231) to work on /opt/airflow/dags/welcome_dag.py
[2024-05-18T23:43:34.358+0000] {processor.py:830} INFO - Processing file /opt/airflow/dags/welcome_dag.py for tasks to queue
[2024-05-18T23:43:34.360+0000] {logging_mixin.py:188} INFO - [2024-05-18T23:43:34.359+0000] {dagbag.py:545} INFO - Filling up the DagBag from /opt/airflow/dags/welcome_dag.py
[2024-05-18T23:43:34.373+0000] {processor.py:840} INFO - DAG(s) 'welcome_dag' retrieved from /opt/airflow/dags/welcome_dag.py
[2024-05-18T23:43:34.392+0000] {logging_mixin.py:188} INFO - [2024-05-18T23:43:34.392+0000] {dag.py:3096} INFO - Sync 1 DAGs
[2024-05-18T23:43:34.403+0000] {logging_mixin.py:188} INFO - [2024-05-18T23:43:34.403+0000] {dag.py:3954} INFO - Setting next_dagrun for welcome_dag to 2024-05-17 23:00:00+00:00, run_after=2024-05-18 23:00:00+00:00
[2024-05-18T23:43:34.411+0000] {processor.py:183} INFO - Processing /opt/airflow/dags/welcome_dag.py took 0.059 seconds
[2024-05-18T23:44:04.691+0000] {processor.py:161} INFO - Started process (PID=236) to work on /opt/airflow/dags/welcome_dag.py
[2024-05-18T23:44:04.692+0000] {processor.py:830} INFO - Processing file /opt/airflow/dags/welcome_dag.py for tasks to queue
[2024-05-18T23:44:04.694+0000] {logging_mixin.py:188} INFO - [2024-05-18T23:44:04.694+0000] {dagbag.py:545} INFO - Filling up the DagBag from /opt/airflow/dags/welcome_dag.py
[2024-05-18T23:44:04.708+0000] {processor.py:840} INFO - DAG(s) 'welcome_dag' retrieved from /opt/airflow/dags/welcome_dag.py
[2024-05-18T23:44:04.726+0000] {logging_mixin.py:188} INFO - [2024-05-18T23:44:04.725+0000] {dag.py:3096} INFO - Sync 1 DAGs
[2024-05-18T23:44:04.736+0000] {logging_mixin.py:188} INFO - [2024-05-18T23:44:04.736+0000] {dag.py:3954} INFO - Setting next_dagrun for welcome_dag to 2024-05-17 23:00:00+00:00, run_after=2024-05-18 23:00:00+00:00
[2024-05-18T23:44:04.745+0000] {processor.py:183} INFO - Processing /opt/airflow/dags/welcome_dag.py took 0.060 seconds
[2024-05-18T23:44:35.003+0000] {processor.py:161} INFO - Started process (PID=241) to work on /opt/airflow/dags/welcome_dag.py
[2024-05-18T23:44:35.004+0000] {processor.py:830} INFO - Processing file /opt/airflow/dags/welcome_dag.py for tasks to queue
[2024-05-18T23:44:35.006+0000] {logging_mixin.py:188} INFO - [2024-05-18T23:44:35.006+0000] {dagbag.py:545} INFO - Filling up the DagBag from /opt/airflow/dags/welcome_dag.py
[2024-05-18T23:44:35.022+0000] {processor.py:840} INFO - DAG(s) 'welcome_dag' retrieved from /opt/airflow/dags/welcome_dag.py
[2024-05-18T23:44:35.039+0000] {logging_mixin.py:188} INFO - [2024-05-18T23:44:35.039+0000] {dag.py:3096} INFO - Sync 1 DAGs
[2024-05-18T23:44:35.049+0000] {logging_mixin.py:188} INFO - [2024-05-18T23:44:35.049+0000] {dag.py:3954} INFO - Setting next_dagrun for welcome_dag to 2024-05-17 23:00:00+00:00, run_after=2024-05-18 23:00:00+00:00
[2024-05-18T23:44:35.056+0000] {processor.py:183} INFO - Processing /opt/airflow/dags/welcome_dag.py took 0.060 seconds
[2024-05-18T23:45:05.298+0000] {processor.py:161} INFO - Started process (PID=246) to work on /opt/airflow/dags/welcome_dag.py
[2024-05-18T23:45:05.299+0000] {processor.py:830} INFO - Processing file /opt/airflow/dags/welcome_dag.py for tasks to queue
[2024-05-18T23:45:05.301+0000] {logging_mixin.py:188} INFO - [2024-05-18T23:45:05.301+0000] {dagbag.py:545} INFO - Filling up the DagBag from /opt/airflow/dags/welcome_dag.py
[2024-05-18T23:45:05.314+0000] {processor.py:840} INFO - DAG(s) 'welcome_dag' retrieved from /opt/airflow/dags/welcome_dag.py
[2024-05-18T23:45:05.331+0000] {logging_mixin.py:188} INFO - [2024-05-18T23:45:05.331+0000] {dag.py:3096} INFO - Sync 1 DAGs
[2024-05-18T23:45:05.341+0000] {logging_mixin.py:188} INFO - [2024-05-18T23:45:05.341+0000] {dag.py:3954} INFO - Setting next_dagrun for welcome_dag to 2024-05-17 23:00:00+00:00, run_after=2024-05-18 23:00:00+00:00
[2024-05-18T23:45:05.348+0000] {processor.py:183} INFO - Processing /opt/airflow/dags/welcome_dag.py took 0.055 seconds
[2024-05-18T23:45:35.609+0000] {processor.py:161} INFO - Started process (PID=251) to work on /opt/airflow/dags/welcome_dag.py
[2024-05-18T23:45:35.610+0000] {processor.py:830} INFO - Processing file /opt/airflow/dags/welcome_dag.py for tasks to queue
[2024-05-18T23:45:35.611+0000] {logging_mixin.py:188} INFO - [2024-05-18T23:45:35.611+0000] {dagbag.py:545} INFO - Filling up the DagBag from /opt/airflow/dags/welcome_dag.py
[2024-05-18T23:45:35.625+0000] {processor.py:840} INFO - DAG(s) 'welcome_dag' retrieved from /opt/airflow/dags/welcome_dag.py
[2024-05-18T23:45:35.643+0000] {logging_mixin.py:188} INFO - [2024-05-18T23:45:35.643+0000] {dag.py:3096} INFO - Sync 1 DAGs
[2024-05-18T23:45:35.654+0000] {logging_mixin.py:188} INFO - [2024-05-18T23:45:35.654+0000] {dag.py:3954} INFO - Setting next_dagrun for welcome_dag to 2024-05-17 23:00:00+00:00, run_after=2024-05-18 23:00:00+00:00
[2024-05-18T23:45:35.662+0000] {processor.py:183} INFO - Processing /opt/airflow/dags/welcome_dag.py took 0.059 seconds
[2024-05-18T23:46:05.940+0000] {processor.py:161} INFO - Started process (PID=256) to work on /opt/airflow/dags/welcome_dag.py
[2024-05-18T23:46:05.942+0000] {processor.py:830} INFO - Processing file /opt/airflow/dags/welcome_dag.py for tasks to queue
[2024-05-18T23:46:05.944+0000] {logging_mixin.py:188} INFO - [2024-05-18T23:46:05.944+0000] {dagbag.py:545} INFO - Filling up the DagBag from /opt/airflow/dags/welcome_dag.py
[2024-05-18T23:46:05.962+0000] {processor.py:840} INFO - DAG(s) 'welcome_dag' retrieved from /opt/airflow/dags/welcome_dag.py
[2024-05-18T23:46:05.986+0000] {logging_mixin.py:188} INFO - [2024-05-18T23:46:05.985+0000] {dag.py:3096} INFO - Sync 1 DAGs
[2024-05-18T23:46:05.998+0000] {logging_mixin.py:188} INFO - [2024-05-18T23:46:05.998+0000] {dag.py:3954} INFO - Setting next_dagrun for welcome_dag to 2024-05-17 23:00:00+00:00, run_after=2024-05-18 23:00:00+00:00
[2024-05-18T23:46:06.006+0000] {processor.py:183} INFO - Processing /opt/airflow/dags/welcome_dag.py took 0.072 seconds
[2024-05-18T23:46:36.257+0000] {processor.py:161} INFO - Started process (PID=261) to work on /opt/airflow/dags/welcome_dag.py
[2024-05-18T23:46:36.258+0000] {processor.py:830} INFO - Processing file /opt/airflow/dags/welcome_dag.py for tasks to queue
[2024-05-18T23:46:36.260+0000] {logging_mixin.py:188} INFO - [2024-05-18T23:46:36.260+0000] {dagbag.py:545} INFO - Filling up the DagBag from /opt/airflow/dags/welcome_dag.py
[2024-05-18T23:46:36.275+0000] {processor.py:840} INFO - DAG(s) 'welcome_dag' retrieved from /opt/airflow/dags/welcome_dag.py
[2024-05-18T23:46:36.292+0000] {logging_mixin.py:188} INFO - [2024-05-18T23:46:36.291+0000] {dag.py:3096} INFO - Sync 1 DAGs
[2024-05-18T23:46:36.301+0000] {logging_mixin.py:188} INFO - [2024-05-18T23:46:36.301+0000] {dag.py:3954} INFO - Setting next_dagrun for welcome_dag to 2024-05-17 23:00:00+00:00, run_after=2024-05-18 23:00:00+00:00
[2024-05-18T23:46:36.308+0000] {processor.py:183} INFO - Processing /opt/airflow/dags/welcome_dag.py took 0.058 seconds
[2024-05-18T23:47:06.562+0000] {processor.py:161} INFO - Started process (PID=266) to work on /opt/airflow/dags/welcome_dag.py
[2024-05-18T23:47:06.563+0000] {processor.py:830} INFO - Processing file /opt/airflow/dags/welcome_dag.py for tasks to queue
[2024-05-18T23:47:06.566+0000] {logging_mixin.py:188} INFO - [2024-05-18T23:47:06.565+0000] {dagbag.py:545} INFO - Filling up the DagBag from /opt/airflow/dags/welcome_dag.py
[2024-05-18T23:47:06.579+0000] {processor.py:840} INFO - DAG(s) 'welcome_dag' retrieved from /opt/airflow/dags/welcome_dag.py
[2024-05-18T23:47:06.598+0000] {logging_mixin.py:188} INFO - [2024-05-18T23:47:06.598+0000] {dag.py:3096} INFO - Sync 1 DAGs
[2024-05-18T23:47:06.608+0000] {logging_mixin.py:188} INFO - [2024-05-18T23:47:06.608+0000] {dag.py:3954} INFO - Setting next_dagrun for welcome_dag to 2024-05-17 23:00:00+00:00, run_after=2024-05-18 23:00:00+00:00
[2024-05-18T23:47:06.616+0000] {processor.py:183} INFO - Processing /opt/airflow/dags/welcome_dag.py took 0.061 seconds
[2024-05-18T23:47:36.872+0000] {processor.py:161} INFO - Started process (PID=271) to work on /opt/airflow/dags/welcome_dag.py
[2024-05-18T23:47:36.873+0000] {processor.py:830} INFO - Processing file /opt/airflow/dags/welcome_dag.py for tasks to queue
[2024-05-18T23:47:36.875+0000] {logging_mixin.py:188} INFO - [2024-05-18T23:47:36.875+0000] {dagbag.py:545} INFO - Filling up the DagBag from /opt/airflow/dags/welcome_dag.py
[2024-05-18T23:47:36.888+0000] {processor.py:840} INFO - DAG(s) 'welcome_dag' retrieved from /opt/airflow/dags/welcome_dag.py
[2024-05-18T23:47:36.906+0000] {logging_mixin.py:188} INFO - [2024-05-18T23:47:36.906+0000] {dag.py:3096} INFO - Sync 1 DAGs
[2024-05-18T23:47:36.916+0000] {logging_mixin.py:188} INFO - [2024-05-18T23:47:36.916+0000] {dag.py:3954} INFO - Setting next_dagrun for welcome_dag to 2024-05-17 23:00:00+00:00, run_after=2024-05-18 23:00:00+00:00
[2024-05-18T23:47:36.924+0000] {processor.py:183} INFO - Processing /opt/airflow/dags/welcome_dag.py took 0.058 seconds
[2024-05-18T23:48:07.159+0000] {processor.py:161} INFO - Started process (PID=276) to work on /opt/airflow/dags/welcome_dag.py
[2024-05-18T23:48:07.160+0000] {processor.py:830} INFO - Processing file /opt/airflow/dags/welcome_dag.py for tasks to queue
[2024-05-18T23:48:07.161+0000] {logging_mixin.py:188} INFO - [2024-05-18T23:48:07.161+0000] {dagbag.py:545} INFO - Filling up the DagBag from /opt/airflow/dags/welcome_dag.py
[2024-05-18T23:48:07.174+0000] {processor.py:840} INFO - DAG(s) 'welcome_dag' retrieved from /opt/airflow/dags/welcome_dag.py
[2024-05-18T23:48:07.193+0000] {logging_mixin.py:188} INFO - [2024-05-18T23:48:07.193+0000] {dag.py:3096} INFO - Sync 1 DAGs
[2024-05-18T23:48:07.203+0000] {logging_mixin.py:188} INFO - [2024-05-18T23:48:07.203+0000] {dag.py:3954} INFO - Setting next_dagrun for welcome_dag to 2024-05-17 23:00:00+00:00, run_after=2024-05-18 23:00:00+00:00
[2024-05-18T23:48:07.210+0000] {processor.py:183} INFO - Processing /opt/airflow/dags/welcome_dag.py took 0.057 seconds
[2024-05-18T23:48:37.457+0000] {processor.py:161} INFO - Started process (PID=281) to work on /opt/airflow/dags/welcome_dag.py
[2024-05-18T23:48:37.458+0000] {processor.py:830} INFO - Processing file /opt/airflow/dags/welcome_dag.py for tasks to queue
[2024-05-18T23:48:37.460+0000] {logging_mixin.py:188} INFO - [2024-05-18T23:48:37.459+0000] {dagbag.py:545} INFO - Filling up the DagBag from /opt/airflow/dags/welcome_dag.py
[2024-05-18T23:48:37.473+0000] {processor.py:840} INFO - DAG(s) 'welcome_dag' retrieved from /opt/airflow/dags/welcome_dag.py
[2024-05-18T23:48:37.491+0000] {logging_mixin.py:188} INFO - [2024-05-18T23:48:37.491+0000] {dag.py:3096} INFO - Sync 1 DAGs
[2024-05-18T23:48:37.501+0000] {logging_mixin.py:188} INFO - [2024-05-18T23:48:37.501+0000] {dag.py:3954} INFO - Setting next_dagrun for welcome_dag to 2024-05-17 23:00:00+00:00, run_after=2024-05-18 23:00:00+00:00
[2024-05-18T23:48:37.509+0000] {processor.py:183} INFO - Processing /opt/airflow/dags/welcome_dag.py took 0.057 seconds
[2024-05-18T23:49:07.771+0000] {processor.py:161} INFO - Started process (PID=286) to work on /opt/airflow/dags/welcome_dag.py
[2024-05-18T23:49:07.772+0000] {processor.py:830} INFO - Processing file /opt/airflow/dags/welcome_dag.py for tasks to queue
[2024-05-18T23:49:07.774+0000] {logging_mixin.py:188} INFO - [2024-05-18T23:49:07.774+0000] {dagbag.py:545} INFO - Filling up the DagBag from /opt/airflow/dags/welcome_dag.py
[2024-05-18T23:49:07.786+0000] {processor.py:840} INFO - DAG(s) 'welcome_dag' retrieved from /opt/airflow/dags/welcome_dag.py
[2024-05-18T23:49:07.804+0000] {logging_mixin.py:188} INFO - [2024-05-18T23:49:07.804+0000] {dag.py:3096} INFO - Sync 1 DAGs
[2024-05-18T23:49:07.815+0000] {logging_mixin.py:188} INFO - [2024-05-18T23:49:07.815+0000] {dag.py:3954} INFO - Setting next_dagrun for welcome_dag to 2024-05-17 23:00:00+00:00, run_after=2024-05-18 23:00:00+00:00
[2024-05-18T23:49:07.823+0000] {processor.py:183} INFO - Processing /opt/airflow/dags/welcome_dag.py took 0.057 seconds
[2024-05-18T23:49:38.046+0000] {processor.py:161} INFO - Started process (PID=291) to work on /opt/airflow/dags/welcome_dag.py
[2024-05-18T23:49:38.047+0000] {processor.py:830} INFO - Processing file /opt/airflow/dags/welcome_dag.py for tasks to queue
[2024-05-18T23:49:38.049+0000] {logging_mixin.py:188} INFO - [2024-05-18T23:49:38.049+0000] {dagbag.py:545} INFO - Filling up the DagBag from /opt/airflow/dags/welcome_dag.py
[2024-05-18T23:49:38.062+0000] {processor.py:840} INFO - DAG(s) 'welcome_dag' retrieved from /opt/airflow/dags/welcome_dag.py
[2024-05-18T23:49:38.079+0000] {logging_mixin.py:188} INFO - [2024-05-18T23:49:38.079+0000] {dag.py:3096} INFO - Sync 1 DAGs
[2024-05-18T23:49:38.089+0000] {logging_mixin.py:188} INFO - [2024-05-18T23:49:38.089+0000] {dag.py:3954} INFO - Setting next_dagrun for welcome_dag to 2024-05-17 23:00:00+00:00, run_after=2024-05-18 23:00:00+00:00
[2024-05-18T23:49:38.096+0000] {processor.py:183} INFO - Processing /opt/airflow/dags/welcome_dag.py took 0.056 seconds
[2024-05-18T23:50:08.331+0000] {processor.py:161} INFO - Started process (PID=296) to work on /opt/airflow/dags/welcome_dag.py
[2024-05-18T23:50:08.332+0000] {processor.py:830} INFO - Processing file /opt/airflow/dags/welcome_dag.py for tasks to queue
[2024-05-18T23:50:08.334+0000] {logging_mixin.py:188} INFO - [2024-05-18T23:50:08.334+0000] {dagbag.py:545} INFO - Filling up the DagBag from /opt/airflow/dags/welcome_dag.py
[2024-05-18T23:50:08.350+0000] {processor.py:840} INFO - DAG(s) 'welcome_dag' retrieved from /opt/airflow/dags/welcome_dag.py
[2024-05-18T23:50:08.369+0000] {logging_mixin.py:188} INFO - [2024-05-18T23:50:08.369+0000] {dag.py:3096} INFO - Sync 1 DAGs
[2024-05-18T23:50:08.379+0000] {logging_mixin.py:188} INFO - [2024-05-18T23:50:08.379+0000] {dag.py:3954} INFO - Setting next_dagrun for welcome_dag to 2024-05-17 23:00:00+00:00, run_after=2024-05-18 23:00:00+00:00
[2024-05-18T23:50:08.386+0000] {processor.py:183} INFO - Processing /opt/airflow/dags/welcome_dag.py took 0.061 seconds
[2024-05-18T23:50:38.620+0000] {processor.py:161} INFO - Started process (PID=301) to work on /opt/airflow/dags/welcome_dag.py
[2024-05-18T23:50:38.621+0000] {processor.py:830} INFO - Processing file /opt/airflow/dags/welcome_dag.py for tasks to queue
[2024-05-18T23:50:38.623+0000] {logging_mixin.py:188} INFO - [2024-05-18T23:50:38.623+0000] {dagbag.py:545} INFO - Filling up the DagBag from /opt/airflow/dags/welcome_dag.py
[2024-05-18T23:50:38.638+0000] {processor.py:840} INFO - DAG(s) 'welcome_dag' retrieved from /opt/airflow/dags/welcome_dag.py
[2024-05-18T23:50:38.655+0000] {logging_mixin.py:188} INFO - [2024-05-18T23:50:38.655+0000] {dag.py:3096} INFO - Sync 1 DAGs
[2024-05-18T23:50:38.665+0000] {logging_mixin.py:188} INFO - [2024-05-18T23:50:38.665+0000] {dag.py:3954} INFO - Setting next_dagrun for welcome_dag to 2024-05-17 23:00:00+00:00, run_after=2024-05-18 23:00:00+00:00
[2024-05-18T23:50:38.672+0000] {processor.py:183} INFO - Processing /opt/airflow/dags/welcome_dag.py took 0.058 seconds
[2024-05-18T23:51:08.926+0000] {processor.py:161} INFO - Started process (PID=306) to work on /opt/airflow/dags/welcome_dag.py
[2024-05-18T23:51:08.927+0000] {processor.py:830} INFO - Processing file /opt/airflow/dags/welcome_dag.py for tasks to queue
[2024-05-18T23:51:08.929+0000] {logging_mixin.py:188} INFO - [2024-05-18T23:51:08.928+0000] {dagbag.py:545} INFO - Filling up the DagBag from /opt/airflow/dags/welcome_dag.py
[2024-05-18T23:51:08.944+0000] {processor.py:840} INFO - DAG(s) 'welcome_dag' retrieved from /opt/airflow/dags/welcome_dag.py
[2024-05-18T23:51:08.962+0000] {logging_mixin.py:188} INFO - [2024-05-18T23:51:08.962+0000] {dag.py:3096} INFO - Sync 1 DAGs
[2024-05-18T23:51:08.974+0000] {logging_mixin.py:188} INFO - [2024-05-18T23:51:08.973+0000] {dag.py:3954} INFO - Setting next_dagrun for welcome_dag to 2024-05-17 23:00:00+00:00, run_after=2024-05-18 23:00:00+00:00
[2024-05-18T23:51:08.982+0000] {processor.py:183} INFO - Processing /opt/airflow/dags/welcome_dag.py took 0.063 seconds
[2024-05-18T23:51:39.256+0000] {processor.py:161} INFO - Started process (PID=311) to work on /opt/airflow/dags/welcome_dag.py
[2024-05-18T23:51:39.257+0000] {processor.py:830} INFO - Processing file /opt/airflow/dags/welcome_dag.py for tasks to queue
[2024-05-18T23:51:39.259+0000] {logging_mixin.py:188} INFO - [2024-05-18T23:51:39.258+0000] {dagbag.py:545} INFO - Filling up the DagBag from /opt/airflow/dags/welcome_dag.py
[2024-05-18T23:51:39.272+0000] {processor.py:840} INFO - DAG(s) 'welcome_dag' retrieved from /opt/airflow/dags/welcome_dag.py
[2024-05-18T23:51:39.292+0000] {logging_mixin.py:188} INFO - [2024-05-18T23:51:39.292+0000] {dag.py:3096} INFO - Sync 1 DAGs
[2024-05-18T23:51:39.302+0000] {logging_mixin.py:188} INFO - [2024-05-18T23:51:39.302+0000] {dag.py:3954} INFO - Setting next_dagrun for welcome_dag to 2024-05-17 23:00:00+00:00, run_after=2024-05-18 23:00:00+00:00
[2024-05-18T23:51:39.309+0000] {processor.py:183} INFO - Processing /opt/airflow/dags/welcome_dag.py took 0.060 seconds
[2024-05-18T23:52:09.583+0000] {processor.py:161} INFO - Started process (PID=316) to work on /opt/airflow/dags/welcome_dag.py
[2024-05-18T23:52:09.585+0000] {processor.py:830} INFO - Processing file /opt/airflow/dags/welcome_dag.py for tasks to queue
[2024-05-18T23:52:09.589+0000] {logging_mixin.py:188} INFO - [2024-05-18T23:52:09.588+0000] {dagbag.py:545} INFO - Filling up the DagBag from /opt/airflow/dags/welcome_dag.py
[2024-05-18T23:52:09.611+0000] {processor.py:840} INFO - DAG(s) 'welcome_dag' retrieved from /opt/airflow/dags/welcome_dag.py
[2024-05-18T23:52:09.640+0000] {logging_mixin.py:188} INFO - [2024-05-18T23:52:09.640+0000] {dag.py:3096} INFO - Sync 1 DAGs
[2024-05-18T23:52:09.658+0000] {logging_mixin.py:188} INFO - [2024-05-18T23:52:09.658+0000] {dag.py:3954} INFO - Setting next_dagrun for welcome_dag to 2024-05-17 23:00:00+00:00, run_after=2024-05-18 23:00:00+00:00
[2024-05-18T23:52:09.667+0000] {processor.py:183} INFO - Processing /opt/airflow/dags/welcome_dag.py took 0.093 seconds
[2024-05-18T23:52:39.876+0000] {processor.py:161} INFO - Started process (PID=321) to work on /opt/airflow/dags/welcome_dag.py
[2024-05-18T23:52:39.877+0000] {processor.py:830} INFO - Processing file /opt/airflow/dags/welcome_dag.py for tasks to queue
[2024-05-18T23:52:39.879+0000] {logging_mixin.py:188} INFO - [2024-05-18T23:52:39.879+0000] {dagbag.py:545} INFO - Filling up the DagBag from /opt/airflow/dags/welcome_dag.py
[2024-05-18T23:52:39.894+0000] {processor.py:840} INFO - DAG(s) 'welcome_dag' retrieved from /opt/airflow/dags/welcome_dag.py
[2024-05-18T23:52:39.914+0000] {logging_mixin.py:188} INFO - [2024-05-18T23:52:39.913+0000] {dag.py:3096} INFO - Sync 1 DAGs
[2024-05-18T23:52:39.925+0000] {logging_mixin.py:188} INFO - [2024-05-18T23:52:39.925+0000] {dag.py:3954} INFO - Setting next_dagrun for welcome_dag to 2024-05-17 23:00:00+00:00, run_after=2024-05-18 23:00:00+00:00
[2024-05-18T23:52:39.934+0000] {processor.py:183} INFO - Processing /opt/airflow/dags/welcome_dag.py took 0.064 seconds
[2024-05-18T23:53:10.218+0000] {processor.py:161} INFO - Started process (PID=326) to work on /opt/airflow/dags/welcome_dag.py
[2024-05-18T23:53:10.219+0000] {processor.py:830} INFO - Processing file /opt/airflow/dags/welcome_dag.py for tasks to queue
[2024-05-18T23:53:10.221+0000] {logging_mixin.py:188} INFO - [2024-05-18T23:53:10.221+0000] {dagbag.py:545} INFO - Filling up the DagBag from /opt/airflow/dags/welcome_dag.py
[2024-05-18T23:53:10.233+0000] {processor.py:840} INFO - DAG(s) 'welcome_dag' retrieved from /opt/airflow/dags/welcome_dag.py
[2024-05-18T23:53:10.254+0000] {logging_mixin.py:188} INFO - [2024-05-18T23:53:10.254+0000] {dag.py:3096} INFO - Sync 1 DAGs
[2024-05-18T23:53:10.265+0000] {logging_mixin.py:188} INFO - [2024-05-18T23:53:10.265+0000] {dag.py:3954} INFO - Setting next_dagrun for welcome_dag to 2024-05-17 23:00:00+00:00, run_after=2024-05-18 23:00:00+00:00
[2024-05-18T23:53:10.273+0000] {processor.py:183} INFO - Processing /opt/airflow/dags/welcome_dag.py took 0.062 seconds
[2024-05-18T23:53:40.521+0000] {processor.py:161} INFO - Started process (PID=331) to work on /opt/airflow/dags/welcome_dag.py
[2024-05-18T23:53:40.523+0000] {processor.py:830} INFO - Processing file /opt/airflow/dags/welcome_dag.py for tasks to queue
[2024-05-18T23:53:40.524+0000] {logging_mixin.py:188} INFO - [2024-05-18T23:53:40.524+0000] {dagbag.py:545} INFO - Filling up the DagBag from /opt/airflow/dags/welcome_dag.py
[2024-05-18T23:53:40.537+0000] {processor.py:840} INFO - DAG(s) 'welcome_dag' retrieved from /opt/airflow/dags/welcome_dag.py
[2024-05-18T23:53:40.557+0000] {logging_mixin.py:188} INFO - [2024-05-18T23:53:40.557+0000] {dag.py:3096} INFO - Sync 1 DAGs
[2024-05-18T23:53:40.570+0000] {logging_mixin.py:188} INFO - [2024-05-18T23:53:40.570+0000] {dag.py:3954} INFO - Setting next_dagrun for welcome_dag to 2024-05-17 23:00:00+00:00, run_after=2024-05-18 23:00:00+00:00
[2024-05-18T23:53:40.579+0000] {processor.py:183} INFO - Processing /opt/airflow/dags/welcome_dag.py took 0.064 seconds
[2024-05-18T23:54:10.829+0000] {processor.py:161} INFO - Started process (PID=336) to work on /opt/airflow/dags/welcome_dag.py
[2024-05-18T23:54:10.830+0000] {processor.py:830} INFO - Processing file /opt/airflow/dags/welcome_dag.py for tasks to queue
[2024-05-18T23:54:10.832+0000] {logging_mixin.py:188} INFO - [2024-05-18T23:54:10.832+0000] {dagbag.py:545} INFO - Filling up the DagBag from /opt/airflow/dags/welcome_dag.py
[2024-05-18T23:54:10.846+0000] {processor.py:840} INFO - DAG(s) 'welcome_dag' retrieved from /opt/airflow/dags/welcome_dag.py
[2024-05-18T23:54:10.865+0000] {logging_mixin.py:188} INFO - [2024-05-18T23:54:10.865+0000] {dag.py:3096} INFO - Sync 1 DAGs
[2024-05-18T23:54:10.875+0000] {logging_mixin.py:188} INFO - [2024-05-18T23:54:10.875+0000] {dag.py:3954} INFO - Setting next_dagrun for welcome_dag to 2024-05-17 23:00:00+00:00, run_after=2024-05-18 23:00:00+00:00
[2024-05-18T23:54:10.882+0000] {processor.py:183} INFO - Processing /opt/airflow/dags/welcome_dag.py took 0.059 seconds
[2024-05-18T23:54:41.112+0000] {processor.py:161} INFO - Started process (PID=341) to work on /opt/airflow/dags/welcome_dag.py
[2024-05-18T23:54:41.113+0000] {processor.py:830} INFO - Processing file /opt/airflow/dags/welcome_dag.py for tasks to queue
[2024-05-18T23:54:41.114+0000] {logging_mixin.py:188} INFO - [2024-05-18T23:54:41.114+0000] {dagbag.py:545} INFO - Filling up the DagBag from /opt/airflow/dags/welcome_dag.py
[2024-05-18T23:54:41.126+0000] {processor.py:840} INFO - DAG(s) 'welcome_dag' retrieved from /opt/airflow/dags/welcome_dag.py
[2024-05-18T23:54:41.142+0000] {logging_mixin.py:188} INFO - [2024-05-18T23:54:41.142+0000] {dag.py:3096} INFO - Sync 1 DAGs
[2024-05-18T23:54:41.151+0000] {logging_mixin.py:188} INFO - [2024-05-18T23:54:41.151+0000] {dag.py:3954} INFO - Setting next_dagrun for welcome_dag to 2024-05-17 23:00:00+00:00, run_after=2024-05-18 23:00:00+00:00
[2024-05-18T23:54:41.160+0000] {processor.py:183} INFO - Processing /opt/airflow/dags/welcome_dag.py took 0.051 seconds
[2024-05-18T23:55:11.428+0000] {processor.py:161} INFO - Started process (PID=346) to work on /opt/airflow/dags/welcome_dag.py
[2024-05-18T23:55:11.429+0000] {processor.py:830} INFO - Processing file /opt/airflow/dags/welcome_dag.py for tasks to queue
[2024-05-18T23:55:11.431+0000] {logging_mixin.py:188} INFO - [2024-05-18T23:55:11.430+0000] {dagbag.py:545} INFO - Filling up the DagBag from /opt/airflow/dags/welcome_dag.py
[2024-05-18T23:55:11.444+0000] {processor.py:840} INFO - DAG(s) 'welcome_dag' retrieved from /opt/airflow/dags/welcome_dag.py
[2024-05-18T23:55:11.463+0000] {logging_mixin.py:188} INFO - [2024-05-18T23:55:11.463+0000] {dag.py:3096} INFO - Sync 1 DAGs
[2024-05-18T23:55:11.474+0000] {logging_mixin.py:188} INFO - [2024-05-18T23:55:11.474+0000] {dag.py:3954} INFO - Setting next_dagrun for welcome_dag to 2024-05-17 23:00:00+00:00, run_after=2024-05-18 23:00:00+00:00
[2024-05-18T23:55:11.481+0000] {processor.py:183} INFO - Processing /opt/airflow/dags/welcome_dag.py took 0.058 seconds
[2024-05-18T23:55:41.752+0000] {processor.py:161} INFO - Started process (PID=351) to work on /opt/airflow/dags/welcome_dag.py
[2024-05-18T23:55:41.753+0000] {processor.py:830} INFO - Processing file /opt/airflow/dags/welcome_dag.py for tasks to queue
[2024-05-18T23:55:41.755+0000] {logging_mixin.py:188} INFO - [2024-05-18T23:55:41.755+0000] {dagbag.py:545} INFO - Filling up the DagBag from /opt/airflow/dags/welcome_dag.py
[2024-05-18T23:55:41.770+0000] {processor.py:840} INFO - DAG(s) 'welcome_dag' retrieved from /opt/airflow/dags/welcome_dag.py
[2024-05-18T23:55:41.789+0000] {logging_mixin.py:188} INFO - [2024-05-18T23:55:41.789+0000] {dag.py:3096} INFO - Sync 1 DAGs
[2024-05-18T23:55:41.804+0000] {logging_mixin.py:188} INFO - [2024-05-18T23:55:41.804+0000] {dag.py:3954} INFO - Setting next_dagrun for welcome_dag to 2024-05-17 23:00:00+00:00, run_after=2024-05-18 23:00:00+00:00
[2024-05-18T23:55:41.811+0000] {processor.py:183} INFO - Processing /opt/airflow/dags/welcome_dag.py took 0.066 seconds
[2024-05-18T23:56:12.029+0000] {processor.py:161} INFO - Started process (PID=356) to work on /opt/airflow/dags/welcome_dag.py
[2024-05-18T23:56:12.030+0000] {processor.py:830} INFO - Processing file /opt/airflow/dags/welcome_dag.py for tasks to queue
[2024-05-18T23:56:12.031+0000] {logging_mixin.py:188} INFO - [2024-05-18T23:56:12.031+0000] {dagbag.py:545} INFO - Filling up the DagBag from /opt/airflow/dags/welcome_dag.py
[2024-05-18T23:56:12.045+0000] {processor.py:840} INFO - DAG(s) 'welcome_dag' retrieved from /opt/airflow/dags/welcome_dag.py
[2024-05-18T23:56:12.064+0000] {logging_mixin.py:188} INFO - [2024-05-18T23:56:12.064+0000] {dag.py:3096} INFO - Sync 1 DAGs
[2024-05-18T23:56:12.075+0000] {logging_mixin.py:188} INFO - [2024-05-18T23:56:12.075+0000] {dag.py:3954} INFO - Setting next_dagrun for welcome_dag to 2024-05-17 23:00:00+00:00, run_after=2024-05-18 23:00:00+00:00
[2024-05-18T23:56:12.083+0000] {processor.py:183} INFO - Processing /opt/airflow/dags/welcome_dag.py took 0.059 seconds
[2024-05-18T23:56:42.309+0000] {processor.py:161} INFO - Started process (PID=361) to work on /opt/airflow/dags/welcome_dag.py
[2024-05-18T23:56:42.310+0000] {processor.py:830} INFO - Processing file /opt/airflow/dags/welcome_dag.py for tasks to queue
[2024-05-18T23:56:42.312+0000] {logging_mixin.py:188} INFO - [2024-05-18T23:56:42.312+0000] {dagbag.py:545} INFO - Filling up the DagBag from /opt/airflow/dags/welcome_dag.py
[2024-05-18T23:56:42.325+0000] {processor.py:840} INFO - DAG(s) 'welcome_dag' retrieved from /opt/airflow/dags/welcome_dag.py
[2024-05-18T23:56:42.340+0000] {logging_mixin.py:188} INFO - [2024-05-18T23:56:42.340+0000] {dag.py:3096} INFO - Sync 1 DAGs
[2024-05-18T23:56:42.350+0000] {logging_mixin.py:188} INFO - [2024-05-18T23:56:42.350+0000] {dag.py:3954} INFO - Setting next_dagrun for welcome_dag to 2024-05-17 23:00:00+00:00, run_after=2024-05-18 23:00:00+00:00
[2024-05-18T23:56:42.357+0000] {processor.py:183} INFO - Processing /opt/airflow/dags/welcome_dag.py took 0.054 seconds
[2024-05-18T23:57:12.577+0000] {processor.py:161} INFO - Started process (PID=366) to work on /opt/airflow/dags/welcome_dag.py
[2024-05-18T23:57:12.578+0000] {processor.py:830} INFO - Processing file /opt/airflow/dags/welcome_dag.py for tasks to queue
[2024-05-18T23:57:12.581+0000] {logging_mixin.py:188} INFO - [2024-05-18T23:57:12.580+0000] {dagbag.py:545} INFO - Filling up the DagBag from /opt/airflow/dags/welcome_dag.py
[2024-05-18T23:57:12.595+0000] {processor.py:840} INFO - DAG(s) 'welcome_dag' retrieved from /opt/airflow/dags/welcome_dag.py
[2024-05-18T23:57:12.612+0000] {logging_mixin.py:188} INFO - [2024-05-18T23:57:12.612+0000] {dag.py:3096} INFO - Sync 1 DAGs
[2024-05-18T23:57:12.621+0000] {logging_mixin.py:188} INFO - [2024-05-18T23:57:12.621+0000] {dag.py:3954} INFO - Setting next_dagrun for welcome_dag to 2024-05-17 23:00:00+00:00, run_after=2024-05-18 23:00:00+00:00
[2024-05-18T23:57:12.628+0000] {processor.py:183} INFO - Processing /opt/airflow/dags/welcome_dag.py took 0.057 seconds
[2024-05-18T23:57:42.861+0000] {processor.py:161} INFO - Started process (PID=371) to work on /opt/airflow/dags/welcome_dag.py
[2024-05-18T23:57:42.862+0000] {processor.py:830} INFO - Processing file /opt/airflow/dags/welcome_dag.py for tasks to queue
[2024-05-18T23:57:42.863+0000] {logging_mixin.py:188} INFO - [2024-05-18T23:57:42.863+0000] {dagbag.py:545} INFO - Filling up the DagBag from /opt/airflow/dags/welcome_dag.py
[2024-05-18T23:57:42.876+0000] {processor.py:840} INFO - DAG(s) 'welcome_dag' retrieved from /opt/airflow/dags/welcome_dag.py
[2024-05-18T23:57:42.893+0000] {logging_mixin.py:188} INFO - [2024-05-18T23:57:42.893+0000] {dag.py:3096} INFO - Sync 1 DAGs
[2024-05-18T23:57:42.904+0000] {logging_mixin.py:188} INFO - [2024-05-18T23:57:42.904+0000] {dag.py:3954} INFO - Setting next_dagrun for welcome_dag to 2024-05-17 23:00:00+00:00, run_after=2024-05-18 23:00:00+00:00
[2024-05-18T23:57:42.912+0000] {processor.py:183} INFO - Processing /opt/airflow/dags/welcome_dag.py took 0.056 seconds
[2024-05-18T23:58:13.154+0000] {processor.py:161} INFO - Started process (PID=376) to work on /opt/airflow/dags/welcome_dag.py
[2024-05-18T23:58:13.155+0000] {processor.py:830} INFO - Processing file /opt/airflow/dags/welcome_dag.py for tasks to queue
[2024-05-18T23:58:13.157+0000] {logging_mixin.py:188} INFO - [2024-05-18T23:58:13.157+0000] {dagbag.py:545} INFO - Filling up the DagBag from /opt/airflow/dags/welcome_dag.py
[2024-05-18T23:58:13.171+0000] {processor.py:840} INFO - DAG(s) 'welcome_dag' retrieved from /opt/airflow/dags/welcome_dag.py
[2024-05-18T23:58:13.187+0000] {logging_mixin.py:188} INFO - [2024-05-18T23:58:13.187+0000] {dag.py:3096} INFO - Sync 1 DAGs
[2024-05-18T23:58:13.197+0000] {logging_mixin.py:188} INFO - [2024-05-18T23:58:13.197+0000] {dag.py:3954} INFO - Setting next_dagrun for welcome_dag to 2024-05-17 23:00:00+00:00, run_after=2024-05-18 23:00:00+00:00
[2024-05-18T23:58:13.204+0000] {processor.py:183} INFO - Processing /opt/airflow/dags/welcome_dag.py took 0.056 seconds
[2024-05-18T23:58:43.448+0000] {processor.py:161} INFO - Started process (PID=381) to work on /opt/airflow/dags/welcome_dag.py
[2024-05-18T23:58:43.448+0000] {processor.py:830} INFO - Processing file /opt/airflow/dags/welcome_dag.py for tasks to queue
[2024-05-18T23:58:43.450+0000] {logging_mixin.py:188} INFO - [2024-05-18T23:58:43.449+0000] {dagbag.py:545} INFO - Filling up the DagBag from /opt/airflow/dags/welcome_dag.py
[2024-05-18T23:58:43.459+0000] {processor.py:840} INFO - DAG(s) 'welcome_dag' retrieved from /opt/airflow/dags/welcome_dag.py
[2024-05-18T23:58:43.470+0000] {logging_mixin.py:188} INFO - [2024-05-18T23:58:43.470+0000] {dag.py:3096} INFO - Sync 1 DAGs
[2024-05-18T23:58:43.479+0000] {logging_mixin.py:188} INFO - [2024-05-18T23:58:43.479+0000] {dag.py:3954} INFO - Setting next_dagrun for welcome_dag to 2024-05-17 23:00:00+00:00, run_after=2024-05-18 23:00:00+00:00
[2024-05-18T23:58:43.485+0000] {processor.py:183} INFO - Processing /opt/airflow/dags/welcome_dag.py took 0.041 seconds
[2024-05-18T23:59:13.742+0000] {processor.py:161} INFO - Started process (PID=386) to work on /opt/airflow/dags/welcome_dag.py
[2024-05-18T23:59:13.742+0000] {processor.py:830} INFO - Processing file /opt/airflow/dags/welcome_dag.py for tasks to queue
[2024-05-18T23:59:13.744+0000] {logging_mixin.py:188} INFO - [2024-05-18T23:59:13.744+0000] {dagbag.py:545} INFO - Filling up the DagBag from /opt/airflow/dags/welcome_dag.py
[2024-05-18T23:59:13.756+0000] {processor.py:840} INFO - DAG(s) 'welcome_dag' retrieved from /opt/airflow/dags/welcome_dag.py
[2024-05-18T23:59:13.771+0000] {logging_mixin.py:188} INFO - [2024-05-18T23:59:13.771+0000] {dag.py:3096} INFO - Sync 1 DAGs
[2024-05-18T23:59:13.781+0000] {logging_mixin.py:188} INFO - [2024-05-18T23:59:13.781+0000] {dag.py:3954} INFO - Setting next_dagrun for welcome_dag to 2024-05-17 23:00:00+00:00, run_after=2024-05-18 23:00:00+00:00
[2024-05-18T23:59:13.788+0000] {processor.py:183} INFO - Processing /opt/airflow/dags/welcome_dag.py took 0.050 seconds
[2024-05-18T23:59:44.133+0000] {processor.py:161} INFO - Started process (PID=391) to work on /opt/airflow/dags/welcome_dag.py
[2024-05-18T23:59:44.133+0000] {processor.py:830} INFO - Processing file /opt/airflow/dags/welcome_dag.py for tasks to queue
[2024-05-18T23:59:44.135+0000] {logging_mixin.py:188} INFO - [2024-05-18T23:59:44.135+0000] {dagbag.py:545} INFO - Filling up the DagBag from /opt/airflow/dags/welcome_dag.py
[2024-05-18T23:59:44.146+0000] {processor.py:840} INFO - DAG(s) 'welcome_dag' retrieved from /opt/airflow/dags/welcome_dag.py
[2024-05-18T23:59:44.163+0000] {logging_mixin.py:188} INFO - [2024-05-18T23:59:44.163+0000] {dag.py:3096} INFO - Sync 1 DAGs
[2024-05-18T23:59:44.174+0000] {logging_mixin.py:188} INFO - [2024-05-18T23:59:44.174+0000] {dag.py:3954} INFO - Setting next_dagrun for welcome_dag to 2024-05-17 23:00:00+00:00, run_after=2024-05-18 23:00:00+00:00
[2024-05-18T23:59:44.181+0000] {processor.py:183} INFO - Processing /opt/airflow/dags/welcome_dag.py took 0.053 seconds
