[2024-05-25T04:57:52.666+0000] {processor.py:161} INFO - Started process (PID=207) to work on /opt/airflow/dags/old/analysis_old.py
[2024-05-25T04:57:52.667+0000] {processor.py:830} INFO - Processing file /opt/airflow/dags/old/analysis_old.py for tasks to queue
[2024-05-25T04:57:52.668+0000] {logging_mixin.py:188} INFO - [2024-05-25T04:57:52.668+0000] {dagbag.py:545} INFO - Filling up the DagBag from /opt/airflow/dags/old/analysis_old.py
[2024-05-25T04:57:52.697+0000] {processor.py:840} INFO - DAG(s) 'domain_analysis_full' retrieved from /opt/airflow/dags/old/analysis_old.py
[2024-05-25T04:57:52.704+0000] {logging_mixin.py:188} INFO - [2024-05-25T04:57:52.704+0000] {dag.py:3096} INFO - Sync 1 DAGs
[2024-05-25T04:57:52.724+0000] {processor.py:183} INFO - Processing /opt/airflow/dags/old/analysis_old.py took 0.061 seconds
[2024-05-25T04:58:23.004+0000] {processor.py:161} INFO - Started process (PID=249) to work on /opt/airflow/dags/old/analysis_old.py
[2024-05-25T04:58:23.004+0000] {processor.py:830} INFO - Processing file /opt/airflow/dags/old/analysis_old.py for tasks to queue
[2024-05-25T04:58:23.005+0000] {logging_mixin.py:188} INFO - [2024-05-25T04:58:23.005+0000] {dagbag.py:545} INFO - Filling up the DagBag from /opt/airflow/dags/old/analysis_old.py
[2024-05-25T04:58:23.036+0000] {processor.py:840} INFO - DAG(s) 'domain_analysis_full' retrieved from /opt/airflow/dags/old/analysis_old.py
[2024-05-25T04:58:23.090+0000] {logging_mixin.py:188} INFO - [2024-05-25T04:58:23.090+0000] {dag.py:3096} INFO - Sync 1 DAGs
[2024-05-25T04:58:23.107+0000] {processor.py:183} INFO - Processing /opt/airflow/dags/old/analysis_old.py took 0.106 seconds
[2024-05-25T04:58:53.494+0000] {processor.py:161} INFO - Started process (PID=269) to work on /opt/airflow/dags/old/analysis_old.py
[2024-05-25T04:58:53.494+0000] {processor.py:830} INFO - Processing file /opt/airflow/dags/old/analysis_old.py for tasks to queue
[2024-05-25T04:58:53.495+0000] {logging_mixin.py:188} INFO - [2024-05-25T04:58:53.495+0000] {dagbag.py:545} INFO - Filling up the DagBag from /opt/airflow/dags/old/analysis_old.py
[2024-05-25T04:58:53.532+0000] {processor.py:840} INFO - DAG(s) 'domain_analysis_full' retrieved from /opt/airflow/dags/old/analysis_old.py
[2024-05-25T04:58:53.550+0000] {logging_mixin.py:188} INFO - [2024-05-25T04:58:53.550+0000] {dag.py:3096} INFO - Sync 1 DAGs
[2024-05-25T04:58:53.575+0000] {processor.py:183} INFO - Processing /opt/airflow/dags/old/analysis_old.py took 0.084 seconds
[2024-05-25T04:59:23.969+0000] {processor.py:161} INFO - Started process (PID=289) to work on /opt/airflow/dags/old/analysis_old.py
[2024-05-25T04:59:23.970+0000] {processor.py:830} INFO - Processing file /opt/airflow/dags/old/analysis_old.py for tasks to queue
[2024-05-25T04:59:23.971+0000] {logging_mixin.py:188} INFO - [2024-05-25T04:59:23.971+0000] {dagbag.py:545} INFO - Filling up the DagBag from /opt/airflow/dags/old/analysis_old.py
[2024-05-25T04:59:24.013+0000] {processor.py:840} INFO - DAG(s) 'domain_analysis_full' retrieved from /opt/airflow/dags/old/analysis_old.py
[2024-05-25T04:59:24.087+0000] {logging_mixin.py:188} INFO - [2024-05-25T04:59:24.087+0000] {dag.py:3096} INFO - Sync 1 DAGs
[2024-05-25T04:59:24.107+0000] {processor.py:183} INFO - Processing /opt/airflow/dags/old/analysis_old.py took 0.142 seconds
[2024-05-25T04:59:54.379+0000] {processor.py:161} INFO - Started process (PID=309) to work on /opt/airflow/dags/old/analysis_old.py
[2024-05-25T04:59:54.379+0000] {processor.py:830} INFO - Processing file /opt/airflow/dags/old/analysis_old.py for tasks to queue
[2024-05-25T04:59:54.381+0000] {logging_mixin.py:188} INFO - [2024-05-25T04:59:54.381+0000] {dagbag.py:545} INFO - Filling up the DagBag from /opt/airflow/dags/old/analysis_old.py
[2024-05-25T04:59:54.421+0000] {processor.py:840} INFO - DAG(s) 'domain_analysis_full' retrieved from /opt/airflow/dags/old/analysis_old.py
[2024-05-25T04:59:54.441+0000] {logging_mixin.py:188} INFO - [2024-05-25T04:59:54.441+0000] {dag.py:3096} INFO - Sync 1 DAGs
[2024-05-25T04:59:54.464+0000] {processor.py:183} INFO - Processing /opt/airflow/dags/old/analysis_old.py took 0.089 seconds
[2024-05-25T05:00:24.817+0000] {processor.py:161} INFO - Started process (PID=329) to work on /opt/airflow/dags/old/analysis_old.py
[2024-05-25T05:00:24.817+0000] {processor.py:830} INFO - Processing file /opt/airflow/dags/old/analysis_old.py for tasks to queue
[2024-05-25T05:00:24.818+0000] {logging_mixin.py:188} INFO - [2024-05-25T05:00:24.818+0000] {dagbag.py:545} INFO - Filling up the DagBag from /opt/airflow/dags/old/analysis_old.py
[2024-05-25T05:00:24.849+0000] {processor.py:840} INFO - DAG(s) 'domain_analysis_full' retrieved from /opt/airflow/dags/old/analysis_old.py
[2024-05-25T05:00:24.906+0000] {logging_mixin.py:188} INFO - [2024-05-25T05:00:24.905+0000] {dag.py:3096} INFO - Sync 1 DAGs
[2024-05-25T05:00:24.924+0000] {processor.py:183} INFO - Processing /opt/airflow/dags/old/analysis_old.py took 0.111 seconds
[2024-05-25T05:00:55.242+0000] {processor.py:161} INFO - Started process (PID=349) to work on /opt/airflow/dags/old/analysis_old.py
[2024-05-25T05:00:55.243+0000] {processor.py:830} INFO - Processing file /opt/airflow/dags/old/analysis_old.py for tasks to queue
[2024-05-25T05:00:55.245+0000] {logging_mixin.py:188} INFO - [2024-05-25T05:00:55.244+0000] {dagbag.py:545} INFO - Filling up the DagBag from /opt/airflow/dags/old/analysis_old.py
[2024-05-25T05:00:55.292+0000] {processor.py:840} INFO - DAG(s) 'domain_analysis_full' retrieved from /opt/airflow/dags/old/analysis_old.py
[2024-05-25T05:00:55.313+0000] {logging_mixin.py:188} INFO - [2024-05-25T05:00:55.312+0000] {dag.py:3096} INFO - Sync 1 DAGs
[2024-05-25T05:00:55.340+0000] {processor.py:183} INFO - Processing /opt/airflow/dags/old/analysis_old.py took 0.104 seconds
[2024-05-25T05:01:25.725+0000] {processor.py:161} INFO - Started process (PID=369) to work on /opt/airflow/dags/old/analysis_old.py
[2024-05-25T05:01:25.726+0000] {processor.py:830} INFO - Processing file /opt/airflow/dags/old/analysis_old.py for tasks to queue
[2024-05-25T05:01:25.727+0000] {logging_mixin.py:188} INFO - [2024-05-25T05:01:25.727+0000] {dagbag.py:545} INFO - Filling up the DagBag from /opt/airflow/dags/old/analysis_old.py
[2024-05-25T05:01:25.767+0000] {processor.py:840} INFO - DAG(s) 'domain_analysis_full' retrieved from /opt/airflow/dags/old/analysis_old.py
[2024-05-25T05:01:25.839+0000] {logging_mixin.py:188} INFO - [2024-05-25T05:01:25.838+0000] {dag.py:3096} INFO - Sync 1 DAGs
[2024-05-25T05:01:25.860+0000] {processor.py:183} INFO - Processing /opt/airflow/dags/old/analysis_old.py took 0.140 seconds
[2024-05-25T05:01:56.219+0000] {processor.py:161} INFO - Started process (PID=389) to work on /opt/airflow/dags/old/analysis_old.py
[2024-05-25T05:01:56.220+0000] {processor.py:830} INFO - Processing file /opt/airflow/dags/old/analysis_old.py for tasks to queue
[2024-05-25T05:01:56.221+0000] {logging_mixin.py:188} INFO - [2024-05-25T05:01:56.220+0000] {dagbag.py:545} INFO - Filling up the DagBag from /opt/airflow/dags/old/analysis_old.py
[2024-05-25T05:01:56.253+0000] {processor.py:840} INFO - DAG(s) 'domain_analysis_full' retrieved from /opt/airflow/dags/old/analysis_old.py
[2024-05-25T05:01:56.268+0000] {logging_mixin.py:188} INFO - [2024-05-25T05:01:56.268+0000] {dag.py:3096} INFO - Sync 1 DAGs
[2024-05-25T05:01:56.288+0000] {processor.py:183} INFO - Processing /opt/airflow/dags/old/analysis_old.py took 0.072 seconds
[2024-05-25T05:02:26.656+0000] {processor.py:161} INFO - Started process (PID=409) to work on /opt/airflow/dags/old/analysis_old.py
[2024-05-25T05:02:26.657+0000] {processor.py:830} INFO - Processing file /opt/airflow/dags/old/analysis_old.py for tasks to queue
[2024-05-25T05:02:26.658+0000] {logging_mixin.py:188} INFO - [2024-05-25T05:02:26.658+0000] {dagbag.py:545} INFO - Filling up the DagBag from /opt/airflow/dags/old/analysis_old.py
[2024-05-25T05:02:26.697+0000] {processor.py:840} INFO - DAG(s) 'domain_analysis_full' retrieved from /opt/airflow/dags/old/analysis_old.py
[2024-05-25T05:02:26.765+0000] {logging_mixin.py:188} INFO - [2024-05-25T05:02:26.765+0000] {dag.py:3096} INFO - Sync 1 DAGs
[2024-05-25T05:02:26.788+0000] {processor.py:183} INFO - Processing /opt/airflow/dags/old/analysis_old.py took 0.137 seconds
[2024-05-25T05:02:54.457+0000] {processor.py:161} INFO - Started process (PID=207) to work on /opt/airflow/dags/old/analysis_old.py
[2024-05-25T05:02:54.458+0000] {processor.py:830} INFO - Processing file /opt/airflow/dags/old/analysis_old.py for tasks to queue
[2024-05-25T05:02:54.459+0000] {logging_mixin.py:188} INFO - [2024-05-25T05:02:54.459+0000] {dagbag.py:545} INFO - Filling up the DagBag from /opt/airflow/dags/old/analysis_old.py
[2024-05-25T05:02:54.490+0000] {processor.py:840} INFO - DAG(s) 'domain_analysis_full' retrieved from /opt/airflow/dags/old/analysis_old.py
[2024-05-25T05:02:54.497+0000] {logging_mixin.py:188} INFO - [2024-05-25T05:02:54.497+0000] {dag.py:3096} INFO - Sync 1 DAGs
[2024-05-25T05:02:54.517+0000] {processor.py:183} INFO - Processing /opt/airflow/dags/old/analysis_old.py took 0.062 seconds
[2024-05-25T05:03:24.838+0000] {processor.py:161} INFO - Started process (PID=249) to work on /opt/airflow/dags/old/analysis_old.py
[2024-05-25T05:03:24.839+0000] {processor.py:830} INFO - Processing file /opt/airflow/dags/old/analysis_old.py for tasks to queue
[2024-05-25T05:03:24.842+0000] {logging_mixin.py:188} INFO - [2024-05-25T05:03:24.841+0000] {dagbag.py:545} INFO - Filling up the DagBag from /opt/airflow/dags/old/analysis_old.py
[2024-05-25T05:03:24.886+0000] {processor.py:840} INFO - DAG(s) 'domain_analysis_full' retrieved from /opt/airflow/dags/old/analysis_old.py
[2024-05-25T05:03:24.962+0000] {logging_mixin.py:188} INFO - [2024-05-25T05:03:24.961+0000] {dag.py:3096} INFO - Sync 1 DAGs
[2024-05-25T05:03:25.000+0000] {processor.py:183} INFO - Processing /opt/airflow/dags/old/analysis_old.py took 0.166 seconds
[2024-05-25T05:03:55.372+0000] {processor.py:161} INFO - Started process (PID=269) to work on /opt/airflow/dags/old/analysis_old.py
[2024-05-25T05:03:55.373+0000] {processor.py:830} INFO - Processing file /opt/airflow/dags/old/analysis_old.py for tasks to queue
[2024-05-25T05:03:55.374+0000] {logging_mixin.py:188} INFO - [2024-05-25T05:03:55.374+0000] {dagbag.py:545} INFO - Filling up the DagBag from /opt/airflow/dags/old/analysis_old.py
[2024-05-25T05:03:55.416+0000] {processor.py:840} INFO - DAG(s) 'domain_analysis_full' retrieved from /opt/airflow/dags/old/analysis_old.py
[2024-05-25T05:03:55.438+0000] {logging_mixin.py:188} INFO - [2024-05-25T05:03:55.438+0000] {dag.py:3096} INFO - Sync 1 DAGs
[2024-05-25T05:03:55.473+0000] {processor.py:183} INFO - Processing /opt/airflow/dags/old/analysis_old.py took 0.105 seconds
[2024-05-25T05:04:25.850+0000] {processor.py:161} INFO - Started process (PID=289) to work on /opt/airflow/dags/old/analysis_old.py
[2024-05-25T05:04:25.851+0000] {processor.py:830} INFO - Processing file /opt/airflow/dags/old/analysis_old.py for tasks to queue
[2024-05-25T05:04:25.852+0000] {logging_mixin.py:188} INFO - [2024-05-25T05:04:25.852+0000] {dagbag.py:545} INFO - Filling up the DagBag from /opt/airflow/dags/old/analysis_old.py
[2024-05-25T05:04:25.884+0000] {processor.py:840} INFO - DAG(s) 'domain_analysis_full' retrieved from /opt/airflow/dags/old/analysis_old.py
[2024-05-25T05:04:25.943+0000] {logging_mixin.py:188} INFO - [2024-05-25T05:04:25.943+0000] {dag.py:3096} INFO - Sync 1 DAGs
[2024-05-25T05:04:25.962+0000] {processor.py:183} INFO - Processing /opt/airflow/dags/old/analysis_old.py took 0.115 seconds
[2024-05-25T05:04:56.314+0000] {processor.py:161} INFO - Started process (PID=309) to work on /opt/airflow/dags/old/analysis_old.py
[2024-05-25T05:04:56.315+0000] {processor.py:830} INFO - Processing file /opt/airflow/dags/old/analysis_old.py for tasks to queue
[2024-05-25T05:04:56.316+0000] {logging_mixin.py:188} INFO - [2024-05-25T05:04:56.315+0000] {dagbag.py:545} INFO - Filling up the DagBag from /opt/airflow/dags/old/analysis_old.py
[2024-05-25T05:04:56.350+0000] {processor.py:840} INFO - DAG(s) 'domain_analysis_full' retrieved from /opt/airflow/dags/old/analysis_old.py
[2024-05-25T05:04:56.368+0000] {logging_mixin.py:188} INFO - [2024-05-25T05:04:56.368+0000] {dag.py:3096} INFO - Sync 1 DAGs
[2024-05-25T05:04:56.390+0000] {processor.py:183} INFO - Processing /opt/airflow/dags/old/analysis_old.py took 0.080 seconds
