[2024-06-01T05:41:31.088+0000] {local_task_job_runner.py:120} INFO - ::group::Pre task execution logs
[2024-06-01T05:41:31.098+0000] {taskinstance.py:2076} INFO - Dependencies all met for dep_context=non-requeueable deps ti=<TaskInstance: soc_domain_analysis.fetch_domains_task manual__2024-06-01T05:17:51.040496+00:00 [queued]>
[2024-06-01T05:41:31.101+0000] {taskinstance.py:2076} INFO - Dependencies all met for dep_context=requeueable deps ti=<TaskInstance: soc_domain_analysis.fetch_domains_task manual__2024-06-01T05:17:51.040496+00:00 [queued]>
[2024-06-01T05:41:31.101+0000] {taskinstance.py:2306} INFO - Starting attempt 1 of 1
[2024-06-01T05:41:31.105+0000] {taskinstance.py:2330} INFO - Executing <Task(PythonOperator): fetch_domains_task> on 2024-06-01 05:17:51.040496+00:00
[2024-06-01T05:41:31.107+0000] {logging_mixin.py:188} WARNING - /home/***/.local/lib/python3.12/site-packages/***/task/task_runner/standard_task_runner.py:61 DeprecationWarning: This process (pid=2811) is multi-threaded, use of fork() may lead to deadlocks in the child.
[2024-06-01T05:41:31.108+0000] {standard_task_runner.py:63} INFO - Started process 2812 to run task
[2024-06-01T05:41:31.108+0000] {standard_task_runner.py:90} INFO - Running: ['***', 'tasks', 'run', 'soc_domain_analysis', 'fetch_domains_task', 'manual__2024-06-01T05:17:51.040496+00:00', '--job-id', '3734', '--raw', '--subdir', 'DAGS_FOLDER/asset_analysis.py', '--cfg-path', '/tmp/tmpgksfdte4']
[2024-06-01T05:41:31.108+0000] {standard_task_runner.py:91} INFO - Job 3734: Subtask fetch_domains_task
[2024-06-01T05:41:31.114+0000] {logging_mixin.py:188} WARNING - /home/***/.local/lib/python3.12/site-packages/***/settings.py:195 DeprecationWarning: The sql_alchemy_conn option in [core] has been moved to the sql_alchemy_conn option in [database] - the old setting has been used, but please update your config.
[2024-06-01T05:41:31.126+0000] {task_command.py:426} INFO - Running <TaskInstance: soc_domain_analysis.fetch_domains_task manual__2024-06-01T05:17:51.040496+00:00 [running]> on host 01982e9630cb
[2024-06-01T05:41:31.155+0000] {taskinstance.py:2648} INFO - Exporting env vars: AIRFLOW_CTX_DAG_OWNER='***' AIRFLOW_CTX_DAG_ID='soc_domain_analysis' AIRFLOW_CTX_TASK_ID='fetch_domains_task' AIRFLOW_CTX_EXECUTION_DATE='2024-06-01T05:17:51.040496+00:00' AIRFLOW_CTX_TRY_NUMBER='1' AIRFLOW_CTX_DAG_RUN_ID='manual__2024-06-01T05:17:51.040496+00:00'
[2024-06-01T05:41:31.155+0000] {taskinstance.py:430} INFO - ::endgroup::
[2024-06-01T05:41:31.160+0000] {asset_analysis.py:27} INFO - Starting to fetch domains
[2024-06-01T05:41:31.178+0000] {asset_analysis.py:39} INFO - Fetched domains
[2024-06-01T05:41:31.185+0000] {python.py:237} INFO - Done. Returned value was: None
[2024-06-01T05:41:31.186+0000] {taskinstance.py:441} INFO - ::group::Post task execution logs
[2024-06-01T05:41:31.189+0000] {taskinstance.py:1206} INFO - Marking task as SUCCESS. dag_id=soc_domain_analysis, task_id=fetch_domains_task, run_id=manual__2024-06-01T05:17:51.040496+00:00, execution_date=20240601T051751, start_date=20240601T054131, end_date=20240601T054131
[2024-06-01T05:41:31.211+0000] {local_task_job_runner.py:240} INFO - Task exited with return code 0
[2024-06-01T05:41:31.220+0000] {taskinstance.py:3498} INFO - 1 downstream tasks scheduled from follow-on schedule check
[2024-06-01T05:41:31.221+0000] {local_task_job_runner.py:222} INFO - ::endgroup::
