[2024-05-20T12:09:11.804+0000] {local_task_job_runner.py:120} INFO - ::group::Pre task execution logs
[2024-05-20T12:09:11.819+0000] {taskinstance.py:2076} INFO - Dependencies all met for dep_context=non-requeueable deps ti=<TaskInstance: domain_analysis_single_insertion.fetch_and_analyze_domains scheduled__2023-01-08T14:00:00+00:00 [queued]>
[2024-05-20T12:09:11.823+0000] {taskinstance.py:2076} INFO - Dependencies all met for dep_context=requeueable deps ti=<TaskInstance: domain_analysis_single_insertion.fetch_and_analyze_domains scheduled__2023-01-08T14:00:00+00:00 [queued]>
[2024-05-20T12:09:11.823+0000] {taskinstance.py:2306} INFO - Starting attempt 1 of 2
[2024-05-20T12:09:11.827+0000] {taskinstance.py:2330} INFO - Executing <Task(PythonOperator): fetch_and_analyze_domains> on 2023-01-08 14:00:00+00:00
[2024-05-20T12:09:11.831+0000] {logging_mixin.py:188} WARNING - /home/***/.local/lib/python3.12/site-packages/***/task/task_runner/standard_task_runner.py:61 DeprecationWarning: This process (pid=2517) is multi-threaded, use of fork() may lead to deadlocks in the child.
[2024-05-20T12:09:11.832+0000] {standard_task_runner.py:63} INFO - Started process 2518 to run task
[2024-05-20T12:09:11.831+0000] {standard_task_runner.py:90} INFO - Running: ['***', 'tasks', 'run', 'domain_analysis_single_insertion', 'fetch_and_analyze_domains', 'scheduled__2023-01-08T14:00:00+00:00', '--job-id', '1412', '--raw', '--subdir', 'DAGS_FOLDER/analysis_test_dag.py', '--cfg-path', '/tmp/tmp24b8syt_']
[2024-05-20T12:09:11.832+0000] {standard_task_runner.py:91} INFO - Job 1412: Subtask fetch_and_analyze_domains
[2024-05-20T12:09:11.840+0000] {logging_mixin.py:188} WARNING - /home/***/.local/lib/python3.12/site-packages/***/settings.py:195 DeprecationWarning: The sql_alchemy_conn option in [core] has been moved to the sql_alchemy_conn option in [database] - the old setting has been used, but please update your config.
[2024-05-20T12:09:11.857+0000] {task_command.py:426} INFO - Running <TaskInstance: domain_analysis_single_insertion.fetch_and_analyze_domains scheduled__2023-01-08T14:00:00+00:00 [running]> on host 667df64f43b9
[2024-05-20T12:09:11.896+0000] {taskinstance.py:2648} INFO - Exporting env vars: AIRFLOW_CTX_DAG_OWNER='***' AIRFLOW_CTX_DAG_ID='domain_analysis_single_insertion' AIRFLOW_CTX_TASK_ID='fetch_and_analyze_domains' AIRFLOW_CTX_EXECUTION_DATE='2023-01-08T14:00:00+00:00' AIRFLOW_CTX_TRY_NUMBER='1' AIRFLOW_CTX_DAG_RUN_ID='scheduled__2023-01-08T14:00:00+00:00'
[2024-05-20T12:09:11.897+0000] {taskinstance.py:430} INFO - ::endgroup::
[2024-05-20T12:09:11.902+0000] {analysis_test_dag.py:32} INFO - Starting to fetch domains
[2024-05-20T12:09:11.903+0000] {analysis_test_dag.py:39} INFO - Database engine created
[2024-05-20T12:09:11.903+0000] {analysis_test_dag.py:46} INFO - Database session created
[2024-05-20T12:09:11.917+0000] {analysis_test_dag.py:51} INFO - Metadata reflected
[2024-05-20T12:09:11.917+0000] {analysis_test_dag.py:55} INFO - Domain registered table accessed
[2024-05-20T12:09:11.918+0000] {analysis_test_dag.py:62} INFO - Fetched domain: google.com
[2024-05-20T12:09:11.919+0000] {analysis_test_dag.py:76} INFO - Inserted analysis into domain_analysis
[2024-05-20T12:09:11.920+0000] {analysis_test_dag.py:89} INFO - Inserted analysis into url_analysis
[2024-05-20T12:09:11.920+0000] {analysis_test_dag.py:93} INFO - Database session committed
[2024-05-20T12:09:11.920+0000] {analysis_test_dag.py:100} INFO - Database session closed
[2024-05-20T12:09:11.920+0000] {python.py:237} INFO - Done. Returned value was: None
[2024-05-20T12:09:11.921+0000] {taskinstance.py:441} INFO - ::group::Post task execution logs
[2024-05-20T12:09:11.925+0000] {taskinstance.py:1206} INFO - Marking task as SUCCESS. dag_id=domain_analysis_single_insertion, task_id=fetch_and_analyze_domains, run_id=scheduled__2023-01-08T14:00:00+00:00, execution_date=20230108T140000, start_date=20240520T120911, end_date=20240520T120911
[2024-05-20T12:09:11.936+0000] {local_task_job_runner.py:240} INFO - Task exited with return code 0
[2024-05-20T12:09:11.944+0000] {taskinstance.py:3498} INFO - 0 downstream tasks scheduled from follow-on schedule check
[2024-05-20T12:09:11.945+0000] {local_task_job_runner.py:222} INFO - ::endgroup::
