[2024-06-01T04:10:03.552+0000] {local_task_job_runner.py:120} INFO - ::group::Pre task execution logs
[2024-06-01T04:10:03.563+0000] {taskinstance.py:2076} INFO - Dependencies all met for dep_context=non-requeueable deps ti=<TaskInstance: soc_domain_analysis.domain_analysis manual__2024-06-01T04:10:02.860735+00:00 [queued]>
[2024-06-01T04:10:03.565+0000] {taskinstance.py:2076} INFO - Dependencies all met for dep_context=requeueable deps ti=<TaskInstance: soc_domain_analysis.domain_analysis manual__2024-06-01T04:10:02.860735+00:00 [queued]>
[2024-06-01T04:10:03.566+0000] {taskinstance.py:2306} INFO - Starting attempt 1 of 1
[2024-06-01T04:10:03.570+0000] {taskinstance.py:2330} INFO - Executing <Task(PythonOperator): domain_analysis> on 2024-06-01 04:10:02.860735+00:00
[2024-06-01T04:10:03.573+0000] {logging_mixin.py:188} WARNING - /home/***/.local/lib/python3.12/site-packages/***/task/task_runner/standard_task_runner.py:61 DeprecationWarning: This process (pid=1608) is multi-threaded, use of fork() may lead to deadlocks in the child.
[2024-06-01T04:10:03.573+0000] {standard_task_runner.py:63} INFO - Started process 1609 to run task
[2024-06-01T04:10:03.573+0000] {standard_task_runner.py:90} INFO - Running: ['***', 'tasks', 'run', 'soc_domain_analysis', 'domain_analysis', 'manual__2024-06-01T04:10:02.860735+00:00', '--job-id', '3678', '--raw', '--subdir', 'DAGS_FOLDER/soc_dag.py', '--cfg-path', '/tmp/tmpx9gfospb']
[2024-06-01T04:10:03.574+0000] {standard_task_runner.py:91} INFO - Job 3678: Subtask domain_analysis
[2024-06-01T04:10:03.580+0000] {logging_mixin.py:188} WARNING - /home/***/.local/lib/python3.12/site-packages/***/settings.py:195 DeprecationWarning: The sql_alchemy_conn option in [core] has been moved to the sql_alchemy_conn option in [database] - the old setting has been used, but please update your config.
[2024-06-01T04:10:03.592+0000] {task_command.py:426} INFO - Running <TaskInstance: soc_domain_analysis.domain_analysis manual__2024-06-01T04:10:02.860735+00:00 [running]> on host e11ec26ff801
[2024-06-01T04:10:03.626+0000] {taskinstance.py:2648} INFO - Exporting env vars: AIRFLOW_CTX_DAG_OWNER='***' AIRFLOW_CTX_DAG_ID='soc_domain_analysis' AIRFLOW_CTX_TASK_ID='domain_analysis' AIRFLOW_CTX_EXECUTION_DATE='2024-06-01T04:10:02.860735+00:00' AIRFLOW_CTX_TRY_NUMBER='1' AIRFLOW_CTX_DAG_RUN_ID='manual__2024-06-01T04:10:02.860735+00:00'
[2024-06-01T04:10:03.627+0000] {taskinstance.py:430} INFO - ::endgroup::
[2024-06-01T04:10:03.632+0000] {soc_dag.py:28} INFO - Starting to fetch soc
[2024-06-01T04:10:03.658+0000] {soc_dag.py:30} INFO - RESULT ------>true
[2024-06-01T04:10:03.658+0000] {soc_dag.py:31} INFO - {'domain': 'google.com', 'mx': 'true', 'a_record': '142.250.78.206', 'cname': 'false'}
[2024-06-01T04:10:03.658+0000] {python.py:237} INFO - Done. Returned value was: {'domain': 'google.com', 'mx': 'true', 'a_record': '142.250.78.206', 'cname': 'false'}
[2024-06-01T04:10:03.659+0000] {taskinstance.py:441} INFO - ::group::Post task execution logs
[2024-06-01T04:10:03.667+0000] {taskinstance.py:1206} INFO - Marking task as SUCCESS. dag_id=soc_domain_analysis, task_id=domain_analysis, run_id=manual__2024-06-01T04:10:02.860735+00:00, execution_date=20240601T041002, start_date=20240601T041003, end_date=20240601T041003
[2024-06-01T04:10:03.676+0000] {local_task_job_runner.py:240} INFO - Task exited with return code 0
[2024-06-01T04:10:03.682+0000] {taskinstance.py:3498} INFO - 0 downstream tasks scheduled from follow-on schedule check
[2024-06-01T04:10:03.682+0000] {local_task_job_runner.py:222} INFO - ::endgroup::
