[2024-06-01T05:07:30.597+0000] {local_task_job_runner.py:120} INFO - ::group::Pre task execution logs
[2024-06-01T05:07:30.607+0000] {taskinstance.py:2076} INFO - Dependencies all met for dep_context=non-requeueable deps ti=<TaskInstance: soc_domain_analysis.fetch_domains_task manual__2024-06-01T05:06:28.977734+00:00 [queued]>
[2024-06-01T05:07:30.610+0000] {taskinstance.py:2076} INFO - Dependencies all met for dep_context=requeueable deps ti=<TaskInstance: soc_domain_analysis.fetch_domains_task manual__2024-06-01T05:06:28.977734+00:00 [queued]>
[2024-06-01T05:07:30.610+0000] {taskinstance.py:2306} INFO - Starting attempt 1 of 1
[2024-06-01T05:07:30.614+0000] {taskinstance.py:2330} INFO - Executing <Task(PythonOperator): fetch_domains_task> on 2024-06-01 05:06:28.977734+00:00
[2024-06-01T05:07:30.616+0000] {logging_mixin.py:188} WARNING - /home/***/.local/lib/python3.12/site-packages/***/task/task_runner/standard_task_runner.py:61 DeprecationWarning: This process (pid=1437) is multi-threaded, use of fork() may lead to deadlocks in the child.
[2024-06-01T05:07:30.617+0000] {standard_task_runner.py:63} INFO - Started process 1438 to run task
[2024-06-01T05:07:30.616+0000] {standard_task_runner.py:90} INFO - Running: ['***', 'tasks', 'run', 'soc_domain_analysis', 'fetch_domains_task', 'manual__2024-06-01T05:06:28.977734+00:00', '--job-id', '3722', '--raw', '--subdir', 'DAGS_FOLDER/asset_analysis.py', '--cfg-path', '/tmp/tmp9_9m94__']
[2024-06-01T05:07:30.617+0000] {standard_task_runner.py:91} INFO - Job 3722: Subtask fetch_domains_task
[2024-06-01T05:07:30.623+0000] {logging_mixin.py:188} WARNING - /home/***/.local/lib/python3.12/site-packages/***/settings.py:195 DeprecationWarning: The sql_alchemy_conn option in [core] has been moved to the sql_alchemy_conn option in [database] - the old setting has been used, but please update your config.
[2024-06-01T05:07:30.634+0000] {task_command.py:426} INFO - Running <TaskInstance: soc_domain_analysis.fetch_domains_task manual__2024-06-01T05:06:28.977734+00:00 [running]> on host 01982e9630cb
[2024-06-01T05:07:30.664+0000] {taskinstance.py:2648} INFO - Exporting env vars: AIRFLOW_CTX_DAG_OWNER='***' AIRFLOW_CTX_DAG_ID='soc_domain_analysis' AIRFLOW_CTX_TASK_ID='fetch_domains_task' AIRFLOW_CTX_EXECUTION_DATE='2024-06-01T05:06:28.977734+00:00' AIRFLOW_CTX_TRY_NUMBER='1' AIRFLOW_CTX_DAG_RUN_ID='manual__2024-06-01T05:06:28.977734+00:00'
[2024-06-01T05:07:30.665+0000] {taskinstance.py:430} INFO - ::endgroup::
[2024-06-01T05:07:30.669+0000] {asset_analysis.py:28} INFO - Starting to fetch domains
[2024-06-01T05:07:30.687+0000] {asset_analysis.py:40} INFO - Fetched domains
[2024-06-01T05:07:30.694+0000] {python.py:237} INFO - Done. Returned value was: None
[2024-06-01T05:07:30.694+0000] {taskinstance.py:441} INFO - ::group::Post task execution logs
[2024-06-01T05:07:30.698+0000] {taskinstance.py:1206} INFO - Marking task as SUCCESS. dag_id=soc_domain_analysis, task_id=fetch_domains_task, run_id=manual__2024-06-01T05:06:28.977734+00:00, execution_date=20240601T050628, start_date=20240601T050730, end_date=20240601T050730
[2024-06-01T05:07:30.720+0000] {local_task_job_runner.py:240} INFO - Task exited with return code 0
[2024-06-01T05:07:30.728+0000] {taskinstance.py:3498} INFO - 1 downstream tasks scheduled from follow-on schedule check
[2024-06-01T05:07:30.729+0000] {local_task_job_runner.py:222} INFO - ::endgroup::
