[2024-05-20T12:42:34.049+0000] {local_task_job_runner.py:120} INFO - ::group::Pre task execution logs
[2024-05-20T12:42:34.060+0000] {taskinstance.py:2076} INFO - Dependencies all met for dep_context=non-requeueable deps ti=<TaskInstance: domain_analysis_full.fetch_domains scheduled__2023-01-18T20:00:00+00:00 [queued]>
[2024-05-20T12:42:34.063+0000] {taskinstance.py:2076} INFO - Dependencies all met for dep_context=requeueable deps ti=<TaskInstance: domain_analysis_full.fetch_domains scheduled__2023-01-18T20:00:00+00:00 [queued]>
[2024-05-20T12:42:34.063+0000] {taskinstance.py:2306} INFO - Starting attempt 1 of 2
[2024-05-20T12:42:34.067+0000] {taskinstance.py:2330} INFO - Executing <Task(PythonOperator): fetch_domains> on 2023-01-18 20:00:00+00:00
[2024-05-20T12:42:34.069+0000] {logging_mixin.py:188} WARNING - /home/***/.local/lib/python3.12/site-packages/***/task/task_runner/standard_task_runner.py:61 DeprecationWarning: This process (pid=291) is multi-threaded, use of fork() may lead to deadlocks in the child.
[2024-05-20T12:42:34.070+0000] {standard_task_runner.py:63} INFO - Started process 292 to run task
[2024-05-20T12:42:34.069+0000] {standard_task_runner.py:90} INFO - Running: ['***', 'tasks', 'run', 'domain_analysis_full', 'fetch_domains', 'scheduled__2023-01-18T20:00:00+00:00', '--job-id', '1963', '--raw', '--subdir', 'DAGS_FOLDER/analysis_test_dag.py', '--cfg-path', '/tmp/tmp2bn7erv8']
[2024-05-20T12:42:34.070+0000] {standard_task_runner.py:91} INFO - Job 1963: Subtask fetch_domains
[2024-05-20T12:42:34.076+0000] {logging_mixin.py:188} WARNING - /home/***/.local/lib/python3.12/site-packages/***/settings.py:195 DeprecationWarning: The sql_alchemy_conn option in [core] has been moved to the sql_alchemy_conn option in [database] - the old setting has been used, but please update your config.
[2024-05-20T12:42:34.088+0000] {task_command.py:426} INFO - Running <TaskInstance: domain_analysis_full.fetch_domains scheduled__2023-01-18T20:00:00+00:00 [running]> on host 667df64f43b9
[2024-05-20T12:42:34.118+0000] {taskinstance.py:2648} INFO - Exporting env vars: AIRFLOW_CTX_DAG_OWNER='***' AIRFLOW_CTX_DAG_ID='domain_analysis_full' AIRFLOW_CTX_TASK_ID='fetch_domains' AIRFLOW_CTX_EXECUTION_DATE='2023-01-18T20:00:00+00:00' AIRFLOW_CTX_TRY_NUMBER='1' AIRFLOW_CTX_DAG_RUN_ID='scheduled__2023-01-18T20:00:00+00:00'
[2024-05-20T12:42:34.118+0000] {taskinstance.py:430} INFO - ::endgroup::
[2024-05-20T12:42:34.123+0000] {analysis_test_dag.py:40} INFO - Starting to fetch domains
[2024-05-20T12:42:34.124+0000] {analysis_test_dag.py:45} INFO - Fetched domains
[2024-05-20T12:42:34.128+0000] {python.py:237} INFO - Done. Returned value was: None
[2024-05-20T12:42:34.129+0000] {taskinstance.py:441} INFO - ::group::Post task execution logs
[2024-05-20T12:42:34.132+0000] {taskinstance.py:1206} INFO - Marking task as SUCCESS. dag_id=domain_analysis_full, task_id=fetch_domains, run_id=scheduled__2023-01-18T20:00:00+00:00, execution_date=20230118T200000, start_date=20240520T124234, end_date=20240520T124234
[2024-05-20T12:42:34.168+0000] {local_task_job_runner.py:240} INFO - Task exited with return code 0
[2024-05-20T12:42:34.176+0000] {taskinstance.py:3498} INFO - 1 downstream tasks scheduled from follow-on schedule check
[2024-05-20T12:42:34.177+0000] {local_task_job_runner.py:222} INFO - ::endgroup::
