[2024-05-20T11:45:19.083+0000] {local_task_job_runner.py:120} INFO - ::group::Pre task execution logs
[2024-05-20T11:45:19.093+0000] {taskinstance.py:2076} INFO - Dependencies all met for dep_context=non-requeueable deps ti=<TaskInstance: domain_analysis_log.fetch_domains scheduled__2023-01-06T20:00:00+00:00 [queued]>
[2024-05-20T11:45:19.096+0000] {taskinstance.py:2076} INFO - Dependencies all met for dep_context=requeueable deps ti=<TaskInstance: domain_analysis_log.fetch_domains scheduled__2023-01-06T20:00:00+00:00 [queued]>
[2024-05-20T11:45:19.097+0000] {taskinstance.py:2306} INFO - Starting attempt 1 of 2
[2024-05-20T11:45:19.101+0000] {taskinstance.py:2330} INFO - Executing <Task(PythonOperator): fetch_domains> on 2023-01-06 20:00:00+00:00
[2024-05-20T11:45:19.103+0000] {logging_mixin.py:188} WARNING - /home/***/.local/lib/python3.12/site-packages/***/task/task_runner/standard_task_runner.py:61 DeprecationWarning: This process (pid=311) is multi-threaded, use of fork() may lead to deadlocks in the child.
[2024-05-20T11:45:19.104+0000] {standard_task_runner.py:63} INFO - Started process 312 to run task
[2024-05-20T11:45:19.103+0000] {standard_task_runner.py:90} INFO - Running: ['***', 'tasks', 'run', 'domain_analysis_log', 'fetch_domains', 'scheduled__2023-01-06T20:00:00+00:00', '--job-id', '669', '--raw', '--subdir', 'DAGS_FOLDER/analysis_dag.py', '--cfg-path', '/tmp/tmpcj84mspz']
[2024-05-20T11:45:19.104+0000] {standard_task_runner.py:91} INFO - Job 669: Subtask fetch_domains
[2024-05-20T11:45:19.110+0000] {logging_mixin.py:188} WARNING - /home/***/.local/lib/python3.12/site-packages/***/settings.py:195 DeprecationWarning: The sql_alchemy_conn option in [core] has been moved to the sql_alchemy_conn option in [database] - the old setting has been used, but please update your config.
[2024-05-20T11:45:19.122+0000] {task_command.py:426} INFO - Running <TaskInstance: domain_analysis_log.fetch_domains scheduled__2023-01-06T20:00:00+00:00 [running]> on host 667df64f43b9
[2024-05-20T11:45:19.152+0000] {taskinstance.py:2648} INFO - Exporting env vars: AIRFLOW_CTX_DAG_OWNER='***' AIRFLOW_CTX_DAG_ID='domain_analysis_log' AIRFLOW_CTX_TASK_ID='fetch_domains' AIRFLOW_CTX_EXECUTION_DATE='2023-01-06T20:00:00+00:00' AIRFLOW_CTX_TRY_NUMBER='1' AIRFLOW_CTX_DAG_RUN_ID='scheduled__2023-01-06T20:00:00+00:00'
[2024-05-20T11:45:19.152+0000] {taskinstance.py:430} INFO - ::endgroup::
[2024-05-20T11:45:19.158+0000] {analysis_dag.py:30} INFO - Starting to fetch domains
[2024-05-20T11:45:19.175+0000] {analysis_dag.py:56} INFO - Fetched domains: [('bca7786b-284b-4ce4-9581-4d868c52e867', 'google.com')]
[2024-05-20T11:45:19.175+0000] {python.py:237} INFO - Done. Returned value was: None
[2024-05-20T11:45:19.176+0000] {taskinstance.py:441} INFO - ::group::Post task execution logs
[2024-05-20T11:45:19.179+0000] {taskinstance.py:1206} INFO - Marking task as SUCCESS. dag_id=domain_analysis_log, task_id=fetch_domains, run_id=scheduled__2023-01-06T20:00:00+00:00, execution_date=20230106T200000, start_date=20240520T114519, end_date=20240520T114519
[2024-05-20T11:45:19.205+0000] {local_task_job_runner.py:240} INFO - Task exited with return code 0
[2024-05-20T11:45:19.211+0000] {taskinstance.py:3498} INFO - 0 downstream tasks scheduled from follow-on schedule check
[2024-05-20T11:45:19.212+0000] {local_task_job_runner.py:222} INFO - ::endgroup::
