[2024-05-20T11:28:25.580+0000] {local_task_job_runner.py:120} INFO - ::group::Pre task execution logs
[2024-05-20T11:28:25.596+0000] {taskinstance.py:2076} INFO - Dependencies all met for dep_context=non-requeueable deps ti=<TaskInstance: domain_analysis_log.fetch_domains scheduled__2023-01-04T13:00:00+00:00 [queued]>
[2024-05-20T11:28:25.599+0000] {taskinstance.py:2076} INFO - Dependencies all met for dep_context=requeueable deps ti=<TaskInstance: domain_analysis_log.fetch_domains scheduled__2023-01-04T13:00:00+00:00 [queued]>
[2024-05-20T11:28:25.600+0000] {taskinstance.py:2306} INFO - Starting attempt 1 of 2
[2024-05-20T11:28:25.605+0000] {taskinstance.py:2330} INFO - Executing <Task(PythonOperator): fetch_domains> on 2023-01-04 13:00:00+00:00
[2024-05-20T11:28:25.608+0000] {logging_mixin.py:188} WARNING - /home/***/.local/lib/python3.12/site-packages/***/task/task_runner/standard_task_runner.py:61 DeprecationWarning: This process (pid=462) is multi-threaded, use of fork() may lead to deadlocks in the child.
[2024-05-20T11:28:25.609+0000] {standard_task_runner.py:63} INFO - Started process 469 to run task
[2024-05-20T11:28:25.609+0000] {standard_task_runner.py:90} INFO - Running: ['***', 'tasks', 'run', 'domain_analysis_log', 'fetch_domains', 'scheduled__2023-01-04T13:00:00+00:00', '--job-id', '608', '--raw', '--subdir', 'DAGS_FOLDER/analysis_dag.py', '--cfg-path', '/tmp/tmphan40v_2']
[2024-05-20T11:28:25.610+0000] {standard_task_runner.py:91} INFO - Job 608: Subtask fetch_domains
[2024-05-20T11:28:25.618+0000] {logging_mixin.py:188} WARNING - /home/***/.local/lib/python3.12/site-packages/***/settings.py:195 DeprecationWarning: The sql_alchemy_conn option in [core] has been moved to the sql_alchemy_conn option in [database] - the old setting has been used, but please update your config.
[2024-05-20T11:28:25.634+0000] {task_command.py:426} INFO - Running <TaskInstance: domain_analysis_log.fetch_domains scheduled__2023-01-04T13:00:00+00:00 [running]> on host 667df64f43b9
[2024-05-20T11:28:25.669+0000] {taskinstance.py:2648} INFO - Exporting env vars: AIRFLOW_CTX_DAG_OWNER='***' AIRFLOW_CTX_DAG_ID='domain_analysis_log' AIRFLOW_CTX_TASK_ID='fetch_domains' AIRFLOW_CTX_EXECUTION_DATE='2023-01-04T13:00:00+00:00' AIRFLOW_CTX_TRY_NUMBER='1' AIRFLOW_CTX_DAG_RUN_ID='scheduled__2023-01-04T13:00:00+00:00'
[2024-05-20T11:28:25.670+0000] {taskinstance.py:430} INFO - ::endgroup::
[2024-05-20T11:28:25.674+0000] {analysis_dag.py:28} INFO - Fetched domains: oi
[2024-05-20T11:28:25.675+0000] {python.py:237} INFO - Done. Returned value was: None
[2024-05-20T11:28:25.675+0000] {taskinstance.py:441} INFO - ::group::Post task execution logs
[2024-05-20T11:28:25.679+0000] {taskinstance.py:1206} INFO - Marking task as SUCCESS. dag_id=domain_analysis_log, task_id=fetch_domains, run_id=scheduled__2023-01-04T13:00:00+00:00, execution_date=20230104T130000, start_date=20240520T112825, end_date=20240520T112825
[2024-05-20T11:28:25.710+0000] {local_task_job_runner.py:240} INFO - Task exited with return code 0
[2024-05-20T11:28:25.718+0000] {taskinstance.py:3498} INFO - 0 downstream tasks scheduled from follow-on schedule check
[2024-05-20T11:28:25.719+0000] {local_task_job_runner.py:222} INFO - ::endgroup::
