[2024-06-01T05:06:29.358+0000] {local_task_job_runner.py:120} INFO - ::group::Pre task execution logs
[2024-06-01T05:06:29.371+0000] {taskinstance.py:2076} INFO - Dependencies all met for dep_context=non-requeueable deps ti=<TaskInstance: soc_domain_analysis.fetch_domains_task scheduled__2023-01-01T00:00:00+00:00 [queued]>
[2024-06-01T05:06:29.374+0000] {taskinstance.py:2076} INFO - Dependencies all met for dep_context=requeueable deps ti=<TaskInstance: soc_domain_analysis.fetch_domains_task scheduled__2023-01-01T00:00:00+00:00 [queued]>
[2024-06-01T05:06:29.374+0000] {taskinstance.py:2306} INFO - Starting attempt 1 of 1
[2024-06-01T05:06:29.378+0000] {taskinstance.py:2330} INFO - Executing <Task(PythonOperator): fetch_domains_task> on 2023-01-01 00:00:00+00:00
[2024-06-01T05:06:29.381+0000] {logging_mixin.py:188} WARNING - /home/***/.local/lib/python3.12/site-packages/***/task/task_runner/standard_task_runner.py:61 DeprecationWarning: This process (pid=1393) is multi-threaded, use of fork() may lead to deadlocks in the child.
[2024-06-01T05:06:29.381+0000] {standard_task_runner.py:63} INFO - Started process 1394 to run task
[2024-06-01T05:06:29.381+0000] {standard_task_runner.py:90} INFO - Running: ['***', 'tasks', 'run', 'soc_domain_analysis', 'fetch_domains_task', 'scheduled__2023-01-01T00:00:00+00:00', '--job-id', '3720', '--raw', '--subdir', 'DAGS_FOLDER/asset_analysis.py', '--cfg-path', '/tmp/tmp3c627_zc']
[2024-06-01T05:06:29.382+0000] {standard_task_runner.py:91} INFO - Job 3720: Subtask fetch_domains_task
[2024-06-01T05:06:29.388+0000] {logging_mixin.py:188} WARNING - /home/***/.local/lib/python3.12/site-packages/***/settings.py:195 DeprecationWarning: The sql_alchemy_conn option in [core] has been moved to the sql_alchemy_conn option in [database] - the old setting has been used, but please update your config.
[2024-06-01T05:06:29.403+0000] {task_command.py:426} INFO - Running <TaskInstance: soc_domain_analysis.fetch_domains_task scheduled__2023-01-01T00:00:00+00:00 [running]> on host 01982e9630cb
[2024-06-01T05:06:29.438+0000] {taskinstance.py:2648} INFO - Exporting env vars: AIRFLOW_CTX_DAG_OWNER='***' AIRFLOW_CTX_DAG_ID='soc_domain_analysis' AIRFLOW_CTX_TASK_ID='fetch_domains_task' AIRFLOW_CTX_EXECUTION_DATE='2023-01-01T00:00:00+00:00' AIRFLOW_CTX_TRY_NUMBER='1' AIRFLOW_CTX_DAG_RUN_ID='scheduled__2023-01-01T00:00:00+00:00'
[2024-06-01T05:06:29.438+0000] {taskinstance.py:430} INFO - ::endgroup::
[2024-06-01T05:06:29.444+0000] {asset_analysis.py:28} INFO - Starting to fetch domains
[2024-06-01T05:06:29.466+0000] {asset_analysis.py:40} INFO - Fetched domains
[2024-06-01T05:06:29.477+0000] {python.py:237} INFO - Done. Returned value was: None
[2024-06-01T05:06:29.477+0000] {taskinstance.py:441} INFO - ::group::Post task execution logs
[2024-06-01T05:06:29.482+0000] {taskinstance.py:1206} INFO - Marking task as SUCCESS. dag_id=soc_domain_analysis, task_id=fetch_domains_task, run_id=scheduled__2023-01-01T00:00:00+00:00, execution_date=20230101T000000, start_date=20240601T050629, end_date=20240601T050629
[2024-06-01T05:06:29.522+0000] {local_task_job_runner.py:240} INFO - Task exited with return code 0
[2024-06-01T05:06:29.531+0000] {taskinstance.py:3498} INFO - 1 downstream tasks scheduled from follow-on schedule check
[2024-06-01T05:06:29.532+0000] {local_task_job_runner.py:222} INFO - ::endgroup::
[2024-06-01T05:14:07.324+0000] {local_task_job_runner.py:120} INFO - ::group::Pre task execution logs
[2024-06-01T05:14:07.335+0000] {taskinstance.py:2076} INFO - Dependencies all met for dep_context=non-requeueable deps ti=<TaskInstance: soc_domain_analysis.fetch_domains_task scheduled__2023-01-01T00:00:00+00:00 [queued]>
[2024-06-01T05:14:07.338+0000] {taskinstance.py:2076} INFO - Dependencies all met for dep_context=requeueable deps ti=<TaskInstance: soc_domain_analysis.fetch_domains_task scheduled__2023-01-01T00:00:00+00:00 [queued]>
[2024-06-01T05:14:07.338+0000] {taskinstance.py:2306} INFO - Starting attempt 1 of 1
[2024-06-01T05:14:07.342+0000] {taskinstance.py:2330} INFO - Executing <Task(PythonOperator): fetch_domains_task> on 2023-01-01 00:00:00+00:00
[2024-06-01T05:14:07.345+0000] {logging_mixin.py:188} WARNING - /home/***/.local/lib/python3.12/site-packages/***/task/task_runner/standard_task_runner.py:61 DeprecationWarning: This process (pid=1710) is multi-threaded, use of fork() may lead to deadlocks in the child.
[2024-06-01T05:14:07.345+0000] {standard_task_runner.py:63} INFO - Started process 1711 to run task
[2024-06-01T05:14:07.345+0000] {standard_task_runner.py:90} INFO - Running: ['***', 'tasks', 'run', 'soc_domain_analysis', 'fetch_domains_task', 'scheduled__2023-01-01T00:00:00+00:00', '--job-id', '3726', '--raw', '--subdir', 'DAGS_FOLDER/asset_analysis.py', '--cfg-path', '/tmp/tmpukpvoslt']
[2024-06-01T05:14:07.346+0000] {standard_task_runner.py:91} INFO - Job 3726: Subtask fetch_domains_task
[2024-06-01T05:14:07.351+0000] {logging_mixin.py:188} WARNING - /home/***/.local/lib/python3.12/site-packages/***/settings.py:195 DeprecationWarning: The sql_alchemy_conn option in [core] has been moved to the sql_alchemy_conn option in [database] - the old setting has been used, but please update your config.
[2024-06-01T05:14:07.364+0000] {task_command.py:426} INFO - Running <TaskInstance: soc_domain_analysis.fetch_domains_task scheduled__2023-01-01T00:00:00+00:00 [running]> on host 01982e9630cb
[2024-06-01T05:14:07.392+0000] {taskinstance.py:2648} INFO - Exporting env vars: AIRFLOW_CTX_DAG_OWNER='***' AIRFLOW_CTX_DAG_ID='soc_domain_analysis' AIRFLOW_CTX_TASK_ID='fetch_domains_task' AIRFLOW_CTX_EXECUTION_DATE='2023-01-01T00:00:00+00:00' AIRFLOW_CTX_TRY_NUMBER='1' AIRFLOW_CTX_DAG_RUN_ID='scheduled__2023-01-01T00:00:00+00:00'
[2024-06-01T05:14:07.392+0000] {taskinstance.py:430} INFO - ::endgroup::
[2024-06-01T05:14:07.397+0000] {asset_analysis.py:28} INFO - Starting to fetch domains
[2024-06-01T05:14:07.414+0000] {asset_analysis.py:40} INFO - Fetched domains
[2024-06-01T05:14:07.422+0000] {python.py:237} INFO - Done. Returned value was: None
[2024-06-01T05:14:07.422+0000] {taskinstance.py:441} INFO - ::group::Post task execution logs
[2024-06-01T05:14:07.425+0000] {taskinstance.py:1206} INFO - Marking task as SUCCESS. dag_id=soc_domain_analysis, task_id=fetch_domains_task, run_id=scheduled__2023-01-01T00:00:00+00:00, execution_date=20230101T000000, start_date=20240601T051407, end_date=20240601T051407
[2024-06-01T05:14:07.449+0000] {local_task_job_runner.py:240} INFO - Task exited with return code 0
[2024-06-01T05:14:07.458+0000] {taskinstance.py:3498} INFO - 1 downstream tasks scheduled from follow-on schedule check
[2024-06-01T05:14:07.458+0000] {local_task_job_runner.py:222} INFO - ::endgroup::
[2024-06-01T05:16:04.593+0000] {local_task_job_runner.py:120} INFO - ::group::Pre task execution logs
[2024-06-01T05:16:04.605+0000] {taskinstance.py:2076} INFO - Dependencies all met for dep_context=non-requeueable deps ti=<TaskInstance: soc_domain_analysis.fetch_domains_task scheduled__2023-01-01T00:00:00+00:00 [queued]>
[2024-06-01T05:16:04.607+0000] {taskinstance.py:2076} INFO - Dependencies all met for dep_context=requeueable deps ti=<TaskInstance: soc_domain_analysis.fetch_domains_task scheduled__2023-01-01T00:00:00+00:00 [queued]>
[2024-06-01T05:16:04.607+0000] {taskinstance.py:2306} INFO - Starting attempt 1 of 1
[2024-06-01T05:16:04.611+0000] {taskinstance.py:2330} INFO - Executing <Task(PythonOperator): fetch_domains_task> on 2023-01-01 00:00:00+00:00
[2024-06-01T05:16:04.614+0000] {logging_mixin.py:188} WARNING - /home/***/.local/lib/python3.12/site-packages/***/task/task_runner/standard_task_runner.py:61 DeprecationWarning: This process (pid=1794) is multi-threaded, use of fork() may lead to deadlocks in the child.
[2024-06-01T05:16:04.614+0000] {standard_task_runner.py:63} INFO - Started process 1795 to run task
[2024-06-01T05:16:04.614+0000] {standard_task_runner.py:90} INFO - Running: ['***', 'tasks', 'run', 'soc_domain_analysis', 'fetch_domains_task', 'scheduled__2023-01-01T00:00:00+00:00', '--job-id', '3728', '--raw', '--subdir', 'DAGS_FOLDER/asset_analysis.py', '--cfg-path', '/tmp/tmpkoaqydrl']
[2024-06-01T05:16:04.615+0000] {standard_task_runner.py:91} INFO - Job 3728: Subtask fetch_domains_task
[2024-06-01T05:16:04.621+0000] {logging_mixin.py:188} WARNING - /home/***/.local/lib/python3.12/site-packages/***/settings.py:195 DeprecationWarning: The sql_alchemy_conn option in [core] has been moved to the sql_alchemy_conn option in [database] - the old setting has been used, but please update your config.
[2024-06-01T05:16:04.633+0000] {task_command.py:426} INFO - Running <TaskInstance: soc_domain_analysis.fetch_domains_task scheduled__2023-01-01T00:00:00+00:00 [running]> on host 01982e9630cb
[2024-06-01T05:16:04.661+0000] {taskinstance.py:2648} INFO - Exporting env vars: AIRFLOW_CTX_DAG_OWNER='***' AIRFLOW_CTX_DAG_ID='soc_domain_analysis' AIRFLOW_CTX_TASK_ID='fetch_domains_task' AIRFLOW_CTX_EXECUTION_DATE='2023-01-01T00:00:00+00:00' AIRFLOW_CTX_TRY_NUMBER='1' AIRFLOW_CTX_DAG_RUN_ID='scheduled__2023-01-01T00:00:00+00:00'
[2024-06-01T05:16:04.661+0000] {taskinstance.py:430} INFO - ::endgroup::
[2024-06-01T05:16:04.666+0000] {asset_analysis.py:28} INFO - Starting to fetch domains
[2024-06-01T05:16:04.682+0000] {asset_analysis.py:40} INFO - Fetched domains
[2024-06-01T05:16:04.689+0000] {python.py:237} INFO - Done. Returned value was: None
[2024-06-01T05:16:04.689+0000] {taskinstance.py:441} INFO - ::group::Post task execution logs
[2024-06-01T05:16:04.693+0000] {taskinstance.py:1206} INFO - Marking task as SUCCESS. dag_id=soc_domain_analysis, task_id=fetch_domains_task, run_id=scheduled__2023-01-01T00:00:00+00:00, execution_date=20230101T000000, start_date=20240601T051604, end_date=20240601T051604
[2024-06-01T05:16:04.713+0000] {local_task_job_runner.py:240} INFO - Task exited with return code 0
[2024-06-01T05:16:04.723+0000] {taskinstance.py:3498} INFO - 1 downstream tasks scheduled from follow-on schedule check
[2024-06-01T05:16:04.724+0000] {local_task_job_runner.py:222} INFO - ::endgroup::
