[2024-05-20T12:08:05.808+0000] {local_task_job_runner.py:120} INFO - ::group::Pre task execution logs
[2024-05-20T12:08:05.819+0000] {taskinstance.py:2076} INFO - Dependencies all met for dep_context=non-requeueable deps ti=<TaskInstance: domain_analysis_single_insertion.fetch_and_analyze_domains scheduled__2023-01-07T02:00:00+00:00 [queued]>
[2024-05-20T12:08:05.822+0000] {taskinstance.py:2076} INFO - Dependencies all met for dep_context=requeueable deps ti=<TaskInstance: domain_analysis_single_insertion.fetch_and_analyze_domains scheduled__2023-01-07T02:00:00+00:00 [queued]>
[2024-05-20T12:08:05.823+0000] {taskinstance.py:2306} INFO - Starting attempt 1 of 2
[2024-05-20T12:08:05.827+0000] {taskinstance.py:2330} INFO - Executing <Task(PythonOperator): fetch_and_analyze_domains> on 2023-01-07 02:00:00+00:00
[2024-05-20T12:08:05.829+0000] {logging_mixin.py:188} WARNING - /home/***/.local/lib/python3.12/site-packages/***/task/task_runner/standard_task_runner.py:61 DeprecationWarning: This process (pid=2410) is multi-threaded, use of fork() may lead to deadlocks in the child.
[2024-05-20T12:08:05.830+0000] {standard_task_runner.py:63} INFO - Started process 2411 to run task
[2024-05-20T12:08:05.829+0000] {standard_task_runner.py:90} INFO - Running: ['***', 'tasks', 'run', 'domain_analysis_single_insertion', 'fetch_and_analyze_domains', 'scheduled__2023-01-07T02:00:00+00:00', '--job-id', '1376', '--raw', '--subdir', 'DAGS_FOLDER/analysis_test_dag.py', '--cfg-path', '/tmp/tmp24hd90i8']
[2024-05-20T12:08:05.830+0000] {standard_task_runner.py:91} INFO - Job 1376: Subtask fetch_and_analyze_domains
[2024-05-20T12:08:05.836+0000] {logging_mixin.py:188} WARNING - /home/***/.local/lib/python3.12/site-packages/***/settings.py:195 DeprecationWarning: The sql_alchemy_conn option in [core] has been moved to the sql_alchemy_conn option in [database] - the old setting has been used, but please update your config.
[2024-05-20T12:08:05.849+0000] {task_command.py:426} INFO - Running <TaskInstance: domain_analysis_single_insertion.fetch_and_analyze_domains scheduled__2023-01-07T02:00:00+00:00 [running]> on host 667df64f43b9
[2024-05-20T12:08:05.879+0000] {taskinstance.py:2648} INFO - Exporting env vars: AIRFLOW_CTX_DAG_OWNER='***' AIRFLOW_CTX_DAG_ID='domain_analysis_single_insertion' AIRFLOW_CTX_TASK_ID='fetch_and_analyze_domains' AIRFLOW_CTX_EXECUTION_DATE='2023-01-07T02:00:00+00:00' AIRFLOW_CTX_TRY_NUMBER='1' AIRFLOW_CTX_DAG_RUN_ID='scheduled__2023-01-07T02:00:00+00:00'
[2024-05-20T12:08:05.880+0000] {taskinstance.py:430} INFO - ::endgroup::
[2024-05-20T12:08:05.885+0000] {analysis_test_dag.py:32} INFO - Starting to fetch domains
[2024-05-20T12:08:05.885+0000] {analysis_test_dag.py:39} INFO - Database engine created
[2024-05-20T12:08:05.885+0000] {analysis_test_dag.py:46} INFO - Database session created
[2024-05-20T12:08:05.897+0000] {analysis_test_dag.py:51} INFO - Metadata reflected
[2024-05-20T12:08:05.897+0000] {analysis_test_dag.py:55} INFO - Domain registered table accessed
[2024-05-20T12:08:05.898+0000] {analysis_test_dag.py:62} INFO - Fetched domain: google.com
[2024-05-20T12:08:05.899+0000] {analysis_test_dag.py:76} INFO - Inserted analysis into domain_analysis
[2024-05-20T12:08:05.899+0000] {analysis_test_dag.py:89} INFO - Inserted analysis into url_analysis
[2024-05-20T12:08:05.900+0000] {analysis_test_dag.py:93} INFO - Database session committed
[2024-05-20T12:08:05.900+0000] {analysis_test_dag.py:100} INFO - Database session closed
[2024-05-20T12:08:05.900+0000] {python.py:237} INFO - Done. Returned value was: None
[2024-05-20T12:08:05.900+0000] {taskinstance.py:441} INFO - ::group::Post task execution logs
[2024-05-20T12:08:05.904+0000] {taskinstance.py:1206} INFO - Marking task as SUCCESS. dag_id=domain_analysis_single_insertion, task_id=fetch_and_analyze_domains, run_id=scheduled__2023-01-07T02:00:00+00:00, execution_date=20230107T020000, start_date=20240520T120805, end_date=20240520T120805
[2024-05-20T12:08:05.933+0000] {local_task_job_runner.py:240} INFO - Task exited with return code 0
[2024-05-20T12:08:05.939+0000] {taskinstance.py:3498} INFO - 0 downstream tasks scheduled from follow-on schedule check
[2024-05-20T12:08:05.940+0000] {local_task_job_runner.py:222} INFO - ::endgroup::
