[2024-05-20T12:47:45.838+0000] {local_task_job_runner.py:120} INFO - ::group::Pre task execution logs
[2024-05-20T12:47:45.852+0000] {taskinstance.py:2076} INFO - Dependencies all met for dep_context=non-requeueable deps ti=<TaskInstance: domain_analysis.fetch_domains scheduled__2023-01-02T04:00:00+00:00 [queued]>
[2024-05-20T12:47:45.856+0000] {taskinstance.py:2076} INFO - Dependencies all met for dep_context=requeueable deps ti=<TaskInstance: domain_analysis.fetch_domains scheduled__2023-01-02T04:00:00+00:00 [queued]>
[2024-05-20T12:47:45.856+0000] {taskinstance.py:2306} INFO - Starting attempt 1 of 2
[2024-05-20T12:47:45.861+0000] {taskinstance.py:2330} INFO - Executing <Task(PythonOperator): fetch_domains> on 2023-01-02 04:00:00+00:00
[2024-05-20T12:47:45.863+0000] {logging_mixin.py:188} WARNING - /home/***/.local/lib/python3.12/site-packages/***/task/task_runner/standard_task_runner.py:61 DeprecationWarning: This process (pid=397) is multi-threaded, use of fork() may lead to deadlocks in the child.
[2024-05-20T12:47:45.864+0000] {standard_task_runner.py:63} INFO - Started process 398 to run task
[2024-05-20T12:47:45.863+0000] {standard_task_runner.py:90} INFO - Running: ['***', 'tasks', 'run', 'domain_analysis', 'fetch_domains', 'scheduled__2023-01-02T04:00:00+00:00', '--job-id', '2127', '--raw', '--subdir', 'DAGS_FOLDER/analysis_dag.py', '--cfg-path', '/tmp/tmp1erko09w']
[2024-05-20T12:47:45.864+0000] {standard_task_runner.py:91} INFO - Job 2127: Subtask fetch_domains
[2024-05-20T12:47:45.871+0000] {logging_mixin.py:188} WARNING - /home/***/.local/lib/python3.12/site-packages/***/settings.py:195 DeprecationWarning: The sql_alchemy_conn option in [core] has been moved to the sql_alchemy_conn option in [database] - the old setting has been used, but please update your config.
[2024-05-20T12:47:45.885+0000] {task_command.py:426} INFO - Running <TaskInstance: domain_analysis.fetch_domains scheduled__2023-01-02T04:00:00+00:00 [running]> on host 667df64f43b9
[2024-05-20T12:47:45.924+0000] {taskinstance.py:2648} INFO - Exporting env vars: AIRFLOW_CTX_DAG_OWNER='***' AIRFLOW_CTX_DAG_ID='domain_analysis' AIRFLOW_CTX_TASK_ID='fetch_domains' AIRFLOW_CTX_EXECUTION_DATE='2023-01-02T04:00:00+00:00' AIRFLOW_CTX_TRY_NUMBER='1' AIRFLOW_CTX_DAG_RUN_ID='scheduled__2023-01-02T04:00:00+00:00'
[2024-05-20T12:47:45.925+0000] {taskinstance.py:430} INFO - ::endgroup::
[2024-05-20T12:47:45.931+0000] {analysis_dag.py:40} INFO - Starting to fetch domains
[2024-05-20T12:47:45.932+0000] {analysis_dag.py:45} INFO - Fetched domains
[2024-05-20T12:47:45.938+0000] {python.py:237} INFO - Done. Returned value was: None
[2024-05-20T12:47:45.938+0000] {taskinstance.py:441} INFO - ::group::Post task execution logs
[2024-05-20T12:47:45.942+0000] {taskinstance.py:1206} INFO - Marking task as SUCCESS. dag_id=domain_analysis, task_id=fetch_domains, run_id=scheduled__2023-01-02T04:00:00+00:00, execution_date=20230102T040000, start_date=20240520T124745, end_date=20240520T124745
[2024-05-20T12:47:45.967+0000] {local_task_job_runner.py:240} INFO - Task exited with return code 0
[2024-05-20T12:47:45.977+0000] {taskinstance.py:3498} INFO - 1 downstream tasks scheduled from follow-on schedule check
[2024-05-20T12:47:45.977+0000] {local_task_job_runner.py:222} INFO - ::endgroup::
