[2024-05-19T00:19:02.273+0000] {processor.py:161} INFO - Started process (PID=546) to work on /opt/airflow/dags/analysis_dag.py
[2024-05-19T00:19:02.274+0000] {processor.py:830} INFO - Processing file /opt/airflow/dags/analysis_dag.py for tasks to queue
[2024-05-19T00:19:02.275+0000] {logging_mixin.py:188} INFO - [2024-05-19T00:19:02.275+0000] {dagbag.py:545} INFO - Filling up the DagBag from /opt/airflow/dags/analysis_dag.py
[2024-05-19T00:19:02.297+0000] {processor.py:840} INFO - DAG(s) 'domain_url_analysis' retrieved from /opt/airflow/dags/analysis_dag.py
[2024-05-19T00:19:02.353+0000] {logging_mixin.py:188} INFO - [2024-05-19T00:19:02.353+0000] {override.py:1829} INFO - Created Permission View: can edit on DAG:domain_url_analysis
[2024-05-19T00:19:02.357+0000] {logging_mixin.py:188} INFO - [2024-05-19T00:19:02.356+0000] {override.py:1829} INFO - Created Permission View: can read on DAG:domain_url_analysis
[2024-05-19T00:19:02.358+0000] {logging_mixin.py:188} INFO - [2024-05-19T00:19:02.358+0000] {override.py:1829} INFO - Created Permission View: can delete on DAG:domain_url_analysis
[2024-05-19T00:19:02.358+0000] {logging_mixin.py:188} INFO - [2024-05-19T00:19:02.358+0000] {dag.py:3096} INFO - Sync 1 DAGs
[2024-05-19T00:19:02.363+0000] {logging_mixin.py:188} INFO - [2024-05-19T00:19:02.363+0000] {dag.py:3118} INFO - Creating ORM DAG for domain_url_analysis
[2024-05-19T00:19:02.368+0000] {logging_mixin.py:188} INFO - [2024-05-19T00:19:02.368+0000] {dag.py:3954} INFO - Setting next_dagrun for domain_url_analysis to 2023-01-01 00:00:00+00:00, run_after=2023-01-02 00:00:00+00:00
[2024-05-19T00:19:02.373+0000] {processor.py:183} INFO - Processing /opt/airflow/dags/analysis_dag.py took 0.103 seconds
[2024-05-19T00:19:32.621+0000] {processor.py:161} INFO - Started process (PID=556) to work on /opt/airflow/dags/analysis_dag.py
[2024-05-19T00:19:32.622+0000] {processor.py:830} INFO - Processing file /opt/airflow/dags/analysis_dag.py for tasks to queue
[2024-05-19T00:19:32.624+0000] {logging_mixin.py:188} INFO - [2024-05-19T00:19:32.624+0000] {dagbag.py:545} INFO - Filling up the DagBag from /opt/airflow/dags/analysis_dag.py
[2024-05-19T00:19:32.646+0000] {processor.py:840} INFO - DAG(s) 'domain_url_analysis' retrieved from /opt/airflow/dags/analysis_dag.py
[2024-05-19T00:19:32.662+0000] {logging_mixin.py:188} INFO - [2024-05-19T00:19:32.662+0000] {dag.py:3096} INFO - Sync 1 DAGs
[2024-05-19T00:19:32.673+0000] {logging_mixin.py:188} INFO - [2024-05-19T00:19:32.673+0000] {dag.py:3954} INFO - Setting next_dagrun for domain_url_analysis to 2023-01-01 00:00:00+00:00, run_after=2023-01-02 00:00:00+00:00
[2024-05-19T00:19:32.680+0000] {processor.py:183} INFO - Processing /opt/airflow/dags/analysis_dag.py took 0.065 seconds
[2024-05-19T00:20:02.982+0000] {processor.py:161} INFO - Started process (PID=566) to work on /opt/airflow/dags/analysis_dag.py
[2024-05-19T00:20:02.984+0000] {processor.py:830} INFO - Processing file /opt/airflow/dags/analysis_dag.py for tasks to queue
[2024-05-19T00:20:02.986+0000] {logging_mixin.py:188} INFO - [2024-05-19T00:20:02.985+0000] {dagbag.py:545} INFO - Filling up the DagBag from /opt/airflow/dags/analysis_dag.py
[2024-05-19T00:20:03.007+0000] {processor.py:840} INFO - DAG(s) 'domain_url_analysis' retrieved from /opt/airflow/dags/analysis_dag.py
[2024-05-19T00:20:03.022+0000] {logging_mixin.py:188} INFO - [2024-05-19T00:20:03.022+0000] {dag.py:3096} INFO - Sync 1 DAGs
[2024-05-19T00:20:03.031+0000] {logging_mixin.py:188} INFO - [2024-05-19T00:20:03.031+0000] {dag.py:3954} INFO - Setting next_dagrun for domain_url_analysis to 2023-01-01 00:00:00+00:00, run_after=2023-01-02 00:00:00+00:00
[2024-05-19T00:20:03.038+0000] {processor.py:183} INFO - Processing /opt/airflow/dags/analysis_dag.py took 0.060 seconds
[2024-05-19T00:20:33.348+0000] {processor.py:161} INFO - Started process (PID=576) to work on /opt/airflow/dags/analysis_dag.py
[2024-05-19T00:20:33.349+0000] {processor.py:830} INFO - Processing file /opt/airflow/dags/analysis_dag.py for tasks to queue
[2024-05-19T00:20:33.351+0000] {logging_mixin.py:188} INFO - [2024-05-19T00:20:33.350+0000] {dagbag.py:545} INFO - Filling up the DagBag from /opt/airflow/dags/analysis_dag.py
[2024-05-19T00:20:33.372+0000] {processor.py:840} INFO - DAG(s) 'domain_url_analysis' retrieved from /opt/airflow/dags/analysis_dag.py
[2024-05-19T00:20:33.387+0000] {logging_mixin.py:188} INFO - [2024-05-19T00:20:33.387+0000] {dag.py:3096} INFO - Sync 1 DAGs
[2024-05-19T00:20:33.397+0000] {logging_mixin.py:188} INFO - [2024-05-19T00:20:33.397+0000] {dag.py:3954} INFO - Setting next_dagrun for domain_url_analysis to 2023-01-01 00:00:00+00:00, run_after=2023-01-02 00:00:00+00:00
[2024-05-19T00:20:33.405+0000] {processor.py:183} INFO - Processing /opt/airflow/dags/analysis_dag.py took 0.062 seconds
[2024-05-19T00:21:03.714+0000] {processor.py:161} INFO - Started process (PID=586) to work on /opt/airflow/dags/analysis_dag.py
[2024-05-19T00:21:03.716+0000] {processor.py:830} INFO - Processing file /opt/airflow/dags/analysis_dag.py for tasks to queue
[2024-05-19T00:21:03.718+0000] {logging_mixin.py:188} INFO - [2024-05-19T00:21:03.718+0000] {dagbag.py:545} INFO - Filling up the DagBag from /opt/airflow/dags/analysis_dag.py
[2024-05-19T00:21:03.739+0000] {processor.py:840} INFO - DAG(s) 'domain_url_analysis' retrieved from /opt/airflow/dags/analysis_dag.py
[2024-05-19T00:21:03.754+0000] {logging_mixin.py:188} INFO - [2024-05-19T00:21:03.754+0000] {dag.py:3096} INFO - Sync 1 DAGs
[2024-05-19T00:21:03.763+0000] {logging_mixin.py:188} INFO - [2024-05-19T00:21:03.763+0000] {dag.py:3954} INFO - Setting next_dagrun for domain_url_analysis to 2023-01-01 00:00:00+00:00, run_after=2023-01-02 00:00:00+00:00
[2024-05-19T00:21:03.770+0000] {processor.py:183} INFO - Processing /opt/airflow/dags/analysis_dag.py took 0.060 seconds
[2024-05-19T00:21:34.101+0000] {processor.py:161} INFO - Started process (PID=596) to work on /opt/airflow/dags/analysis_dag.py
[2024-05-19T00:21:34.102+0000] {processor.py:830} INFO - Processing file /opt/airflow/dags/analysis_dag.py for tasks to queue
[2024-05-19T00:21:34.104+0000] {logging_mixin.py:188} INFO - [2024-05-19T00:21:34.104+0000] {dagbag.py:545} INFO - Filling up the DagBag from /opt/airflow/dags/analysis_dag.py
[2024-05-19T00:21:34.128+0000] {processor.py:840} INFO - DAG(s) 'domain_url_analysis' retrieved from /opt/airflow/dags/analysis_dag.py
[2024-05-19T00:21:34.144+0000] {logging_mixin.py:188} INFO - [2024-05-19T00:21:34.144+0000] {dag.py:3096} INFO - Sync 1 DAGs
[2024-05-19T00:21:34.154+0000] {logging_mixin.py:188} INFO - [2024-05-19T00:21:34.154+0000] {dag.py:3954} INFO - Setting next_dagrun for domain_url_analysis to 2023-01-01 00:00:00+00:00, run_after=2023-01-02 00:00:00+00:00
[2024-05-19T00:21:34.161+0000] {processor.py:183} INFO - Processing /opt/airflow/dags/analysis_dag.py took 0.068 seconds
[2024-05-19T00:22:01.873+0000] {processor.py:161} INFO - Started process (PID=199) to work on /opt/airflow/dags/analysis_dag.py
[2024-05-19T00:22:01.874+0000] {processor.py:830} INFO - Processing file /opt/airflow/dags/analysis_dag.py for tasks to queue
[2024-05-19T00:22:01.875+0000] {logging_mixin.py:188} INFO - [2024-05-19T00:22:01.875+0000] {dagbag.py:545} INFO - Filling up the DagBag from /opt/airflow/dags/analysis_dag.py
[2024-05-19T00:22:01.890+0000] {processor.py:840} INFO - DAG(s) 'domain_url_analysis' retrieved from /opt/airflow/dags/analysis_dag.py
[2024-05-19T00:22:01.901+0000] {logging_mixin.py:188} INFO - [2024-05-19T00:22:01.901+0000] {dag.py:3096} INFO - Sync 1 DAGs
[2024-05-19T00:22:01.911+0000] {logging_mixin.py:188} INFO - [2024-05-19T00:22:01.910+0000] {dag.py:3954} INFO - Setting next_dagrun for domain_url_analysis to 2023-01-01 00:00:00+00:00, run_after=2023-01-02 00:00:00+00:00
[2024-05-19T00:22:01.919+0000] {processor.py:183} INFO - Processing /opt/airflow/dags/analysis_dag.py took 0.049 seconds
[2024-05-19T00:22:32.150+0000] {processor.py:161} INFO - Started process (PID=232) to work on /opt/airflow/dags/analysis_dag.py
[2024-05-19T00:22:32.151+0000] {processor.py:830} INFO - Processing file /opt/airflow/dags/analysis_dag.py for tasks to queue
[2024-05-19T00:22:32.153+0000] {logging_mixin.py:188} INFO - [2024-05-19T00:22:32.153+0000] {dagbag.py:545} INFO - Filling up the DagBag from /opt/airflow/dags/analysis_dag.py
[2024-05-19T00:22:32.177+0000] {processor.py:840} INFO - DAG(s) 'domain_url_analysis' retrieved from /opt/airflow/dags/analysis_dag.py
[2024-05-19T00:22:32.229+0000] {logging_mixin.py:188} INFO - [2024-05-19T00:22:32.229+0000] {dag.py:3096} INFO - Sync 1 DAGs
[2024-05-19T00:22:32.238+0000] {logging_mixin.py:188} INFO - [2024-05-19T00:22:32.238+0000] {dag.py:3954} INFO - Setting next_dagrun for domain_url_analysis to 2023-01-01 00:00:00+00:00, run_after=2023-01-02 00:00:00+00:00
[2024-05-19T00:22:32.247+0000] {processor.py:183} INFO - Processing /opt/airflow/dags/analysis_dag.py took 0.103 seconds
[2024-05-19T00:23:02.407+0000] {processor.py:161} INFO - Started process (PID=243) to work on /opt/airflow/dags/analysis_dag.py
[2024-05-19T00:23:02.408+0000] {processor.py:830} INFO - Processing file /opt/airflow/dags/analysis_dag.py for tasks to queue
[2024-05-19T00:23:02.409+0000] {logging_mixin.py:188} INFO - [2024-05-19T00:23:02.408+0000] {dagbag.py:545} INFO - Filling up the DagBag from /opt/airflow/dags/analysis_dag.py
[2024-05-19T00:23:02.431+0000] {processor.py:840} INFO - DAG(s) 'domain_url_analysis' retrieved from /opt/airflow/dags/analysis_dag.py
[2024-05-19T00:23:02.446+0000] {logging_mixin.py:188} INFO - [2024-05-19T00:23:02.445+0000] {dag.py:3096} INFO - Sync 1 DAGs
[2024-05-19T00:23:02.456+0000] {logging_mixin.py:188} INFO - [2024-05-19T00:23:02.456+0000] {dag.py:3954} INFO - Setting next_dagrun for domain_url_analysis to 2023-01-01 00:00:00+00:00, run_after=2023-01-02 00:00:00+00:00
[2024-05-19T00:23:02.463+0000] {processor.py:183} INFO - Processing /opt/airflow/dags/analysis_dag.py took 0.062 seconds
[2024-05-19T00:23:32.736+0000] {processor.py:161} INFO - Started process (PID=285) to work on /opt/airflow/dags/analysis_dag.py
[2024-05-19T00:23:32.738+0000] {processor.py:830} INFO - Processing file /opt/airflow/dags/analysis_dag.py for tasks to queue
[2024-05-19T00:23:32.740+0000] {logging_mixin.py:188} INFO - [2024-05-19T00:23:32.739+0000] {dagbag.py:545} INFO - Filling up the DagBag from /opt/airflow/dags/analysis_dag.py
[2024-05-19T00:23:32.760+0000] {processor.py:840} INFO - DAG(s) 'domain_url_analysis' retrieved from /opt/airflow/dags/analysis_dag.py
[2024-05-19T00:23:32.775+0000] {logging_mixin.py:188} INFO - [2024-05-19T00:23:32.774+0000] {dag.py:3096} INFO - Sync 1 DAGs
[2024-05-19T00:23:32.790+0000] {processor.py:183} INFO - Processing /opt/airflow/dags/analysis_dag.py took 0.061 seconds
[2024-05-19T00:24:03.090+0000] {processor.py:161} INFO - Started process (PID=295) to work on /opt/airflow/dags/analysis_dag.py
[2024-05-19T00:24:03.091+0000] {processor.py:830} INFO - Processing file /opt/airflow/dags/analysis_dag.py for tasks to queue
[2024-05-19T00:24:03.092+0000] {logging_mixin.py:188} INFO - [2024-05-19T00:24:03.092+0000] {dagbag.py:545} INFO - Filling up the DagBag from /opt/airflow/dags/analysis_dag.py
[2024-05-19T00:24:03.115+0000] {processor.py:840} INFO - DAG(s) 'domain_url_analysis' retrieved from /opt/airflow/dags/analysis_dag.py
[2024-05-19T00:24:03.129+0000] {logging_mixin.py:188} INFO - [2024-05-19T00:24:03.129+0000] {dag.py:3096} INFO - Sync 1 DAGs
[2024-05-19T00:24:03.144+0000] {processor.py:183} INFO - Processing /opt/airflow/dags/analysis_dag.py took 0.062 seconds
[2024-05-19T00:24:33.464+0000] {processor.py:161} INFO - Started process (PID=305) to work on /opt/airflow/dags/analysis_dag.py
[2024-05-19T00:24:33.465+0000] {processor.py:830} INFO - Processing file /opt/airflow/dags/analysis_dag.py for tasks to queue
[2024-05-19T00:24:33.466+0000] {logging_mixin.py:188} INFO - [2024-05-19T00:24:33.466+0000] {dagbag.py:545} INFO - Filling up the DagBag from /opt/airflow/dags/analysis_dag.py
[2024-05-19T00:24:33.485+0000] {processor.py:840} INFO - DAG(s) 'domain_url_analysis' retrieved from /opt/airflow/dags/analysis_dag.py
[2024-05-19T00:24:33.499+0000] {logging_mixin.py:188} INFO - [2024-05-19T00:24:33.499+0000] {dag.py:3096} INFO - Sync 1 DAGs
[2024-05-19T00:24:33.514+0000] {processor.py:183} INFO - Processing /opt/airflow/dags/analysis_dag.py took 0.056 seconds
[2024-05-19T00:25:03.836+0000] {processor.py:161} INFO - Started process (PID=315) to work on /opt/airflow/dags/analysis_dag.py
[2024-05-19T00:25:03.837+0000] {processor.py:830} INFO - Processing file /opt/airflow/dags/analysis_dag.py for tasks to queue
[2024-05-19T00:25:03.838+0000] {logging_mixin.py:188} INFO - [2024-05-19T00:25:03.838+0000] {dagbag.py:545} INFO - Filling up the DagBag from /opt/airflow/dags/analysis_dag.py
[2024-05-19T00:25:03.857+0000] {processor.py:840} INFO - DAG(s) 'domain_url_analysis' retrieved from /opt/airflow/dags/analysis_dag.py
[2024-05-19T00:25:03.870+0000] {logging_mixin.py:188} INFO - [2024-05-19T00:25:03.870+0000] {dag.py:3096} INFO - Sync 1 DAGs
[2024-05-19T00:25:03.885+0000] {processor.py:183} INFO - Processing /opt/airflow/dags/analysis_dag.py took 0.056 seconds
[2024-05-19T00:25:34.137+0000] {processor.py:161} INFO - Started process (PID=325) to work on /opt/airflow/dags/analysis_dag.py
[2024-05-19T00:25:34.139+0000] {processor.py:830} INFO - Processing file /opt/airflow/dags/analysis_dag.py for tasks to queue
[2024-05-19T00:25:34.140+0000] {logging_mixin.py:188} INFO - [2024-05-19T00:25:34.140+0000] {dagbag.py:545} INFO - Filling up the DagBag from /opt/airflow/dags/analysis_dag.py
[2024-05-19T00:25:34.160+0000] {processor.py:840} INFO - DAG(s) 'domain_url_analysis' retrieved from /opt/airflow/dags/analysis_dag.py
[2024-05-19T00:25:34.175+0000] {logging_mixin.py:188} INFO - [2024-05-19T00:25:34.175+0000] {dag.py:3096} INFO - Sync 1 DAGs
[2024-05-19T00:25:34.193+0000] {processor.py:183} INFO - Processing /opt/airflow/dags/analysis_dag.py took 0.062 seconds
[2024-05-19T00:26:04.415+0000] {processor.py:161} INFO - Started process (PID=335) to work on /opt/airflow/dags/analysis_dag.py
[2024-05-19T00:26:04.416+0000] {processor.py:830} INFO - Processing file /opt/airflow/dags/analysis_dag.py for tasks to queue
[2024-05-19T00:26:04.417+0000] {logging_mixin.py:188} INFO - [2024-05-19T00:26:04.417+0000] {dagbag.py:545} INFO - Filling up the DagBag from /opt/airflow/dags/analysis_dag.py
[2024-05-19T00:26:04.440+0000] {processor.py:840} INFO - DAG(s) 'domain_url_analysis' retrieved from /opt/airflow/dags/analysis_dag.py
[2024-05-19T00:26:04.455+0000] {logging_mixin.py:188} INFO - [2024-05-19T00:26:04.454+0000] {dag.py:3096} INFO - Sync 1 DAGs
[2024-05-19T00:26:04.470+0000] {processor.py:183} INFO - Processing /opt/airflow/dags/analysis_dag.py took 0.062 seconds
[2024-05-19T00:26:34.723+0000] {processor.py:161} INFO - Started process (PID=345) to work on /opt/airflow/dags/analysis_dag.py
[2024-05-19T00:26:34.724+0000] {processor.py:830} INFO - Processing file /opt/airflow/dags/analysis_dag.py for tasks to queue
[2024-05-19T00:26:34.726+0000] {logging_mixin.py:188} INFO - [2024-05-19T00:26:34.725+0000] {dagbag.py:545} INFO - Filling up the DagBag from /opt/airflow/dags/analysis_dag.py
[2024-05-19T00:26:34.748+0000] {processor.py:840} INFO - DAG(s) 'domain_url_analysis' retrieved from /opt/airflow/dags/analysis_dag.py
[2024-05-19T00:26:34.761+0000] {logging_mixin.py:188} INFO - [2024-05-19T00:26:34.761+0000] {dag.py:3096} INFO - Sync 1 DAGs
[2024-05-19T00:26:34.777+0000] {processor.py:183} INFO - Processing /opt/airflow/dags/analysis_dag.py took 0.060 seconds
[2024-05-19T00:27:05.042+0000] {processor.py:161} INFO - Started process (PID=355) to work on /opt/airflow/dags/analysis_dag.py
[2024-05-19T00:27:05.043+0000] {processor.py:830} INFO - Processing file /opt/airflow/dags/analysis_dag.py for tasks to queue
[2024-05-19T00:27:05.045+0000] {logging_mixin.py:188} INFO - [2024-05-19T00:27:05.045+0000] {dagbag.py:545} INFO - Filling up the DagBag from /opt/airflow/dags/analysis_dag.py
[2024-05-19T00:27:05.073+0000] {processor.py:840} INFO - DAG(s) 'domain_url_analysis' retrieved from /opt/airflow/dags/analysis_dag.py
[2024-05-19T00:27:05.093+0000] {logging_mixin.py:188} INFO - [2024-05-19T00:27:05.093+0000] {dag.py:3096} INFO - Sync 1 DAGs
[2024-05-19T00:27:05.115+0000] {processor.py:183} INFO - Processing /opt/airflow/dags/analysis_dag.py took 0.081 seconds
[2024-05-19T00:27:35.323+0000] {processor.py:161} INFO - Started process (PID=365) to work on /opt/airflow/dags/analysis_dag.py
[2024-05-19T00:27:35.324+0000] {processor.py:830} INFO - Processing file /opt/airflow/dags/analysis_dag.py for tasks to queue
[2024-05-19T00:27:35.325+0000] {logging_mixin.py:188} INFO - [2024-05-19T00:27:35.325+0000] {dagbag.py:545} INFO - Filling up the DagBag from /opt/airflow/dags/analysis_dag.py
[2024-05-19T00:27:35.346+0000] {processor.py:840} INFO - DAG(s) 'domain_url_analysis' retrieved from /opt/airflow/dags/analysis_dag.py
[2024-05-19T00:27:35.360+0000] {logging_mixin.py:188} INFO - [2024-05-19T00:27:35.360+0000] {dag.py:3096} INFO - Sync 1 DAGs
[2024-05-19T00:27:35.375+0000] {processor.py:183} INFO - Processing /opt/airflow/dags/analysis_dag.py took 0.057 seconds
[2024-05-19T00:28:05.671+0000] {processor.py:161} INFO - Started process (PID=375) to work on /opt/airflow/dags/analysis_dag.py
[2024-05-19T00:28:05.671+0000] {processor.py:830} INFO - Processing file /opt/airflow/dags/analysis_dag.py for tasks to queue
[2024-05-19T00:28:05.672+0000] {logging_mixin.py:188} INFO - [2024-05-19T00:28:05.672+0000] {dagbag.py:545} INFO - Filling up the DagBag from /opt/airflow/dags/analysis_dag.py
[2024-05-19T00:28:05.688+0000] {processor.py:840} INFO - DAG(s) 'domain_url_analysis' retrieved from /opt/airflow/dags/analysis_dag.py
[2024-05-19T00:28:05.703+0000] {logging_mixin.py:188} INFO - [2024-05-19T00:28:05.702+0000] {dag.py:3096} INFO - Sync 1 DAGs
[2024-05-19T00:28:05.720+0000] {processor.py:183} INFO - Processing /opt/airflow/dags/analysis_dag.py took 0.053 seconds
[2024-05-19T00:28:14.773+0000] {processor.py:161} INFO - Started process (PID=385) to work on /opt/airflow/dags/analysis_dag.py
[2024-05-19T00:28:14.774+0000] {processor.py:830} INFO - Processing file /opt/airflow/dags/analysis_dag.py for tasks to queue
[2024-05-19T00:28:14.775+0000] {logging_mixin.py:188} INFO - [2024-05-19T00:28:14.775+0000] {dagbag.py:545} INFO - Filling up the DagBag from /opt/airflow/dags/analysis_dag.py
[2024-05-19T00:28:14.797+0000] {processor.py:840} INFO - DAG(s) 'domain_url_analysis' retrieved from /opt/airflow/dags/analysis_dag.py
[2024-05-19T00:28:14.844+0000] {logging_mixin.py:188} INFO - [2024-05-19T00:28:14.844+0000] {dag.py:3096} INFO - Sync 1 DAGs
[2024-05-19T00:28:14.857+0000] {processor.py:183} INFO - Processing /opt/airflow/dags/analysis_dag.py took 0.089 seconds
[2024-05-19T00:31:31.607+0000] {processor.py:161} INFO - Started process (PID=198) to work on /opt/airflow/dags/analysis_dag.py
[2024-05-19T00:31:31.608+0000] {processor.py:830} INFO - Processing file /opt/airflow/dags/analysis_dag.py for tasks to queue
[2024-05-19T00:31:31.609+0000] {logging_mixin.py:188} INFO - [2024-05-19T00:31:31.609+0000] {dagbag.py:545} INFO - Filling up the DagBag from /opt/airflow/dags/analysis_dag.py
[2024-05-19T00:31:31.628+0000] {processor.py:840} INFO - DAG(s) 'domain_url_analysis' retrieved from /opt/airflow/dags/analysis_dag.py
[2024-05-19T00:31:31.642+0000] {logging_mixin.py:188} INFO - [2024-05-19T00:31:31.642+0000] {dag.py:3096} INFO - Sync 1 DAGs
[2024-05-19T00:31:31.664+0000] {processor.py:183} INFO - Processing /opt/airflow/dags/analysis_dag.py took 0.060 seconds
[2024-05-19T00:32:01.946+0000] {processor.py:161} INFO - Started process (PID=237) to work on /opt/airflow/dags/analysis_dag.py
[2024-05-19T00:32:01.948+0000] {processor.py:830} INFO - Processing file /opt/airflow/dags/analysis_dag.py for tasks to queue
[2024-05-19T00:32:01.950+0000] {logging_mixin.py:188} INFO - [2024-05-19T00:32:01.950+0000] {dagbag.py:545} INFO - Filling up the DagBag from /opt/airflow/dags/analysis_dag.py
[2024-05-19T00:32:01.976+0000] {processor.py:840} INFO - DAG(s) 'domain_url_analysis' retrieved from /opt/airflow/dags/analysis_dag.py
[2024-05-19T00:32:02.028+0000] {logging_mixin.py:188} INFO - [2024-05-19T00:32:02.028+0000] {dag.py:3096} INFO - Sync 1 DAGs
[2024-05-19T00:32:02.038+0000] {logging_mixin.py:188} INFO - [2024-05-19T00:32:02.037+0000] {dag.py:3954} INFO - Setting next_dagrun for domain_url_analysis to 2023-01-16 00:00:00+00:00, run_after=2023-01-16 01:00:00+00:00
[2024-05-19T00:32:02.045+0000] {processor.py:183} INFO - Processing /opt/airflow/dags/analysis_dag.py took 0.107 seconds
[2024-05-19T00:32:32.255+0000] {processor.py:161} INFO - Started process (PID=249) to work on /opt/airflow/dags/analysis_dag.py
[2024-05-19T00:32:32.256+0000] {processor.py:830} INFO - Processing file /opt/airflow/dags/analysis_dag.py for tasks to queue
[2024-05-19T00:32:32.258+0000] {logging_mixin.py:188} INFO - [2024-05-19T00:32:32.258+0000] {dagbag.py:545} INFO - Filling up the DagBag from /opt/airflow/dags/analysis_dag.py
[2024-05-19T00:32:32.282+0000] {processor.py:840} INFO - DAG(s) 'domain_url_analysis' retrieved from /opt/airflow/dags/analysis_dag.py
[2024-05-19T00:32:32.297+0000] {logging_mixin.py:188} INFO - [2024-05-19T00:32:32.297+0000] {dag.py:3096} INFO - Sync 1 DAGs
[2024-05-19T00:32:32.312+0000] {processor.py:183} INFO - Processing /opt/airflow/dags/analysis_dag.py took 0.065 seconds
[2024-05-19T00:33:02.619+0000] {processor.py:161} INFO - Started process (PID=259) to work on /opt/airflow/dags/analysis_dag.py
[2024-05-19T00:33:02.620+0000] {processor.py:830} INFO - Processing file /opt/airflow/dags/analysis_dag.py for tasks to queue
[2024-05-19T00:33:02.622+0000] {logging_mixin.py:188} INFO - [2024-05-19T00:33:02.621+0000] {dagbag.py:545} INFO - Filling up the DagBag from /opt/airflow/dags/analysis_dag.py
[2024-05-19T00:33:02.645+0000] {processor.py:840} INFO - DAG(s) 'domain_url_analysis' retrieved from /opt/airflow/dags/analysis_dag.py
[2024-05-19T00:33:02.659+0000] {logging_mixin.py:188} INFO - [2024-05-19T00:33:02.659+0000] {dag.py:3096} INFO - Sync 1 DAGs
[2024-05-19T00:33:02.675+0000] {processor.py:183} INFO - Processing /opt/airflow/dags/analysis_dag.py took 0.063 seconds
[2024-05-19T00:33:32.946+0000] {processor.py:161} INFO - Started process (PID=269) to work on /opt/airflow/dags/analysis_dag.py
[2024-05-19T00:33:32.947+0000] {processor.py:830} INFO - Processing file /opt/airflow/dags/analysis_dag.py for tasks to queue
[2024-05-19T00:33:32.948+0000] {logging_mixin.py:188} INFO - [2024-05-19T00:33:32.948+0000] {dagbag.py:545} INFO - Filling up the DagBag from /opt/airflow/dags/analysis_dag.py
[2024-05-19T00:33:32.968+0000] {processor.py:840} INFO - DAG(s) 'domain_url_analysis' retrieved from /opt/airflow/dags/analysis_dag.py
[2024-05-19T00:33:32.983+0000] {logging_mixin.py:188} INFO - [2024-05-19T00:33:32.983+0000] {dag.py:3096} INFO - Sync 1 DAGs
[2024-05-19T00:33:33.000+0000] {processor.py:183} INFO - Processing /opt/airflow/dags/analysis_dag.py took 0.065 seconds
[2024-05-19T00:34:03.307+0000] {processor.py:161} INFO - Started process (PID=279) to work on /opt/airflow/dags/analysis_dag.py
[2024-05-19T00:34:03.309+0000] {processor.py:830} INFO - Processing file /opt/airflow/dags/analysis_dag.py for tasks to queue
[2024-05-19T00:34:03.310+0000] {logging_mixin.py:188} INFO - [2024-05-19T00:34:03.310+0000] {dagbag.py:545} INFO - Filling up the DagBag from /opt/airflow/dags/analysis_dag.py
[2024-05-19T00:34:03.329+0000] {processor.py:840} INFO - DAG(s) 'domain_url_analysis' retrieved from /opt/airflow/dags/analysis_dag.py
[2024-05-19T00:34:03.343+0000] {logging_mixin.py:188} INFO - [2024-05-19T00:34:03.343+0000] {dag.py:3096} INFO - Sync 1 DAGs
[2024-05-19T00:34:03.359+0000] {processor.py:183} INFO - Processing /opt/airflow/dags/analysis_dag.py took 0.059 seconds
[2024-05-19T00:34:33.667+0000] {processor.py:161} INFO - Started process (PID=289) to work on /opt/airflow/dags/analysis_dag.py
[2024-05-19T00:34:33.668+0000] {processor.py:830} INFO - Processing file /opt/airflow/dags/analysis_dag.py for tasks to queue
[2024-05-19T00:34:33.670+0000] {logging_mixin.py:188} INFO - [2024-05-19T00:34:33.669+0000] {dagbag.py:545} INFO - Filling up the DagBag from /opt/airflow/dags/analysis_dag.py
[2024-05-19T00:34:33.689+0000] {processor.py:840} INFO - DAG(s) 'domain_url_analysis' retrieved from /opt/airflow/dags/analysis_dag.py
[2024-05-19T00:34:33.703+0000] {logging_mixin.py:188} INFO - [2024-05-19T00:34:33.703+0000] {dag.py:3096} INFO - Sync 1 DAGs
[2024-05-19T00:34:33.718+0000] {processor.py:183} INFO - Processing /opt/airflow/dags/analysis_dag.py took 0.059 seconds
[2024-05-19T00:35:04.010+0000] {processor.py:161} INFO - Started process (PID=299) to work on /opt/airflow/dags/analysis_dag.py
[2024-05-19T00:35:04.011+0000] {processor.py:830} INFO - Processing file /opt/airflow/dags/analysis_dag.py for tasks to queue
[2024-05-19T00:35:04.013+0000] {logging_mixin.py:188} INFO - [2024-05-19T00:35:04.013+0000] {dagbag.py:545} INFO - Filling up the DagBag from /opt/airflow/dags/analysis_dag.py
[2024-05-19T00:35:04.030+0000] {processor.py:840} INFO - DAG(s) 'domain_url_analysis' retrieved from /opt/airflow/dags/analysis_dag.py
[2024-05-19T00:35:04.044+0000] {logging_mixin.py:188} INFO - [2024-05-19T00:35:04.044+0000] {dag.py:3096} INFO - Sync 1 DAGs
[2024-05-19T00:35:04.059+0000] {processor.py:183} INFO - Processing /opt/airflow/dags/analysis_dag.py took 0.055 seconds
[2024-05-19T00:35:34.349+0000] {processor.py:161} INFO - Started process (PID=309) to work on /opt/airflow/dags/analysis_dag.py
[2024-05-19T00:35:34.350+0000] {processor.py:830} INFO - Processing file /opt/airflow/dags/analysis_dag.py for tasks to queue
[2024-05-19T00:35:34.352+0000] {logging_mixin.py:188} INFO - [2024-05-19T00:35:34.351+0000] {dagbag.py:545} INFO - Filling up the DagBag from /opt/airflow/dags/analysis_dag.py
[2024-05-19T00:35:34.376+0000] {processor.py:840} INFO - DAG(s) 'domain_url_analysis' retrieved from /opt/airflow/dags/analysis_dag.py
[2024-05-19T00:35:34.388+0000] {logging_mixin.py:188} INFO - [2024-05-19T00:35:34.388+0000] {dag.py:3096} INFO - Sync 1 DAGs
[2024-05-19T00:35:34.402+0000] {processor.py:183} INFO - Processing /opt/airflow/dags/analysis_dag.py took 0.061 seconds
