[2024-05-27T17:02:49.648+0000] {processor.py:161} INFO - Started process (PID=167) to work on /opt/airflow/dags/analysis_dag.py
[2024-05-27T17:02:49.650+0000] {processor.py:830} INFO - Processing file /opt/airflow/dags/analysis_dag.py for tasks to queue
[2024-05-27T17:02:49.652+0000] {logging_mixin.py:188} INFO - [2024-05-27T17:02:49.652+0000] {dagbag.py:545} INFO - Filling up the DagBag from /opt/airflow/dags/analysis_dag.py
[2024-05-27T17:02:49.686+0000] {processor.py:840} INFO - DAG(s) 'domain_analysis_full' retrieved from /opt/airflow/dags/analysis_dag.py
[2024-05-27T17:02:49.721+0000] {logging_mixin.py:188} INFO - [2024-05-27T17:02:49.720+0000] {dag.py:3096} INFO - Sync 1 DAGs
[2024-05-27T17:02:49.754+0000] {processor.py:183} INFO - Processing /opt/airflow/dags/analysis_dag.py took 0.109 seconds
[2024-05-27T17:03:20.305+0000] {processor.py:161} INFO - Started process (PID=182) to work on /opt/airflow/dags/analysis_dag.py
[2024-05-27T17:03:20.311+0000] {processor.py:830} INFO - Processing file /opt/airflow/dags/analysis_dag.py for tasks to queue
[2024-05-27T17:03:20.326+0000] {logging_mixin.py:188} INFO - [2024-05-27T17:03:20.321+0000] {dagbag.py:545} INFO - Filling up the DagBag from /opt/airflow/dags/analysis_dag.py
[2024-05-27T17:03:20.421+0000] {processor.py:840} INFO - DAG(s) 'domain_analysis_full' retrieved from /opt/airflow/dags/analysis_dag.py
[2024-05-27T17:03:20.991+0000] {logging_mixin.py:188} INFO - [2024-05-27T17:03:20.990+0000] {dag.py:3096} INFO - Sync 1 DAGs
[2024-05-27T17:03:21.116+0000] {processor.py:183} INFO - Processing /opt/airflow/dags/analysis_dag.py took 0.828 seconds
[2024-05-27T17:03:51.710+0000] {processor.py:161} INFO - Started process (PID=202) to work on /opt/airflow/dags/analysis_dag.py
[2024-05-27T17:03:51.711+0000] {processor.py:830} INFO - Processing file /opt/airflow/dags/analysis_dag.py for tasks to queue
[2024-05-27T17:03:51.714+0000] {logging_mixin.py:188} INFO - [2024-05-27T17:03:51.713+0000] {dagbag.py:545} INFO - Filling up the DagBag from /opt/airflow/dags/analysis_dag.py
[2024-05-27T17:03:51.776+0000] {processor.py:840} INFO - DAG(s) 'domain_analysis_full' retrieved from /opt/airflow/dags/analysis_dag.py
[2024-05-27T17:03:52.000+0000] {logging_mixin.py:188} INFO - [2024-05-27T17:03:52.000+0000] {dag.py:3096} INFO - Sync 1 DAGs
[2024-05-27T17:03:52.035+0000] {processor.py:183} INFO - Processing /opt/airflow/dags/analysis_dag.py took 0.331 seconds
[2024-05-27T17:04:22.303+0000] {processor.py:161} INFO - Started process (PID=217) to work on /opt/airflow/dags/analysis_dag.py
[2024-05-27T17:04:22.307+0000] {processor.py:830} INFO - Processing file /opt/airflow/dags/analysis_dag.py for tasks to queue
[2024-05-27T17:04:22.308+0000] {logging_mixin.py:188} INFO - [2024-05-27T17:04:22.308+0000] {dagbag.py:545} INFO - Filling up the DagBag from /opt/airflow/dags/analysis_dag.py
[2024-05-27T17:04:22.329+0000] {processor.py:840} INFO - DAG(s) 'domain_analysis_full' retrieved from /opt/airflow/dags/analysis_dag.py
[2024-05-27T17:04:22.417+0000] {logging_mixin.py:188} INFO - [2024-05-27T17:04:22.417+0000] {dag.py:3096} INFO - Sync 1 DAGs
[2024-05-27T17:04:22.439+0000] {processor.py:183} INFO - Processing /opt/airflow/dags/analysis_dag.py took 0.142 seconds
[2024-05-27T17:04:52.978+0000] {processor.py:161} INFO - Started process (PID=232) to work on /opt/airflow/dags/analysis_dag.py
[2024-05-27T17:04:52.979+0000] {processor.py:830} INFO - Processing file /opt/airflow/dags/analysis_dag.py for tasks to queue
[2024-05-27T17:04:52.980+0000] {logging_mixin.py:188} INFO - [2024-05-27T17:04:52.980+0000] {dagbag.py:545} INFO - Filling up the DagBag from /opt/airflow/dags/analysis_dag.py
[2024-05-27T17:04:53.012+0000] {processor.py:840} INFO - DAG(s) 'domain_analysis_full' retrieved from /opt/airflow/dags/analysis_dag.py
[2024-05-27T17:04:53.128+0000] {logging_mixin.py:188} INFO - [2024-05-27T17:04:53.128+0000] {dag.py:3096} INFO - Sync 1 DAGs
[2024-05-27T17:04:53.152+0000] {processor.py:183} INFO - Processing /opt/airflow/dags/analysis_dag.py took 0.181 seconds
[2024-05-27T17:05:23.502+0000] {processor.py:161} INFO - Started process (PID=247) to work on /opt/airflow/dags/analysis_dag.py
[2024-05-27T17:05:23.504+0000] {processor.py:830} INFO - Processing file /opt/airflow/dags/analysis_dag.py for tasks to queue
[2024-05-27T17:05:23.505+0000] {logging_mixin.py:188} INFO - [2024-05-27T17:05:23.505+0000] {dagbag.py:545} INFO - Filling up the DagBag from /opt/airflow/dags/analysis_dag.py
[2024-05-27T17:05:23.532+0000] {processor.py:840} INFO - DAG(s) 'domain_analysis_full' retrieved from /opt/airflow/dags/analysis_dag.py
[2024-05-27T17:05:23.630+0000] {logging_mixin.py:188} INFO - [2024-05-27T17:05:23.630+0000] {dag.py:3096} INFO - Sync 1 DAGs
[2024-05-27T17:05:23.651+0000] {processor.py:183} INFO - Processing /opt/airflow/dags/analysis_dag.py took 0.159 seconds
[2024-05-27T17:05:53.955+0000] {processor.py:161} INFO - Started process (PID=262) to work on /opt/airflow/dags/analysis_dag.py
[2024-05-27T17:05:53.957+0000] {processor.py:830} INFO - Processing file /opt/airflow/dags/analysis_dag.py for tasks to queue
[2024-05-27T17:05:53.959+0000] {logging_mixin.py:188} INFO - [2024-05-27T17:05:53.959+0000] {dagbag.py:545} INFO - Filling up the DagBag from /opt/airflow/dags/analysis_dag.py
[2024-05-27T17:05:53.980+0000] {processor.py:840} INFO - DAG(s) 'domain_analysis_full' retrieved from /opt/airflow/dags/analysis_dag.py
[2024-05-27T17:05:54.062+0000] {logging_mixin.py:188} INFO - [2024-05-27T17:05:54.062+0000] {dag.py:3096} INFO - Sync 1 DAGs
[2024-05-27T17:05:54.071+0000] {logging_mixin.py:188} INFO - [2024-05-27T17:05:54.071+0000] {dag.py:3118} INFO - Creating ORM DAG for domain_analysis_full
[2024-05-27T17:05:54.082+0000] {logging_mixin.py:188} INFO - [2024-05-27T17:05:54.081+0000] {dag.py:3954} INFO - Setting next_dagrun for domain_analysis_full to 2024-05-27 18:00:00+00:00, run_after=2024-05-27 19:00:00+00:00
[2024-05-27T17:05:54.092+0000] {processor.py:183} INFO - Processing /opt/airflow/dags/analysis_dag.py took 0.143 seconds
[2024-05-27T17:07:36.021+0000] {processor.py:161} INFO - Started process (PID=167) to work on /opt/airflow/dags/analysis_dag.py
[2024-05-27T17:07:36.026+0000] {processor.py:830} INFO - Processing file /opt/airflow/dags/analysis_dag.py for tasks to queue
[2024-05-27T17:07:36.029+0000] {logging_mixin.py:188} INFO - [2024-05-27T17:07:36.028+0000] {dagbag.py:545} INFO - Filling up the DagBag from /opt/airflow/dags/analysis_dag.py
[2024-05-27T17:07:36.069+0000] {processor.py:840} INFO - DAG(s) 'domain_analysis_full' retrieved from /opt/airflow/dags/analysis_dag.py
[2024-05-27T17:07:36.109+0000] {logging_mixin.py:188} INFO - [2024-05-27T17:07:36.108+0000] {dag.py:3096} INFO - Sync 1 DAGs
[2024-05-27T17:07:36.147+0000] {logging_mixin.py:188} INFO - [2024-05-27T17:07:36.147+0000] {dag.py:3954} INFO - Setting next_dagrun for domain_analysis_full to 2024-05-27 18:00:00+00:00, run_after=2024-05-27 19:00:00+00:00
[2024-05-27T17:07:36.167+0000] {processor.py:183} INFO - Processing /opt/airflow/dags/analysis_dag.py took 0.154 seconds
[2024-05-27T17:08:06.763+0000] {processor.py:161} INFO - Started process (PID=182) to work on /opt/airflow/dags/analysis_dag.py
[2024-05-27T17:08:06.766+0000] {processor.py:830} INFO - Processing file /opt/airflow/dags/analysis_dag.py for tasks to queue
[2024-05-27T17:08:06.777+0000] {logging_mixin.py:188} INFO - [2024-05-27T17:08:06.774+0000] {dagbag.py:545} INFO - Filling up the DagBag from /opt/airflow/dags/analysis_dag.py
[2024-05-27T17:08:06.841+0000] {processor.py:840} INFO - DAG(s) 'domain_analysis_full' retrieved from /opt/airflow/dags/analysis_dag.py
[2024-05-27T17:08:07.269+0000] {logging_mixin.py:188} INFO - [2024-05-27T17:08:07.268+0000] {dag.py:3096} INFO - Sync 1 DAGs
[2024-05-27T17:08:07.295+0000] {logging_mixin.py:188} INFO - [2024-05-27T17:08:07.295+0000] {dag.py:3954} INFO - Setting next_dagrun for domain_analysis_full to 2024-05-27 18:00:00+00:00, run_after=2024-05-27 19:00:00+00:00
[2024-05-27T17:08:07.321+0000] {processor.py:183} INFO - Processing /opt/airflow/dags/analysis_dag.py took 0.577 seconds
[2024-05-27T17:08:37.895+0000] {processor.py:161} INFO - Started process (PID=197) to work on /opt/airflow/dags/analysis_dag.py
[2024-05-27T17:08:37.897+0000] {processor.py:830} INFO - Processing file /opt/airflow/dags/analysis_dag.py for tasks to queue
[2024-05-27T17:08:37.900+0000] {logging_mixin.py:188} INFO - [2024-05-27T17:08:37.899+0000] {dagbag.py:545} INFO - Filling up the DagBag from /opt/airflow/dags/analysis_dag.py
[2024-05-27T17:08:37.948+0000] {processor.py:840} INFO - DAG(s) 'domain_analysis_full' retrieved from /opt/airflow/dags/analysis_dag.py
[2024-05-27T17:08:38.130+0000] {logging_mixin.py:188} INFO - [2024-05-27T17:08:38.130+0000] {dag.py:3096} INFO - Sync 1 DAGs
[2024-05-27T17:08:38.145+0000] {logging_mixin.py:188} INFO - [2024-05-27T17:08:38.145+0000] {dag.py:3954} INFO - Setting next_dagrun for domain_analysis_full to 2024-05-27 18:00:00+00:00, run_after=2024-05-27 19:00:00+00:00
[2024-05-27T17:08:38.155+0000] {processor.py:183} INFO - Processing /opt/airflow/dags/analysis_dag.py took 0.287 seconds
[2024-05-27T17:09:08.385+0000] {processor.py:161} INFO - Started process (PID=212) to work on /opt/airflow/dags/analysis_dag.py
[2024-05-27T17:09:08.386+0000] {processor.py:830} INFO - Processing file /opt/airflow/dags/analysis_dag.py for tasks to queue
[2024-05-27T17:09:08.388+0000] {logging_mixin.py:188} INFO - [2024-05-27T17:09:08.388+0000] {dagbag.py:545} INFO - Filling up the DagBag from /opt/airflow/dags/analysis_dag.py
[2024-05-27T17:09:08.409+0000] {processor.py:840} INFO - DAG(s) 'domain_analysis_full' retrieved from /opt/airflow/dags/analysis_dag.py
[2024-05-27T17:09:08.502+0000] {logging_mixin.py:188} INFO - [2024-05-27T17:09:08.501+0000] {dag.py:3096} INFO - Sync 1 DAGs
[2024-05-27T17:09:08.524+0000] {logging_mixin.py:188} INFO - [2024-05-27T17:09:08.524+0000] {dag.py:3954} INFO - Setting next_dagrun for domain_analysis_full to 2024-05-27 18:00:00+00:00, run_after=2024-05-27 19:00:00+00:00
[2024-05-27T17:09:08.535+0000] {processor.py:183} INFO - Processing /opt/airflow/dags/analysis_dag.py took 0.156 seconds
[2024-05-27T17:09:38.840+0000] {processor.py:161} INFO - Started process (PID=227) to work on /opt/airflow/dags/analysis_dag.py
[2024-05-27T17:09:38.842+0000] {processor.py:830} INFO - Processing file /opt/airflow/dags/analysis_dag.py for tasks to queue
[2024-05-27T17:09:38.845+0000] {logging_mixin.py:188} INFO - [2024-05-27T17:09:38.845+0000] {dagbag.py:545} INFO - Filling up the DagBag from /opt/airflow/dags/analysis_dag.py
[2024-05-27T17:09:38.880+0000] {processor.py:840} INFO - DAG(s) 'domain_analysis_full' retrieved from /opt/airflow/dags/analysis_dag.py
[2024-05-27T17:09:39.004+0000] {logging_mixin.py:188} INFO - [2024-05-27T17:09:39.004+0000] {dag.py:3096} INFO - Sync 1 DAGs
[2024-05-27T17:09:39.022+0000] {logging_mixin.py:188} INFO - [2024-05-27T17:09:39.022+0000] {dag.py:3954} INFO - Setting next_dagrun for domain_analysis_full to 2024-05-27 18:00:00+00:00, run_after=2024-05-27 19:00:00+00:00
[2024-05-27T17:09:39.035+0000] {processor.py:183} INFO - Processing /opt/airflow/dags/analysis_dag.py took 0.206 seconds
[2024-05-27T17:10:09.327+0000] {processor.py:161} INFO - Started process (PID=246) to work on /opt/airflow/dags/analysis_dag.py
[2024-05-27T17:10:09.328+0000] {processor.py:830} INFO - Processing file /opt/airflow/dags/analysis_dag.py for tasks to queue
[2024-05-27T17:10:09.331+0000] {logging_mixin.py:188} INFO - [2024-05-27T17:10:09.331+0000] {dagbag.py:545} INFO - Filling up the DagBag from /opt/airflow/dags/analysis_dag.py
[2024-05-27T17:10:09.351+0000] {processor.py:840} INFO - DAG(s) 'domain_analysis_full' retrieved from /opt/airflow/dags/analysis_dag.py
[2024-05-27T17:10:09.431+0000] {logging_mixin.py:188} INFO - [2024-05-27T17:10:09.431+0000] {dag.py:3096} INFO - Sync 1 DAGs
[2024-05-27T17:10:09.445+0000] {logging_mixin.py:188} INFO - [2024-05-27T17:10:09.445+0000] {dag.py:3954} INFO - Setting next_dagrun for domain_analysis_full to 2024-05-27 18:00:00+00:00, run_after=2024-05-27 19:00:00+00:00
[2024-05-27T17:10:09.456+0000] {processor.py:183} INFO - Processing /opt/airflow/dags/analysis_dag.py took 0.139 seconds
[2024-05-27T17:10:39.718+0000] {processor.py:161} INFO - Started process (PID=289) to work on /opt/airflow/dags/analysis_dag.py
[2024-05-27T17:10:39.720+0000] {processor.py:830} INFO - Processing file /opt/airflow/dags/analysis_dag.py for tasks to queue
[2024-05-27T17:10:39.721+0000] {logging_mixin.py:188} INFO - [2024-05-27T17:10:39.721+0000] {dagbag.py:545} INFO - Filling up the DagBag from /opt/airflow/dags/analysis_dag.py
[2024-05-27T17:10:39.737+0000] {processor.py:840} INFO - DAG(s) 'domain_analysis_full' retrieved from /opt/airflow/dags/analysis_dag.py
[2024-05-27T17:10:39.798+0000] {logging_mixin.py:188} INFO - [2024-05-27T17:10:39.798+0000] {dag.py:3096} INFO - Sync 1 DAGs
[2024-05-27T17:10:39.809+0000] {logging_mixin.py:188} INFO - [2024-05-27T17:10:39.808+0000] {dag.py:3954} INFO - Setting next_dagrun for domain_analysis_full to 2024-05-27 18:00:00+00:00, run_after=2024-05-27 19:00:00+00:00
[2024-05-27T17:10:39.817+0000] {processor.py:183} INFO - Processing /opt/airflow/dags/analysis_dag.py took 0.109 seconds
[2024-05-27T17:11:10.122+0000] {processor.py:161} INFO - Started process (PID=304) to work on /opt/airflow/dags/analysis_dag.py
[2024-05-27T17:11:10.123+0000] {processor.py:830} INFO - Processing file /opt/airflow/dags/analysis_dag.py for tasks to queue
[2024-05-27T17:11:10.125+0000] {logging_mixin.py:188} INFO - [2024-05-27T17:11:10.125+0000] {dagbag.py:545} INFO - Filling up the DagBag from /opt/airflow/dags/analysis_dag.py
[2024-05-27T17:11:10.140+0000] {processor.py:840} INFO - DAG(s) 'domain_analysis_full' retrieved from /opt/airflow/dags/analysis_dag.py
[2024-05-27T17:11:10.196+0000] {logging_mixin.py:188} INFO - [2024-05-27T17:11:10.196+0000] {dag.py:3096} INFO - Sync 1 DAGs
[2024-05-27T17:11:10.207+0000] {logging_mixin.py:188} INFO - [2024-05-27T17:11:10.207+0000] {dag.py:3954} INFO - Setting next_dagrun for domain_analysis_full to 2024-05-27 18:00:00+00:00, run_after=2024-05-27 19:00:00+00:00
[2024-05-27T17:11:10.216+0000] {processor.py:183} INFO - Processing /opt/airflow/dags/analysis_dag.py took 0.100 seconds
[2024-05-27T17:11:40.523+0000] {processor.py:161} INFO - Started process (PID=319) to work on /opt/airflow/dags/analysis_dag.py
[2024-05-27T17:11:40.524+0000] {processor.py:830} INFO - Processing file /opt/airflow/dags/analysis_dag.py for tasks to queue
[2024-05-27T17:11:40.526+0000] {logging_mixin.py:188} INFO - [2024-05-27T17:11:40.526+0000] {dagbag.py:545} INFO - Filling up the DagBag from /opt/airflow/dags/analysis_dag.py
[2024-05-27T17:11:40.538+0000] {processor.py:840} INFO - DAG(s) 'domain_analysis_full' retrieved from /opt/airflow/dags/analysis_dag.py
[2024-05-27T17:11:40.593+0000] {logging_mixin.py:188} INFO - [2024-05-27T17:11:40.593+0000] {dag.py:3096} INFO - Sync 1 DAGs
[2024-05-27T17:11:40.602+0000] {logging_mixin.py:188} INFO - [2024-05-27T17:11:40.602+0000] {dag.py:3954} INFO - Setting next_dagrun for domain_analysis_full to 2024-05-27 18:00:00+00:00, run_after=2024-05-27 19:00:00+00:00
[2024-05-27T17:11:40.611+0000] {processor.py:183} INFO - Processing /opt/airflow/dags/analysis_dag.py took 0.093 seconds
[2024-05-27T17:12:10.909+0000] {processor.py:161} INFO - Started process (PID=334) to work on /opt/airflow/dags/analysis_dag.py
[2024-05-27T17:12:10.910+0000] {processor.py:830} INFO - Processing file /opt/airflow/dags/analysis_dag.py for tasks to queue
[2024-05-27T17:12:10.912+0000] {logging_mixin.py:188} INFO - [2024-05-27T17:12:10.912+0000] {dagbag.py:545} INFO - Filling up the DagBag from /opt/airflow/dags/analysis_dag.py
[2024-05-27T17:12:10.923+0000] {processor.py:840} INFO - DAG(s) 'domain_analysis_full' retrieved from /opt/airflow/dags/analysis_dag.py
[2024-05-27T17:12:10.988+0000] {logging_mixin.py:188} INFO - [2024-05-27T17:12:10.988+0000] {dag.py:3096} INFO - Sync 1 DAGs
[2024-05-27T17:12:11.002+0000] {logging_mixin.py:188} INFO - [2024-05-27T17:12:11.001+0000] {dag.py:3954} INFO - Setting next_dagrun for domain_analysis_full to 2024-05-27 18:00:00+00:00, run_after=2024-05-27 19:00:00+00:00
[2024-05-27T17:12:11.013+0000] {processor.py:183} INFO - Processing /opt/airflow/dags/analysis_dag.py took 0.110 seconds
[2024-05-27T17:12:41.364+0000] {processor.py:161} INFO - Started process (PID=349) to work on /opt/airflow/dags/analysis_dag.py
[2024-05-27T17:12:41.366+0000] {processor.py:830} INFO - Processing file /opt/airflow/dags/analysis_dag.py for tasks to queue
[2024-05-27T17:12:41.368+0000] {logging_mixin.py:188} INFO - [2024-05-27T17:12:41.368+0000] {dagbag.py:545} INFO - Filling up the DagBag from /opt/airflow/dags/analysis_dag.py
[2024-05-27T17:12:41.387+0000] {processor.py:840} INFO - DAG(s) 'domain_analysis_full' retrieved from /opt/airflow/dags/analysis_dag.py
[2024-05-27T17:12:41.464+0000] {logging_mixin.py:188} INFO - [2024-05-27T17:12:41.464+0000] {dag.py:3096} INFO - Sync 1 DAGs
[2024-05-27T17:12:41.487+0000] {logging_mixin.py:188} INFO - [2024-05-27T17:12:41.486+0000] {dag.py:3954} INFO - Setting next_dagrun for domain_analysis_full to 2024-05-27 18:00:00+00:00, run_after=2024-05-27 19:00:00+00:00
[2024-05-27T17:12:41.495+0000] {processor.py:183} INFO - Processing /opt/airflow/dags/analysis_dag.py took 0.138 seconds
[2024-05-27T17:13:11.809+0000] {processor.py:161} INFO - Started process (PID=364) to work on /opt/airflow/dags/analysis_dag.py
[2024-05-27T17:13:11.810+0000] {processor.py:830} INFO - Processing file /opt/airflow/dags/analysis_dag.py for tasks to queue
[2024-05-27T17:13:11.812+0000] {logging_mixin.py:188} INFO - [2024-05-27T17:13:11.811+0000] {dagbag.py:545} INFO - Filling up the DagBag from /opt/airflow/dags/analysis_dag.py
[2024-05-27T17:13:11.828+0000] {processor.py:840} INFO - DAG(s) 'domain_analysis_full' retrieved from /opt/airflow/dags/analysis_dag.py
[2024-05-27T17:13:11.899+0000] {logging_mixin.py:188} INFO - [2024-05-27T17:13:11.899+0000] {dag.py:3096} INFO - Sync 1 DAGs
[2024-05-27T17:13:11.910+0000] {logging_mixin.py:188} INFO - [2024-05-27T17:13:11.910+0000] {dag.py:3954} INFO - Setting next_dagrun for domain_analysis_full to 2024-05-27 18:00:00+00:00, run_after=2024-05-27 19:00:00+00:00
[2024-05-27T17:13:11.918+0000] {processor.py:183} INFO - Processing /opt/airflow/dags/analysis_dag.py took 0.119 seconds
[2024-05-27T17:13:42.242+0000] {processor.py:161} INFO - Started process (PID=379) to work on /opt/airflow/dags/analysis_dag.py
[2024-05-27T17:13:42.243+0000] {processor.py:830} INFO - Processing file /opt/airflow/dags/analysis_dag.py for tasks to queue
[2024-05-27T17:13:42.245+0000] {logging_mixin.py:188} INFO - [2024-05-27T17:13:42.244+0000] {dagbag.py:545} INFO - Filling up the DagBag from /opt/airflow/dags/analysis_dag.py
[2024-05-27T17:13:42.261+0000] {processor.py:840} INFO - DAG(s) 'domain_analysis_full' retrieved from /opt/airflow/dags/analysis_dag.py
[2024-05-27T17:13:42.323+0000] {logging_mixin.py:188} INFO - [2024-05-27T17:13:42.323+0000] {dag.py:3096} INFO - Sync 1 DAGs
[2024-05-27T17:13:42.334+0000] {logging_mixin.py:188} INFO - [2024-05-27T17:13:42.334+0000] {dag.py:3954} INFO - Setting next_dagrun for domain_analysis_full to 2024-05-27 18:00:00+00:00, run_after=2024-05-27 19:00:00+00:00
[2024-05-27T17:13:42.345+0000] {processor.py:183} INFO - Processing /opt/airflow/dags/analysis_dag.py took 0.112 seconds
[2024-05-27T17:14:12.690+0000] {processor.py:161} INFO - Started process (PID=394) to work on /opt/airflow/dags/analysis_dag.py
[2024-05-27T17:14:12.692+0000] {processor.py:830} INFO - Processing file /opt/airflow/dags/analysis_dag.py for tasks to queue
[2024-05-27T17:14:12.695+0000] {logging_mixin.py:188} INFO - [2024-05-27T17:14:12.694+0000] {dagbag.py:545} INFO - Filling up the DagBag from /opt/airflow/dags/analysis_dag.py
[2024-05-27T17:14:12.711+0000] {processor.py:840} INFO - DAG(s) 'domain_analysis_full' retrieved from /opt/airflow/dags/analysis_dag.py
[2024-05-27T17:14:12.784+0000] {logging_mixin.py:188} INFO - [2024-05-27T17:14:12.784+0000] {dag.py:3096} INFO - Sync 1 DAGs
[2024-05-27T17:14:12.797+0000] {logging_mixin.py:188} INFO - [2024-05-27T17:14:12.797+0000] {dag.py:3954} INFO - Setting next_dagrun for domain_analysis_full to 2024-05-27 18:00:00+00:00, run_after=2024-05-27 19:00:00+00:00
[2024-05-27T17:14:12.808+0000] {processor.py:183} INFO - Processing /opt/airflow/dags/analysis_dag.py took 0.131 seconds
[2024-05-27T17:14:43.238+0000] {processor.py:161} INFO - Started process (PID=409) to work on /opt/airflow/dags/analysis_dag.py
[2024-05-27T17:14:43.239+0000] {processor.py:830} INFO - Processing file /opt/airflow/dags/analysis_dag.py for tasks to queue
[2024-05-27T17:14:43.241+0000] {logging_mixin.py:188} INFO - [2024-05-27T17:14:43.241+0000] {dagbag.py:545} INFO - Filling up the DagBag from /opt/airflow/dags/analysis_dag.py
[2024-05-27T17:14:43.259+0000] {processor.py:840} INFO - DAG(s) 'domain_analysis_full' retrieved from /opt/airflow/dags/analysis_dag.py
[2024-05-27T17:14:43.338+0000] {logging_mixin.py:188} INFO - [2024-05-27T17:14:43.338+0000] {dag.py:3096} INFO - Sync 1 DAGs
[2024-05-27T17:14:43.361+0000] {logging_mixin.py:188} INFO - [2024-05-27T17:14:43.360+0000] {dag.py:3954} INFO - Setting next_dagrun for domain_analysis_full to 2024-05-27 18:00:00+00:00, run_after=2024-05-27 19:00:00+00:00
[2024-05-27T17:14:43.369+0000] {processor.py:183} INFO - Processing /opt/airflow/dags/analysis_dag.py took 0.139 seconds
[2024-05-27T17:15:13.720+0000] {processor.py:161} INFO - Started process (PID=424) to work on /opt/airflow/dags/analysis_dag.py
[2024-05-27T17:15:13.721+0000] {processor.py:830} INFO - Processing file /opt/airflow/dags/analysis_dag.py for tasks to queue
[2024-05-27T17:15:13.723+0000] {logging_mixin.py:188} INFO - [2024-05-27T17:15:13.723+0000] {dagbag.py:545} INFO - Filling up the DagBag from /opt/airflow/dags/analysis_dag.py
[2024-05-27T17:15:13.736+0000] {processor.py:840} INFO - DAG(s) 'domain_analysis_full' retrieved from /opt/airflow/dags/analysis_dag.py
[2024-05-27T17:15:13.791+0000] {logging_mixin.py:188} INFO - [2024-05-27T17:15:13.791+0000] {dag.py:3096} INFO - Sync 1 DAGs
[2024-05-27T17:15:13.801+0000] {logging_mixin.py:188} INFO - [2024-05-27T17:15:13.801+0000] {dag.py:3954} INFO - Setting next_dagrun for domain_analysis_full to 2024-05-27 18:00:00+00:00, run_after=2024-05-27 19:00:00+00:00
[2024-05-27T17:15:13.810+0000] {processor.py:183} INFO - Processing /opt/airflow/dags/analysis_dag.py took 0.099 seconds
[2024-05-27T17:15:44.166+0000] {processor.py:161} INFO - Started process (PID=439) to work on /opt/airflow/dags/analysis_dag.py
[2024-05-27T17:15:44.167+0000] {processor.py:830} INFO - Processing file /opt/airflow/dags/analysis_dag.py for tasks to queue
[2024-05-27T17:15:44.169+0000] {logging_mixin.py:188} INFO - [2024-05-27T17:15:44.169+0000] {dagbag.py:545} INFO - Filling up the DagBag from /opt/airflow/dags/analysis_dag.py
[2024-05-27T17:15:44.181+0000] {processor.py:840} INFO - DAG(s) 'domain_analysis_full' retrieved from /opt/airflow/dags/analysis_dag.py
[2024-05-27T17:15:44.247+0000] {logging_mixin.py:188} INFO - [2024-05-27T17:15:44.247+0000] {dag.py:3096} INFO - Sync 1 DAGs
[2024-05-27T17:15:44.258+0000] {logging_mixin.py:188} INFO - [2024-05-27T17:15:44.258+0000] {dag.py:3954} INFO - Setting next_dagrun for domain_analysis_full to 2024-05-27 18:00:00+00:00, run_after=2024-05-27 19:00:00+00:00
[2024-05-27T17:15:44.269+0000] {processor.py:183} INFO - Processing /opt/airflow/dags/analysis_dag.py took 0.112 seconds
[2024-05-27T17:16:14.694+0000] {processor.py:161} INFO - Started process (PID=454) to work on /opt/airflow/dags/analysis_dag.py
[2024-05-27T17:16:14.695+0000] {processor.py:830} INFO - Processing file /opt/airflow/dags/analysis_dag.py for tasks to queue
[2024-05-27T17:16:14.697+0000] {logging_mixin.py:188} INFO - [2024-05-27T17:16:14.697+0000] {dagbag.py:545} INFO - Filling up the DagBag from /opt/airflow/dags/analysis_dag.py
[2024-05-27T17:16:14.715+0000] {processor.py:840} INFO - DAG(s) 'domain_analysis_full' retrieved from /opt/airflow/dags/analysis_dag.py
[2024-05-27T17:16:14.785+0000] {logging_mixin.py:188} INFO - [2024-05-27T17:16:14.785+0000] {dag.py:3096} INFO - Sync 1 DAGs
[2024-05-27T17:16:14.800+0000] {logging_mixin.py:188} INFO - [2024-05-27T17:16:14.800+0000] {dag.py:3954} INFO - Setting next_dagrun for domain_analysis_full to 2024-05-27 18:00:00+00:00, run_after=2024-05-27 19:00:00+00:00
[2024-05-27T17:16:14.812+0000] {processor.py:183} INFO - Processing /opt/airflow/dags/analysis_dag.py took 0.128 seconds
[2024-05-27T17:16:45.186+0000] {processor.py:161} INFO - Started process (PID=469) to work on /opt/airflow/dags/analysis_dag.py
[2024-05-27T17:16:45.187+0000] {processor.py:830} INFO - Processing file /opt/airflow/dags/analysis_dag.py for tasks to queue
[2024-05-27T17:16:45.189+0000] {logging_mixin.py:188} INFO - [2024-05-27T17:16:45.189+0000] {dagbag.py:545} INFO - Filling up the DagBag from /opt/airflow/dags/analysis_dag.py
[2024-05-27T17:16:45.204+0000] {processor.py:840} INFO - DAG(s) 'domain_analysis_full' retrieved from /opt/airflow/dags/analysis_dag.py
[2024-05-27T17:16:45.266+0000] {logging_mixin.py:188} INFO - [2024-05-27T17:16:45.266+0000] {dag.py:3096} INFO - Sync 1 DAGs
[2024-05-27T17:16:45.277+0000] {logging_mixin.py:188} INFO - [2024-05-27T17:16:45.276+0000] {dag.py:3954} INFO - Setting next_dagrun for domain_analysis_full to 2024-05-27 18:00:00+00:00, run_after=2024-05-27 19:00:00+00:00
[2024-05-27T17:16:45.286+0000] {processor.py:183} INFO - Processing /opt/airflow/dags/analysis_dag.py took 0.107 seconds
[2024-05-27T17:17:15.665+0000] {processor.py:161} INFO - Started process (PID=484) to work on /opt/airflow/dags/analysis_dag.py
[2024-05-27T17:17:15.666+0000] {processor.py:830} INFO - Processing file /opt/airflow/dags/analysis_dag.py for tasks to queue
[2024-05-27T17:17:15.668+0000] {logging_mixin.py:188} INFO - [2024-05-27T17:17:15.668+0000] {dagbag.py:545} INFO - Filling up the DagBag from /opt/airflow/dags/analysis_dag.py
[2024-05-27T17:17:15.682+0000] {processor.py:840} INFO - DAG(s) 'domain_analysis_full' retrieved from /opt/airflow/dags/analysis_dag.py
[2024-05-27T17:17:15.738+0000] {logging_mixin.py:188} INFO - [2024-05-27T17:17:15.738+0000] {dag.py:3096} INFO - Sync 1 DAGs
[2024-05-27T17:17:15.749+0000] {logging_mixin.py:188} INFO - [2024-05-27T17:17:15.748+0000] {dag.py:3954} INFO - Setting next_dagrun for domain_analysis_full to 2024-05-27 18:00:00+00:00, run_after=2024-05-27 19:00:00+00:00
[2024-05-27T17:17:15.757+0000] {processor.py:183} INFO - Processing /opt/airflow/dags/analysis_dag.py took 0.100 seconds
[2024-05-27T17:17:46.149+0000] {processor.py:161} INFO - Started process (PID=499) to work on /opt/airflow/dags/analysis_dag.py
[2024-05-27T17:17:46.150+0000] {processor.py:830} INFO - Processing file /opt/airflow/dags/analysis_dag.py for tasks to queue
[2024-05-27T17:17:46.151+0000] {logging_mixin.py:188} INFO - [2024-05-27T17:17:46.151+0000] {dagbag.py:545} INFO - Filling up the DagBag from /opt/airflow/dags/analysis_dag.py
[2024-05-27T17:17:46.162+0000] {processor.py:840} INFO - DAG(s) 'domain_analysis_full' retrieved from /opt/airflow/dags/analysis_dag.py
[2024-05-27T17:17:46.215+0000] {logging_mixin.py:188} INFO - [2024-05-27T17:17:46.214+0000] {dag.py:3096} INFO - Sync 1 DAGs
[2024-05-27T17:17:46.224+0000] {logging_mixin.py:188} INFO - [2024-05-27T17:17:46.224+0000] {dag.py:3954} INFO - Setting next_dagrun for domain_analysis_full to 2024-05-27 18:00:00+00:00, run_after=2024-05-27 19:00:00+00:00
[2024-05-27T17:17:46.233+0000] {processor.py:183} INFO - Processing /opt/airflow/dags/analysis_dag.py took 0.090 seconds
[2024-05-27T17:18:16.592+0000] {processor.py:161} INFO - Started process (PID=514) to work on /opt/airflow/dags/analysis_dag.py
[2024-05-27T17:18:16.593+0000] {processor.py:830} INFO - Processing file /opt/airflow/dags/analysis_dag.py for tasks to queue
[2024-05-27T17:18:16.594+0000] {logging_mixin.py:188} INFO - [2024-05-27T17:18:16.594+0000] {dagbag.py:545} INFO - Filling up the DagBag from /opt/airflow/dags/analysis_dag.py
[2024-05-27T17:18:16.609+0000] {processor.py:840} INFO - DAG(s) 'domain_analysis_full' retrieved from /opt/airflow/dags/analysis_dag.py
[2024-05-27T17:18:16.679+0000] {logging_mixin.py:188} INFO - [2024-05-27T17:18:16.679+0000] {dag.py:3096} INFO - Sync 1 DAGs
[2024-05-27T17:18:16.692+0000] {logging_mixin.py:188} INFO - [2024-05-27T17:18:16.692+0000] {dag.py:3954} INFO - Setting next_dagrun for domain_analysis_full to 2024-05-27 18:00:00+00:00, run_after=2024-05-27 19:00:00+00:00
[2024-05-27T17:18:16.702+0000] {processor.py:183} INFO - Processing /opt/airflow/dags/analysis_dag.py took 0.118 seconds
[2024-05-27T17:18:47.085+0000] {processor.py:161} INFO - Started process (PID=529) to work on /opt/airflow/dags/analysis_dag.py
[2024-05-27T17:18:47.086+0000] {processor.py:830} INFO - Processing file /opt/airflow/dags/analysis_dag.py for tasks to queue
[2024-05-27T17:18:47.088+0000] {logging_mixin.py:188} INFO - [2024-05-27T17:18:47.087+0000] {dagbag.py:545} INFO - Filling up the DagBag from /opt/airflow/dags/analysis_dag.py
[2024-05-27T17:18:47.102+0000] {processor.py:840} INFO - DAG(s) 'domain_analysis_full' retrieved from /opt/airflow/dags/analysis_dag.py
[2024-05-27T17:18:47.156+0000] {logging_mixin.py:188} INFO - [2024-05-27T17:18:47.156+0000] {dag.py:3096} INFO - Sync 1 DAGs
[2024-05-27T17:18:47.165+0000] {logging_mixin.py:188} INFO - [2024-05-27T17:18:47.165+0000] {dag.py:3954} INFO - Setting next_dagrun for domain_analysis_full to 2024-05-27 18:00:00+00:00, run_after=2024-05-27 19:00:00+00:00
[2024-05-27T17:18:47.174+0000] {processor.py:183} INFO - Processing /opt/airflow/dags/analysis_dag.py took 0.097 seconds
[2024-05-27T17:19:17.486+0000] {processor.py:161} INFO - Started process (PID=544) to work on /opt/airflow/dags/analysis_dag.py
[2024-05-27T17:19:17.487+0000] {processor.py:830} INFO - Processing file /opt/airflow/dags/analysis_dag.py for tasks to queue
[2024-05-27T17:19:17.488+0000] {logging_mixin.py:188} INFO - [2024-05-27T17:19:17.487+0000] {dagbag.py:545} INFO - Filling up the DagBag from /opt/airflow/dags/analysis_dag.py
[2024-05-27T17:19:17.497+0000] {processor.py:840} INFO - DAG(s) 'domain_analysis_full' retrieved from /opt/airflow/dags/analysis_dag.py
[2024-05-27T17:19:17.549+0000] {logging_mixin.py:188} INFO - [2024-05-27T17:19:17.549+0000] {dag.py:3096} INFO - Sync 1 DAGs
[2024-05-27T17:19:17.559+0000] {logging_mixin.py:188} INFO - [2024-05-27T17:19:17.559+0000] {dag.py:3954} INFO - Setting next_dagrun for domain_analysis_full to 2024-05-27 18:00:00+00:00, run_after=2024-05-27 19:00:00+00:00
[2024-05-27T17:19:17.568+0000] {processor.py:183} INFO - Processing /opt/airflow/dags/analysis_dag.py took 0.085 seconds
[2024-05-27T17:19:47.920+0000] {processor.py:161} INFO - Started process (PID=559) to work on /opt/airflow/dags/analysis_dag.py
[2024-05-27T17:19:47.921+0000] {processor.py:830} INFO - Processing file /opt/airflow/dags/analysis_dag.py for tasks to queue
[2024-05-27T17:19:47.923+0000] {logging_mixin.py:188} INFO - [2024-05-27T17:19:47.923+0000] {dagbag.py:545} INFO - Filling up the DagBag from /opt/airflow/dags/analysis_dag.py
[2024-05-27T17:19:47.940+0000] {processor.py:840} INFO - DAG(s) 'domain_analysis_full' retrieved from /opt/airflow/dags/analysis_dag.py
[2024-05-27T17:19:48.007+0000] {logging_mixin.py:188} INFO - [2024-05-27T17:19:48.006+0000] {dag.py:3096} INFO - Sync 1 DAGs
[2024-05-27T17:19:48.017+0000] {logging_mixin.py:188} INFO - [2024-05-27T17:19:48.017+0000] {dag.py:3954} INFO - Setting next_dagrun for domain_analysis_full to 2024-05-27 18:00:00+00:00, run_after=2024-05-27 19:00:00+00:00
[2024-05-27T17:19:48.028+0000] {processor.py:183} INFO - Processing /opt/airflow/dags/analysis_dag.py took 0.117 seconds
[2024-05-27T17:20:18.425+0000] {processor.py:161} INFO - Started process (PID=574) to work on /opt/airflow/dags/analysis_dag.py
[2024-05-27T17:20:18.426+0000] {processor.py:830} INFO - Processing file /opt/airflow/dags/analysis_dag.py for tasks to queue
[2024-05-27T17:20:18.428+0000] {logging_mixin.py:188} INFO - [2024-05-27T17:20:18.427+0000] {dagbag.py:545} INFO - Filling up the DagBag from /opt/airflow/dags/analysis_dag.py
[2024-05-27T17:20:18.442+0000] {processor.py:840} INFO - DAG(s) 'domain_analysis_full' retrieved from /opt/airflow/dags/analysis_dag.py
[2024-05-27T17:20:18.497+0000] {logging_mixin.py:188} INFO - [2024-05-27T17:20:18.496+0000] {dag.py:3096} INFO - Sync 1 DAGs
[2024-05-27T17:20:18.507+0000] {logging_mixin.py:188} INFO - [2024-05-27T17:20:18.507+0000] {dag.py:3954} INFO - Setting next_dagrun for domain_analysis_full to 2024-05-27 18:00:00+00:00, run_after=2024-05-27 19:00:00+00:00
[2024-05-27T17:20:18.515+0000] {processor.py:183} INFO - Processing /opt/airflow/dags/analysis_dag.py took 0.099 seconds
[2024-05-27T17:20:48.877+0000] {processor.py:161} INFO - Started process (PID=589) to work on /opt/airflow/dags/analysis_dag.py
[2024-05-27T17:20:48.878+0000] {processor.py:830} INFO - Processing file /opt/airflow/dags/analysis_dag.py for tasks to queue
[2024-05-27T17:20:48.879+0000] {logging_mixin.py:188} INFO - [2024-05-27T17:20:48.879+0000] {dagbag.py:545} INFO - Filling up the DagBag from /opt/airflow/dags/analysis_dag.py
[2024-05-27T17:20:48.898+0000] {processor.py:840} INFO - DAG(s) 'domain_analysis_full' retrieved from /opt/airflow/dags/analysis_dag.py
[2024-05-27T17:20:48.968+0000] {logging_mixin.py:188} INFO - [2024-05-27T17:20:48.967+0000] {dag.py:3096} INFO - Sync 1 DAGs
[2024-05-27T17:20:48.979+0000] {logging_mixin.py:188} INFO - [2024-05-27T17:20:48.979+0000] {dag.py:3954} INFO - Setting next_dagrun for domain_analysis_full to 2024-05-27 18:00:00+00:00, run_after=2024-05-27 19:00:00+00:00
[2024-05-27T17:20:48.988+0000] {processor.py:183} INFO - Processing /opt/airflow/dags/analysis_dag.py took 0.118 seconds
[2024-05-27T17:21:19.370+0000] {processor.py:161} INFO - Started process (PID=604) to work on /opt/airflow/dags/analysis_dag.py
[2024-05-27T17:21:19.371+0000] {processor.py:830} INFO - Processing file /opt/airflow/dags/analysis_dag.py for tasks to queue
[2024-05-27T17:21:19.373+0000] {logging_mixin.py:188} INFO - [2024-05-27T17:21:19.373+0000] {dagbag.py:545} INFO - Filling up the DagBag from /opt/airflow/dags/analysis_dag.py
[2024-05-27T17:21:19.388+0000] {processor.py:840} INFO - DAG(s) 'domain_analysis_full' retrieved from /opt/airflow/dags/analysis_dag.py
[2024-05-27T17:21:19.443+0000] {logging_mixin.py:188} INFO - [2024-05-27T17:21:19.442+0000] {dag.py:3096} INFO - Sync 1 DAGs
[2024-05-27T17:21:19.452+0000] {logging_mixin.py:188} INFO - [2024-05-27T17:21:19.452+0000] {dag.py:3954} INFO - Setting next_dagrun for domain_analysis_full to 2024-05-27 18:00:00+00:00, run_after=2024-05-27 19:00:00+00:00
[2024-05-27T17:21:19.461+0000] {processor.py:183} INFO - Processing /opt/airflow/dags/analysis_dag.py took 0.099 seconds
[2024-05-27T17:21:49.830+0000] {processor.py:161} INFO - Started process (PID=619) to work on /opt/airflow/dags/analysis_dag.py
[2024-05-27T17:21:49.832+0000] {processor.py:830} INFO - Processing file /opt/airflow/dags/analysis_dag.py for tasks to queue
[2024-05-27T17:21:49.835+0000] {logging_mixin.py:188} INFO - [2024-05-27T17:21:49.834+0000] {dagbag.py:545} INFO - Filling up the DagBag from /opt/airflow/dags/analysis_dag.py
[2024-05-27T17:21:49.850+0000] {processor.py:840} INFO - DAG(s) 'domain_analysis_full' retrieved from /opt/airflow/dags/analysis_dag.py
[2024-05-27T17:21:49.921+0000] {logging_mixin.py:188} INFO - [2024-05-27T17:21:49.920+0000] {dag.py:3096} INFO - Sync 1 DAGs
[2024-05-27T17:21:49.934+0000] {logging_mixin.py:188} INFO - [2024-05-27T17:21:49.934+0000] {dag.py:3954} INFO - Setting next_dagrun for domain_analysis_full to 2024-05-27 18:00:00+00:00, run_after=2024-05-27 19:00:00+00:00
[2024-05-27T17:21:49.945+0000] {processor.py:183} INFO - Processing /opt/airflow/dags/analysis_dag.py took 0.126 seconds
[2024-05-27T23:24:43.112+0000] {processor.py:161} INFO - Started process (PID=167) to work on /opt/airflow/dags/analysis_dag.py
[2024-05-27T23:24:43.120+0000] {processor.py:830} INFO - Processing file /opt/airflow/dags/analysis_dag.py for tasks to queue
[2024-05-27T23:24:43.123+0000] {logging_mixin.py:188} INFO - [2024-05-27T23:24:43.123+0000] {dagbag.py:545} INFO - Filling up the DagBag from /opt/airflow/dags/analysis_dag.py
[2024-05-27T23:24:43.173+0000] {processor.py:840} INFO - DAG(s) 'domain_analysis_full' retrieved from /opt/airflow/dags/analysis_dag.py
[2024-05-27T23:24:43.192+0000] {logging_mixin.py:188} INFO - [2024-05-27T23:24:43.192+0000] {dag.py:3096} INFO - Sync 1 DAGs
[2024-05-27T23:24:43.203+0000] {logging_mixin.py:188} INFO - [2024-05-27T23:24:43.203+0000] {dag.py:3954} INFO - Setting next_dagrun for domain_analysis_full to 2024-05-28 00:00:00+00:00, run_after=2024-05-28 01:00:00+00:00
[2024-05-27T23:24:43.214+0000] {processor.py:183} INFO - Processing /opt/airflow/dags/analysis_dag.py took 0.109 seconds
[2024-05-27T23:25:13.512+0000] {processor.py:161} INFO - Started process (PID=182) to work on /opt/airflow/dags/analysis_dag.py
[2024-05-27T23:25:13.513+0000] {processor.py:830} INFO - Processing file /opt/airflow/dags/analysis_dag.py for tasks to queue
[2024-05-27T23:25:13.515+0000] {logging_mixin.py:188} INFO - [2024-05-27T23:25:13.515+0000] {dagbag.py:545} INFO - Filling up the DagBag from /opt/airflow/dags/analysis_dag.py
[2024-05-27T23:25:13.534+0000] {processor.py:840} INFO - DAG(s) 'domain_analysis_full' retrieved from /opt/airflow/dags/analysis_dag.py
[2024-05-27T23:25:13.606+0000] {logging_mixin.py:188} INFO - [2024-05-27T23:25:13.606+0000] {dag.py:3096} INFO - Sync 1 DAGs
[2024-05-27T23:25:13.616+0000] {logging_mixin.py:188} INFO - [2024-05-27T23:25:13.616+0000] {dag.py:3954} INFO - Setting next_dagrun for domain_analysis_full to 2024-05-28 00:00:00+00:00, run_after=2024-05-28 01:00:00+00:00
[2024-05-27T23:25:13.623+0000] {processor.py:183} INFO - Processing /opt/airflow/dags/analysis_dag.py took 0.118 seconds
[2024-05-27T23:25:43.932+0000] {processor.py:161} INFO - Started process (PID=197) to work on /opt/airflow/dags/analysis_dag.py
[2024-05-27T23:25:43.933+0000] {processor.py:830} INFO - Processing file /opt/airflow/dags/analysis_dag.py for tasks to queue
[2024-05-27T23:25:43.936+0000] {logging_mixin.py:188} INFO - [2024-05-27T23:25:43.935+0000] {dagbag.py:545} INFO - Filling up the DagBag from /opt/airflow/dags/analysis_dag.py
[2024-05-27T23:25:43.956+0000] {processor.py:840} INFO - DAG(s) 'domain_analysis_full' retrieved from /opt/airflow/dags/analysis_dag.py
[2024-05-27T23:25:44.021+0000] {logging_mixin.py:188} INFO - [2024-05-27T23:25:44.020+0000] {dag.py:3096} INFO - Sync 1 DAGs
[2024-05-27T23:25:44.040+0000] {logging_mixin.py:188} INFO - [2024-05-27T23:25:44.040+0000] {dag.py:3954} INFO - Setting next_dagrun for domain_analysis_full to 2024-05-28 00:00:00+00:00, run_after=2024-05-28 01:00:00+00:00
[2024-05-27T23:25:44.047+0000] {processor.py:183} INFO - Processing /opt/airflow/dags/analysis_dag.py took 0.121 seconds
[2024-05-27T23:26:14.339+0000] {processor.py:161} INFO - Started process (PID=212) to work on /opt/airflow/dags/analysis_dag.py
[2024-05-27T23:26:14.340+0000] {processor.py:830} INFO - Processing file /opt/airflow/dags/analysis_dag.py for tasks to queue
[2024-05-27T23:26:14.341+0000] {logging_mixin.py:188} INFO - [2024-05-27T23:26:14.341+0000] {dagbag.py:545} INFO - Filling up the DagBag from /opt/airflow/dags/analysis_dag.py
[2024-05-27T23:26:14.353+0000] {processor.py:840} INFO - DAG(s) 'domain_analysis_full' retrieved from /opt/airflow/dags/analysis_dag.py
[2024-05-27T23:26:14.402+0000] {logging_mixin.py:188} INFO - [2024-05-27T23:26:14.402+0000] {dag.py:3096} INFO - Sync 1 DAGs
[2024-05-27T23:26:14.409+0000] {logging_mixin.py:188} INFO - [2024-05-27T23:26:14.409+0000] {dag.py:3954} INFO - Setting next_dagrun for domain_analysis_full to 2024-05-28 00:00:00+00:00, run_after=2024-05-28 01:00:00+00:00
[2024-05-27T23:26:14.417+0000] {processor.py:183} INFO - Processing /opt/airflow/dags/analysis_dag.py took 0.083 seconds
[2024-05-27T23:26:44.756+0000] {processor.py:161} INFO - Started process (PID=227) to work on /opt/airflow/dags/analysis_dag.py
[2024-05-27T23:26:44.757+0000] {processor.py:830} INFO - Processing file /opt/airflow/dags/analysis_dag.py for tasks to queue
[2024-05-27T23:26:44.760+0000] {logging_mixin.py:188} INFO - [2024-05-27T23:26:44.759+0000] {dagbag.py:545} INFO - Filling up the DagBag from /opt/airflow/dags/analysis_dag.py
[2024-05-27T23:26:44.777+0000] {processor.py:840} INFO - DAG(s) 'domain_analysis_full' retrieved from /opt/airflow/dags/analysis_dag.py
[2024-05-27T23:26:44.837+0000] {logging_mixin.py:188} INFO - [2024-05-27T23:26:44.837+0000] {dag.py:3096} INFO - Sync 1 DAGs
[2024-05-27T23:26:44.852+0000] {logging_mixin.py:188} INFO - [2024-05-27T23:26:44.852+0000] {dag.py:3954} INFO - Setting next_dagrun for domain_analysis_full to 2024-05-28 00:00:00+00:00, run_after=2024-05-28 01:00:00+00:00
[2024-05-27T23:26:44.858+0000] {processor.py:183} INFO - Processing /opt/airflow/dags/analysis_dag.py took 0.108 seconds
[2024-05-27T23:27:15.195+0000] {processor.py:161} INFO - Started process (PID=242) to work on /opt/airflow/dags/analysis_dag.py
[2024-05-27T23:27:15.196+0000] {processor.py:830} INFO - Processing file /opt/airflow/dags/analysis_dag.py for tasks to queue
[2024-05-27T23:27:15.199+0000] {logging_mixin.py:188} INFO - [2024-05-27T23:27:15.199+0000] {dagbag.py:545} INFO - Filling up the DagBag from /opt/airflow/dags/analysis_dag.py
[2024-05-27T23:27:15.218+0000] {processor.py:840} INFO - DAG(s) 'domain_analysis_full' retrieved from /opt/airflow/dags/analysis_dag.py
[2024-05-27T23:27:15.281+0000] {logging_mixin.py:188} INFO - [2024-05-27T23:27:15.281+0000] {dag.py:3096} INFO - Sync 1 DAGs
[2024-05-27T23:27:15.292+0000] {logging_mixin.py:188} INFO - [2024-05-27T23:27:15.292+0000] {dag.py:3954} INFO - Setting next_dagrun for domain_analysis_full to 2024-05-28 00:00:00+00:00, run_after=2024-05-28 01:00:00+00:00
[2024-05-27T23:27:15.301+0000] {processor.py:183} INFO - Processing /opt/airflow/dags/analysis_dag.py took 0.115 seconds
[2024-05-27T23:27:45.630+0000] {processor.py:161} INFO - Started process (PID=265) to work on /opt/airflow/dags/analysis_dag.py
[2024-05-27T23:27:45.630+0000] {processor.py:830} INFO - Processing file /opt/airflow/dags/analysis_dag.py for tasks to queue
[2024-05-27T23:27:45.632+0000] {logging_mixin.py:188} INFO - [2024-05-27T23:27:45.632+0000] {dagbag.py:545} INFO - Filling up the DagBag from /opt/airflow/dags/analysis_dag.py
[2024-05-27T23:27:45.645+0000] {processor.py:840} INFO - DAG(s) 'domain_analysis_full' retrieved from /opt/airflow/dags/analysis_dag.py
[2024-05-27T23:27:45.703+0000] {logging_mixin.py:188} INFO - [2024-05-27T23:27:45.703+0000] {dag.py:3096} INFO - Sync 1 DAGs
[2024-05-27T23:27:45.711+0000] {logging_mixin.py:188} INFO - [2024-05-27T23:27:45.711+0000] {dag.py:3954} INFO - Setting next_dagrun for domain_analysis_full to 2024-05-28 00:00:00+00:00, run_after=2024-05-28 01:00:00+00:00
[2024-05-27T23:27:45.718+0000] {processor.py:183} INFO - Processing /opt/airflow/dags/analysis_dag.py took 0.094 seconds
[2024-05-27T23:28:16.033+0000] {processor.py:161} INFO - Started process (PID=280) to work on /opt/airflow/dags/analysis_dag.py
[2024-05-27T23:28:16.035+0000] {processor.py:830} INFO - Processing file /opt/airflow/dags/analysis_dag.py for tasks to queue
[2024-05-27T23:28:16.036+0000] {logging_mixin.py:188} INFO - [2024-05-27T23:28:16.036+0000] {dagbag.py:545} INFO - Filling up the DagBag from /opt/airflow/dags/analysis_dag.py
[2024-05-27T23:28:16.050+0000] {processor.py:840} INFO - DAG(s) 'domain_analysis_full' retrieved from /opt/airflow/dags/analysis_dag.py
[2024-05-27T23:28:16.099+0000] {logging_mixin.py:188} INFO - [2024-05-27T23:28:16.099+0000] {dag.py:3096} INFO - Sync 1 DAGs
[2024-05-27T23:28:16.109+0000] {logging_mixin.py:188} INFO - [2024-05-27T23:28:16.108+0000] {dag.py:3954} INFO - Setting next_dagrun for domain_analysis_full to 2024-05-28 00:00:00+00:00, run_after=2024-05-28 01:00:00+00:00
[2024-05-27T23:28:16.114+0000] {processor.py:183} INFO - Processing /opt/airflow/dags/analysis_dag.py took 0.088 seconds
[2024-05-27T23:28:46.431+0000] {processor.py:161} INFO - Started process (PID=295) to work on /opt/airflow/dags/analysis_dag.py
[2024-05-27T23:28:46.432+0000] {processor.py:830} INFO - Processing file /opt/airflow/dags/analysis_dag.py for tasks to queue
[2024-05-27T23:28:46.433+0000] {logging_mixin.py:188} INFO - [2024-05-27T23:28:46.433+0000] {dagbag.py:545} INFO - Filling up the DagBag from /opt/airflow/dags/analysis_dag.py
[2024-05-27T23:28:46.445+0000] {processor.py:840} INFO - DAG(s) 'domain_analysis_full' retrieved from /opt/airflow/dags/analysis_dag.py
[2024-05-27T23:28:46.500+0000] {logging_mixin.py:188} INFO - [2024-05-27T23:28:46.500+0000] {dag.py:3096} INFO - Sync 1 DAGs
[2024-05-27T23:28:46.509+0000] {logging_mixin.py:188} INFO - [2024-05-27T23:28:46.509+0000] {dag.py:3954} INFO - Setting next_dagrun for domain_analysis_full to 2024-05-28 00:00:00+00:00, run_after=2024-05-28 01:00:00+00:00
[2024-05-27T23:28:46.516+0000] {processor.py:183} INFO - Processing /opt/airflow/dags/analysis_dag.py took 0.089 seconds
[2024-05-27T23:29:17.113+0000] {processor.py:161} INFO - Started process (PID=310) to work on /opt/airflow/dags/analysis_dag.py
[2024-05-27T23:29:17.115+0000] {processor.py:830} INFO - Processing file /opt/airflow/dags/analysis_dag.py for tasks to queue
[2024-05-27T23:29:17.117+0000] {logging_mixin.py:188} INFO - [2024-05-27T23:29:17.116+0000] {dagbag.py:545} INFO - Filling up the DagBag from /opt/airflow/dags/analysis_dag.py
[2024-05-27T23:29:17.134+0000] {processor.py:840} INFO - DAG(s) 'domain_analysis_full' retrieved from /opt/airflow/dags/analysis_dag.py
[2024-05-27T23:29:17.191+0000] {logging_mixin.py:188} INFO - [2024-05-27T23:29:17.191+0000] {dag.py:3096} INFO - Sync 1 DAGs
[2024-05-27T23:29:17.202+0000] {logging_mixin.py:188} INFO - [2024-05-27T23:29:17.202+0000] {dag.py:3954} INFO - Setting next_dagrun for domain_analysis_full to 2024-05-28 00:00:00+00:00, run_after=2024-05-28 01:00:00+00:00
[2024-05-27T23:29:17.211+0000] {processor.py:183} INFO - Processing /opt/airflow/dags/analysis_dag.py took 0.104 seconds
