[2024-05-27T17:02:49.648+0000] {processor.py:161} INFO - Started process (PID=168) to work on /opt/airflow/dags/soc_dag.py
[2024-05-27T17:02:49.650+0000] {processor.py:830} INFO - Processing file /opt/airflow/dags/soc_dag.py for tasks to queue
[2024-05-27T17:02:49.652+0000] {logging_mixin.py:188} INFO - [2024-05-27T17:02:49.652+0000] {dagbag.py:545} INFO - Filling up the DagBag from /opt/airflow/dags/soc_dag.py
[2024-05-27T17:02:49.667+0000] {processor.py:842} WARNING - No viable dags retrieved from /opt/airflow/dags/soc_dag.py
[2024-05-27T17:02:49.681+0000] {processor.py:183} INFO - Processing /opt/airflow/dags/soc_dag.py took 0.036 seconds
[2024-05-27T17:03:20.305+0000] {processor.py:161} INFO - Started process (PID=183) to work on /opt/airflow/dags/soc_dag.py
[2024-05-27T17:03:20.311+0000] {processor.py:830} INFO - Processing file /opt/airflow/dags/soc_dag.py for tasks to queue
[2024-05-27T17:03:20.326+0000] {logging_mixin.py:188} INFO - [2024-05-27T17:03:20.321+0000] {dagbag.py:545} INFO - Filling up the DagBag from /opt/airflow/dags/soc_dag.py
[2024-05-27T17:03:20.341+0000] {processor.py:842} WARNING - No viable dags retrieved from /opt/airflow/dags/soc_dag.py
[2024-05-27T17:03:20.448+0000] {processor.py:183} INFO - Processing /opt/airflow/dags/soc_dag.py took 0.162 seconds
[2024-05-27T17:03:50.694+0000] {processor.py:161} INFO - Started process (PID=197) to work on /opt/airflow/dags/soc_dag.py
[2024-05-27T17:03:50.695+0000] {processor.py:830} INFO - Processing file /opt/airflow/dags/soc_dag.py for tasks to queue
[2024-05-27T17:03:50.701+0000] {logging_mixin.py:188} INFO - [2024-05-27T17:03:50.700+0000] {dagbag.py:545} INFO - Filling up the DagBag from /opt/airflow/dags/soc_dag.py
[2024-05-27T17:03:50.708+0000] {processor.py:842} WARNING - No viable dags retrieved from /opt/airflow/dags/soc_dag.py
[2024-05-27T17:03:50.746+0000] {processor.py:183} INFO - Processing /opt/airflow/dags/soc_dag.py took 0.062 seconds
[2024-05-27T17:04:21.269+0000] {processor.py:161} INFO - Started process (PID=212) to work on /opt/airflow/dags/soc_dag.py
[2024-05-27T17:04:21.270+0000] {processor.py:830} INFO - Processing file /opt/airflow/dags/soc_dag.py for tasks to queue
[2024-05-27T17:04:21.273+0000] {logging_mixin.py:188} INFO - [2024-05-27T17:04:21.272+0000] {dagbag.py:545} INFO - Filling up the DagBag from /opt/airflow/dags/soc_dag.py
[2024-05-27T17:04:21.276+0000] {processor.py:842} WARNING - No viable dags retrieved from /opt/airflow/dags/soc_dag.py
[2024-05-27T17:04:21.291+0000] {processor.py:183} INFO - Processing /opt/airflow/dags/soc_dag.py took 0.028 seconds
[2024-05-27T17:04:51.958+0000] {processor.py:161} INFO - Started process (PID=227) to work on /opt/airflow/dags/soc_dag.py
[2024-05-27T17:04:51.959+0000] {processor.py:830} INFO - Processing file /opt/airflow/dags/soc_dag.py for tasks to queue
[2024-05-27T17:04:51.965+0000] {logging_mixin.py:188} INFO - [2024-05-27T17:04:51.965+0000] {dagbag.py:545} INFO - Filling up the DagBag from /opt/airflow/dags/soc_dag.py
[2024-05-27T17:04:51.971+0000] {processor.py:842} WARNING - No viable dags retrieved from /opt/airflow/dags/soc_dag.py
[2024-05-27T17:04:52.008+0000] {processor.py:183} INFO - Processing /opt/airflow/dags/soc_dag.py took 0.071 seconds
[2024-05-27T17:05:22.470+0000] {processor.py:161} INFO - Started process (PID=242) to work on /opt/airflow/dags/soc_dag.py
[2024-05-27T17:05:22.471+0000] {processor.py:830} INFO - Processing file /opt/airflow/dags/soc_dag.py for tasks to queue
[2024-05-27T17:05:22.474+0000] {logging_mixin.py:188} INFO - [2024-05-27T17:05:22.474+0000] {dagbag.py:545} INFO - Filling up the DagBag from /opt/airflow/dags/soc_dag.py
[2024-05-27T17:05:22.478+0000] {processor.py:842} WARNING - No viable dags retrieved from /opt/airflow/dags/soc_dag.py
[2024-05-27T17:05:22.502+0000] {processor.py:183} INFO - Processing /opt/airflow/dags/soc_dag.py took 0.043 seconds
[2024-05-27T17:05:52.929+0000] {processor.py:161} INFO - Started process (PID=257) to work on /opt/airflow/dags/soc_dag.py
[2024-05-27T17:05:52.930+0000] {processor.py:830} INFO - Processing file /opt/airflow/dags/soc_dag.py for tasks to queue
[2024-05-27T17:05:52.933+0000] {logging_mixin.py:188} INFO - [2024-05-27T17:05:52.933+0000] {dagbag.py:545} INFO - Filling up the DagBag from /opt/airflow/dags/soc_dag.py
[2024-05-27T17:05:52.936+0000] {processor.py:842} WARNING - No viable dags retrieved from /opt/airflow/dags/soc_dag.py
[2024-05-27T17:05:52.952+0000] {processor.py:183} INFO - Processing /opt/airflow/dags/soc_dag.py took 0.033 seconds
[2024-05-27T17:07:36.033+0000] {processor.py:161} INFO - Started process (PID=170) to work on /opt/airflow/dags/soc_dag.py
[2024-05-27T17:07:36.034+0000] {processor.py:830} INFO - Processing file /opt/airflow/dags/soc_dag.py for tasks to queue
[2024-05-27T17:07:36.038+0000] {logging_mixin.py:188} INFO - [2024-05-27T17:07:36.038+0000] {dagbag.py:545} INFO - Filling up the DagBag from /opt/airflow/dags/soc_dag.py
[2024-05-27T17:07:36.055+0000] {processor.py:842} WARNING - No viable dags retrieved from /opt/airflow/dags/soc_dag.py
[2024-05-27T17:07:36.086+0000] {processor.py:183} INFO - Processing /opt/airflow/dags/soc_dag.py took 0.059 seconds
[2024-05-27T17:08:06.763+0000] {processor.py:161} INFO - Started process (PID=183) to work on /opt/airflow/dags/soc_dag.py
[2024-05-27T17:08:06.766+0000] {processor.py:830} INFO - Processing file /opt/airflow/dags/soc_dag.py for tasks to queue
[2024-05-27T17:08:06.776+0000] {logging_mixin.py:188} INFO - [2024-05-27T17:08:06.774+0000] {dagbag.py:545} INFO - Filling up the DagBag from /opt/airflow/dags/soc_dag.py
[2024-05-27T17:08:06.788+0000] {processor.py:842} WARNING - No viable dags retrieved from /opt/airflow/dags/soc_dag.py
[2024-05-27T17:08:06.834+0000] {processor.py:183} INFO - Processing /opt/airflow/dags/soc_dag.py took 0.090 seconds
[2024-05-27T17:08:37.895+0000] {processor.py:161} INFO - Started process (PID=200) to work on /opt/airflow/dags/soc_dag.py
[2024-05-27T17:08:37.897+0000] {processor.py:830} INFO - Processing file /opt/airflow/dags/soc_dag.py for tasks to queue
[2024-05-27T17:08:37.900+0000] {logging_mixin.py:188} INFO - [2024-05-27T17:08:37.899+0000] {dagbag.py:545} INFO - Filling up the DagBag from /opt/airflow/dags/soc_dag.py
[2024-05-27T17:08:37.905+0000] {processor.py:842} WARNING - No viable dags retrieved from /opt/airflow/dags/soc_dag.py
[2024-05-27T17:08:37.952+0000] {processor.py:183} INFO - Processing /opt/airflow/dags/soc_dag.py took 0.065 seconds
[2024-05-27T17:09:08.385+0000] {processor.py:161} INFO - Started process (PID=213) to work on /opt/airflow/dags/soc_dag.py
[2024-05-27T17:09:08.386+0000] {processor.py:830} INFO - Processing file /opt/airflow/dags/soc_dag.py for tasks to queue
[2024-05-27T17:09:08.388+0000] {logging_mixin.py:188} INFO - [2024-05-27T17:09:08.388+0000] {dagbag.py:545} INFO - Filling up the DagBag from /opt/airflow/dags/soc_dag.py
[2024-05-27T17:09:08.391+0000] {processor.py:842} WARNING - No viable dags retrieved from /opt/airflow/dags/soc_dag.py
[2024-05-27T17:09:08.411+0000] {processor.py:183} INFO - Processing /opt/airflow/dags/soc_dag.py took 0.032 seconds
[2024-05-27T17:09:38.840+0000] {processor.py:161} INFO - Started process (PID=229) to work on /opt/airflow/dags/soc_dag.py
[2024-05-27T17:09:38.842+0000] {processor.py:830} INFO - Processing file /opt/airflow/dags/soc_dag.py for tasks to queue
[2024-05-27T17:09:38.845+0000] {logging_mixin.py:188} INFO - [2024-05-27T17:09:38.845+0000] {dagbag.py:545} INFO - Filling up the DagBag from /opt/airflow/dags/soc_dag.py
[2024-05-27T17:09:38.852+0000] {processor.py:842} WARNING - No viable dags retrieved from /opt/airflow/dags/soc_dag.py
[2024-05-27T17:09:38.883+0000] {processor.py:183} INFO - Processing /opt/airflow/dags/soc_dag.py took 0.052 seconds
[2024-05-27T17:10:09.327+0000] {processor.py:161} INFO - Started process (PID=248) to work on /opt/airflow/dags/soc_dag.py
[2024-05-27T17:10:09.328+0000] {processor.py:830} INFO - Processing file /opt/airflow/dags/soc_dag.py for tasks to queue
[2024-05-27T17:10:09.331+0000] {logging_mixin.py:188} INFO - [2024-05-27T17:10:09.331+0000] {dagbag.py:545} INFO - Filling up the DagBag from /opt/airflow/dags/soc_dag.py
[2024-05-27T17:10:09.336+0000] {processor.py:842} WARNING - No viable dags retrieved from /opt/airflow/dags/soc_dag.py
[2024-05-27T17:10:09.352+0000] {processor.py:183} INFO - Processing /opt/airflow/dags/soc_dag.py took 0.032 seconds
[2024-05-27T17:10:39.721+0000] {processor.py:161} INFO - Started process (PID=292) to work on /opt/airflow/dags/soc_dag.py
[2024-05-27T17:10:39.722+0000] {processor.py:830} INFO - Processing file /opt/airflow/dags/soc_dag.py for tasks to queue
[2024-05-27T17:10:39.724+0000] {logging_mixin.py:188} INFO - [2024-05-27T17:10:39.724+0000] {dagbag.py:545} INFO - Filling up the DagBag from /opt/airflow/dags/soc_dag.py
[2024-05-27T17:10:39.727+0000] {processor.py:842} WARNING - No viable dags retrieved from /opt/airflow/dags/soc_dag.py
[2024-05-27T17:10:39.741+0000] {processor.py:183} INFO - Processing /opt/airflow/dags/soc_dag.py took 0.027 seconds
[2024-05-27T17:11:10.125+0000] {processor.py:161} INFO - Started process (PID=307) to work on /opt/airflow/dags/soc_dag.py
[2024-05-27T17:11:10.126+0000] {processor.py:830} INFO - Processing file /opt/airflow/dags/soc_dag.py for tasks to queue
[2024-05-27T17:11:10.128+0000] {logging_mixin.py:188} INFO - [2024-05-27T17:11:10.127+0000] {dagbag.py:545} INFO - Filling up the DagBag from /opt/airflow/dags/soc_dag.py
[2024-05-27T17:11:10.130+0000] {processor.py:842} WARNING - No viable dags retrieved from /opt/airflow/dags/soc_dag.py
[2024-05-27T17:11:10.143+0000] {processor.py:183} INFO - Processing /opt/airflow/dags/soc_dag.py took 0.022 seconds
[2024-05-27T17:11:40.526+0000] {processor.py:161} INFO - Started process (PID=322) to work on /opt/airflow/dags/soc_dag.py
[2024-05-27T17:11:40.527+0000] {processor.py:830} INFO - Processing file /opt/airflow/dags/soc_dag.py for tasks to queue
[2024-05-27T17:11:40.528+0000] {logging_mixin.py:188} INFO - [2024-05-27T17:11:40.528+0000] {dagbag.py:545} INFO - Filling up the DagBag from /opt/airflow/dags/soc_dag.py
[2024-05-27T17:11:40.530+0000] {processor.py:842} WARNING - No viable dags retrieved from /opt/airflow/dags/soc_dag.py
[2024-05-27T17:11:40.541+0000] {processor.py:183} INFO - Processing /opt/airflow/dags/soc_dag.py took 0.019 seconds
[2024-05-27T17:12:10.912+0000] {processor.py:161} INFO - Started process (PID=337) to work on /opt/airflow/dags/soc_dag.py
[2024-05-27T17:12:10.913+0000] {processor.py:830} INFO - Processing file /opt/airflow/dags/soc_dag.py for tasks to queue
[2024-05-27T17:12:10.915+0000] {logging_mixin.py:188} INFO - [2024-05-27T17:12:10.914+0000] {dagbag.py:545} INFO - Filling up the DagBag from /opt/airflow/dags/soc_dag.py
[2024-05-27T17:12:10.917+0000] {processor.py:842} WARNING - No viable dags retrieved from /opt/airflow/dags/soc_dag.py
[2024-05-27T17:12:10.927+0000] {processor.py:183} INFO - Processing /opt/airflow/dags/soc_dag.py took 0.019 seconds
[2024-05-27T17:12:41.367+0000] {processor.py:161} INFO - Started process (PID=352) to work on /opt/airflow/dags/soc_dag.py
[2024-05-27T17:12:41.368+0000] {processor.py:830} INFO - Processing file /opt/airflow/dags/soc_dag.py for tasks to queue
[2024-05-27T17:12:41.369+0000] {logging_mixin.py:188} INFO - [2024-05-27T17:12:41.369+0000] {dagbag.py:545} INFO - Filling up the DagBag from /opt/airflow/dags/soc_dag.py
[2024-05-27T17:12:41.372+0000] {processor.py:842} WARNING - No viable dags retrieved from /opt/airflow/dags/soc_dag.py
[2024-05-27T17:12:41.388+0000] {processor.py:183} INFO - Processing /opt/airflow/dags/soc_dag.py took 0.026 seconds
[2024-05-27T17:13:11.811+0000] {processor.py:161} INFO - Started process (PID=367) to work on /opt/airflow/dags/soc_dag.py
[2024-05-27T17:13:11.812+0000] {processor.py:830} INFO - Processing file /opt/airflow/dags/soc_dag.py for tasks to queue
[2024-05-27T17:13:11.814+0000] {logging_mixin.py:188} INFO - [2024-05-27T17:13:11.814+0000] {dagbag.py:545} INFO - Filling up the DagBag from /opt/airflow/dags/soc_dag.py
[2024-05-27T17:13:11.817+0000] {processor.py:842} WARNING - No viable dags retrieved from /opt/airflow/dags/soc_dag.py
[2024-05-27T17:13:11.831+0000] {processor.py:183} INFO - Processing /opt/airflow/dags/soc_dag.py took 0.025 seconds
[2024-05-27T17:13:42.246+0000] {processor.py:161} INFO - Started process (PID=382) to work on /opt/airflow/dags/soc_dag.py
[2024-05-27T17:13:42.247+0000] {processor.py:830} INFO - Processing file /opt/airflow/dags/soc_dag.py for tasks to queue
[2024-05-27T17:13:42.248+0000] {logging_mixin.py:188} INFO - [2024-05-27T17:13:42.248+0000] {dagbag.py:545} INFO - Filling up the DagBag from /opt/airflow/dags/soc_dag.py
[2024-05-27T17:13:42.251+0000] {processor.py:842} WARNING - No viable dags retrieved from /opt/airflow/dags/soc_dag.py
[2024-05-27T17:13:42.266+0000] {processor.py:183} INFO - Processing /opt/airflow/dags/soc_dag.py took 0.026 seconds
[2024-05-27T17:14:12.696+0000] {processor.py:161} INFO - Started process (PID=397) to work on /opt/airflow/dags/soc_dag.py
[2024-05-27T17:14:12.697+0000] {processor.py:830} INFO - Processing file /opt/airflow/dags/soc_dag.py for tasks to queue
[2024-05-27T17:14:12.700+0000] {logging_mixin.py:188} INFO - [2024-05-27T17:14:12.699+0000] {dagbag.py:545} INFO - Filling up the DagBag from /opt/airflow/dags/soc_dag.py
[2024-05-27T17:14:12.702+0000] {processor.py:842} WARNING - No viable dags retrieved from /opt/airflow/dags/soc_dag.py
[2024-05-27T17:14:12.716+0000] {processor.py:183} INFO - Processing /opt/airflow/dags/soc_dag.py took 0.028 seconds
[2024-05-27T17:14:43.239+0000] {processor.py:161} INFO - Started process (PID=411) to work on /opt/airflow/dags/soc_dag.py
[2024-05-27T17:14:43.240+0000] {processor.py:830} INFO - Processing file /opt/airflow/dags/soc_dag.py for tasks to queue
[2024-05-27T17:14:43.241+0000] {logging_mixin.py:188} INFO - [2024-05-27T17:14:43.241+0000] {dagbag.py:545} INFO - Filling up the DagBag from /opt/airflow/dags/soc_dag.py
[2024-05-27T17:14:43.244+0000] {processor.py:842} WARNING - No viable dags retrieved from /opt/airflow/dags/soc_dag.py
[2024-05-27T17:14:43.261+0000] {processor.py:183} INFO - Processing /opt/airflow/dags/soc_dag.py took 0.027 seconds
[2024-05-27T17:15:13.724+0000] {processor.py:161} INFO - Started process (PID=427) to work on /opt/airflow/dags/soc_dag.py
[2024-05-27T17:15:13.725+0000] {processor.py:830} INFO - Processing file /opt/airflow/dags/soc_dag.py for tasks to queue
[2024-05-27T17:15:13.726+0000] {logging_mixin.py:188} INFO - [2024-05-27T17:15:13.726+0000] {dagbag.py:545} INFO - Filling up the DagBag from /opt/airflow/dags/soc_dag.py
[2024-05-27T17:15:13.729+0000] {processor.py:842} WARNING - No viable dags retrieved from /opt/airflow/dags/soc_dag.py
[2024-05-27T17:15:13.740+0000] {processor.py:183} INFO - Processing /opt/airflow/dags/soc_dag.py took 0.022 seconds
[2024-05-27T17:15:44.168+0000] {processor.py:161} INFO - Started process (PID=442) to work on /opt/airflow/dags/soc_dag.py
[2024-05-27T17:15:44.169+0000] {processor.py:830} INFO - Processing file /opt/airflow/dags/soc_dag.py for tasks to queue
[2024-05-27T17:15:44.170+0000] {logging_mixin.py:188} INFO - [2024-05-27T17:15:44.170+0000] {dagbag.py:545} INFO - Filling up the DagBag from /opt/airflow/dags/soc_dag.py
[2024-05-27T17:15:44.172+0000] {processor.py:842} WARNING - No viable dags retrieved from /opt/airflow/dags/soc_dag.py
[2024-05-27T17:15:44.184+0000] {processor.py:183} INFO - Processing /opt/airflow/dags/soc_dag.py took 0.022 seconds
[2024-05-27T17:16:14.694+0000] {processor.py:161} INFO - Started process (PID=457) to work on /opt/airflow/dags/soc_dag.py
[2024-05-27T17:16:14.695+0000] {processor.py:830} INFO - Processing file /opt/airflow/dags/soc_dag.py for tasks to queue
[2024-05-27T17:16:14.697+0000] {logging_mixin.py:188} INFO - [2024-05-27T17:16:14.697+0000] {dagbag.py:545} INFO - Filling up the DagBag from /opt/airflow/dags/soc_dag.py
[2024-05-27T17:16:14.701+0000] {processor.py:842} WARNING - No viable dags retrieved from /opt/airflow/dags/soc_dag.py
[2024-05-27T17:16:14.717+0000] {processor.py:183} INFO - Processing /opt/airflow/dags/soc_dag.py took 0.029 seconds
[2024-05-27T17:16:45.191+0000] {processor.py:161} INFO - Started process (PID=472) to work on /opt/airflow/dags/soc_dag.py
[2024-05-27T17:16:45.192+0000] {processor.py:830} INFO - Processing file /opt/airflow/dags/soc_dag.py for tasks to queue
[2024-05-27T17:16:45.193+0000] {logging_mixin.py:188} INFO - [2024-05-27T17:16:45.193+0000] {dagbag.py:545} INFO - Filling up the DagBag from /opt/airflow/dags/soc_dag.py
[2024-05-27T17:16:45.196+0000] {processor.py:842} WARNING - No viable dags retrieved from /opt/airflow/dags/soc_dag.py
[2024-05-27T17:16:45.208+0000] {processor.py:183} INFO - Processing /opt/airflow/dags/soc_dag.py took 0.023 seconds
[2024-05-27T17:17:15.670+0000] {processor.py:161} INFO - Started process (PID=487) to work on /opt/airflow/dags/soc_dag.py
[2024-05-27T17:17:15.670+0000] {processor.py:830} INFO - Processing file /opt/airflow/dags/soc_dag.py for tasks to queue
[2024-05-27T17:17:15.672+0000] {logging_mixin.py:188} INFO - [2024-05-27T17:17:15.672+0000] {dagbag.py:545} INFO - Filling up the DagBag from /opt/airflow/dags/soc_dag.py
[2024-05-27T17:17:15.675+0000] {processor.py:842} WARNING - No viable dags retrieved from /opt/airflow/dags/soc_dag.py
[2024-05-27T17:17:15.687+0000] {processor.py:183} INFO - Processing /opt/airflow/dags/soc_dag.py took 0.023 seconds
[2024-05-27T17:17:46.151+0000] {processor.py:161} INFO - Started process (PID=502) to work on /opt/airflow/dags/soc_dag.py
[2024-05-27T17:17:46.152+0000] {processor.py:830} INFO - Processing file /opt/airflow/dags/soc_dag.py for tasks to queue
[2024-05-27T17:17:46.153+0000] {logging_mixin.py:188} INFO - [2024-05-27T17:17:46.153+0000] {dagbag.py:545} INFO - Filling up the DagBag from /opt/airflow/dags/soc_dag.py
[2024-05-27T17:17:46.155+0000] {processor.py:842} WARNING - No viable dags retrieved from /opt/airflow/dags/soc_dag.py
[2024-05-27T17:17:46.165+0000] {processor.py:183} INFO - Processing /opt/airflow/dags/soc_dag.py took 0.018 seconds
[2024-05-27T17:18:16.594+0000] {processor.py:161} INFO - Started process (PID=517) to work on /opt/airflow/dags/soc_dag.py
[2024-05-27T17:18:16.594+0000] {processor.py:830} INFO - Processing file /opt/airflow/dags/soc_dag.py for tasks to queue
[2024-05-27T17:18:16.596+0000] {logging_mixin.py:188} INFO - [2024-05-27T17:18:16.595+0000] {dagbag.py:545} INFO - Filling up the DagBag from /opt/airflow/dags/soc_dag.py
[2024-05-27T17:18:16.598+0000] {processor.py:842} WARNING - No viable dags retrieved from /opt/airflow/dags/soc_dag.py
[2024-05-27T17:18:16.613+0000] {processor.py:183} INFO - Processing /opt/airflow/dags/soc_dag.py took 0.024 seconds
[2024-05-27T17:18:47.089+0000] {processor.py:161} INFO - Started process (PID=532) to work on /opt/airflow/dags/soc_dag.py
[2024-05-27T17:18:47.089+0000] {processor.py:830} INFO - Processing file /opt/airflow/dags/soc_dag.py for tasks to queue
[2024-05-27T17:18:47.091+0000] {logging_mixin.py:188} INFO - [2024-05-27T17:18:47.091+0000] {dagbag.py:545} INFO - Filling up the DagBag from /opt/airflow/dags/soc_dag.py
[2024-05-27T17:18:47.094+0000] {processor.py:842} WARNING - No viable dags retrieved from /opt/airflow/dags/soc_dag.py
[2024-05-27T17:18:47.106+0000] {processor.py:183} INFO - Processing /opt/airflow/dags/soc_dag.py took 0.023 seconds
[2024-05-27T17:19:17.487+0000] {processor.py:161} INFO - Started process (PID=547) to work on /opt/airflow/dags/soc_dag.py
[2024-05-27T17:19:17.488+0000] {processor.py:830} INFO - Processing file /opt/airflow/dags/soc_dag.py for tasks to queue
[2024-05-27T17:19:17.489+0000] {logging_mixin.py:188} INFO - [2024-05-27T17:19:17.489+0000] {dagbag.py:545} INFO - Filling up the DagBag from /opt/airflow/dags/soc_dag.py
[2024-05-27T17:19:17.490+0000] {processor.py:842} WARNING - No viable dags retrieved from /opt/airflow/dags/soc_dag.py
[2024-05-27T17:19:17.500+0000] {processor.py:183} INFO - Processing /opt/airflow/dags/soc_dag.py took 0.015 seconds
[2024-05-27T17:19:47.921+0000] {processor.py:161} INFO - Started process (PID=562) to work on /opt/airflow/dags/soc_dag.py
[2024-05-27T17:19:47.921+0000] {processor.py:830} INFO - Processing file /opt/airflow/dags/soc_dag.py for tasks to queue
[2024-05-27T17:19:47.923+0000] {logging_mixin.py:188} INFO - [2024-05-27T17:19:47.923+0000] {dagbag.py:545} INFO - Filling up the DagBag from /opt/airflow/dags/soc_dag.py
[2024-05-27T17:19:47.927+0000] {processor.py:842} WARNING - No viable dags retrieved from /opt/airflow/dags/soc_dag.py
[2024-05-27T17:19:47.941+0000] {processor.py:183} INFO - Processing /opt/airflow/dags/soc_dag.py took 0.027 seconds
[2024-05-27T17:20:18.428+0000] {processor.py:161} INFO - Started process (PID=577) to work on /opt/airflow/dags/soc_dag.py
[2024-05-27T17:20:18.429+0000] {processor.py:830} INFO - Processing file /opt/airflow/dags/soc_dag.py for tasks to queue
[2024-05-27T17:20:18.430+0000] {logging_mixin.py:188} INFO - [2024-05-27T17:20:18.430+0000] {dagbag.py:545} INFO - Filling up the DagBag from /opt/airflow/dags/soc_dag.py
[2024-05-27T17:20:18.433+0000] {processor.py:842} WARNING - No viable dags retrieved from /opt/airflow/dags/soc_dag.py
[2024-05-27T17:20:18.445+0000] {processor.py:183} INFO - Processing /opt/airflow/dags/soc_dag.py took 0.023 seconds
[2024-05-27T17:20:48.881+0000] {processor.py:161} INFO - Started process (PID=592) to work on /opt/airflow/dags/soc_dag.py
[2024-05-27T17:20:48.882+0000] {processor.py:830} INFO - Processing file /opt/airflow/dags/soc_dag.py for tasks to queue
[2024-05-27T17:20:48.883+0000] {logging_mixin.py:188} INFO - [2024-05-27T17:20:48.883+0000] {dagbag.py:545} INFO - Filling up the DagBag from /opt/airflow/dags/soc_dag.py
[2024-05-27T17:20:48.886+0000] {processor.py:842} WARNING - No viable dags retrieved from /opt/airflow/dags/soc_dag.py
[2024-05-27T17:20:48.901+0000] {processor.py:183} INFO - Processing /opt/airflow/dags/soc_dag.py took 0.025 seconds
[2024-05-27T17:21:19.375+0000] {processor.py:161} INFO - Started process (PID=607) to work on /opt/airflow/dags/soc_dag.py
[2024-05-27T17:21:19.376+0000] {processor.py:830} INFO - Processing file /opt/airflow/dags/soc_dag.py for tasks to queue
[2024-05-27T17:21:19.378+0000] {logging_mixin.py:188} INFO - [2024-05-27T17:21:19.378+0000] {dagbag.py:545} INFO - Filling up the DagBag from /opt/airflow/dags/soc_dag.py
[2024-05-27T17:21:19.381+0000] {processor.py:842} WARNING - No viable dags retrieved from /opt/airflow/dags/soc_dag.py
[2024-05-27T17:21:19.392+0000] {processor.py:183} INFO - Processing /opt/airflow/dags/soc_dag.py took 0.023 seconds
[2024-05-27T17:21:49.835+0000] {processor.py:161} INFO - Started process (PID=622) to work on /opt/airflow/dags/soc_dag.py
[2024-05-27T17:21:49.837+0000] {processor.py:830} INFO - Processing file /opt/airflow/dags/soc_dag.py for tasks to queue
[2024-05-27T17:21:49.839+0000] {logging_mixin.py:188} INFO - [2024-05-27T17:21:49.838+0000] {dagbag.py:545} INFO - Filling up the DagBag from /opt/airflow/dags/soc_dag.py
[2024-05-27T17:21:49.841+0000] {processor.py:842} WARNING - No viable dags retrieved from /opt/airflow/dags/soc_dag.py
[2024-05-27T17:21:49.854+0000] {processor.py:183} INFO - Processing /opt/airflow/dags/soc_dag.py took 0.025 seconds
[2024-05-27T23:24:43.115+0000] {processor.py:161} INFO - Started process (PID=170) to work on /opt/airflow/dags/soc_dag.py
[2024-05-27T23:24:43.121+0000] {processor.py:830} INFO - Processing file /opt/airflow/dags/soc_dag.py for tasks to queue
[2024-05-27T23:24:43.123+0000] {logging_mixin.py:188} INFO - [2024-05-27T23:24:43.123+0000] {dagbag.py:545} INFO - Filling up the DagBag from /opt/airflow/dags/soc_dag.py
[2024-05-27T23:24:43.129+0000] {processor.py:842} WARNING - No viable dags retrieved from /opt/airflow/dags/soc_dag.py
[2024-05-27T23:24:43.153+0000] {processor.py:183} INFO - Processing /opt/airflow/dags/soc_dag.py took 0.041 seconds
[2024-05-27T23:25:13.512+0000] {processor.py:161} INFO - Started process (PID=185) to work on /opt/airflow/dags/soc_dag.py
[2024-05-27T23:25:13.513+0000] {processor.py:830} INFO - Processing file /opt/airflow/dags/soc_dag.py for tasks to queue
[2024-05-27T23:25:13.515+0000] {logging_mixin.py:188} INFO - [2024-05-27T23:25:13.515+0000] {dagbag.py:545} INFO - Filling up the DagBag from /opt/airflow/dags/soc_dag.py
[2024-05-27T23:25:13.519+0000] {processor.py:842} WARNING - No viable dags retrieved from /opt/airflow/dags/soc_dag.py
[2024-05-27T23:25:13.535+0000] {processor.py:183} INFO - Processing /opt/airflow/dags/soc_dag.py took 0.029 seconds
[2024-05-27T23:25:43.932+0000] {processor.py:161} INFO - Started process (PID=200) to work on /opt/airflow/dags/soc_dag.py
[2024-05-27T23:25:43.933+0000] {processor.py:830} INFO - Processing file /opt/airflow/dags/soc_dag.py for tasks to queue
[2024-05-27T23:25:43.936+0000] {logging_mixin.py:188} INFO - [2024-05-27T23:25:43.935+0000] {dagbag.py:545} INFO - Filling up the DagBag from /opt/airflow/dags/soc_dag.py
[2024-05-27T23:25:43.939+0000] {processor.py:842} WARNING - No viable dags retrieved from /opt/airflow/dags/soc_dag.py
[2024-05-27T23:25:43.955+0000] {processor.py:183} INFO - Processing /opt/airflow/dags/soc_dag.py took 0.027 seconds
[2024-05-27T23:26:14.344+0000] {processor.py:161} INFO - Started process (PID=215) to work on /opt/airflow/dags/soc_dag.py
[2024-05-27T23:26:14.344+0000] {processor.py:830} INFO - Processing file /opt/airflow/dags/soc_dag.py for tasks to queue
[2024-05-27T23:26:14.345+0000] {logging_mixin.py:188} INFO - [2024-05-27T23:26:14.345+0000] {dagbag.py:545} INFO - Filling up the DagBag from /opt/airflow/dags/soc_dag.py
[2024-05-27T23:26:14.348+0000] {processor.py:842} WARNING - No viable dags retrieved from /opt/airflow/dags/soc_dag.py
[2024-05-27T23:26:14.358+0000] {processor.py:183} INFO - Processing /opt/airflow/dags/soc_dag.py took 0.019 seconds
[2024-05-27T23:26:44.756+0000] {processor.py:161} INFO - Started process (PID=229) to work on /opt/airflow/dags/soc_dag.py
[2024-05-27T23:26:44.757+0000] {processor.py:830} INFO - Processing file /opt/airflow/dags/soc_dag.py for tasks to queue
[2024-05-27T23:26:44.760+0000] {logging_mixin.py:188} INFO - [2024-05-27T23:26:44.759+0000] {dagbag.py:545} INFO - Filling up the DagBag from /opt/airflow/dags/soc_dag.py
[2024-05-27T23:26:44.762+0000] {processor.py:842} WARNING - No viable dags retrieved from /opt/airflow/dags/soc_dag.py
[2024-05-27T23:26:44.776+0000] {processor.py:183} INFO - Processing /opt/airflow/dags/soc_dag.py took 0.025 seconds
[2024-05-27T23:27:15.196+0000] {processor.py:161} INFO - Started process (PID=245) to work on /opt/airflow/dags/soc_dag.py
[2024-05-27T23:27:15.197+0000] {processor.py:830} INFO - Processing file /opt/airflow/dags/soc_dag.py for tasks to queue
[2024-05-27T23:27:15.199+0000] {logging_mixin.py:188} INFO - [2024-05-27T23:27:15.199+0000] {dagbag.py:545} INFO - Filling up the DagBag from /opt/airflow/dags/soc_dag.py
[2024-05-27T23:27:15.203+0000] {processor.py:842} WARNING - No viable dags retrieved from /opt/airflow/dags/soc_dag.py
[2024-05-27T23:27:15.219+0000] {processor.py:183} INFO - Processing /opt/airflow/dags/soc_dag.py took 0.029 seconds
[2024-05-27T23:27:45.631+0000] {processor.py:161} INFO - Started process (PID=268) to work on /opt/airflow/dags/soc_dag.py
[2024-05-27T23:27:45.631+0000] {processor.py:830} INFO - Processing file /opt/airflow/dags/soc_dag.py for tasks to queue
[2024-05-27T23:27:45.632+0000] {logging_mixin.py:188} INFO - [2024-05-27T23:27:45.632+0000] {dagbag.py:545} INFO - Filling up the DagBag from /opt/airflow/dags/soc_dag.py
[2024-05-27T23:27:45.634+0000] {processor.py:842} WARNING - No viable dags retrieved from /opt/airflow/dags/soc_dag.py
[2024-05-27T23:27:45.646+0000] {processor.py:183} INFO - Processing /opt/airflow/dags/soc_dag.py took 0.018 seconds
[2024-05-27T23:28:16.039+0000] {processor.py:161} INFO - Started process (PID=283) to work on /opt/airflow/dags/soc_dag.py
[2024-05-27T23:28:16.040+0000] {processor.py:830} INFO - Processing file /opt/airflow/dags/soc_dag.py for tasks to queue
[2024-05-27T23:28:16.042+0000] {logging_mixin.py:188} INFO - [2024-05-27T23:28:16.041+0000] {dagbag.py:545} INFO - Filling up the DagBag from /opt/airflow/dags/soc_dag.py
[2024-05-27T23:28:16.044+0000] {processor.py:842} WARNING - No viable dags retrieved from /opt/airflow/dags/soc_dag.py
[2024-05-27T23:28:16.055+0000] {processor.py:183} INFO - Processing /opt/airflow/dags/soc_dag.py took 0.021 seconds
[2024-05-27T23:28:46.434+0000] {processor.py:161} INFO - Started process (PID=298) to work on /opt/airflow/dags/soc_dag.py
[2024-05-27T23:28:46.435+0000] {processor.py:830} INFO - Processing file /opt/airflow/dags/soc_dag.py for tasks to queue
[2024-05-27T23:28:46.437+0000] {logging_mixin.py:188} INFO - [2024-05-27T23:28:46.437+0000] {dagbag.py:545} INFO - Filling up the DagBag from /opt/airflow/dags/soc_dag.py
[2024-05-27T23:28:46.440+0000] {processor.py:842} WARNING - No viable dags retrieved from /opt/airflow/dags/soc_dag.py
[2024-05-27T23:28:46.455+0000] {processor.py:183} INFO - Processing /opt/airflow/dags/soc_dag.py took 0.025 seconds
[2024-05-27T23:29:17.113+0000] {processor.py:161} INFO - Started process (PID=312) to work on /opt/airflow/dags/soc_dag.py
[2024-05-27T23:29:17.115+0000] {processor.py:830} INFO - Processing file /opt/airflow/dags/soc_dag.py for tasks to queue
[2024-05-27T23:29:17.117+0000] {logging_mixin.py:188} INFO - [2024-05-27T23:29:17.116+0000] {dagbag.py:545} INFO - Filling up the DagBag from /opt/airflow/dags/soc_dag.py
[2024-05-27T23:29:17.120+0000] {processor.py:842} WARNING - No viable dags retrieved from /opt/airflow/dags/soc_dag.py
[2024-05-27T23:29:17.135+0000] {processor.py:183} INFO - Processing /opt/airflow/dags/soc_dag.py took 0.029 seconds
