[2024-05-27T17:02:49.736+0000] {processor.py:161} INFO - Started process (PID=175) to work on /opt/airflow/dags/old/analysis_old.py
[2024-05-27T17:02:49.738+0000] {processor.py:830} INFO - Processing file /opt/airflow/dags/old/analysis_old.py for tasks to queue
[2024-05-27T17:02:49.741+0000] {logging_mixin.py:188} INFO - [2024-05-27T17:02:49.741+0000] {dagbag.py:545} INFO - Filling up the DagBag from /opt/airflow/dags/old/analysis_old.py
[2024-05-27T17:02:49.795+0000] {processor.py:840} INFO - DAG(s) 'domain_analysis_full' retrieved from /opt/airflow/dags/old/analysis_old.py
[2024-05-27T17:02:49.805+0000] {logging_mixin.py:188} INFO - [2024-05-27T17:02:49.805+0000] {dag.py:3096} INFO - Sync 1 DAGs
[2024-05-27T17:02:49.836+0000] {processor.py:183} INFO - Processing /opt/airflow/dags/old/analysis_old.py took 0.103 seconds
[2024-05-27T17:03:20.504+0000] {processor.py:161} INFO - Started process (PID=190) to work on /opt/airflow/dags/old/analysis_old.py
[2024-05-27T17:03:20.507+0000] {processor.py:830} INFO - Processing file /opt/airflow/dags/old/analysis_old.py for tasks to queue
[2024-05-27T17:03:20.512+0000] {logging_mixin.py:188} INFO - [2024-05-27T17:03:20.511+0000] {dagbag.py:545} INFO - Filling up the DagBag from /opt/airflow/dags/old/analysis_old.py
[2024-05-27T17:03:20.699+0000] {processor.py:840} INFO - DAG(s) 'domain_analysis_full' retrieved from /opt/airflow/dags/old/analysis_old.py
[2024-05-27T17:03:20.982+0000] {logging_mixin.py:188} INFO - [2024-05-27T17:03:20.981+0000] {dag.py:3096} INFO - Sync 1 DAGs
[2024-05-27T17:03:21.080+0000] {processor.py:183} INFO - Processing /opt/airflow/dags/old/analysis_old.py took 0.590 seconds
[2024-05-27T17:03:51.718+0000] {processor.py:161} INFO - Started process (PID=205) to work on /opt/airflow/dags/old/analysis_old.py
[2024-05-27T17:03:51.719+0000] {processor.py:830} INFO - Processing file /opt/airflow/dags/old/analysis_old.py for tasks to queue
[2024-05-27T17:03:51.723+0000] {logging_mixin.py:188} INFO - [2024-05-27T17:03:51.723+0000] {dagbag.py:545} INFO - Filling up the DagBag from /opt/airflow/dags/old/analysis_old.py
[2024-05-27T17:03:51.825+0000] {processor.py:840} INFO - DAG(s) 'domain_analysis_full' retrieved from /opt/airflow/dags/old/analysis_old.py
[2024-05-27T17:03:52.000+0000] {logging_mixin.py:188} INFO - [2024-05-27T17:03:52.000+0000] {dag.py:3096} INFO - Sync 1 DAGs
[2024-05-27T17:03:52.048+0000] {processor.py:183} INFO - Processing /opt/airflow/dags/old/analysis_old.py took 0.337 seconds
[2024-05-27T17:04:22.308+0000] {processor.py:161} INFO - Started process (PID=220) to work on /opt/airflow/dags/old/analysis_old.py
[2024-05-27T17:04:22.309+0000] {processor.py:830} INFO - Processing file /opt/airflow/dags/old/analysis_old.py for tasks to queue
[2024-05-27T17:04:22.310+0000] {logging_mixin.py:188} INFO - [2024-05-27T17:04:22.310+0000] {dagbag.py:545} INFO - Filling up the DagBag from /opt/airflow/dags/old/analysis_old.py
[2024-05-27T17:04:22.359+0000] {processor.py:840} INFO - DAG(s) 'domain_analysis_full' retrieved from /opt/airflow/dags/old/analysis_old.py
[2024-05-27T17:04:22.379+0000] {logging_mixin.py:188} INFO - [2024-05-27T17:04:22.379+0000] {dag.py:3096} INFO - Sync 1 DAGs
[2024-05-27T17:04:22.405+0000] {processor.py:183} INFO - Processing /opt/airflow/dags/old/analysis_old.py took 0.101 seconds
[2024-05-27T17:04:52.985+0000] {processor.py:161} INFO - Started process (PID=235) to work on /opt/airflow/dags/old/analysis_old.py
[2024-05-27T17:04:52.986+0000] {processor.py:830} INFO - Processing file /opt/airflow/dags/old/analysis_old.py for tasks to queue
[2024-05-27T17:04:52.989+0000] {logging_mixin.py:188} INFO - [2024-05-27T17:04:52.989+0000] {dagbag.py:545} INFO - Filling up the DagBag from /opt/airflow/dags/old/analysis_old.py
[2024-05-27T17:04:53.054+0000] {processor.py:840} INFO - DAG(s) 'domain_analysis_full' retrieved from /opt/airflow/dags/old/analysis_old.py
[2024-05-27T17:04:53.134+0000] {logging_mixin.py:188} INFO - [2024-05-27T17:04:53.133+0000] {dag.py:3096} INFO - Sync 1 DAGs
[2024-05-27T17:04:53.165+0000] {processor.py:183} INFO - Processing /opt/airflow/dags/old/analysis_old.py took 0.186 seconds
[2024-05-27T17:05:23.509+0000] {processor.py:161} INFO - Started process (PID=250) to work on /opt/airflow/dags/old/analysis_old.py
[2024-05-27T17:05:23.510+0000] {processor.py:830} INFO - Processing file /opt/airflow/dags/old/analysis_old.py for tasks to queue
[2024-05-27T17:05:23.513+0000] {logging_mixin.py:188} INFO - [2024-05-27T17:05:23.512+0000] {dagbag.py:545} INFO - Filling up the DagBag from /opt/airflow/dags/old/analysis_old.py
[2024-05-27T17:05:23.564+0000] {processor.py:840} INFO - DAG(s) 'domain_analysis_full' retrieved from /opt/airflow/dags/old/analysis_old.py
[2024-05-27T17:05:23.586+0000] {logging_mixin.py:188} INFO - [2024-05-27T17:05:23.586+0000] {dag.py:3096} INFO - Sync 1 DAGs
[2024-05-27T17:05:23.622+0000] {processor.py:183} INFO - Processing /opt/airflow/dags/old/analysis_old.py took 0.119 seconds
[2024-05-27T17:05:53.965+0000] {processor.py:161} INFO - Started process (PID=265) to work on /opt/airflow/dags/old/analysis_old.py
[2024-05-27T17:05:53.966+0000] {processor.py:830} INFO - Processing file /opt/airflow/dags/old/analysis_old.py for tasks to queue
[2024-05-27T17:05:53.968+0000] {logging_mixin.py:188} INFO - [2024-05-27T17:05:53.968+0000] {dagbag.py:545} INFO - Filling up the DagBag from /opt/airflow/dags/old/analysis_old.py
[2024-05-27T17:05:54.016+0000] {processor.py:840} INFO - DAG(s) 'domain_analysis_full' retrieved from /opt/airflow/dags/old/analysis_old.py
[2024-05-27T17:05:54.085+0000] {logging_mixin.py:188} INFO - [2024-05-27T17:05:54.085+0000] {dag.py:3096} INFO - Sync 1 DAGs
[2024-05-27T17:05:54.097+0000] {logging_mixin.py:188} INFO - [2024-05-27T17:05:54.097+0000] {dag.py:3954} INFO - Setting next_dagrun for domain_analysis_full to 2023-01-01 00:00:00+00:00, run_after=2023-01-01 01:00:00+00:00
[2024-05-27T17:05:54.439+0000] {logging_mixin.py:188} INFO - [2024-05-27T17:05:54.433+0000] {dagbag.py:654} ERROR - Failed to write serialized DAG: /opt/airflow/dags/old/analysis_old.py
Traceback (most recent call last):
  File "/home/airflow/.local/lib/python3.12/site-packages/airflow/models/dagbag.py", line 642, in _serialize_dag_capturing_errors
    dag_was_updated = SerializedDagModel.write_dag(
                      ^^^^^^^^^^^^^^^^^^^^^^^^^^^^^
  File "/home/airflow/.local/lib/python3.12/site-packages/airflow/utils/session.py", line 76, in wrapper
    return func(*args, **kwargs)
           ^^^^^^^^^^^^^^^^^^^^^
  File "/home/airflow/.local/lib/python3.12/site-packages/airflow/models/serialized_dag.py", line 158, in write_dag
    if session.scalar(
       ^^^^^^^^^^^^^^^
  File "/home/airflow/.local/lib/python3.12/site-packages/sqlalchemy/orm/session.py", line 1747, in scalar
    return self.execute(
           ^^^^^^^^^^^^^
  File "/home/airflow/.local/lib/python3.12/site-packages/sqlalchemy/orm/session.py", line 1716, in execute
    conn = self._connection_for_bind(bind)
           ^^^^^^^^^^^^^^^^^^^^^^^^^^^^^^^
  File "/home/airflow/.local/lib/python3.12/site-packages/sqlalchemy/orm/session.py", line 1555, in _connection_for_bind
    return self._transaction._connection_for_bind(
           ^^^^^^^^^^^^^^^^^^^^^^^^^^^^^^^^^^^^^^^
  File "/home/airflow/.local/lib/python3.12/site-packages/sqlalchemy/orm/session.py", line 724, in _connection_for_bind
    self._assert_active()
  File "/home/airflow/.local/lib/python3.12/site-packages/sqlalchemy/orm/session.py", line 604, in _assert_active
    raise sa_exc.PendingRollbackError(
sqlalchemy.exc.PendingRollbackError: This Session's transaction has been rolled back due to a previous exception during flush. To begin a new transaction with this Session, first issue Session.rollback(). Original exception was: (psycopg2.errors.UniqueViolation) duplicate key value violates unique constraint "serialized_dag_pkey"
DETAIL:  Key (dag_id)=(domain_analysis_full) already exists.

[SQL: INSERT INTO serialized_dag (dag_id, fileloc, fileloc_hash, data, data_compressed, last_updated, dag_hash, processor_subdir) VALUES (%(dag_id)s, %(fileloc)s, %(fileloc_hash)s, %(data)s, %(data_compressed)s, %(last_updated)s, %(dag_hash)s, %(processor_subdir)s)]
[parameters: {'dag_id': 'domain_analysis_full', 'fileloc': '/opt/airflow/dags/old/analysis_old.py', 'fileloc_hash': 35010018778013530, 'data': '{"__version": 1, "dag": {"max_active_runs": 1, "default_args": {"__var": {"owner": "airflow", "depends_on_past": false, "start_date": {"__var": 16725 ... (2140 characters truncated) ... onOperator", "_task_module": "airflow.operators.python", "_is_empty": false, "op_args": [], "op_kwargs": {}}], "dag_dependencies": [], "params": {}}}', 'data_compressed': None, 'last_updated': datetime.datetime(2024, 5, 27, 17, 5, 54, 26695, tzinfo=Timezone('UTC')), 'dag_hash': '74d5da55bc0dac291724d2bf5e2dd5fc', 'processor_subdir': '/opt/airflow/dags'}]
(Background on this error at: https://sqlalche.me/e/14/gkpj) (Background on this error at: https://sqlalche.me/e/14/7s2a)
[2024-05-27T17:05:54.441+0000] {logging_mixin.py:188} INFO - [2024-05-27T17:05:54.441+0000] {dag.py:3096} INFO - Sync 1 DAGs
[2024-05-27T17:05:54.443+0000] {processor.py:186} ERROR - Got an exception! Propagating...
Traceback (most recent call last):
  File "/home/airflow/.local/lib/python3.12/site-packages/airflow/dag_processing/processor.py", line 182, in _run_file_processor
    _handle_dag_file_processing()
  File "/home/airflow/.local/lib/python3.12/site-packages/airflow/dag_processing/processor.py", line 163, in _handle_dag_file_processing
    result: tuple[int, int] = dag_file_processor.process_file(
                              ^^^^^^^^^^^^^^^^^^^^^^^^^^^^^^^^
  File "/home/airflow/.local/lib/python3.12/site-packages/airflow/utils/session.py", line 79, in wrapper
    return func(*args, session=session, **kwargs)
           ^^^^^^^^^^^^^^^^^^^^^^^^^^^^^^^^^^^^^^
  File "/home/airflow/.local/lib/python3.12/site-packages/airflow/dag_processing/processor.py", line 859, in process_file
    serialize_errors = DagFileProcessor.save_dag_to_db(
                       ^^^^^^^^^^^^^^^^^^^^^^^^^^^^^^^^
  File "/home/airflow/.local/lib/python3.12/site-packages/airflow/api_internal/internal_api_call.py", line 115, in wrapper
    return func(*args, **kwargs)
           ^^^^^^^^^^^^^^^^^^^^^
  File "/home/airflow/.local/lib/python3.12/site-packages/airflow/utils/session.py", line 79, in wrapper
    return func(*args, session=session, **kwargs)
           ^^^^^^^^^^^^^^^^^^^^^^^^^^^^^^^^^^^^^^
  File "/home/airflow/.local/lib/python3.12/site-packages/airflow/dag_processing/processor.py", line 895, in save_dag_to_db
    import_errors = DagBag._sync_to_db(dags=dags, processor_subdir=dag_directory, session=session)
                    ^^^^^^^^^^^^^^^^^^^^^^^^^^^^^^^^^^^^^^^^^^^^^^^^^^^^^^^^^^^^^^^^^^^^^^^^^^^^^^
  File "/home/airflow/.local/lib/python3.12/site-packages/airflow/utils/session.py", line 76, in wrapper
    return func(*args, **kwargs)
           ^^^^^^^^^^^^^^^^^^^^^
  File "/home/airflow/.local/lib/python3.12/site-packages/airflow/models/dagbag.py", line 664, in _sync_to_db
    for attempt in run_with_db_retries(logger=log):
  File "/home/airflow/.local/lib/python3.12/site-packages/tenacity/__init__.py", line 347, in __iter__
    do = self.iter(retry_state=retry_state)
         ^^^^^^^^^^^^^^^^^^^^^^^^^^^^^^^^^^
  File "/home/airflow/.local/lib/python3.12/site-packages/tenacity/__init__.py", line 314, in iter
    return fut.result()
           ^^^^^^^^^^^^
  File "/usr/local/lib/python3.12/concurrent/futures/_base.py", line 449, in result
    return self.__get_result()
           ^^^^^^^^^^^^^^^^^^^
  File "/usr/local/lib/python3.12/concurrent/futures/_base.py", line 401, in __get_result
    raise self._exception
  File "/home/airflow/.local/lib/python3.12/site-packages/airflow/models/dagbag.py", line 680, in _sync_to_db
    DAG.bulk_write_to_db(dags.values(), processor_subdir=processor_subdir, session=session)
  File "/home/airflow/.local/lib/python3.12/site-packages/airflow/utils/session.py", line 76, in wrapper
    return func(*args, **kwargs)
           ^^^^^^^^^^^^^^^^^^^^^
  File "/home/airflow/.local/lib/python3.12/site-packages/airflow/models/dag.py", line 3108, in bulk_write_to_db
    orm_dags: list[DagModel] = session.scalars(query).unique().all()
                               ^^^^^^^^^^^^^^^^^^^^^^
  File "/home/airflow/.local/lib/python3.12/site-packages/sqlalchemy/orm/session.py", line 1778, in scalars
    return self.execute(
           ^^^^^^^^^^^^^
  File "/home/airflow/.local/lib/python3.12/site-packages/sqlalchemy/orm/session.py", line 1716, in execute
    conn = self._connection_for_bind(bind)
           ^^^^^^^^^^^^^^^^^^^^^^^^^^^^^^^
  File "/home/airflow/.local/lib/python3.12/site-packages/sqlalchemy/orm/session.py", line 1555, in _connection_for_bind
    return self._transaction._connection_for_bind(
           ^^^^^^^^^^^^^^^^^^^^^^^^^^^^^^^^^^^^^^^
  File "/home/airflow/.local/lib/python3.12/site-packages/sqlalchemy/orm/session.py", line 724, in _connection_for_bind
    self._assert_active()
  File "/home/airflow/.local/lib/python3.12/site-packages/sqlalchemy/orm/session.py", line 604, in _assert_active
    raise sa_exc.PendingRollbackError(
sqlalchemy.exc.PendingRollbackError: This Session's transaction has been rolled back due to a previous exception during flush. To begin a new transaction with this Session, first issue Session.rollback(). Original exception was: (psycopg2.errors.UniqueViolation) duplicate key value violates unique constraint "serialized_dag_pkey"
DETAIL:  Key (dag_id)=(domain_analysis_full) already exists.

[SQL: INSERT INTO serialized_dag (dag_id, fileloc, fileloc_hash, data, data_compressed, last_updated, dag_hash, processor_subdir) VALUES (%(dag_id)s, %(fileloc)s, %(fileloc_hash)s, %(data)s, %(data_compressed)s, %(last_updated)s, %(dag_hash)s, %(processor_subdir)s)]
[parameters: {'dag_id': 'domain_analysis_full', 'fileloc': '/opt/airflow/dags/old/analysis_old.py', 'fileloc_hash': 35010018778013530, 'data': '{"__version": 1, "dag": {"max_active_runs": 1, "default_args": {"__var": {"owner": "airflow", "depends_on_past": false, "start_date": {"__var": 16725 ... (2140 characters truncated) ... onOperator", "_task_module": "airflow.operators.python", "_is_empty": false, "op_args": [], "op_kwargs": {}}], "dag_dependencies": [], "params": {}}}', 'data_compressed': None, 'last_updated': datetime.datetime(2024, 5, 27, 17, 5, 54, 26695, tzinfo=Timezone('UTC')), 'dag_hash': '74d5da55bc0dac291724d2bf5e2dd5fc', 'processor_subdir': '/opt/airflow/dags'}]
(Background on this error at: https://sqlalche.me/e/14/gkpj) (Background on this error at: https://sqlalche.me/e/14/7s2a)
[2024-05-27T17:07:36.143+0000] {processor.py:161} INFO - Started process (PID=175) to work on /opt/airflow/dags/old/analysis_old.py
[2024-05-27T17:07:36.145+0000] {processor.py:830} INFO - Processing file /opt/airflow/dags/old/analysis_old.py for tasks to queue
[2024-05-27T17:07:36.147+0000] {logging_mixin.py:188} INFO - [2024-05-27T17:07:36.147+0000] {dagbag.py:545} INFO - Filling up the DagBag from /opt/airflow/dags/old/analysis_old.py
[2024-05-27T17:07:36.207+0000] {processor.py:840} INFO - DAG(s) 'domain_analysis_full' retrieved from /opt/airflow/dags/old/analysis_old.py
[2024-05-27T17:07:36.218+0000] {logging_mixin.py:188} INFO - [2024-05-27T17:07:36.218+0000] {dag.py:3096} INFO - Sync 1 DAGs
[2024-05-27T17:07:36.246+0000] {logging_mixin.py:188} INFO - [2024-05-27T17:07:36.246+0000] {dag.py:3954} INFO - Setting next_dagrun for domain_analysis_full to 2023-01-01 00:00:00+00:00, run_after=2023-01-01 01:00:00+00:00
[2024-05-27T17:07:36.270+0000] {processor.py:183} INFO - Processing /opt/airflow/dags/old/analysis_old.py took 0.133 seconds
[2024-05-27T17:08:06.872+0000] {processor.py:161} INFO - Started process (PID=190) to work on /opt/airflow/dags/old/analysis_old.py
[2024-05-27T17:08:06.874+0000] {processor.py:830} INFO - Processing file /opt/airflow/dags/old/analysis_old.py for tasks to queue
[2024-05-27T17:08:06.877+0000] {logging_mixin.py:188} INFO - [2024-05-27T17:08:06.877+0000] {dagbag.py:545} INFO - Filling up the DagBag from /opt/airflow/dags/old/analysis_old.py
[2024-05-27T17:08:06.992+0000] {processor.py:840} INFO - DAG(s) 'domain_analysis_full' retrieved from /opt/airflow/dags/old/analysis_old.py
[2024-05-27T17:08:07.270+0000] {logging_mixin.py:188} INFO - [2024-05-27T17:08:07.270+0000] {dag.py:3096} INFO - Sync 1 DAGs
[2024-05-27T17:08:07.327+0000] {logging_mixin.py:188} INFO - [2024-05-27T17:08:07.327+0000] {dag.py:3954} INFO - Setting next_dagrun for domain_analysis_full to 2023-01-01 00:00:00+00:00, run_after=2023-01-01 01:00:00+00:00
[2024-05-27T17:08:07.358+0000] {processor.py:183} INFO - Processing /opt/airflow/dags/old/analysis_old.py took 0.495 seconds
[2024-05-27T17:08:37.984+0000] {processor.py:161} INFO - Started process (PID=205) to work on /opt/airflow/dags/old/analysis_old.py
[2024-05-27T17:08:37.986+0000] {processor.py:830} INFO - Processing file /opt/airflow/dags/old/analysis_old.py for tasks to queue
[2024-05-27T17:08:37.988+0000] {logging_mixin.py:188} INFO - [2024-05-27T17:08:37.987+0000] {dagbag.py:545} INFO - Filling up the DagBag from /opt/airflow/dags/old/analysis_old.py
[2024-05-27T17:08:38.047+0000] {processor.py:840} INFO - DAG(s) 'domain_analysis_full' retrieved from /opt/airflow/dags/old/analysis_old.py
[2024-05-27T17:08:38.079+0000] {logging_mixin.py:188} INFO - [2024-05-27T17:08:38.078+0000] {dag.py:3096} INFO - Sync 1 DAGs
[2024-05-27T17:08:38.105+0000] {logging_mixin.py:188} INFO - [2024-05-27T17:08:38.105+0000] {dag.py:3954} INFO - Setting next_dagrun for domain_analysis_full to 2023-01-01 00:00:00+00:00, run_after=2023-01-01 01:00:00+00:00
[2024-05-27T17:08:38.126+0000] {processor.py:183} INFO - Processing /opt/airflow/dags/old/analysis_old.py took 0.149 seconds
[2024-05-27T17:09:08.432+0000] {processor.py:161} INFO - Started process (PID=220) to work on /opt/airflow/dags/old/analysis_old.py
[2024-05-27T17:09:08.437+0000] {processor.py:830} INFO - Processing file /opt/airflow/dags/old/analysis_old.py for tasks to queue
[2024-05-27T17:09:08.440+0000] {logging_mixin.py:188} INFO - [2024-05-27T17:09:08.440+0000] {dagbag.py:545} INFO - Filling up the DagBag from /opt/airflow/dags/old/analysis_old.py
[2024-05-27T17:09:08.483+0000] {processor.py:840} INFO - DAG(s) 'domain_analysis_full' retrieved from /opt/airflow/dags/old/analysis_old.py
[2024-05-27T17:09:08.553+0000] {logging_mixin.py:188} INFO - [2024-05-27T17:09:08.553+0000] {dag.py:3096} INFO - Sync 1 DAGs
[2024-05-27T17:09:08.565+0000] {logging_mixin.py:188} INFO - [2024-05-27T17:09:08.565+0000] {dag.py:3954} INFO - Setting next_dagrun for domain_analysis_full to 2023-01-01 00:00:00+00:00, run_after=2023-01-01 01:00:00+00:00
[2024-05-27T17:09:08.574+0000] {processor.py:183} INFO - Processing /opt/airflow/dags/old/analysis_old.py took 0.147 seconds
[2024-05-27T17:09:38.918+0000] {processor.py:161} INFO - Started process (PID=235) to work on /opt/airflow/dags/old/analysis_old.py
[2024-05-27T17:09:38.920+0000] {processor.py:830} INFO - Processing file /opt/airflow/dags/old/analysis_old.py for tasks to queue
[2024-05-27T17:09:38.924+0000] {logging_mixin.py:188} INFO - [2024-05-27T17:09:38.924+0000] {dagbag.py:545} INFO - Filling up the DagBag from /opt/airflow/dags/old/analysis_old.py
[2024-05-27T17:09:38.975+0000] {processor.py:840} INFO - DAG(s) 'domain_analysis_full' retrieved from /opt/airflow/dags/old/analysis_old.py
[2024-05-27T17:09:39.003+0000] {logging_mixin.py:188} INFO - [2024-05-27T17:09:39.003+0000] {dag.py:3096} INFO - Sync 1 DAGs
[2024-05-27T17:09:39.039+0000] {logging_mixin.py:188} INFO - [2024-05-27T17:09:39.039+0000] {dag.py:3954} INFO - Setting next_dagrun for domain_analysis_full to 2023-01-01 00:00:00+00:00, run_after=2023-01-01 01:00:00+00:00
[2024-05-27T17:09:39.049+0000] {processor.py:183} INFO - Processing /opt/airflow/dags/old/analysis_old.py took 0.146 seconds
[2024-05-27T17:10:09.368+0000] {processor.py:161} INFO - Started process (PID=254) to work on /opt/airflow/dags/old/analysis_old.py
[2024-05-27T17:10:09.368+0000] {processor.py:830} INFO - Processing file /opt/airflow/dags/old/analysis_old.py for tasks to queue
[2024-05-27T17:10:09.370+0000] {logging_mixin.py:188} INFO - [2024-05-27T17:10:09.369+0000] {dagbag.py:545} INFO - Filling up the DagBag from /opt/airflow/dags/old/analysis_old.py
[2024-05-27T17:10:09.409+0000] {processor.py:840} INFO - DAG(s) 'domain_analysis_full' retrieved from /opt/airflow/dags/old/analysis_old.py
[2024-05-27T17:10:09.472+0000] {logging_mixin.py:188} INFO - [2024-05-27T17:10:09.472+0000] {dag.py:3096} INFO - Sync 1 DAGs
[2024-05-27T17:10:09.483+0000] {logging_mixin.py:188} INFO - [2024-05-27T17:10:09.482+0000] {dag.py:3954} INFO - Setting next_dagrun for domain_analysis_full to 2023-01-01 01:00:00+00:00, run_after=2023-01-01 02:00:00+00:00
[2024-05-27T17:10:09.490+0000] {processor.py:183} INFO - Processing /opt/airflow/dags/old/analysis_old.py took 0.127 seconds
[2024-05-27T17:10:39.755+0000] {processor.py:161} INFO - Started process (PID=297) to work on /opt/airflow/dags/old/analysis_old.py
[2024-05-27T17:10:39.755+0000] {processor.py:830} INFO - Processing file /opt/airflow/dags/old/analysis_old.py for tasks to queue
[2024-05-27T17:10:39.756+0000] {logging_mixin.py:188} INFO - [2024-05-27T17:10:39.756+0000] {dagbag.py:545} INFO - Filling up the DagBag from /opt/airflow/dags/old/analysis_old.py
[2024-05-27T17:10:39.789+0000] {processor.py:840} INFO - DAG(s) 'domain_analysis_full' retrieved from /opt/airflow/dags/old/analysis_old.py
[2024-05-27T17:10:39.806+0000] {logging_mixin.py:188} INFO - [2024-05-27T17:10:39.806+0000] {dag.py:3096} INFO - Sync 1 DAGs
[2024-05-27T17:10:39.821+0000] {logging_mixin.py:188} INFO - [2024-05-27T17:10:39.820+0000] {dag.py:3954} INFO - Setting next_dagrun for domain_analysis_full to 2023-01-01 07:00:00+00:00, run_after=2023-01-01 08:00:00+00:00
[2024-05-27T17:10:39.828+0000] {processor.py:183} INFO - Processing /opt/airflow/dags/old/analysis_old.py took 0.076 seconds
[2024-05-27T17:11:10.158+0000] {processor.py:161} INFO - Started process (PID=312) to work on /opt/airflow/dags/old/analysis_old.py
[2024-05-27T17:11:10.158+0000] {processor.py:830} INFO - Processing file /opt/airflow/dags/old/analysis_old.py for tasks to queue
[2024-05-27T17:11:10.159+0000] {logging_mixin.py:188} INFO - [2024-05-27T17:11:10.159+0000] {dagbag.py:545} INFO - Filling up the DagBag from /opt/airflow/dags/old/analysis_old.py
[2024-05-27T17:11:10.188+0000] {processor.py:840} INFO - DAG(s) 'domain_analysis_full' retrieved from /opt/airflow/dags/old/analysis_old.py
[2024-05-27T17:11:10.246+0000] {logging_mixin.py:188} INFO - [2024-05-27T17:11:10.245+0000] {dag.py:3096} INFO - Sync 1 DAGs
[2024-05-27T17:11:10.261+0000] {logging_mixin.py:188} INFO - [2024-05-27T17:11:10.261+0000] {dag.py:3954} INFO - Setting next_dagrun for domain_analysis_full to 2023-01-01 08:00:00+00:00, run_after=2023-01-01 09:00:00+00:00
[2024-05-27T17:11:10.269+0000] {processor.py:183} INFO - Processing /opt/airflow/dags/old/analysis_old.py took 0.114 seconds
[2024-05-27T17:11:40.555+0000] {processor.py:161} INFO - Started process (PID=327) to work on /opt/airflow/dags/old/analysis_old.py
[2024-05-27T17:11:40.556+0000] {processor.py:830} INFO - Processing file /opt/airflow/dags/old/analysis_old.py for tasks to queue
[2024-05-27T17:11:40.556+0000] {logging_mixin.py:188} INFO - [2024-05-27T17:11:40.556+0000] {dagbag.py:545} INFO - Filling up the DagBag from /opt/airflow/dags/old/analysis_old.py
[2024-05-27T17:11:40.585+0000] {processor.py:840} INFO - DAG(s) 'domain_analysis_full' retrieved from /opt/airflow/dags/old/analysis_old.py
[2024-05-27T17:11:40.598+0000] {logging_mixin.py:188} INFO - [2024-05-27T17:11:40.598+0000] {dag.py:3096} INFO - Sync 1 DAGs
[2024-05-27T17:11:40.613+0000] {logging_mixin.py:188} INFO - [2024-05-27T17:11:40.613+0000] {dag.py:3954} INFO - Setting next_dagrun for domain_analysis_full to 2023-01-01 08:00:00+00:00, run_after=2023-01-01 09:00:00+00:00
[2024-05-27T17:11:40.622+0000] {processor.py:183} INFO - Processing /opt/airflow/dags/old/analysis_old.py took 0.070 seconds
[2024-05-27T17:12:10.944+0000] {processor.py:161} INFO - Started process (PID=342) to work on /opt/airflow/dags/old/analysis_old.py
[2024-05-27T17:12:10.945+0000] {processor.py:830} INFO - Processing file /opt/airflow/dags/old/analysis_old.py for tasks to queue
[2024-05-27T17:12:10.946+0000] {logging_mixin.py:188} INFO - [2024-05-27T17:12:10.946+0000] {dagbag.py:545} INFO - Filling up the DagBag from /opt/airflow/dags/old/analysis_old.py
[2024-05-27T17:12:10.980+0000] {processor.py:840} INFO - DAG(s) 'domain_analysis_full' retrieved from /opt/airflow/dags/old/analysis_old.py
[2024-05-27T17:12:11.047+0000] {logging_mixin.py:188} INFO - [2024-05-27T17:12:11.047+0000] {dag.py:3096} INFO - Sync 1 DAGs
[2024-05-27T17:12:11.060+0000] {logging_mixin.py:188} INFO - [2024-05-27T17:12:11.060+0000] {dag.py:3954} INFO - Setting next_dagrun for domain_analysis_full to 2023-01-01 08:00:00+00:00, run_after=2023-01-01 09:00:00+00:00
[2024-05-27T17:12:11.071+0000] {processor.py:183} INFO - Processing /opt/airflow/dags/old/analysis_old.py took 0.131 seconds
[2024-05-27T17:12:41.403+0000] {processor.py:161} INFO - Started process (PID=357) to work on /opt/airflow/dags/old/analysis_old.py
[2024-05-27T17:12:41.404+0000] {processor.py:830} INFO - Processing file /opt/airflow/dags/old/analysis_old.py for tasks to queue
[2024-05-27T17:12:41.405+0000] {logging_mixin.py:188} INFO - [2024-05-27T17:12:41.405+0000] {dagbag.py:545} INFO - Filling up the DagBag from /opt/airflow/dags/old/analysis_old.py
[2024-05-27T17:12:41.442+0000] {processor.py:840} INFO - DAG(s) 'domain_analysis_full' retrieved from /opt/airflow/dags/old/analysis_old.py
[2024-05-27T17:12:41.460+0000] {logging_mixin.py:188} INFO - [2024-05-27T17:12:41.460+0000] {dag.py:3096} INFO - Sync 1 DAGs
[2024-05-27T17:12:41.474+0000] {logging_mixin.py:188} INFO - [2024-05-27T17:12:41.474+0000] {dag.py:3954} INFO - Setting next_dagrun for domain_analysis_full to 2023-01-01 08:00:00+00:00, run_after=2023-01-01 09:00:00+00:00
[2024-05-27T17:12:41.484+0000] {processor.py:183} INFO - Processing /opt/airflow/dags/old/analysis_old.py took 0.084 seconds
[2024-05-27T17:13:11.849+0000] {processor.py:161} INFO - Started process (PID=372) to work on /opt/airflow/dags/old/analysis_old.py
[2024-05-27T17:13:11.849+0000] {processor.py:830} INFO - Processing file /opt/airflow/dags/old/analysis_old.py for tasks to queue
[2024-05-27T17:13:11.851+0000] {logging_mixin.py:188} INFO - [2024-05-27T17:13:11.850+0000] {dagbag.py:545} INFO - Filling up the DagBag from /opt/airflow/dags/old/analysis_old.py
[2024-05-27T17:13:11.888+0000] {processor.py:840} INFO - DAG(s) 'domain_analysis_full' retrieved from /opt/airflow/dags/old/analysis_old.py
[2024-05-27T17:13:11.943+0000] {logging_mixin.py:188} INFO - [2024-05-27T17:13:11.943+0000] {dag.py:3096} INFO - Sync 1 DAGs
[2024-05-27T17:13:11.952+0000] {logging_mixin.py:188} INFO - [2024-05-27T17:13:11.952+0000] {dag.py:3954} INFO - Setting next_dagrun for domain_analysis_full to 2023-01-01 08:00:00+00:00, run_after=2023-01-01 09:00:00+00:00
[2024-05-27T17:13:11.961+0000] {processor.py:183} INFO - Processing /opt/airflow/dags/old/analysis_old.py took 0.116 seconds
[2024-05-27T17:13:42.281+0000] {processor.py:161} INFO - Started process (PID=387) to work on /opt/airflow/dags/old/analysis_old.py
[2024-05-27T17:13:42.282+0000] {processor.py:830} INFO - Processing file /opt/airflow/dags/old/analysis_old.py for tasks to queue
[2024-05-27T17:13:42.283+0000] {logging_mixin.py:188} INFO - [2024-05-27T17:13:42.283+0000] {dagbag.py:545} INFO - Filling up the DagBag from /opt/airflow/dags/old/analysis_old.py
[2024-05-27T17:13:42.316+0000] {processor.py:840} INFO - DAG(s) 'domain_analysis_full' retrieved from /opt/airflow/dags/old/analysis_old.py
[2024-05-27T17:13:42.331+0000] {logging_mixin.py:188} INFO - [2024-05-27T17:13:42.331+0000] {dag.py:3096} INFO - Sync 1 DAGs
[2024-05-27T17:13:42.349+0000] {logging_mixin.py:188} INFO - [2024-05-27T17:13:42.349+0000] {dag.py:3954} INFO - Setting next_dagrun for domain_analysis_full to 2023-01-01 08:00:00+00:00, run_after=2023-01-01 09:00:00+00:00
[2024-05-27T17:13:42.357+0000] {processor.py:183} INFO - Processing /opt/airflow/dags/old/analysis_old.py took 0.079 seconds
[2024-05-27T17:14:12.733+0000] {processor.py:161} INFO - Started process (PID=402) to work on /opt/airflow/dags/old/analysis_old.py
[2024-05-27T17:14:12.734+0000] {processor.py:830} INFO - Processing file /opt/airflow/dags/old/analysis_old.py for tasks to queue
[2024-05-27T17:14:12.736+0000] {logging_mixin.py:188} INFO - [2024-05-27T17:14:12.735+0000] {dagbag.py:545} INFO - Filling up the DagBag from /opt/airflow/dags/old/analysis_old.py
[2024-05-27T17:14:12.773+0000] {processor.py:840} INFO - DAG(s) 'domain_analysis_full' retrieved from /opt/airflow/dags/old/analysis_old.py
[2024-05-27T17:14:12.833+0000] {logging_mixin.py:188} INFO - [2024-05-27T17:14:12.833+0000] {dag.py:3096} INFO - Sync 1 DAGs
[2024-05-27T17:14:12.843+0000] {logging_mixin.py:188} INFO - [2024-05-27T17:14:12.843+0000] {dag.py:3954} INFO - Setting next_dagrun for domain_analysis_full to 2023-01-01 08:00:00+00:00, run_after=2023-01-01 09:00:00+00:00
[2024-05-27T17:14:12.851+0000] {processor.py:183} INFO - Processing /opt/airflow/dags/old/analysis_old.py took 0.122 seconds
[2024-05-27T17:14:43.275+0000] {processor.py:161} INFO - Started process (PID=417) to work on /opt/airflow/dags/old/analysis_old.py
[2024-05-27T17:14:43.276+0000] {processor.py:830} INFO - Processing file /opt/airflow/dags/old/analysis_old.py for tasks to queue
[2024-05-27T17:14:43.277+0000] {logging_mixin.py:188} INFO - [2024-05-27T17:14:43.277+0000] {dagbag.py:545} INFO - Filling up the DagBag from /opt/airflow/dags/old/analysis_old.py
[2024-05-27T17:14:43.319+0000] {processor.py:840} INFO - DAG(s) 'domain_analysis_full' retrieved from /opt/airflow/dags/old/analysis_old.py
[2024-05-27T17:14:43.336+0000] {logging_mixin.py:188} INFO - [2024-05-27T17:14:43.336+0000] {dag.py:3096} INFO - Sync 1 DAGs
[2024-05-27T17:14:43.349+0000] {logging_mixin.py:188} INFO - [2024-05-27T17:14:43.349+0000] {dag.py:3954} INFO - Setting next_dagrun for domain_analysis_full to 2023-01-01 08:00:00+00:00, run_after=2023-01-01 09:00:00+00:00
[2024-05-27T17:14:43.358+0000] {processor.py:183} INFO - Processing /opt/airflow/dags/old/analysis_old.py took 0.086 seconds
[2024-05-27T17:15:13.754+0000] {processor.py:161} INFO - Started process (PID=432) to work on /opt/airflow/dags/old/analysis_old.py
[2024-05-27T17:15:13.754+0000] {processor.py:830} INFO - Processing file /opt/airflow/dags/old/analysis_old.py for tasks to queue
[2024-05-27T17:15:13.755+0000] {logging_mixin.py:188} INFO - [2024-05-27T17:15:13.755+0000] {dagbag.py:545} INFO - Filling up the DagBag from /opt/airflow/dags/old/analysis_old.py
[2024-05-27T17:15:13.784+0000] {processor.py:840} INFO - DAG(s) 'domain_analysis_full' retrieved from /opt/airflow/dags/old/analysis_old.py
[2024-05-27T17:15:13.837+0000] {logging_mixin.py:188} INFO - [2024-05-27T17:15:13.837+0000] {dag.py:3096} INFO - Sync 1 DAGs
[2024-05-27T17:15:13.846+0000] {logging_mixin.py:188} INFO - [2024-05-27T17:15:13.846+0000] {dag.py:3954} INFO - Setting next_dagrun for domain_analysis_full to 2023-01-01 08:00:00+00:00, run_after=2023-01-01 09:00:00+00:00
[2024-05-27T17:15:13.855+0000] {processor.py:183} INFO - Processing /opt/airflow/dags/old/analysis_old.py took 0.104 seconds
[2024-05-27T17:15:44.197+0000] {processor.py:161} INFO - Started process (PID=447) to work on /opt/airflow/dags/old/analysis_old.py
[2024-05-27T17:15:44.198+0000] {processor.py:830} INFO - Processing file /opt/airflow/dags/old/analysis_old.py for tasks to queue
[2024-05-27T17:15:44.199+0000] {logging_mixin.py:188} INFO - [2024-05-27T17:15:44.199+0000] {dagbag.py:545} INFO - Filling up the DagBag from /opt/airflow/dags/old/analysis_old.py
[2024-05-27T17:15:44.234+0000] {processor.py:840} INFO - DAG(s) 'domain_analysis_full' retrieved from /opt/airflow/dags/old/analysis_old.py
[2024-05-27T17:15:44.249+0000] {logging_mixin.py:188} INFO - [2024-05-27T17:15:44.249+0000] {dag.py:3096} INFO - Sync 1 DAGs
[2024-05-27T17:15:44.272+0000] {logging_mixin.py:188} INFO - [2024-05-27T17:15:44.272+0000] {dag.py:3954} INFO - Setting next_dagrun for domain_analysis_full to 2023-01-01 08:00:00+00:00, run_after=2023-01-01 09:00:00+00:00
[2024-05-27T17:15:44.279+0000] {processor.py:183} INFO - Processing /opt/airflow/dags/old/analysis_old.py took 0.085 seconds
[2024-05-27T17:16:14.734+0000] {processor.py:161} INFO - Started process (PID=462) to work on /opt/airflow/dags/old/analysis_old.py
[2024-05-27T17:16:14.735+0000] {processor.py:830} INFO - Processing file /opt/airflow/dags/old/analysis_old.py for tasks to queue
[2024-05-27T17:16:14.736+0000] {logging_mixin.py:188} INFO - [2024-05-27T17:16:14.736+0000] {dagbag.py:545} INFO - Filling up the DagBag from /opt/airflow/dags/old/analysis_old.py
[2024-05-27T17:16:14.772+0000] {processor.py:840} INFO - DAG(s) 'domain_analysis_full' retrieved from /opt/airflow/dags/old/analysis_old.py
[2024-05-27T17:16:14.832+0000] {logging_mixin.py:188} INFO - [2024-05-27T17:16:14.832+0000] {dag.py:3096} INFO - Sync 1 DAGs
[2024-05-27T17:16:14.842+0000] {logging_mixin.py:188} INFO - [2024-05-27T17:16:14.842+0000] {dag.py:3954} INFO - Setting next_dagrun for domain_analysis_full to 2023-01-01 08:00:00+00:00, run_after=2023-01-01 09:00:00+00:00
[2024-05-27T17:16:14.850+0000] {processor.py:183} INFO - Processing /opt/airflow/dags/old/analysis_old.py took 0.120 seconds
[2024-05-27T17:16:45.223+0000] {processor.py:161} INFO - Started process (PID=477) to work on /opt/airflow/dags/old/analysis_old.py
[2024-05-27T17:16:45.224+0000] {processor.py:830} INFO - Processing file /opt/airflow/dags/old/analysis_old.py for tasks to queue
[2024-05-27T17:16:45.225+0000] {logging_mixin.py:188} INFO - [2024-05-27T17:16:45.225+0000] {dagbag.py:545} INFO - Filling up the DagBag from /opt/airflow/dags/old/analysis_old.py
[2024-05-27T17:16:45.257+0000] {processor.py:840} INFO - DAG(s) 'domain_analysis_full' retrieved from /opt/airflow/dags/old/analysis_old.py
[2024-05-27T17:16:45.272+0000] {logging_mixin.py:188} INFO - [2024-05-27T17:16:45.272+0000] {dag.py:3096} INFO - Sync 1 DAGs
[2024-05-27T17:16:45.288+0000] {logging_mixin.py:188} INFO - [2024-05-27T17:16:45.288+0000] {dag.py:3954} INFO - Setting next_dagrun for domain_analysis_full to 2023-01-01 08:00:00+00:00, run_after=2023-01-01 09:00:00+00:00
[2024-05-27T17:16:45.296+0000] {processor.py:183} INFO - Processing /opt/airflow/dags/old/analysis_old.py took 0.076 seconds
[2024-05-27T17:17:15.700+0000] {processor.py:161} INFO - Started process (PID=492) to work on /opt/airflow/dags/old/analysis_old.py
[2024-05-27T17:17:15.701+0000] {processor.py:830} INFO - Processing file /opt/airflow/dags/old/analysis_old.py for tasks to queue
[2024-05-27T17:17:15.702+0000] {logging_mixin.py:188} INFO - [2024-05-27T17:17:15.702+0000] {dagbag.py:545} INFO - Filling up the DagBag from /opt/airflow/dags/old/analysis_old.py
[2024-05-27T17:17:15.731+0000] {processor.py:840} INFO - DAG(s) 'domain_analysis_full' retrieved from /opt/airflow/dags/old/analysis_old.py
[2024-05-27T17:17:15.783+0000] {logging_mixin.py:188} INFO - [2024-05-27T17:17:15.783+0000] {dag.py:3096} INFO - Sync 1 DAGs
[2024-05-27T17:17:15.792+0000] {logging_mixin.py:188} INFO - [2024-05-27T17:17:15.792+0000] {dag.py:3954} INFO - Setting next_dagrun for domain_analysis_full to 2023-01-01 08:00:00+00:00, run_after=2023-01-01 09:00:00+00:00
[2024-05-27T17:17:15.801+0000] {processor.py:183} INFO - Processing /opt/airflow/dags/old/analysis_old.py took 0.103 seconds
[2024-05-27T17:17:46.178+0000] {processor.py:161} INFO - Started process (PID=507) to work on /opt/airflow/dags/old/analysis_old.py
[2024-05-27T17:17:46.178+0000] {processor.py:830} INFO - Processing file /opt/airflow/dags/old/analysis_old.py for tasks to queue
[2024-05-27T17:17:46.179+0000] {logging_mixin.py:188} INFO - [2024-05-27T17:17:46.179+0000] {dagbag.py:545} INFO - Filling up the DagBag from /opt/airflow/dags/old/analysis_old.py
[2024-05-27T17:17:46.207+0000] {processor.py:840} INFO - DAG(s) 'domain_analysis_full' retrieved from /opt/airflow/dags/old/analysis_old.py
[2024-05-27T17:17:46.220+0000] {logging_mixin.py:188} INFO - [2024-05-27T17:17:46.220+0000] {dag.py:3096} INFO - Sync 1 DAGs
[2024-05-27T17:17:46.236+0000] {logging_mixin.py:188} INFO - [2024-05-27T17:17:46.236+0000] {dag.py:3954} INFO - Setting next_dagrun for domain_analysis_full to 2023-01-01 08:00:00+00:00, run_after=2023-01-01 09:00:00+00:00
[2024-05-27T17:17:46.243+0000] {processor.py:183} INFO - Processing /opt/airflow/dags/old/analysis_old.py took 0.068 seconds
[2024-05-27T17:18:16.628+0000] {processor.py:161} INFO - Started process (PID=522) to work on /opt/airflow/dags/old/analysis_old.py
[2024-05-27T17:18:16.628+0000] {processor.py:830} INFO - Processing file /opt/airflow/dags/old/analysis_old.py for tasks to queue
[2024-05-27T17:18:16.629+0000] {logging_mixin.py:188} INFO - [2024-05-27T17:18:16.629+0000] {dagbag.py:545} INFO - Filling up the DagBag from /opt/airflow/dags/old/analysis_old.py
[2024-05-27T17:18:16.667+0000] {processor.py:840} INFO - DAG(s) 'domain_analysis_full' retrieved from /opt/airflow/dags/old/analysis_old.py
[2024-05-27T17:18:16.725+0000] {logging_mixin.py:188} INFO - [2024-05-27T17:18:16.724+0000] {dag.py:3096} INFO - Sync 1 DAGs
[2024-05-27T17:18:16.734+0000] {logging_mixin.py:188} INFO - [2024-05-27T17:18:16.734+0000] {dag.py:3954} INFO - Setting next_dagrun for domain_analysis_full to 2023-01-01 08:00:00+00:00, run_after=2023-01-01 09:00:00+00:00
[2024-05-27T17:18:16.742+0000] {processor.py:183} INFO - Processing /opt/airflow/dags/old/analysis_old.py took 0.118 seconds
[2024-05-27T17:18:47.120+0000] {processor.py:161} INFO - Started process (PID=537) to work on /opt/airflow/dags/old/analysis_old.py
[2024-05-27T17:18:47.120+0000] {processor.py:830} INFO - Processing file /opt/airflow/dags/old/analysis_old.py for tasks to queue
[2024-05-27T17:18:47.121+0000] {logging_mixin.py:188} INFO - [2024-05-27T17:18:47.121+0000] {dagbag.py:545} INFO - Filling up the DagBag from /opt/airflow/dags/old/analysis_old.py
[2024-05-27T17:18:47.149+0000] {processor.py:840} INFO - DAG(s) 'domain_analysis_full' retrieved from /opt/airflow/dags/old/analysis_old.py
[2024-05-27T17:18:47.162+0000] {logging_mixin.py:188} INFO - [2024-05-27T17:18:47.162+0000] {dag.py:3096} INFO - Sync 1 DAGs
[2024-05-27T17:18:47.176+0000] {logging_mixin.py:188} INFO - [2024-05-27T17:18:47.176+0000] {dag.py:3954} INFO - Setting next_dagrun for domain_analysis_full to 2023-01-01 08:00:00+00:00, run_after=2023-01-01 09:00:00+00:00
[2024-05-27T17:18:47.183+0000] {processor.py:183} INFO - Processing /opt/airflow/dags/old/analysis_old.py took 0.067 seconds
[2024-05-27T17:19:17.512+0000] {processor.py:161} INFO - Started process (PID=552) to work on /opt/airflow/dags/old/analysis_old.py
[2024-05-27T17:19:17.513+0000] {processor.py:830} INFO - Processing file /opt/airflow/dags/old/analysis_old.py for tasks to queue
[2024-05-27T17:19:17.514+0000] {logging_mixin.py:188} INFO - [2024-05-27T17:19:17.514+0000] {dagbag.py:545} INFO - Filling up the DagBag from /opt/airflow/dags/old/analysis_old.py
[2024-05-27T17:19:17.542+0000] {processor.py:840} INFO - DAG(s) 'domain_analysis_full' retrieved from /opt/airflow/dags/old/analysis_old.py
[2024-05-27T17:19:17.593+0000] {logging_mixin.py:188} INFO - [2024-05-27T17:19:17.593+0000] {dag.py:3096} INFO - Sync 1 DAGs
[2024-05-27T17:19:17.602+0000] {logging_mixin.py:188} INFO - [2024-05-27T17:19:17.602+0000] {dag.py:3954} INFO - Setting next_dagrun for domain_analysis_full to 2023-01-01 08:00:00+00:00, run_after=2023-01-01 09:00:00+00:00
[2024-05-27T17:19:17.611+0000] {processor.py:183} INFO - Processing /opt/airflow/dags/old/analysis_old.py took 0.101 seconds
[2024-05-27T17:19:47.955+0000] {processor.py:161} INFO - Started process (PID=567) to work on /opt/airflow/dags/old/analysis_old.py
[2024-05-27T17:19:47.956+0000] {processor.py:830} INFO - Processing file /opt/airflow/dags/old/analysis_old.py for tasks to queue
[2024-05-27T17:19:47.957+0000] {logging_mixin.py:188} INFO - [2024-05-27T17:19:47.957+0000] {dagbag.py:545} INFO - Filling up the DagBag from /opt/airflow/dags/old/analysis_old.py
[2024-05-27T17:19:47.991+0000] {processor.py:840} INFO - DAG(s) 'domain_analysis_full' retrieved from /opt/airflow/dags/old/analysis_old.py
[2024-05-27T17:19:48.005+0000] {logging_mixin.py:188} INFO - [2024-05-27T17:19:48.005+0000] {dag.py:3096} INFO - Sync 1 DAGs
[2024-05-27T17:19:48.030+0000] {logging_mixin.py:188} INFO - [2024-05-27T17:19:48.030+0000] {dag.py:3954} INFO - Setting next_dagrun for domain_analysis_full to 2023-01-01 08:00:00+00:00, run_after=2023-01-01 09:00:00+00:00
[2024-05-27T17:19:48.038+0000] {processor.py:183} INFO - Processing /opt/airflow/dags/old/analysis_old.py took 0.086 seconds
[2024-05-27T17:20:18.459+0000] {processor.py:161} INFO - Started process (PID=582) to work on /opt/airflow/dags/old/analysis_old.py
[2024-05-27T17:20:18.460+0000] {processor.py:830} INFO - Processing file /opt/airflow/dags/old/analysis_old.py for tasks to queue
[2024-05-27T17:20:18.461+0000] {logging_mixin.py:188} INFO - [2024-05-27T17:20:18.461+0000] {dagbag.py:545} INFO - Filling up the DagBag from /opt/airflow/dags/old/analysis_old.py
[2024-05-27T17:20:18.490+0000] {processor.py:840} INFO - DAG(s) 'domain_analysis_full' retrieved from /opt/airflow/dags/old/analysis_old.py
[2024-05-27T17:20:18.542+0000] {logging_mixin.py:188} INFO - [2024-05-27T17:20:18.542+0000] {dag.py:3096} INFO - Sync 1 DAGs
[2024-05-27T17:20:18.552+0000] {logging_mixin.py:188} INFO - [2024-05-27T17:20:18.552+0000] {dag.py:3954} INFO - Setting next_dagrun for domain_analysis_full to 2023-01-01 08:00:00+00:00, run_after=2023-01-01 09:00:00+00:00
[2024-05-27T17:20:18.560+0000] {processor.py:183} INFO - Processing /opt/airflow/dags/old/analysis_old.py took 0.104 seconds
[2024-05-27T17:20:48.916+0000] {processor.py:161} INFO - Started process (PID=597) to work on /opt/airflow/dags/old/analysis_old.py
[2024-05-27T17:20:48.917+0000] {processor.py:830} INFO - Processing file /opt/airflow/dags/old/analysis_old.py for tasks to queue
[2024-05-27T17:20:48.919+0000] {logging_mixin.py:188} INFO - [2024-05-27T17:20:48.918+0000] {dagbag.py:545} INFO - Filling up the DagBag from /opt/airflow/dags/old/analysis_old.py
[2024-05-27T17:20:48.958+0000] {processor.py:840} INFO - DAG(s) 'domain_analysis_full' retrieved from /opt/airflow/dags/old/analysis_old.py
[2024-05-27T17:20:48.976+0000] {logging_mixin.py:188} INFO - [2024-05-27T17:20:48.976+0000] {dag.py:3096} INFO - Sync 1 DAGs
[2024-05-27T17:20:48.991+0000] {logging_mixin.py:188} INFO - [2024-05-27T17:20:48.990+0000] {dag.py:3954} INFO - Setting next_dagrun for domain_analysis_full to 2023-01-01 08:00:00+00:00, run_after=2023-01-01 09:00:00+00:00
[2024-05-27T17:20:48.998+0000] {processor.py:183} INFO - Processing /opt/airflow/dags/old/analysis_old.py took 0.086 seconds
[2024-05-27T17:21:19.406+0000] {processor.py:161} INFO - Started process (PID=612) to work on /opt/airflow/dags/old/analysis_old.py
[2024-05-27T17:21:19.406+0000] {processor.py:830} INFO - Processing file /opt/airflow/dags/old/analysis_old.py for tasks to queue
[2024-05-27T17:21:19.407+0000] {logging_mixin.py:188} INFO - [2024-05-27T17:21:19.407+0000] {dagbag.py:545} INFO - Filling up the DagBag from /opt/airflow/dags/old/analysis_old.py
[2024-05-27T17:21:19.436+0000] {processor.py:840} INFO - DAG(s) 'domain_analysis_full' retrieved from /opt/airflow/dags/old/analysis_old.py
[2024-05-27T17:21:19.487+0000] {logging_mixin.py:188} INFO - [2024-05-27T17:21:19.487+0000] {dag.py:3096} INFO - Sync 1 DAGs
[2024-05-27T17:21:19.497+0000] {logging_mixin.py:188} INFO - [2024-05-27T17:21:19.497+0000] {dag.py:3954} INFO - Setting next_dagrun for domain_analysis_full to 2023-01-01 08:00:00+00:00, run_after=2023-01-01 09:00:00+00:00
[2024-05-27T17:21:19.506+0000] {processor.py:183} INFO - Processing /opt/airflow/dags/old/analysis_old.py took 0.103 seconds
[2024-05-27T17:21:49.870+0000] {processor.py:161} INFO - Started process (PID=627) to work on /opt/airflow/dags/old/analysis_old.py
[2024-05-27T17:21:49.870+0000] {processor.py:830} INFO - Processing file /opt/airflow/dags/old/analysis_old.py for tasks to queue
[2024-05-27T17:21:49.871+0000] {logging_mixin.py:188} INFO - [2024-05-27T17:21:49.871+0000] {dagbag.py:545} INFO - Filling up the DagBag from /opt/airflow/dags/old/analysis_old.py
[2024-05-27T17:21:49.908+0000] {processor.py:840} INFO - DAG(s) 'domain_analysis_full' retrieved from /opt/airflow/dags/old/analysis_old.py
[2024-05-27T17:21:49.925+0000] {logging_mixin.py:188} INFO - [2024-05-27T17:21:49.925+0000] {dag.py:3096} INFO - Sync 1 DAGs
[2024-05-27T17:21:49.948+0000] {logging_mixin.py:188} INFO - [2024-05-27T17:21:49.948+0000] {dag.py:3954} INFO - Setting next_dagrun for domain_analysis_full to 2023-01-01 08:00:00+00:00, run_after=2023-01-01 09:00:00+00:00
[2024-05-27T17:21:49.956+0000] {processor.py:183} INFO - Processing /opt/airflow/dags/old/analysis_old.py took 0.090 seconds
[2024-05-27T23:24:43.188+0000] {processor.py:161} INFO - Started process (PID=175) to work on /opt/airflow/dags/old/analysis_old.py
[2024-05-27T23:24:43.189+0000] {processor.py:830} INFO - Processing file /opt/airflow/dags/old/analysis_old.py for tasks to queue
[2024-05-27T23:24:43.190+0000] {logging_mixin.py:188} INFO - [2024-05-27T23:24:43.190+0000] {dagbag.py:545} INFO - Filling up the DagBag from /opt/airflow/dags/old/analysis_old.py
[2024-05-27T23:24:43.220+0000] {processor.py:840} INFO - DAG(s) 'domain_analysis_full' retrieved from /opt/airflow/dags/old/analysis_old.py
[2024-05-27T23:24:43.224+0000] {logging_mixin.py:188} INFO - [2024-05-27T23:24:43.224+0000] {dag.py:3096} INFO - Sync 1 DAGs
[2024-05-27T23:24:43.233+0000] {logging_mixin.py:188} INFO - [2024-05-27T23:24:43.233+0000] {dag.py:3954} INFO - Setting next_dagrun for domain_analysis_full to 2023-01-01 08:00:00+00:00, run_after=2023-01-01 09:00:00+00:00
[2024-05-27T23:24:43.239+0000] {processor.py:183} INFO - Processing /opt/airflow/dags/old/analysis_old.py took 0.059 seconds
[2024-05-27T23:25:13.549+0000] {processor.py:161} INFO - Started process (PID=190) to work on /opt/airflow/dags/old/analysis_old.py
[2024-05-27T23:25:13.549+0000] {processor.py:830} INFO - Processing file /opt/airflow/dags/old/analysis_old.py for tasks to queue
[2024-05-27T23:25:13.550+0000] {logging_mixin.py:188} INFO - [2024-05-27T23:25:13.550+0000] {dagbag.py:545} INFO - Filling up the DagBag from /opt/airflow/dags/old/analysis_old.py
[2024-05-27T23:25:13.578+0000] {processor.py:840} INFO - DAG(s) 'domain_analysis_full' retrieved from /opt/airflow/dags/old/analysis_old.py
[2024-05-27T23:25:13.624+0000] {logging_mixin.py:188} INFO - [2024-05-27T23:25:13.624+0000] {dag.py:3096} INFO - Sync 1 DAGs
[2024-05-27T23:25:13.631+0000] {logging_mixin.py:188} INFO - [2024-05-27T23:25:13.631+0000] {dag.py:3954} INFO - Setting next_dagrun for domain_analysis_full to 2023-01-01 08:00:00+00:00, run_after=2023-01-01 09:00:00+00:00
[2024-05-27T23:25:13.636+0000] {processor.py:183} INFO - Processing /opt/airflow/dags/old/analysis_old.py took 0.090 seconds
[2024-05-27T23:25:43.970+0000] {processor.py:161} INFO - Started process (PID=205) to work on /opt/airflow/dags/old/analysis_old.py
[2024-05-27T23:25:43.970+0000] {processor.py:830} INFO - Processing file /opt/airflow/dags/old/analysis_old.py for tasks to queue
[2024-05-27T23:25:43.971+0000] {logging_mixin.py:188} INFO - [2024-05-27T23:25:43.971+0000] {dagbag.py:545} INFO - Filling up the DagBag from /opt/airflow/dags/old/analysis_old.py
[2024-05-27T23:25:44.005+0000] {processor.py:840} INFO - DAG(s) 'domain_analysis_full' retrieved from /opt/airflow/dags/old/analysis_old.py
[2024-05-27T23:25:44.018+0000] {logging_mixin.py:188} INFO - [2024-05-27T23:25:44.018+0000] {dag.py:3096} INFO - Sync 1 DAGs
[2024-05-27T23:25:44.030+0000] {logging_mixin.py:188} INFO - [2024-05-27T23:25:44.030+0000] {dag.py:3954} INFO - Setting next_dagrun for domain_analysis_full to 2023-01-01 08:00:00+00:00, run_after=2023-01-01 09:00:00+00:00
[2024-05-27T23:25:44.038+0000] {processor.py:183} INFO - Processing /opt/airflow/dags/old/analysis_old.py took 0.071 seconds
[2024-05-27T23:26:14.372+0000] {processor.py:161} INFO - Started process (PID=220) to work on /opt/airflow/dags/old/analysis_old.py
[2024-05-27T23:26:14.372+0000] {processor.py:830} INFO - Processing file /opt/airflow/dags/old/analysis_old.py for tasks to queue
[2024-05-27T23:26:14.373+0000] {logging_mixin.py:188} INFO - [2024-05-27T23:26:14.373+0000] {dagbag.py:545} INFO - Filling up the DagBag from /opt/airflow/dags/old/analysis_old.py
[2024-05-27T23:26:14.398+0000] {processor.py:840} INFO - DAG(s) 'domain_analysis_full' retrieved from /opt/airflow/dags/old/analysis_old.py
[2024-05-27T23:26:14.439+0000] {logging_mixin.py:188} INFO - [2024-05-27T23:26:14.439+0000] {dag.py:3096} INFO - Sync 1 DAGs
[2024-05-27T23:26:14.448+0000] {logging_mixin.py:188} INFO - [2024-05-27T23:26:14.448+0000] {dag.py:3954} INFO - Setting next_dagrun for domain_analysis_full to 2023-01-01 08:00:00+00:00, run_after=2023-01-01 09:00:00+00:00
[2024-05-27T23:26:14.454+0000] {processor.py:183} INFO - Processing /opt/airflow/dags/old/analysis_old.py took 0.086 seconds
[2024-05-27T23:26:44.789+0000] {processor.py:161} INFO - Started process (PID=235) to work on /opt/airflow/dags/old/analysis_old.py
[2024-05-27T23:26:44.790+0000] {processor.py:830} INFO - Processing file /opt/airflow/dags/old/analysis_old.py for tasks to queue
[2024-05-27T23:26:44.790+0000] {logging_mixin.py:188} INFO - [2024-05-27T23:26:44.790+0000] {dagbag.py:545} INFO - Filling up the DagBag from /opt/airflow/dags/old/analysis_old.py
[2024-05-27T23:26:44.820+0000] {processor.py:840} INFO - DAG(s) 'domain_analysis_full' retrieved from /opt/airflow/dags/old/analysis_old.py
[2024-05-27T23:26:44.833+0000] {logging_mixin.py:188} INFO - [2024-05-27T23:26:44.832+0000] {dag.py:3096} INFO - Sync 1 DAGs
[2024-05-27T23:26:44.843+0000] {logging_mixin.py:188} INFO - [2024-05-27T23:26:44.843+0000] {dag.py:3954} INFO - Setting next_dagrun for domain_analysis_full to 2023-01-01 08:00:00+00:00, run_after=2023-01-01 09:00:00+00:00
[2024-05-27T23:26:44.849+0000] {processor.py:183} INFO - Processing /opt/airflow/dags/old/analysis_old.py took 0.063 seconds
[2024-05-27T23:27:15.237+0000] {processor.py:161} INFO - Started process (PID=250) to work on /opt/airflow/dags/old/analysis_old.py
[2024-05-27T23:27:15.238+0000] {processor.py:830} INFO - Processing file /opt/airflow/dags/old/analysis_old.py for tasks to queue
[2024-05-27T23:27:15.238+0000] {logging_mixin.py:188} INFO - [2024-05-27T23:27:15.238+0000] {dagbag.py:545} INFO - Filling up the DagBag from /opt/airflow/dags/old/analysis_old.py
[2024-05-27T23:27:15.271+0000] {processor.py:840} INFO - DAG(s) 'domain_analysis_full' retrieved from /opt/airflow/dags/old/analysis_old.py
[2024-05-27T23:27:15.321+0000] {logging_mixin.py:188} INFO - [2024-05-27T23:27:15.320+0000] {dag.py:3096} INFO - Sync 1 DAGs
[2024-05-27T23:27:15.328+0000] {logging_mixin.py:188} INFO - [2024-05-27T23:27:15.328+0000] {dag.py:3954} INFO - Setting next_dagrun for domain_analysis_full to 2023-01-01 08:00:00+00:00, run_after=2023-01-01 09:00:00+00:00
[2024-05-27T23:27:15.334+0000] {processor.py:183} INFO - Processing /opt/airflow/dags/old/analysis_old.py took 0.101 seconds
[2024-05-27T23:27:45.659+0000] {processor.py:161} INFO - Started process (PID=273) to work on /opt/airflow/dags/old/analysis_old.py
[2024-05-27T23:27:45.659+0000] {processor.py:830} INFO - Processing file /opt/airflow/dags/old/analysis_old.py for tasks to queue
[2024-05-27T23:27:45.661+0000] {logging_mixin.py:188} INFO - [2024-05-27T23:27:45.660+0000] {dagbag.py:545} INFO - Filling up the DagBag from /opt/airflow/dags/old/analysis_old.py
[2024-05-27T23:27:45.691+0000] {processor.py:840} INFO - DAG(s) 'domain_analysis_full' retrieved from /opt/airflow/dags/old/analysis_old.py
[2024-05-27T23:27:45.702+0000] {logging_mixin.py:188} INFO - [2024-05-27T23:27:45.702+0000] {dag.py:3096} INFO - Sync 1 DAGs
[2024-05-27T23:27:45.720+0000] {logging_mixin.py:188} INFO - [2024-05-27T23:27:45.720+0000] {dag.py:3954} INFO - Setting next_dagrun for domain_analysis_full to 2023-01-01 09:00:00+00:00, run_after=2023-01-01 10:00:00+00:00
[2024-05-27T23:27:45.726+0000] {processor.py:183} INFO - Processing /opt/airflow/dags/old/analysis_old.py took 0.070 seconds
[2024-05-27T23:28:16.068+0000] {processor.py:161} INFO - Started process (PID=288) to work on /opt/airflow/dags/old/analysis_old.py
[2024-05-27T23:28:16.068+0000] {processor.py:830} INFO - Processing file /opt/airflow/dags/old/analysis_old.py for tasks to queue
[2024-05-27T23:28:16.069+0000] {logging_mixin.py:188} INFO - [2024-05-27T23:28:16.069+0000] {dagbag.py:545} INFO - Filling up the DagBag from /opt/airflow/dags/old/analysis_old.py
[2024-05-27T23:28:16.093+0000] {processor.py:840} INFO - DAG(s) 'domain_analysis_full' retrieved from /opt/airflow/dags/old/analysis_old.py
[2024-05-27T23:28:16.130+0000] {logging_mixin.py:188} INFO - [2024-05-27T23:28:16.130+0000] {dag.py:3096} INFO - Sync 1 DAGs
[2024-05-27T23:28:16.137+0000] {logging_mixin.py:188} INFO - [2024-05-27T23:28:16.137+0000] {dag.py:3954} INFO - Setting next_dagrun for domain_analysis_full to 2023-01-01 09:00:00+00:00, run_after=2023-01-01 10:00:00+00:00
[2024-05-27T23:28:16.143+0000] {processor.py:183} INFO - Processing /opt/airflow/dags/old/analysis_old.py took 0.078 seconds
[2024-05-27T23:28:46.473+0000] {processor.py:161} INFO - Started process (PID=303) to work on /opt/airflow/dags/old/analysis_old.py
[2024-05-27T23:28:46.474+0000] {processor.py:830} INFO - Processing file /opt/airflow/dags/old/analysis_old.py for tasks to queue
[2024-05-27T23:28:46.475+0000] {logging_mixin.py:188} INFO - [2024-05-27T23:28:46.475+0000] {dagbag.py:545} INFO - Filling up the DagBag from /opt/airflow/dags/old/analysis_old.py
[2024-05-27T23:28:46.499+0000] {processor.py:840} INFO - DAG(s) 'domain_analysis_full' retrieved from /opt/airflow/dags/old/analysis_old.py
[2024-05-27T23:28:46.511+0000] {logging_mixin.py:188} INFO - [2024-05-27T23:28:46.511+0000] {dag.py:3096} INFO - Sync 1 DAGs
[2024-05-27T23:28:46.520+0000] {logging_mixin.py:188} INFO - [2024-05-27T23:28:46.520+0000] {dag.py:3954} INFO - Setting next_dagrun for domain_analysis_full to 2023-01-01 09:00:00+00:00, run_after=2023-01-01 10:00:00+00:00
[2024-05-27T23:28:46.525+0000] {processor.py:183} INFO - Processing /opt/airflow/dags/old/analysis_old.py took 0.055 seconds
[2024-05-27T23:29:17.146+0000] {processor.py:161} INFO - Started process (PID=318) to work on /opt/airflow/dags/old/analysis_old.py
[2024-05-27T23:29:17.146+0000] {processor.py:830} INFO - Processing file /opt/airflow/dags/old/analysis_old.py for tasks to queue
[2024-05-27T23:29:17.147+0000] {logging_mixin.py:188} INFO - [2024-05-27T23:29:17.147+0000] {dagbag.py:545} INFO - Filling up the DagBag from /opt/airflow/dags/old/analysis_old.py
[2024-05-27T23:29:17.174+0000] {processor.py:840} INFO - DAG(s) 'domain_analysis_full' retrieved from /opt/airflow/dags/old/analysis_old.py
[2024-05-27T23:29:17.218+0000] {logging_mixin.py:188} INFO - [2024-05-27T23:29:17.218+0000] {dag.py:3096} INFO - Sync 1 DAGs
[2024-05-27T23:29:17.224+0000] {logging_mixin.py:188} INFO - [2024-05-27T23:29:17.224+0000] {dag.py:3954} INFO - Setting next_dagrun for domain_analysis_full to 2023-01-01 09:00:00+00:00, run_after=2023-01-01 10:00:00+00:00
[2024-05-27T23:29:17.230+0000] {processor.py:183} INFO - Processing /opt/airflow/dags/old/analysis_old.py took 0.087 seconds
