[2024-05-20T12:07:02.184+0000] {local_task_job_runner.py:120} INFO - ::group::Pre task execution logs
[2024-05-20T12:07:02.196+0000] {taskinstance.py:2076} INFO - Dependencies all met for dep_context=non-requeueable deps ti=<TaskInstance: domain_analysis_single_insertion.fetch_and_analyze_domains scheduled__2023-01-05T17:00:00+00:00 [queued]>
[2024-05-20T12:07:02.200+0000] {taskinstance.py:2076} INFO - Dependencies all met for dep_context=requeueable deps ti=<TaskInstance: domain_analysis_single_insertion.fetch_and_analyze_domains scheduled__2023-01-05T17:00:00+00:00 [queued]>
[2024-05-20T12:07:02.200+0000] {taskinstance.py:2306} INFO - Starting attempt 1 of 2
[2024-05-20T12:07:02.204+0000] {taskinstance.py:2330} INFO - Executing <Task(PythonOperator): fetch_and_analyze_domains> on 2023-01-05 17:00:00+00:00
[2024-05-20T12:07:02.207+0000] {logging_mixin.py:188} WARNING - /home/***/.local/lib/python3.12/site-packages/***/task/task_runner/standard_task_runner.py:61 DeprecationWarning: This process (pid=2314) is multi-threaded, use of fork() may lead to deadlocks in the child.
[2024-05-20T12:07:02.207+0000] {standard_task_runner.py:63} INFO - Started process 2315 to run task
[2024-05-20T12:07:02.207+0000] {standard_task_runner.py:90} INFO - Running: ['***', 'tasks', 'run', 'domain_analysis_single_insertion', 'fetch_and_analyze_domains', 'scheduled__2023-01-05T17:00:00+00:00', '--job-id', '1343', '--raw', '--subdir', 'DAGS_FOLDER/analysis_test_dag.py', '--cfg-path', '/tmp/tmpd2ojvmgl']
[2024-05-20T12:07:02.208+0000] {standard_task_runner.py:91} INFO - Job 1343: Subtask fetch_and_analyze_domains
[2024-05-20T12:07:02.214+0000] {logging_mixin.py:188} WARNING - /home/***/.local/lib/python3.12/site-packages/***/settings.py:195 DeprecationWarning: The sql_alchemy_conn option in [core] has been moved to the sql_alchemy_conn option in [database] - the old setting has been used, but please update your config.
[2024-05-20T12:07:02.227+0000] {task_command.py:426} INFO - Running <TaskInstance: domain_analysis_single_insertion.fetch_and_analyze_domains scheduled__2023-01-05T17:00:00+00:00 [running]> on host 667df64f43b9
[2024-05-20T12:07:02.257+0000] {taskinstance.py:2648} INFO - Exporting env vars: AIRFLOW_CTX_DAG_OWNER='***' AIRFLOW_CTX_DAG_ID='domain_analysis_single_insertion' AIRFLOW_CTX_TASK_ID='fetch_and_analyze_domains' AIRFLOW_CTX_EXECUTION_DATE='2023-01-05T17:00:00+00:00' AIRFLOW_CTX_TRY_NUMBER='1' AIRFLOW_CTX_DAG_RUN_ID='scheduled__2023-01-05T17:00:00+00:00'
[2024-05-20T12:07:02.257+0000] {taskinstance.py:430} INFO - ::endgroup::
[2024-05-20T12:07:02.263+0000] {analysis_test_dag.py:32} INFO - Starting to fetch domains
[2024-05-20T12:07:02.263+0000] {analysis_test_dag.py:39} INFO - Database engine created
[2024-05-20T12:07:02.263+0000] {analysis_test_dag.py:46} INFO - Database session created
[2024-05-20T12:07:02.276+0000] {analysis_test_dag.py:51} INFO - Metadata reflected
[2024-05-20T12:07:02.276+0000] {analysis_test_dag.py:55} INFO - Domain registered table accessed
[2024-05-20T12:07:02.277+0000] {analysis_test_dag.py:62} INFO - Fetched domain: google.com
[2024-05-20T12:07:02.277+0000] {analysis_test_dag.py:76} INFO - Inserted analysis into domain_analysis
[2024-05-20T12:07:02.278+0000] {analysis_test_dag.py:89} INFO - Inserted analysis into url_analysis
[2024-05-20T12:07:02.278+0000] {analysis_test_dag.py:93} INFO - Database session committed
[2024-05-20T12:07:02.279+0000] {analysis_test_dag.py:100} INFO - Database session closed
[2024-05-20T12:07:02.279+0000] {python.py:237} INFO - Done. Returned value was: None
[2024-05-20T12:07:02.279+0000] {taskinstance.py:441} INFO - ::group::Post task execution logs
[2024-05-20T12:07:02.283+0000] {taskinstance.py:1206} INFO - Marking task as SUCCESS. dag_id=domain_analysis_single_insertion, task_id=fetch_and_analyze_domains, run_id=scheduled__2023-01-05T17:00:00+00:00, execution_date=20230105T170000, start_date=20240520T120702, end_date=20240520T120702
[2024-05-20T12:07:02.309+0000] {local_task_job_runner.py:240} INFO - Task exited with return code 0
[2024-05-20T12:07:02.316+0000] {taskinstance.py:3498} INFO - 0 downstream tasks scheduled from follow-on schedule check
[2024-05-20T12:07:02.316+0000] {local_task_job_runner.py:222} INFO - ::endgroup::
