[2024-05-20T12:47:23.467+0000] {local_task_job_runner.py:120} INFO - ::group::Pre task execution logs
[2024-05-20T12:47:23.479+0000] {taskinstance.py:2076} INFO - Dependencies all met for dep_context=non-requeueable deps ti=<TaskInstance: domain_analysis.fetch_domains scheduled__2023-01-01T20:00:00+00:00 [queued]>
[2024-05-20T12:47:23.482+0000] {taskinstance.py:2076} INFO - Dependencies all met for dep_context=requeueable deps ti=<TaskInstance: domain_analysis.fetch_domains scheduled__2023-01-01T20:00:00+00:00 [queued]>
[2024-05-20T12:47:23.482+0000] {taskinstance.py:2306} INFO - Starting attempt 1 of 2
[2024-05-20T12:47:23.486+0000] {taskinstance.py:2330} INFO - Executing <Task(PythonOperator): fetch_domains> on 2023-01-01 20:00:00+00:00
[2024-05-20T12:47:23.488+0000] {logging_mixin.py:188} WARNING - /home/***/.local/lib/python3.12/site-packages/***/task/task_runner/standard_task_runner.py:61 DeprecationWarning: This process (pid=355) is multi-threaded, use of fork() may lead to deadlocks in the child.
[2024-05-20T12:47:23.489+0000] {standard_task_runner.py:90} INFO - Running: ['***', 'tasks', 'run', 'domain_analysis', 'fetch_domains', 'scheduled__2023-01-01T20:00:00+00:00', '--job-id', '2111', '--raw', '--subdir', 'DAGS_FOLDER/analysis_dag.py', '--cfg-path', '/tmp/tmpeqtqiqe5']
[2024-05-20T12:47:23.489+0000] {standard_task_runner.py:63} INFO - Started process 356 to run task
[2024-05-20T12:47:23.490+0000] {standard_task_runner.py:91} INFO - Job 2111: Subtask fetch_domains
[2024-05-20T12:47:23.496+0000] {logging_mixin.py:188} WARNING - /home/***/.local/lib/python3.12/site-packages/***/settings.py:195 DeprecationWarning: The sql_alchemy_conn option in [core] has been moved to the sql_alchemy_conn option in [database] - the old setting has been used, but please update your config.
[2024-05-20T12:47:23.508+0000] {task_command.py:426} INFO - Running <TaskInstance: domain_analysis.fetch_domains scheduled__2023-01-01T20:00:00+00:00 [running]> on host 667df64f43b9
[2024-05-20T12:47:23.543+0000] {taskinstance.py:2648} INFO - Exporting env vars: AIRFLOW_CTX_DAG_OWNER='***' AIRFLOW_CTX_DAG_ID='domain_analysis' AIRFLOW_CTX_TASK_ID='fetch_domains' AIRFLOW_CTX_EXECUTION_DATE='2023-01-01T20:00:00+00:00' AIRFLOW_CTX_TRY_NUMBER='1' AIRFLOW_CTX_DAG_RUN_ID='scheduled__2023-01-01T20:00:00+00:00'
[2024-05-20T12:47:23.544+0000] {taskinstance.py:430} INFO - ::endgroup::
[2024-05-20T12:47:23.548+0000] {analysis_dag.py:40} INFO - Starting to fetch domains
[2024-05-20T12:47:23.549+0000] {analysis_dag.py:45} INFO - Fetched domains
[2024-05-20T12:47:23.555+0000] {python.py:237} INFO - Done. Returned value was: None
[2024-05-20T12:47:23.555+0000] {taskinstance.py:441} INFO - ::group::Post task execution logs
[2024-05-20T12:47:23.559+0000] {taskinstance.py:1206} INFO - Marking task as SUCCESS. dag_id=domain_analysis, task_id=fetch_domains, run_id=scheduled__2023-01-01T20:00:00+00:00, execution_date=20230101T200000, start_date=20240520T124723, end_date=20240520T124723
[2024-05-20T12:47:23.595+0000] {local_task_job_runner.py:240} INFO - Task exited with return code 0
[2024-05-20T12:47:23.604+0000] {taskinstance.py:3498} INFO - 1 downstream tasks scheduled from follow-on schedule check
[2024-05-20T12:47:23.605+0000] {local_task_job_runner.py:222} INFO - ::endgroup::
