[2024-05-20T12:46:31.042+0000] {local_task_job_runner.py:120} INFO - ::group::Pre task execution logs
[2024-05-20T12:46:31.055+0000] {taskinstance.py:2076} INFO - Dependencies all met for dep_context=non-requeueable deps ti=<TaskInstance: domain_analysis.fetch_domains scheduled__2023-01-01T02:00:00+00:00 [queued]>
[2024-05-20T12:46:31.058+0000] {taskinstance.py:2076} INFO - Dependencies all met for dep_context=requeueable deps ti=<TaskInstance: domain_analysis.fetch_domains scheduled__2023-01-01T02:00:00+00:00 [queued]>
[2024-05-20T12:46:31.058+0000] {taskinstance.py:2306} INFO - Starting attempt 1 of 2
[2024-05-20T12:46:31.062+0000] {taskinstance.py:2330} INFO - Executing <Task(PythonOperator): fetch_domains> on 2023-01-01 02:00:00+00:00
[2024-05-20T12:46:31.065+0000] {logging_mixin.py:188} WARNING - /home/***/.local/lib/python3.12/site-packages/***/task/task_runner/standard_task_runner.py:61 DeprecationWarning: This process (pid=273) is multi-threaded, use of fork() may lead to deadlocks in the child.
[2024-05-20T12:46:31.066+0000] {standard_task_runner.py:63} INFO - Started process 274 to run task
[2024-05-20T12:46:31.065+0000] {standard_task_runner.py:90} INFO - Running: ['***', 'tasks', 'run', 'domain_analysis', 'fetch_domains', 'scheduled__2023-01-01T02:00:00+00:00', '--job-id', '2075', '--raw', '--subdir', 'DAGS_FOLDER/analysis_dag.py', '--cfg-path', '/tmp/tmp33gih1mm']
[2024-05-20T12:46:31.066+0000] {standard_task_runner.py:91} INFO - Job 2075: Subtask fetch_domains
[2024-05-20T12:46:31.073+0000] {logging_mixin.py:188} WARNING - /home/***/.local/lib/python3.12/site-packages/***/settings.py:195 DeprecationWarning: The sql_alchemy_conn option in [core] has been moved to the sql_alchemy_conn option in [database] - the old setting has been used, but please update your config.
[2024-05-20T12:46:31.086+0000] {task_command.py:426} INFO - Running <TaskInstance: domain_analysis.fetch_domains scheduled__2023-01-01T02:00:00+00:00 [running]> on host 667df64f43b9
[2024-05-20T12:46:31.118+0000] {taskinstance.py:2648} INFO - Exporting env vars: AIRFLOW_CTX_DAG_OWNER='***' AIRFLOW_CTX_DAG_ID='domain_analysis' AIRFLOW_CTX_TASK_ID='fetch_domains' AIRFLOW_CTX_EXECUTION_DATE='2023-01-01T02:00:00+00:00' AIRFLOW_CTX_TRY_NUMBER='1' AIRFLOW_CTX_DAG_RUN_ID='scheduled__2023-01-01T02:00:00+00:00'
[2024-05-20T12:46:31.119+0000] {taskinstance.py:430} INFO - ::endgroup::
[2024-05-20T12:46:31.123+0000] {analysis_dag.py:40} INFO - Starting to fetch domains
[2024-05-20T12:46:31.125+0000] {analysis_dag.py:45} INFO - Fetched domains
[2024-05-20T12:46:31.130+0000] {python.py:237} INFO - Done. Returned value was: None
[2024-05-20T12:46:31.130+0000] {taskinstance.py:441} INFO - ::group::Post task execution logs
[2024-05-20T12:46:31.134+0000] {taskinstance.py:1206} INFO - Marking task as SUCCESS. dag_id=domain_analysis, task_id=fetch_domains, run_id=scheduled__2023-01-01T02:00:00+00:00, execution_date=20230101T020000, start_date=20240520T124631, end_date=20240520T124631
[2024-05-20T12:46:31.167+0000] {local_task_job_runner.py:240} INFO - Task exited with return code 0
[2024-05-20T12:46:31.175+0000] {taskinstance.py:3498} INFO - 1 downstream tasks scheduled from follow-on schedule check
[2024-05-20T12:46:31.176+0000] {local_task_job_runner.py:222} INFO - ::endgroup::
