[2024-06-01T06:38:52.686+0000] {local_task_job_runner.py:120} INFO - ::group::Pre task execution logs
[2024-06-01T06:38:52.697+0000] {taskinstance.py:2076} INFO - Dependencies all met for dep_context=non-requeueable deps ti=<TaskInstance: soc_domain_analysis_procedural.fetch_analyze_persist_task scheduled__2023-01-01T18:00:00+00:00 [queued]>
[2024-06-01T06:38:52.699+0000] {taskinstance.py:2076} INFO - Dependencies all met for dep_context=requeueable deps ti=<TaskInstance: soc_domain_analysis_procedural.fetch_analyze_persist_task scheduled__2023-01-01T18:00:00+00:00 [queued]>
[2024-06-01T06:38:52.700+0000] {taskinstance.py:2306} INFO - Starting attempt 1 of 1
[2024-06-01T06:38:52.703+0000] {taskinstance.py:2330} INFO - Executing <Task(PythonOperator): fetch_analyze_persist_task> on 2023-01-01 18:00:00+00:00
[2024-06-01T06:38:52.706+0000] {logging_mixin.py:188} WARNING - /home/***/.local/lib/python3.12/site-packages/***/task/task_runner/standard_task_runner.py:61 DeprecationWarning: This process (pid=1280) is multi-threaded, use of fork() may lead to deadlocks in the child.
[2024-06-01T06:38:52.707+0000] {standard_task_runner.py:63} INFO - Started process 1281 to run task
[2024-06-01T06:38:52.706+0000] {standard_task_runner.py:90} INFO - Running: ['***', 'tasks', 'run', 'soc_domain_analysis_procedural', 'fetch_analyze_persist_task', 'scheduled__2023-01-01T18:00:00+00:00', '--job-id', '3773', '--raw', '--subdir', 'DAGS_FOLDER/asset_analysis_procedural.py', '--cfg-path', '/tmp/tmpik2zwdwg']
[2024-06-01T06:38:52.707+0000] {standard_task_runner.py:91} INFO - Job 3773: Subtask fetch_analyze_persist_task
[2024-06-01T06:38:52.713+0000] {logging_mixin.py:188} WARNING - /home/***/.local/lib/python3.12/site-packages/***/settings.py:195 DeprecationWarning: The sql_alchemy_conn option in [core] has been moved to the sql_alchemy_conn option in [database] - the old setting has been used, but please update your config.
[2024-06-01T06:38:52.725+0000] {task_command.py:426} INFO - Running <TaskInstance: soc_domain_analysis_procedural.fetch_analyze_persist_task scheduled__2023-01-01T18:00:00+00:00 [running]> on host 328411755fd7
[2024-06-01T06:38:52.754+0000] {taskinstance.py:2648} INFO - Exporting env vars: AIRFLOW_CTX_DAG_OWNER='***' AIRFLOW_CTX_DAG_ID='soc_domain_analysis_procedural' AIRFLOW_CTX_TASK_ID='fetch_analyze_persist_task' AIRFLOW_CTX_EXECUTION_DATE='2023-01-01T18:00:00+00:00' AIRFLOW_CTX_TRY_NUMBER='1' AIRFLOW_CTX_DAG_RUN_ID='scheduled__2023-01-01T18:00:00+00:00'
[2024-06-01T06:38:52.755+0000] {taskinstance.py:430} INFO - ::endgroup::
[2024-06-01T06:38:52.759+0000] {asset_analysis_procedural.py:27} INFO - Starting to fetch domains
[2024-06-01T06:38:52.777+0000] {asset_analysis_procedural.py:43} INFO - Fetched domains
[2024-06-01T06:38:52.777+0000] {asset_analysis_procedural.py:47} INFO - Analyzing domain: goggle.com with original domain: google.com
[2024-06-01T06:38:53.751+0000] {asset_analysis_procedural.py:50} INFO - Persisting domain analysis for: goggle.com
[2024-06-01T06:38:53.756+0000] {asset_analysis_procedural.py:76} ERROR - Error fetching, analyzing, or persisting domains: name 'url' is not defined
[2024-06-01T06:38:53.757+0000] {taskinstance.py:441} INFO - ::group::Post task execution logs
[2024-06-01T06:38:53.758+0000] {taskinstance.py:2905} ERROR - Task failed with exception
Traceback (most recent call last):
  File "/home/airflow/.local/lib/python3.12/site-packages/airflow/models/taskinstance.py", line 465, in _execute_task
    result = _execute_callable(context=context, **execute_callable_kwargs)
             ^^^^^^^^^^^^^^^^^^^^^^^^^^^^^^^^^^^^^^^^^^^^^^^^^^^^^^^^^^^^^
  File "/home/airflow/.local/lib/python3.12/site-packages/airflow/models/taskinstance.py", line 432, in _execute_callable
    return execute_callable(context=context, **execute_callable_kwargs)
           ^^^^^^^^^^^^^^^^^^^^^^^^^^^^^^^^^^^^^^^^^^^^^^^^^^^^^^^^^^^^
  File "/home/airflow/.local/lib/python3.12/site-packages/airflow/models/baseoperator.py", line 400, in wrapper
    return func(self, *args, **kwargs)
           ^^^^^^^^^^^^^^^^^^^^^^^^^^^
  File "/home/airflow/.local/lib/python3.12/site-packages/airflow/operators/python.py", line 235, in execute
    return_value = self.execute_callable()
                   ^^^^^^^^^^^^^^^^^^^^^^^
  File "/home/airflow/.local/lib/python3.12/site-packages/airflow/operators/python.py", line 252, in execute_callable
    return self.python_callable(*self.op_args, **self.op_kwargs)
           ^^^^^^^^^^^^^^^^^^^^^^^^^^^^^^^^^^^^^^^^^^^^^^^^^^^^^
  File "/opt/airflow/dags/asset_analysis_procedural.py", line 63, in fetch_analyze_persist_domains
    logging.info(f"Persisting URL analysis for: {url}")
                                                 ^^^
NameError: name 'url' is not defined
[2024-06-01T06:38:53.771+0000] {taskinstance.py:1206} INFO - Marking task as FAILED. dag_id=soc_domain_analysis_procedural, task_id=fetch_analyze_persist_task, run_id=scheduled__2023-01-01T18:00:00+00:00, execution_date=20230101T180000, start_date=20240601T063852, end_date=20240601T063853
[2024-06-01T06:38:53.779+0000] {standard_task_runner.py:110} ERROR - Failed to execute job 3773 for task fetch_analyze_persist_task (name 'url' is not defined; 1281)
[2024-06-01T06:38:53.811+0000] {local_task_job_runner.py:240} INFO - Task exited with return code 1
[2024-06-01T06:38:53.823+0000] {taskinstance.py:3498} INFO - 0 downstream tasks scheduled from follow-on schedule check
[2024-06-01T06:38:53.824+0000] {local_task_job_runner.py:222} INFO - ::endgroup::
