[2024-05-20T12:42:54.242+0000] {local_task_job_runner.py:120} INFO - ::group::Pre task execution logs
[2024-05-20T12:42:54.257+0000] {taskinstance.py:2076} INFO - Dependencies all met for dep_context=non-requeueable deps ti=<TaskInstance: domain_analysis_full.fetch_domains scheduled__2023-01-19T03:00:00+00:00 [queued]>
[2024-05-20T12:42:54.260+0000] {taskinstance.py:2076} INFO - Dependencies all met for dep_context=requeueable deps ti=<TaskInstance: domain_analysis_full.fetch_domains scheduled__2023-01-19T03:00:00+00:00 [queued]>
[2024-05-20T12:42:54.260+0000] {taskinstance.py:2306} INFO - Starting attempt 1 of 2
[2024-05-20T12:42:54.264+0000] {taskinstance.py:2330} INFO - Executing <Task(PythonOperator): fetch_domains> on 2023-01-19 03:00:00+00:00
[2024-05-20T12:42:54.267+0000] {logging_mixin.py:188} WARNING - /home/***/.local/lib/python3.12/site-packages/***/task/task_runner/standard_task_runner.py:61 DeprecationWarning: This process (pid=319) is multi-threaded, use of fork() may lead to deadlocks in the child.
[2024-05-20T12:42:54.267+0000] {standard_task_runner.py:63} INFO - Started process 320 to run task
[2024-05-20T12:42:54.267+0000] {standard_task_runner.py:90} INFO - Running: ['***', 'tasks', 'run', 'domain_analysis_full', 'fetch_domains', 'scheduled__2023-01-19T03:00:00+00:00', '--job-id', '1977', '--raw', '--subdir', 'DAGS_FOLDER/analysis_test_dag.py', '--cfg-path', '/tmp/tmp4pxis987']
[2024-05-20T12:42:54.268+0000] {standard_task_runner.py:91} INFO - Job 1977: Subtask fetch_domains
[2024-05-20T12:42:54.273+0000] {logging_mixin.py:188} WARNING - /home/***/.local/lib/python3.12/site-packages/***/settings.py:195 DeprecationWarning: The sql_alchemy_conn option in [core] has been moved to the sql_alchemy_conn option in [database] - the old setting has been used, but please update your config.
[2024-05-20T12:42:54.286+0000] {task_command.py:426} INFO - Running <TaskInstance: domain_analysis_full.fetch_domains scheduled__2023-01-19T03:00:00+00:00 [running]> on host 667df64f43b9
[2024-05-20T12:42:54.317+0000] {taskinstance.py:2648} INFO - Exporting env vars: AIRFLOW_CTX_DAG_OWNER='***' AIRFLOW_CTX_DAG_ID='domain_analysis_full' AIRFLOW_CTX_TASK_ID='fetch_domains' AIRFLOW_CTX_EXECUTION_DATE='2023-01-19T03:00:00+00:00' AIRFLOW_CTX_TRY_NUMBER='1' AIRFLOW_CTX_DAG_RUN_ID='scheduled__2023-01-19T03:00:00+00:00'
[2024-05-20T12:42:54.317+0000] {taskinstance.py:430} INFO - ::endgroup::
[2024-05-20T12:42:54.322+0000] {analysis_test_dag.py:40} INFO - Starting to fetch domains
[2024-05-20T12:42:54.323+0000] {analysis_test_dag.py:45} INFO - Fetched domains
[2024-05-20T12:42:54.328+0000] {python.py:237} INFO - Done. Returned value was: None
[2024-05-20T12:42:54.328+0000] {taskinstance.py:441} INFO - ::group::Post task execution logs
[2024-05-20T12:42:54.332+0000] {taskinstance.py:1206} INFO - Marking task as SUCCESS. dag_id=domain_analysis_full, task_id=fetch_domains, run_id=scheduled__2023-01-19T03:00:00+00:00, execution_date=20230119T030000, start_date=20240520T124254, end_date=20240520T124254
[2024-05-20T12:42:54.372+0000] {local_task_job_runner.py:240} INFO - Task exited with return code 0
[2024-05-20T12:42:54.381+0000] {taskinstance.py:3498} INFO - 1 downstream tasks scheduled from follow-on schedule check
[2024-05-20T12:42:54.381+0000] {local_task_job_runner.py:222} INFO - ::endgroup::
