[2024-05-20T08:55:03.252+0000] {local_task_job_runner.py:120} INFO - ::group::Pre task execution logs
[2024-05-20T08:55:03.263+0000] {taskinstance.py:2076} INFO - Dependencies all met for dep_context=non-requeueable deps ti=<TaskInstance: domain_url_analysis.fetch_domains scheduled__2023-01-18T08:00:00+00:00 [queued]>
[2024-05-20T08:55:03.266+0000] {taskinstance.py:2076} INFO - Dependencies all met for dep_context=requeueable deps ti=<TaskInstance: domain_url_analysis.fetch_domains scheduled__2023-01-18T08:00:00+00:00 [queued]>
[2024-05-20T08:55:03.266+0000] {taskinstance.py:2306} INFO - Starting attempt 1 of 2
[2024-05-20T08:55:03.270+0000] {taskinstance.py:2330} INFO - Executing <Task(PythonOperator): fetch_domains> on 2023-01-18 08:00:00+00:00
[2024-05-20T08:55:03.272+0000] {logging_mixin.py:188} WARNING - /home/***/.local/lib/python3.12/site-packages/***/task/task_runner/standard_task_runner.py:61 DeprecationWarning: This process (pid=6446) is multi-threaded, use of fork() may lead to deadlocks in the child.
[2024-05-20T08:55:03.273+0000] {standard_task_runner.py:63} INFO - Started process 6447 to run task
[2024-05-20T08:55:03.272+0000] {standard_task_runner.py:90} INFO - Running: ['***', 'tasks', 'run', 'domain_url_analysis', 'fetch_domains', 'scheduled__2023-01-18T08:00:00+00:00', '--job-id', '238', '--raw', '--subdir', 'DAGS_FOLDER/analysis_dag.py', '--cfg-path', '/tmp/tmp0zho4vml']
[2024-05-20T08:55:03.273+0000] {standard_task_runner.py:91} INFO - Job 238: Subtask fetch_domains
[2024-05-20T08:55:03.279+0000] {logging_mixin.py:188} WARNING - /home/***/.local/lib/python3.12/site-packages/***/settings.py:195 DeprecationWarning: The sql_alchemy_conn option in [core] has been moved to the sql_alchemy_conn option in [database] - the old setting has been used, but please update your config.
[2024-05-20T08:55:03.291+0000] {task_command.py:426} INFO - Running <TaskInstance: domain_url_analysis.fetch_domains scheduled__2023-01-18T08:00:00+00:00 [running]> on host 99ec2e50f1b5
[2024-05-20T08:55:03.319+0000] {taskinstance.py:2648} INFO - Exporting env vars: AIRFLOW_CTX_DAG_OWNER='***' AIRFLOW_CTX_DAG_ID='domain_url_analysis' AIRFLOW_CTX_TASK_ID='fetch_domains' AIRFLOW_CTX_EXECUTION_DATE='2023-01-18T08:00:00+00:00' AIRFLOW_CTX_TRY_NUMBER='1' AIRFLOW_CTX_DAG_RUN_ID='scheduled__2023-01-18T08:00:00+00:00'
[2024-05-20T08:55:03.320+0000] {taskinstance.py:430} INFO - ::endgroup::
[2024-05-20T08:55:03.327+0000] {base.py:84} INFO - Using connection ID '***_db' for task execution.
[2024-05-20T08:55:03.329+0000] {taskinstance.py:441} INFO - ::group::Post task execution logs
[2024-05-20T08:55:03.330+0000] {taskinstance.py:2905} ERROR - Task failed with exception
Traceback (most recent call last):
  File "/home/airflow/.local/lib/python3.12/site-packages/airflow/models/taskinstance.py", line 465, in _execute_task
    result = _execute_callable(context=context, **execute_callable_kwargs)
             ^^^^^^^^^^^^^^^^^^^^^^^^^^^^^^^^^^^^^^^^^^^^^^^^^^^^^^^^^^^^^
  File "/home/airflow/.local/lib/python3.12/site-packages/airflow/models/taskinstance.py", line 432, in _execute_callable
    return execute_callable(context=context, **execute_callable_kwargs)
           ^^^^^^^^^^^^^^^^^^^^^^^^^^^^^^^^^^^^^^^^^^^^^^^^^^^^^^^^^^^^
  File "/home/airflow/.local/lib/python3.12/site-packages/airflow/models/baseoperator.py", line 400, in wrapper
    return func(self, *args, **kwargs)
           ^^^^^^^^^^^^^^^^^^^^^^^^^^^
  File "/home/airflow/.local/lib/python3.12/site-packages/airflow/operators/python.py", line 235, in execute
    return_value = self.execute_callable()
                   ^^^^^^^^^^^^^^^^^^^^^^^
  File "/home/airflow/.local/lib/python3.12/site-packages/airflow/operators/python.py", line 252, in execute_callable
    return self.python_callable(*self.op_args, **self.op_kwargs)
           ^^^^^^^^^^^^^^^^^^^^^^^^^^^^^^^^^^^^^^^^^^^^^^^^^^^^^
  File "/opt/airflow/dags/analysis_dag.py", line 32, in fetch_domains
    conn = pg_hook.get_conn()
           ^^^^^^^^^^^^^^^^^^
  File "/home/airflow/.local/lib/python3.12/site-packages/airflow/providers/postgres/hooks/postgres.py", line 161, in get_conn
    self.conn = psycopg2.connect(**conn_args)
                ^^^^^^^^^^^^^^^^^^^^^^^^^^^^^
  File "/home/airflow/.local/lib/python3.12/site-packages/psycopg2/__init__.py", line 122, in connect
    conn = _connect(dsn, connection_factory=connection_factory, **kwasync)
           ^^^^^^^^^^^^^^^^^^^^^^^^^^^^^^^^^^^^^^^^^^^^^^^^^^^^^^^^^^^^^^^
psycopg2.OperationalError: could not translate host name "mysql" to address: Name or service not known

[2024-05-20T08:55:03.334+0000] {taskinstance.py:1206} INFO - Marking task as UP_FOR_RETRY. dag_id=domain_url_analysis, task_id=fetch_domains, run_id=scheduled__2023-01-18T08:00:00+00:00, execution_date=20230118T080000, start_date=20240520T085503, end_date=20240520T085503
[2024-05-20T08:55:03.337+0000] {standard_task_runner.py:110} ERROR - Failed to execute job 238 for task fetch_domains (could not translate host name "mysql" to address: Name or service not known
; 6447)
[2024-05-20T08:55:03.375+0000] {local_task_job_runner.py:240} INFO - Task exited with return code 1
[2024-05-20T08:55:03.383+0000] {taskinstance.py:3498} INFO - 0 downstream tasks scheduled from follow-on schedule check
[2024-05-20T08:55:03.384+0000] {local_task_job_runner.py:222} INFO - ::endgroup::
