[2024-06-01T06:14:04.469+0000] {processor.py:161} INFO - Started process (PID=4240) to work on /opt/airflow/dags/asset_analysis_procedural.py
[2024-06-01T06:14:04.470+0000] {processor.py:830} INFO - Processing file /opt/airflow/dags/asset_analysis_procedural.py for tasks to queue
[2024-06-01T06:14:04.470+0000] {logging_mixin.py:188} INFO - [2024-06-01T06:14:04.470+0000] {dagbag.py:545} INFO - Filling up the DagBag from /opt/airflow/dags/asset_analysis_procedural.py
[2024-06-01T06:14:04.592+0000] {processor.py:840} INFO - DAG(s) 'soc_domain_analysis' retrieved from /opt/airflow/dags/asset_analysis_procedural.py
[2024-06-01T06:14:04.630+0000] {logging_mixin.py:188} INFO - [2024-06-01T06:14:04.630+0000] {dag.py:3096} INFO - Sync 1 DAGs
[2024-06-01T06:14:04.641+0000] {processor.py:183} INFO - Processing /opt/airflow/dags/asset_analysis_procedural.py took 0.175 seconds
[2024-06-01T06:14:34.861+0000] {processor.py:161} INFO - Started process (PID=4270) to work on /opt/airflow/dags/asset_analysis_procedural.py
[2024-06-01T06:14:34.862+0000] {processor.py:830} INFO - Processing file /opt/airflow/dags/asset_analysis_procedural.py for tasks to queue
[2024-06-01T06:14:34.863+0000] {logging_mixin.py:188} INFO - [2024-06-01T06:14:34.862+0000] {dagbag.py:545} INFO - Filling up the DagBag from /opt/airflow/dags/asset_analysis_procedural.py
[2024-06-01T06:14:34.980+0000] {processor.py:840} INFO - DAG(s) 'soc_domain_analysis' retrieved from /opt/airflow/dags/asset_analysis_procedural.py
[2024-06-01T06:14:34.991+0000] {logging_mixin.py:188} INFO - [2024-06-01T06:14:34.991+0000] {dag.py:3096} INFO - Sync 1 DAGs
[2024-06-01T06:14:35.005+0000] {processor.py:183} INFO - Processing /opt/airflow/dags/asset_analysis_procedural.py took 0.148 seconds
[2024-06-01T06:15:05.265+0000] {processor.py:161} INFO - Started process (PID=4300) to work on /opt/airflow/dags/asset_analysis_procedural.py
[2024-06-01T06:15:05.267+0000] {processor.py:830} INFO - Processing file /opt/airflow/dags/asset_analysis_procedural.py for tasks to queue
[2024-06-01T06:15:05.267+0000] {logging_mixin.py:188} INFO - [2024-06-01T06:15:05.267+0000] {dagbag.py:545} INFO - Filling up the DagBag from /opt/airflow/dags/asset_analysis_procedural.py
[2024-06-01T06:15:05.402+0000] {processor.py:840} INFO - DAG(s) 'soc_domain_analysis' retrieved from /opt/airflow/dags/asset_analysis_procedural.py
[2024-06-01T06:15:05.407+0000] {logging_mixin.py:188} INFO - [2024-06-01T06:15:05.407+0000] {dag.py:3096} INFO - Sync 1 DAGs
[2024-06-01T06:15:05.420+0000] {processor.py:183} INFO - Processing /opt/airflow/dags/asset_analysis_procedural.py took 0.161 seconds
[2024-06-01T06:15:35.783+0000] {processor.py:161} INFO - Started process (PID=4330) to work on /opt/airflow/dags/asset_analysis_procedural.py
[2024-06-01T06:15:35.784+0000] {processor.py:830} INFO - Processing file /opt/airflow/dags/asset_analysis_procedural.py for tasks to queue
[2024-06-01T06:15:35.784+0000] {logging_mixin.py:188} INFO - [2024-06-01T06:15:35.784+0000] {dagbag.py:545} INFO - Filling up the DagBag from /opt/airflow/dags/asset_analysis_procedural.py
[2024-06-01T06:15:35.924+0000] {processor.py:840} INFO - DAG(s) 'soc_domain_analysis' retrieved from /opt/airflow/dags/asset_analysis_procedural.py
[2024-06-01T06:15:35.963+0000] {logging_mixin.py:188} INFO - [2024-06-01T06:15:35.963+0000] {dag.py:3096} INFO - Sync 1 DAGs
[2024-06-01T06:15:35.974+0000] {processor.py:183} INFO - Processing /opt/airflow/dags/asset_analysis_procedural.py took 0.195 seconds
[2024-06-01T06:16:06.311+0000] {processor.py:161} INFO - Started process (PID=4360) to work on /opt/airflow/dags/asset_analysis_procedural.py
[2024-06-01T06:16:06.312+0000] {processor.py:830} INFO - Processing file /opt/airflow/dags/asset_analysis_procedural.py for tasks to queue
[2024-06-01T06:16:06.313+0000] {logging_mixin.py:188} INFO - [2024-06-01T06:16:06.313+0000] {dagbag.py:545} INFO - Filling up the DagBag from /opt/airflow/dags/asset_analysis_procedural.py
[2024-06-01T06:16:06.447+0000] {processor.py:840} INFO - DAG(s) 'soc_domain_analysis' retrieved from /opt/airflow/dags/asset_analysis_procedural.py
[2024-06-01T06:16:06.457+0000] {logging_mixin.py:188} INFO - [2024-06-01T06:16:06.457+0000] {dag.py:3096} INFO - Sync 1 DAGs
[2024-06-01T06:16:06.470+0000] {processor.py:183} INFO - Processing /opt/airflow/dags/asset_analysis_procedural.py took 0.165 seconds
[2024-06-01T06:16:36.702+0000] {processor.py:161} INFO - Started process (PID=4390) to work on /opt/airflow/dags/asset_analysis_procedural.py
[2024-06-01T06:16:36.703+0000] {processor.py:830} INFO - Processing file /opt/airflow/dags/asset_analysis_procedural.py for tasks to queue
[2024-06-01T06:16:36.703+0000] {logging_mixin.py:188} INFO - [2024-06-01T06:16:36.703+0000] {dagbag.py:545} INFO - Filling up the DagBag from /opt/airflow/dags/asset_analysis_procedural.py
[2024-06-01T06:16:36.817+0000] {processor.py:840} INFO - DAG(s) 'soc_domain_analysis' retrieved from /opt/airflow/dags/asset_analysis_procedural.py
[2024-06-01T06:16:36.823+0000] {logging_mixin.py:188} INFO - [2024-06-01T06:16:36.823+0000] {dag.py:3096} INFO - Sync 1 DAGs
[2024-06-01T06:16:36.835+0000] {processor.py:183} INFO - Processing /opt/airflow/dags/asset_analysis_procedural.py took 0.137 seconds
[2024-06-01T06:17:07.120+0000] {processor.py:161} INFO - Started process (PID=4420) to work on /opt/airflow/dags/asset_analysis_procedural.py
[2024-06-01T06:17:07.120+0000] {processor.py:830} INFO - Processing file /opt/airflow/dags/asset_analysis_procedural.py for tasks to queue
[2024-06-01T06:17:07.121+0000] {logging_mixin.py:188} INFO - [2024-06-01T06:17:07.121+0000] {dagbag.py:545} INFO - Filling up the DagBag from /opt/airflow/dags/asset_analysis_procedural.py
[2024-06-01T06:17:07.302+0000] {processor.py:840} INFO - DAG(s) 'soc_domain_analysis' retrieved from /opt/airflow/dags/asset_analysis_procedural.py
[2024-06-01T06:17:07.360+0000] {logging_mixin.py:188} INFO - [2024-06-01T06:17:07.360+0000] {dag.py:3096} INFO - Sync 1 DAGs
[2024-06-01T06:17:07.388+0000] {processor.py:183} INFO - Processing /opt/airflow/dags/asset_analysis_procedural.py took 0.274 seconds
[2024-06-01T06:17:37.731+0000] {processor.py:161} INFO - Started process (PID=4450) to work on /opt/airflow/dags/asset_analysis_procedural.py
[2024-06-01T06:17:37.732+0000] {processor.py:830} INFO - Processing file /opt/airflow/dags/asset_analysis_procedural.py for tasks to queue
[2024-06-01T06:17:37.733+0000] {logging_mixin.py:188} INFO - [2024-06-01T06:17:37.733+0000] {dagbag.py:545} INFO - Filling up the DagBag from /opt/airflow/dags/asset_analysis_procedural.py
[2024-06-01T06:17:37.882+0000] {processor.py:840} INFO - DAG(s) 'soc_domain_analysis' retrieved from /opt/airflow/dags/asset_analysis_procedural.py
[2024-06-01T06:17:37.893+0000] {logging_mixin.py:188} INFO - [2024-06-01T06:17:37.893+0000] {dag.py:3096} INFO - Sync 1 DAGs
[2024-06-01T06:17:37.905+0000] {processor.py:183} INFO - Processing /opt/airflow/dags/asset_analysis_procedural.py took 0.183 seconds
[2024-06-01T06:18:08.205+0000] {processor.py:161} INFO - Started process (PID=4480) to work on /opt/airflow/dags/asset_analysis_procedural.py
[2024-06-01T06:18:08.207+0000] {processor.py:830} INFO - Processing file /opt/airflow/dags/asset_analysis_procedural.py for tasks to queue
[2024-06-01T06:18:08.208+0000] {logging_mixin.py:188} INFO - [2024-06-01T06:18:08.208+0000] {dagbag.py:545} INFO - Filling up the DagBag from /opt/airflow/dags/asset_analysis_procedural.py
[2024-06-01T06:18:08.335+0000] {processor.py:840} INFO - DAG(s) 'soc_domain_analysis' retrieved from /opt/airflow/dags/asset_analysis_procedural.py
[2024-06-01T06:18:08.340+0000] {logging_mixin.py:188} INFO - [2024-06-01T06:18:08.340+0000] {dag.py:3096} INFO - Sync 1 DAGs
[2024-06-01T06:18:08.353+0000] {processor.py:183} INFO - Processing /opt/airflow/dags/asset_analysis_procedural.py took 0.153 seconds
[2024-06-01T06:18:38.726+0000] {processor.py:161} INFO - Started process (PID=4514) to work on /opt/airflow/dags/asset_analysis_procedural.py
[2024-06-01T06:18:38.728+0000] {processor.py:830} INFO - Processing file /opt/airflow/dags/asset_analysis_procedural.py for tasks to queue
[2024-06-01T06:18:38.729+0000] {logging_mixin.py:188} INFO - [2024-06-01T06:18:38.729+0000] {dagbag.py:545} INFO - Filling up the DagBag from /opt/airflow/dags/asset_analysis_procedural.py
[2024-06-01T06:18:38.855+0000] {processor.py:840} INFO - DAG(s) 'soc_domain_analysis' retrieved from /opt/airflow/dags/asset_analysis_procedural.py
[2024-06-01T06:18:38.892+0000] {logging_mixin.py:188} INFO - [2024-06-01T06:18:38.892+0000] {dag.py:3096} INFO - Sync 1 DAGs
[2024-06-01T06:18:38.902+0000] {processor.py:183} INFO - Processing /opt/airflow/dags/asset_analysis_procedural.py took 0.183 seconds
[2024-06-01T06:19:09.166+0000] {processor.py:161} INFO - Started process (PID=4558) to work on /opt/airflow/dags/asset_analysis_procedural.py
[2024-06-01T06:19:09.167+0000] {processor.py:830} INFO - Processing file /opt/airflow/dags/asset_analysis_procedural.py for tasks to queue
[2024-06-01T06:19:09.168+0000] {logging_mixin.py:188} INFO - [2024-06-01T06:19:09.168+0000] {dagbag.py:545} INFO - Filling up the DagBag from /opt/airflow/dags/asset_analysis_procedural.py
[2024-06-01T06:19:09.295+0000] {processor.py:840} INFO - DAG(s) 'soc_domain_analysis' retrieved from /opt/airflow/dags/asset_analysis_procedural.py
[2024-06-01T06:19:09.304+0000] {logging_mixin.py:188} INFO - [2024-06-01T06:19:09.304+0000] {dag.py:3096} INFO - Sync 1 DAGs
[2024-06-01T06:19:09.316+0000] {processor.py:183} INFO - Processing /opt/airflow/dags/asset_analysis_procedural.py took 0.156 seconds
[2024-06-01T06:19:39.602+0000] {processor.py:161} INFO - Started process (PID=4588) to work on /opt/airflow/dags/asset_analysis_procedural.py
[2024-06-01T06:19:39.603+0000] {processor.py:830} INFO - Processing file /opt/airflow/dags/asset_analysis_procedural.py for tasks to queue
[2024-06-01T06:19:39.604+0000] {logging_mixin.py:188} INFO - [2024-06-01T06:19:39.604+0000] {dagbag.py:545} INFO - Filling up the DagBag from /opt/airflow/dags/asset_analysis_procedural.py
[2024-06-01T06:19:39.732+0000] {processor.py:840} INFO - DAG(s) 'soc_domain_analysis' retrieved from /opt/airflow/dags/asset_analysis_procedural.py
[2024-06-01T06:19:39.737+0000] {logging_mixin.py:188} INFO - [2024-06-01T06:19:39.737+0000] {dag.py:3096} INFO - Sync 1 DAGs
[2024-06-01T06:19:39.749+0000] {processor.py:183} INFO - Processing /opt/airflow/dags/asset_analysis_procedural.py took 0.153 seconds
[2024-06-01T06:20:10.107+0000] {processor.py:161} INFO - Started process (PID=4618) to work on /opt/airflow/dags/asset_analysis_procedural.py
[2024-06-01T06:20:10.108+0000] {processor.py:830} INFO - Processing file /opt/airflow/dags/asset_analysis_procedural.py for tasks to queue
[2024-06-01T06:20:10.109+0000] {logging_mixin.py:188} INFO - [2024-06-01T06:20:10.109+0000] {dagbag.py:545} INFO - Filling up the DagBag from /opt/airflow/dags/asset_analysis_procedural.py
[2024-06-01T06:20:10.225+0000] {processor.py:840} INFO - DAG(s) 'soc_domain_analysis' retrieved from /opt/airflow/dags/asset_analysis_procedural.py
[2024-06-01T06:20:10.259+0000] {logging_mixin.py:188} INFO - [2024-06-01T06:20:10.259+0000] {dag.py:3096} INFO - Sync 1 DAGs
[2024-06-01T06:20:10.269+0000] {processor.py:183} INFO - Processing /opt/airflow/dags/asset_analysis_procedural.py took 0.168 seconds
[2024-06-01T06:20:40.584+0000] {processor.py:161} INFO - Started process (PID=4648) to work on /opt/airflow/dags/asset_analysis_procedural.py
[2024-06-01T06:20:40.585+0000] {processor.py:830} INFO - Processing file /opt/airflow/dags/asset_analysis_procedural.py for tasks to queue
[2024-06-01T06:20:40.587+0000] {logging_mixin.py:188} INFO - [2024-06-01T06:20:40.587+0000] {dagbag.py:545} INFO - Filling up the DagBag from /opt/airflow/dags/asset_analysis_procedural.py
[2024-06-01T06:20:40.717+0000] {processor.py:840} INFO - DAG(s) 'soc_domain_analysis' retrieved from /opt/airflow/dags/asset_analysis_procedural.py
[2024-06-01T06:20:40.728+0000] {logging_mixin.py:188} INFO - [2024-06-01T06:20:40.728+0000] {dag.py:3096} INFO - Sync 1 DAGs
[2024-06-01T06:20:40.740+0000] {processor.py:183} INFO - Processing /opt/airflow/dags/asset_analysis_procedural.py took 0.162 seconds
[2024-06-01T06:21:24.602+0000] {processor.py:161} INFO - Started process (PID=166) to work on /opt/airflow/dags/asset_analysis_procedural.py
[2024-06-01T06:21:24.603+0000] {processor.py:830} INFO - Processing file /opt/airflow/dags/asset_analysis_procedural.py for tasks to queue
[2024-06-01T06:21:24.604+0000] {logging_mixin.py:188} INFO - [2024-06-01T06:21:24.604+0000] {dagbag.py:545} INFO - Filling up the DagBag from /opt/airflow/dags/asset_analysis_procedural.py
[2024-06-01T06:21:24.781+0000] {processor.py:840} INFO - DAG(s) 'soc_domain_analysis' retrieved from /opt/airflow/dags/asset_analysis_procedural.py
[2024-06-01T06:21:24.876+0000] {logging_mixin.py:188} INFO - [2024-06-01T06:21:24.876+0000] {dag.py:3096} INFO - Sync 1 DAGs
[2024-06-01T06:21:24.893+0000] {processor.py:183} INFO - Processing /opt/airflow/dags/asset_analysis_procedural.py took 0.294 seconds
[2024-06-01T06:21:52.266+0000] {processor.py:161} INFO - Started process (PID=196) to work on /opt/airflow/dags/asset_analysis_procedural.py
[2024-06-01T06:21:52.267+0000] {processor.py:830} INFO - Processing file /opt/airflow/dags/asset_analysis_procedural.py for tasks to queue
[2024-06-01T06:21:52.269+0000] {logging_mixin.py:188} INFO - [2024-06-01T06:21:52.269+0000] {dagbag.py:545} INFO - Filling up the DagBag from /opt/airflow/dags/asset_analysis_procedural.py
[2024-06-01T06:21:52.338+0000] {processor.py:840} INFO - DAG(s) 'soc_domain_analysis_procedural' retrieved from /opt/airflow/dags/asset_analysis_procedural.py
[2024-06-01T06:21:52.380+0000] {logging_mixin.py:188} INFO - [2024-06-01T06:21:52.380+0000] {override.py:1829} INFO - Created Permission View: can delete on DAG:soc_domain_analysis_procedural
[2024-06-01T06:21:52.383+0000] {logging_mixin.py:188} INFO - [2024-06-01T06:21:52.383+0000] {override.py:1829} INFO - Created Permission View: can read on DAG:soc_domain_analysis_procedural
[2024-06-01T06:21:52.385+0000] {logging_mixin.py:188} INFO - [2024-06-01T06:21:52.385+0000] {override.py:1829} INFO - Created Permission View: can edit on DAG:soc_domain_analysis_procedural
[2024-06-01T06:21:52.385+0000] {logging_mixin.py:188} INFO - [2024-06-01T06:21:52.385+0000] {dag.py:3096} INFO - Sync 1 DAGs
[2024-06-01T06:21:52.389+0000] {logging_mixin.py:188} INFO - [2024-06-01T06:21:52.389+0000] {dag.py:3118} INFO - Creating ORM DAG for soc_domain_analysis_procedural
[2024-06-01T06:21:52.393+0000] {logging_mixin.py:188} INFO - [2024-06-01T06:21:52.393+0000] {dag.py:3954} INFO - Setting next_dagrun for soc_domain_analysis_procedural to 2023-01-01 00:00:00+00:00, run_after=2023-01-01 01:00:00+00:00
[2024-06-01T06:21:52.398+0000] {processor.py:183} INFO - Processing /opt/airflow/dags/asset_analysis_procedural.py took 0.139 seconds
[2024-06-01T06:22:22.770+0000] {processor.py:161} INFO - Started process (PID=228) to work on /opt/airflow/dags/asset_analysis_procedural.py
[2024-06-01T06:22:22.771+0000] {processor.py:830} INFO - Processing file /opt/airflow/dags/asset_analysis_procedural.py for tasks to queue
[2024-06-01T06:22:22.773+0000] {logging_mixin.py:188} INFO - [2024-06-01T06:22:22.773+0000] {dagbag.py:545} INFO - Filling up the DagBag from /opt/airflow/dags/asset_analysis_procedural.py
[2024-06-01T06:22:22.845+0000] {processor.py:840} INFO - DAG(s) 'soc_domain_analysis_procedural' retrieved from /opt/airflow/dags/asset_analysis_procedural.py
[2024-06-01T06:22:22.856+0000] {logging_mixin.py:188} INFO - [2024-06-01T06:22:22.856+0000] {dag.py:3096} INFO - Sync 1 DAGs
[2024-06-01T06:22:22.869+0000] {processor.py:183} INFO - Processing /opt/airflow/dags/asset_analysis_procedural.py took 0.107 seconds
[2024-06-01T06:22:53.250+0000] {processor.py:161} INFO - Started process (PID=258) to work on /opt/airflow/dags/asset_analysis_procedural.py
[2024-06-01T06:22:53.251+0000] {processor.py:830} INFO - Processing file /opt/airflow/dags/asset_analysis_procedural.py for tasks to queue
[2024-06-01T06:22:53.253+0000] {logging_mixin.py:188} INFO - [2024-06-01T06:22:53.253+0000] {dagbag.py:545} INFO - Filling up the DagBag from /opt/airflow/dags/asset_analysis_procedural.py
[2024-06-01T06:22:53.313+0000] {processor.py:840} INFO - DAG(s) 'soc_domain_analysis_procedural' retrieved from /opt/airflow/dags/asset_analysis_procedural.py
[2024-06-01T06:22:53.323+0000] {logging_mixin.py:188} INFO - [2024-06-01T06:22:53.323+0000] {dag.py:3096} INFO - Sync 1 DAGs
[2024-06-01T06:22:53.337+0000] {processor.py:183} INFO - Processing /opt/airflow/dags/asset_analysis_procedural.py took 0.093 seconds
[2024-06-01T06:23:23.707+0000] {processor.py:161} INFO - Started process (PID=288) to work on /opt/airflow/dags/asset_analysis_procedural.py
[2024-06-01T06:23:23.708+0000] {processor.py:830} INFO - Processing file /opt/airflow/dags/asset_analysis_procedural.py for tasks to queue
[2024-06-01T06:23:23.709+0000] {logging_mixin.py:188} INFO - [2024-06-01T06:23:23.709+0000] {dagbag.py:545} INFO - Filling up the DagBag from /opt/airflow/dags/asset_analysis_procedural.py
[2024-06-01T06:23:23.768+0000] {processor.py:840} INFO - DAG(s) 'soc_domain_analysis_procedural' retrieved from /opt/airflow/dags/asset_analysis_procedural.py
[2024-06-01T06:23:23.778+0000] {logging_mixin.py:188} INFO - [2024-06-01T06:23:23.778+0000] {dag.py:3096} INFO - Sync 1 DAGs
[2024-06-01T06:23:23.790+0000] {processor.py:183} INFO - Processing /opt/airflow/dags/asset_analysis_procedural.py took 0.089 seconds
[2024-06-01T06:23:54.083+0000] {processor.py:161} INFO - Started process (PID=318) to work on /opt/airflow/dags/asset_analysis_procedural.py
[2024-06-01T06:23:54.084+0000] {processor.py:830} INFO - Processing file /opt/airflow/dags/asset_analysis_procedural.py for tasks to queue
[2024-06-01T06:23:54.085+0000] {logging_mixin.py:188} INFO - [2024-06-01T06:23:54.085+0000] {dagbag.py:545} INFO - Filling up the DagBag from /opt/airflow/dags/asset_analysis_procedural.py
[2024-06-01T06:23:54.153+0000] {processor.py:840} INFO - DAG(s) 'soc_domain_analysis_procedural' retrieved from /opt/airflow/dags/asset_analysis_procedural.py
[2024-06-01T06:23:54.164+0000] {logging_mixin.py:188} INFO - [2024-06-01T06:23:54.164+0000] {dag.py:3096} INFO - Sync 1 DAGs
[2024-06-01T06:23:54.179+0000] {processor.py:183} INFO - Processing /opt/airflow/dags/asset_analysis_procedural.py took 0.102 seconds
[2024-06-01T06:24:24.526+0000] {processor.py:161} INFO - Started process (PID=348) to work on /opt/airflow/dags/asset_analysis_procedural.py
[2024-06-01T06:24:24.527+0000] {processor.py:830} INFO - Processing file /opt/airflow/dags/asset_analysis_procedural.py for tasks to queue
[2024-06-01T06:24:24.529+0000] {logging_mixin.py:188} INFO - [2024-06-01T06:24:24.529+0000] {dagbag.py:545} INFO - Filling up the DagBag from /opt/airflow/dags/asset_analysis_procedural.py
[2024-06-01T06:24:24.590+0000] {processor.py:840} INFO - DAG(s) 'soc_domain_analysis_procedural' retrieved from /opt/airflow/dags/asset_analysis_procedural.py
[2024-06-01T06:24:24.600+0000] {logging_mixin.py:188} INFO - [2024-06-01T06:24:24.600+0000] {dag.py:3096} INFO - Sync 1 DAGs
[2024-06-01T06:24:24.613+0000] {processor.py:183} INFO - Processing /opt/airflow/dags/asset_analysis_procedural.py took 0.092 seconds
[2024-06-01T06:24:54.953+0000] {processor.py:161} INFO - Started process (PID=378) to work on /opt/airflow/dags/asset_analysis_procedural.py
[2024-06-01T06:24:54.955+0000] {processor.py:830} INFO - Processing file /opt/airflow/dags/asset_analysis_procedural.py for tasks to queue
[2024-06-01T06:24:54.957+0000] {logging_mixin.py:188} INFO - [2024-06-01T06:24:54.956+0000] {dagbag.py:545} INFO - Filling up the DagBag from /opt/airflow/dags/asset_analysis_procedural.py
[2024-06-01T06:24:55.024+0000] {processor.py:840} INFO - DAG(s) 'soc_domain_analysis_procedural' retrieved from /opt/airflow/dags/asset_analysis_procedural.py
[2024-06-01T06:24:55.035+0000] {logging_mixin.py:188} INFO - [2024-06-01T06:24:55.035+0000] {dag.py:3096} INFO - Sync 1 DAGs
[2024-06-01T06:24:55.048+0000] {processor.py:183} INFO - Processing /opt/airflow/dags/asset_analysis_procedural.py took 0.101 seconds
[2024-06-01T06:25:25.376+0000] {processor.py:161} INFO - Started process (PID=408) to work on /opt/airflow/dags/asset_analysis_procedural.py
[2024-06-01T06:25:25.376+0000] {processor.py:830} INFO - Processing file /opt/airflow/dags/asset_analysis_procedural.py for tasks to queue
[2024-06-01T06:25:25.377+0000] {logging_mixin.py:188} INFO - [2024-06-01T06:25:25.377+0000] {dagbag.py:545} INFO - Filling up the DagBag from /opt/airflow/dags/asset_analysis_procedural.py
[2024-06-01T06:25:25.427+0000] {processor.py:840} INFO - DAG(s) 'soc_domain_analysis_procedural' retrieved from /opt/airflow/dags/asset_analysis_procedural.py
[2024-06-01T06:25:25.437+0000] {logging_mixin.py:188} INFO - [2024-06-01T06:25:25.437+0000] {dag.py:3096} INFO - Sync 1 DAGs
[2024-06-01T06:25:25.450+0000] {processor.py:183} INFO - Processing /opt/airflow/dags/asset_analysis_procedural.py took 0.077 seconds
[2024-06-01T06:25:55.815+0000] {processor.py:161} INFO - Started process (PID=438) to work on /opt/airflow/dags/asset_analysis_procedural.py
[2024-06-01T06:25:55.816+0000] {processor.py:830} INFO - Processing file /opt/airflow/dags/asset_analysis_procedural.py for tasks to queue
[2024-06-01T06:25:55.817+0000] {logging_mixin.py:188} INFO - [2024-06-01T06:25:55.817+0000] {dagbag.py:545} INFO - Filling up the DagBag from /opt/airflow/dags/asset_analysis_procedural.py
[2024-06-01T06:25:55.876+0000] {processor.py:840} INFO - DAG(s) 'soc_domain_analysis_procedural' retrieved from /opt/airflow/dags/asset_analysis_procedural.py
[2024-06-01T06:25:55.886+0000] {logging_mixin.py:188} INFO - [2024-06-01T06:25:55.886+0000] {dag.py:3096} INFO - Sync 1 DAGs
[2024-06-01T06:25:55.901+0000] {processor.py:183} INFO - Processing /opt/airflow/dags/asset_analysis_procedural.py took 0.092 seconds
[2024-06-01T06:26:26.270+0000] {processor.py:161} INFO - Started process (PID=468) to work on /opt/airflow/dags/asset_analysis_procedural.py
[2024-06-01T06:26:26.271+0000] {processor.py:830} INFO - Processing file /opt/airflow/dags/asset_analysis_procedural.py for tasks to queue
[2024-06-01T06:26:26.273+0000] {logging_mixin.py:188} INFO - [2024-06-01T06:26:26.273+0000] {dagbag.py:545} INFO - Filling up the DagBag from /opt/airflow/dags/asset_analysis_procedural.py
[2024-06-01T06:26:26.332+0000] {processor.py:840} INFO - DAG(s) 'soc_domain_analysis_procedural' retrieved from /opt/airflow/dags/asset_analysis_procedural.py
[2024-06-01T06:26:26.342+0000] {logging_mixin.py:188} INFO - [2024-06-01T06:26:26.342+0000] {dag.py:3096} INFO - Sync 1 DAGs
[2024-06-01T06:26:26.355+0000] {processor.py:183} INFO - Processing /opt/airflow/dags/asset_analysis_procedural.py took 0.090 seconds
[2024-06-01T06:26:28.316+0000] {processor.py:161} INFO - Started process (PID=476) to work on /opt/airflow/dags/asset_analysis_procedural.py
[2024-06-01T06:26:28.317+0000] {processor.py:830} INFO - Processing file /opt/airflow/dags/asset_analysis_procedural.py for tasks to queue
[2024-06-01T06:26:28.318+0000] {logging_mixin.py:188} INFO - [2024-06-01T06:26:28.318+0000] {dagbag.py:545} INFO - Filling up the DagBag from /opt/airflow/dags/asset_analysis_procedural.py
[2024-06-01T06:26:28.381+0000] {processor.py:840} INFO - DAG(s) 'soc_domain_analysis_procedural' retrieved from /opt/airflow/dags/asset_analysis_procedural.py
[2024-06-01T06:26:28.393+0000] {logging_mixin.py:188} INFO - [2024-06-01T06:26:28.393+0000] {dag.py:3096} INFO - Sync 1 DAGs
[2024-06-01T06:26:28.410+0000] {processor.py:183} INFO - Processing /opt/airflow/dags/asset_analysis_procedural.py took 0.099 seconds
[2024-06-01T06:26:58.776+0000] {processor.py:161} INFO - Started process (PID=506) to work on /opt/airflow/dags/asset_analysis_procedural.py
[2024-06-01T06:26:58.777+0000] {processor.py:830} INFO - Processing file /opt/airflow/dags/asset_analysis_procedural.py for tasks to queue
[2024-06-01T06:26:58.779+0000] {logging_mixin.py:188} INFO - [2024-06-01T06:26:58.778+0000] {dagbag.py:545} INFO - Filling up the DagBag from /opt/airflow/dags/asset_analysis_procedural.py
[2024-06-01T06:26:58.836+0000] {processor.py:840} INFO - DAG(s) 'soc_domain_analysis_procedural' retrieved from /opt/airflow/dags/asset_analysis_procedural.py
[2024-06-01T06:26:58.847+0000] {logging_mixin.py:188} INFO - [2024-06-01T06:26:58.847+0000] {dag.py:3096} INFO - Sync 1 DAGs
[2024-06-01T06:26:58.861+0000] {processor.py:183} INFO - Processing /opt/airflow/dags/asset_analysis_procedural.py took 0.089 seconds
[2024-06-01T06:27:29.112+0000] {processor.py:161} INFO - Started process (PID=536) to work on /opt/airflow/dags/asset_analysis_procedural.py
[2024-06-01T06:27:29.113+0000] {processor.py:830} INFO - Processing file /opt/airflow/dags/asset_analysis_procedural.py for tasks to queue
[2024-06-01T06:27:29.114+0000] {logging_mixin.py:188} INFO - [2024-06-01T06:27:29.114+0000] {dagbag.py:545} INFO - Filling up the DagBag from /opt/airflow/dags/asset_analysis_procedural.py
[2024-06-01T06:27:29.179+0000] {processor.py:840} INFO - DAG(s) 'soc_domain_analysis_procedural' retrieved from /opt/airflow/dags/asset_analysis_procedural.py
[2024-06-01T06:27:29.192+0000] {logging_mixin.py:188} INFO - [2024-06-01T06:27:29.191+0000] {dag.py:3096} INFO - Sync 1 DAGs
[2024-06-01T06:27:29.206+0000] {processor.py:183} INFO - Processing /opt/airflow/dags/asset_analysis_procedural.py took 0.098 seconds
[2024-06-01T06:27:59.465+0000] {processor.py:161} INFO - Started process (PID=566) to work on /opt/airflow/dags/asset_analysis_procedural.py
[2024-06-01T06:27:59.468+0000] {processor.py:830} INFO - Processing file /opt/airflow/dags/asset_analysis_procedural.py for tasks to queue
[2024-06-01T06:27:59.469+0000] {logging_mixin.py:188} INFO - [2024-06-01T06:27:59.469+0000] {dagbag.py:545} INFO - Filling up the DagBag from /opt/airflow/dags/asset_analysis_procedural.py
[2024-06-01T06:27:59.529+0000] {processor.py:840} INFO - DAG(s) 'soc_domain_analysis_procedural' retrieved from /opt/airflow/dags/asset_analysis_procedural.py
[2024-06-01T06:27:59.540+0000] {logging_mixin.py:188} INFO - [2024-06-01T06:27:59.540+0000] {dag.py:3096} INFO - Sync 1 DAGs
[2024-06-01T06:27:59.555+0000] {processor.py:183} INFO - Processing /opt/airflow/dags/asset_analysis_procedural.py took 0.094 seconds
[2024-06-01T06:28:29.862+0000] {processor.py:161} INFO - Started process (PID=596) to work on /opt/airflow/dags/asset_analysis_procedural.py
[2024-06-01T06:28:29.863+0000] {processor.py:830} INFO - Processing file /opt/airflow/dags/asset_analysis_procedural.py for tasks to queue
[2024-06-01T06:28:29.864+0000] {logging_mixin.py:188} INFO - [2024-06-01T06:28:29.864+0000] {dagbag.py:545} INFO - Filling up the DagBag from /opt/airflow/dags/asset_analysis_procedural.py
[2024-06-01T06:28:29.919+0000] {processor.py:840} INFO - DAG(s) 'soc_domain_analysis_procedural' retrieved from /opt/airflow/dags/asset_analysis_procedural.py
[2024-06-01T06:28:29.929+0000] {logging_mixin.py:188} INFO - [2024-06-01T06:28:29.929+0000] {dag.py:3096} INFO - Sync 1 DAGs
[2024-06-01T06:28:29.943+0000] {processor.py:183} INFO - Processing /opt/airflow/dags/asset_analysis_procedural.py took 0.084 seconds
[2024-06-01T06:29:00.309+0000] {processor.py:161} INFO - Started process (PID=626) to work on /opt/airflow/dags/asset_analysis_procedural.py
[2024-06-01T06:29:00.310+0000] {processor.py:830} INFO - Processing file /opt/airflow/dags/asset_analysis_procedural.py for tasks to queue
[2024-06-01T06:29:00.311+0000] {logging_mixin.py:188} INFO - [2024-06-01T06:29:00.311+0000] {dagbag.py:545} INFO - Filling up the DagBag from /opt/airflow/dags/asset_analysis_procedural.py
[2024-06-01T06:29:00.372+0000] {processor.py:840} INFO - DAG(s) 'soc_domain_analysis_procedural' retrieved from /opt/airflow/dags/asset_analysis_procedural.py
[2024-06-01T06:29:00.385+0000] {logging_mixin.py:188} INFO - [2024-06-01T06:29:00.385+0000] {dag.py:3096} INFO - Sync 1 DAGs
[2024-06-01T06:29:00.402+0000] {processor.py:183} INFO - Processing /opt/airflow/dags/asset_analysis_procedural.py took 0.099 seconds
[2024-06-01T06:29:30.736+0000] {processor.py:161} INFO - Started process (PID=656) to work on /opt/airflow/dags/asset_analysis_procedural.py
[2024-06-01T06:29:30.737+0000] {processor.py:830} INFO - Processing file /opt/airflow/dags/asset_analysis_procedural.py for tasks to queue
[2024-06-01T06:29:30.738+0000] {logging_mixin.py:188} INFO - [2024-06-01T06:29:30.738+0000] {dagbag.py:545} INFO - Filling up the DagBag from /opt/airflow/dags/asset_analysis_procedural.py
[2024-06-01T06:29:30.800+0000] {processor.py:840} INFO - DAG(s) 'soc_domain_analysis_procedural' retrieved from /opt/airflow/dags/asset_analysis_procedural.py
[2024-06-01T06:29:30.812+0000] {logging_mixin.py:188} INFO - [2024-06-01T06:29:30.812+0000] {dag.py:3096} INFO - Sync 1 DAGs
[2024-06-01T06:29:30.826+0000] {processor.py:183} INFO - Processing /opt/airflow/dags/asset_analysis_procedural.py took 0.094 seconds
[2024-06-01T06:30:01.143+0000] {processor.py:161} INFO - Started process (PID=686) to work on /opt/airflow/dags/asset_analysis_procedural.py
[2024-06-01T06:30:01.144+0000] {processor.py:830} INFO - Processing file /opt/airflow/dags/asset_analysis_procedural.py for tasks to queue
[2024-06-01T06:30:01.145+0000] {logging_mixin.py:188} INFO - [2024-06-01T06:30:01.144+0000] {dagbag.py:545} INFO - Filling up the DagBag from /opt/airflow/dags/asset_analysis_procedural.py
[2024-06-01T06:30:01.196+0000] {processor.py:840} INFO - DAG(s) 'soc_domain_analysis_procedural' retrieved from /opt/airflow/dags/asset_analysis_procedural.py
[2024-06-01T06:30:01.207+0000] {logging_mixin.py:188} INFO - [2024-06-01T06:30:01.206+0000] {dag.py:3096} INFO - Sync 1 DAGs
[2024-06-01T06:30:01.219+0000] {processor.py:183} INFO - Processing /opt/airflow/dags/asset_analysis_procedural.py took 0.079 seconds
[2024-06-01T06:30:31.595+0000] {processor.py:161} INFO - Started process (PID=716) to work on /opt/airflow/dags/asset_analysis_procedural.py
[2024-06-01T06:30:31.596+0000] {processor.py:830} INFO - Processing file /opt/airflow/dags/asset_analysis_procedural.py for tasks to queue
[2024-06-01T06:30:31.597+0000] {logging_mixin.py:188} INFO - [2024-06-01T06:30:31.597+0000] {dagbag.py:545} INFO - Filling up the DagBag from /opt/airflow/dags/asset_analysis_procedural.py
[2024-06-01T06:30:31.654+0000] {processor.py:840} INFO - DAG(s) 'soc_domain_analysis_procedural' retrieved from /opt/airflow/dags/asset_analysis_procedural.py
[2024-06-01T06:30:31.665+0000] {logging_mixin.py:188} INFO - [2024-06-01T06:30:31.665+0000] {dag.py:3096} INFO - Sync 1 DAGs
[2024-06-01T06:30:31.679+0000] {processor.py:183} INFO - Processing /opt/airflow/dags/asset_analysis_procedural.py took 0.089 seconds
[2024-06-01T06:31:02.026+0000] {processor.py:161} INFO - Started process (PID=746) to work on /opt/airflow/dags/asset_analysis_procedural.py
[2024-06-01T06:31:02.027+0000] {processor.py:830} INFO - Processing file /opt/airflow/dags/asset_analysis_procedural.py for tasks to queue
[2024-06-01T06:31:02.028+0000] {logging_mixin.py:188} INFO - [2024-06-01T06:31:02.028+0000] {dagbag.py:545} INFO - Filling up the DagBag from /opt/airflow/dags/asset_analysis_procedural.py
[2024-06-01T06:31:02.079+0000] {processor.py:840} INFO - DAG(s) 'soc_domain_analysis_procedural' retrieved from /opt/airflow/dags/asset_analysis_procedural.py
[2024-06-01T06:31:02.089+0000] {logging_mixin.py:188} INFO - [2024-06-01T06:31:02.089+0000] {dag.py:3096} INFO - Sync 1 DAGs
[2024-06-01T06:31:02.103+0000] {processor.py:183} INFO - Processing /opt/airflow/dags/asset_analysis_procedural.py took 0.081 seconds
[2024-06-01T06:31:07.185+0000] {processor.py:161} INFO - Started process (PID=776) to work on /opt/airflow/dags/asset_analysis_procedural.py
[2024-06-01T06:31:07.185+0000] {processor.py:830} INFO - Processing file /opt/airflow/dags/asset_analysis_procedural.py for tasks to queue
[2024-06-01T06:31:07.187+0000] {logging_mixin.py:188} INFO - [2024-06-01T06:31:07.187+0000] {dagbag.py:545} INFO - Filling up the DagBag from /opt/airflow/dags/asset_analysis_procedural.py
[2024-06-01T06:31:07.241+0000] {processor.py:840} INFO - DAG(s) 'soc_domain_analysis_procedural' retrieved from /opt/airflow/dags/asset_analysis_procedural.py
[2024-06-01T06:31:07.252+0000] {logging_mixin.py:188} INFO - [2024-06-01T06:31:07.252+0000] {dag.py:3096} INFO - Sync 1 DAGs
[2024-06-01T06:31:07.266+0000] {processor.py:183} INFO - Processing /opt/airflow/dags/asset_analysis_procedural.py took 0.085 seconds
[2024-06-01T06:31:37.615+0000] {processor.py:161} INFO - Started process (PID=806) to work on /opt/airflow/dags/asset_analysis_procedural.py
[2024-06-01T06:31:37.615+0000] {processor.py:830} INFO - Processing file /opt/airflow/dags/asset_analysis_procedural.py for tasks to queue
[2024-06-01T06:31:37.617+0000] {logging_mixin.py:188} INFO - [2024-06-01T06:31:37.616+0000] {dagbag.py:545} INFO - Filling up the DagBag from /opt/airflow/dags/asset_analysis_procedural.py
[2024-06-01T06:31:37.669+0000] {processor.py:840} INFO - DAG(s) 'soc_domain_analysis_procedural' retrieved from /opt/airflow/dags/asset_analysis_procedural.py
[2024-06-01T06:31:37.679+0000] {logging_mixin.py:188} INFO - [2024-06-01T06:31:37.679+0000] {dag.py:3096} INFO - Sync 1 DAGs
[2024-06-01T06:31:37.692+0000] {processor.py:183} INFO - Processing /opt/airflow/dags/asset_analysis_procedural.py took 0.082 seconds
[2024-06-01T06:32:08.013+0000] {processor.py:161} INFO - Started process (PID=836) to work on /opt/airflow/dags/asset_analysis_procedural.py
[2024-06-01T06:32:08.014+0000] {processor.py:830} INFO - Processing file /opt/airflow/dags/asset_analysis_procedural.py for tasks to queue
[2024-06-01T06:32:08.015+0000] {logging_mixin.py:188} INFO - [2024-06-01T06:32:08.015+0000] {dagbag.py:545} INFO - Filling up the DagBag from /opt/airflow/dags/asset_analysis_procedural.py
[2024-06-01T06:32:08.070+0000] {processor.py:840} INFO - DAG(s) 'soc_domain_analysis_procedural' retrieved from /opt/airflow/dags/asset_analysis_procedural.py
[2024-06-01T06:32:08.080+0000] {logging_mixin.py:188} INFO - [2024-06-01T06:32:08.080+0000] {dag.py:3096} INFO - Sync 1 DAGs
[2024-06-01T06:32:08.093+0000] {processor.py:183} INFO - Processing /opt/airflow/dags/asset_analysis_procedural.py took 0.084 seconds
[2024-06-01T06:32:38.459+0000] {processor.py:161} INFO - Started process (PID=866) to work on /opt/airflow/dags/asset_analysis_procedural.py
[2024-06-01T06:32:38.459+0000] {processor.py:830} INFO - Processing file /opt/airflow/dags/asset_analysis_procedural.py for tasks to queue
[2024-06-01T06:32:38.461+0000] {logging_mixin.py:188} INFO - [2024-06-01T06:32:38.460+0000] {dagbag.py:545} INFO - Filling up the DagBag from /opt/airflow/dags/asset_analysis_procedural.py
[2024-06-01T06:32:38.520+0000] {processor.py:840} INFO - DAG(s) 'soc_domain_analysis_procedural' retrieved from /opt/airflow/dags/asset_analysis_procedural.py
[2024-06-01T06:32:38.530+0000] {logging_mixin.py:188} INFO - [2024-06-01T06:32:38.530+0000] {dag.py:3096} INFO - Sync 1 DAGs
[2024-06-01T06:32:38.546+0000] {processor.py:183} INFO - Processing /opt/airflow/dags/asset_analysis_procedural.py took 0.092 seconds
[2024-06-01T06:33:08.894+0000] {processor.py:161} INFO - Started process (PID=896) to work on /opt/airflow/dags/asset_analysis_procedural.py
[2024-06-01T06:33:08.894+0000] {processor.py:830} INFO - Processing file /opt/airflow/dags/asset_analysis_procedural.py for tasks to queue
[2024-06-01T06:33:08.895+0000] {logging_mixin.py:188} INFO - [2024-06-01T06:33:08.895+0000] {dagbag.py:545} INFO - Filling up the DagBag from /opt/airflow/dags/asset_analysis_procedural.py
[2024-06-01T06:33:08.947+0000] {processor.py:840} INFO - DAG(s) 'soc_domain_analysis_procedural' retrieved from /opt/airflow/dags/asset_analysis_procedural.py
[2024-06-01T06:33:08.958+0000] {logging_mixin.py:188} INFO - [2024-06-01T06:33:08.958+0000] {dag.py:3096} INFO - Sync 1 DAGs
[2024-06-01T06:33:08.972+0000] {processor.py:183} INFO - Processing /opt/airflow/dags/asset_analysis_procedural.py took 0.081 seconds
[2024-06-01T06:33:39.292+0000] {processor.py:161} INFO - Started process (PID=926) to work on /opt/airflow/dags/asset_analysis_procedural.py
[2024-06-01T06:33:39.293+0000] {processor.py:830} INFO - Processing file /opt/airflow/dags/asset_analysis_procedural.py for tasks to queue
[2024-06-01T06:33:39.294+0000] {logging_mixin.py:188} INFO - [2024-06-01T06:33:39.294+0000] {dagbag.py:545} INFO - Filling up the DagBag from /opt/airflow/dags/asset_analysis_procedural.py
[2024-06-01T06:33:39.353+0000] {processor.py:840} INFO - DAG(s) 'soc_domain_analysis_procedural' retrieved from /opt/airflow/dags/asset_analysis_procedural.py
[2024-06-01T06:33:39.364+0000] {logging_mixin.py:188} INFO - [2024-06-01T06:33:39.364+0000] {dag.py:3096} INFO - Sync 1 DAGs
[2024-06-01T06:33:39.377+0000] {processor.py:183} INFO - Processing /opt/airflow/dags/asset_analysis_procedural.py took 0.090 seconds
[2024-06-01T06:34:09.746+0000] {processor.py:161} INFO - Started process (PID=956) to work on /opt/airflow/dags/asset_analysis_procedural.py
[2024-06-01T06:34:09.746+0000] {processor.py:830} INFO - Processing file /opt/airflow/dags/asset_analysis_procedural.py for tasks to queue
[2024-06-01T06:34:09.747+0000] {logging_mixin.py:188} INFO - [2024-06-01T06:34:09.747+0000] {dagbag.py:545} INFO - Filling up the DagBag from /opt/airflow/dags/asset_analysis_procedural.py
[2024-06-01T06:34:09.804+0000] {processor.py:840} INFO - DAG(s) 'soc_domain_analysis_procedural' retrieved from /opt/airflow/dags/asset_analysis_procedural.py
[2024-06-01T06:34:09.814+0000] {logging_mixin.py:188} INFO - [2024-06-01T06:34:09.814+0000] {dag.py:3096} INFO - Sync 1 DAGs
[2024-06-01T06:34:09.828+0000] {processor.py:183} INFO - Processing /opt/airflow/dags/asset_analysis_procedural.py took 0.088 seconds
[2024-06-01T06:34:40.180+0000] {processor.py:161} INFO - Started process (PID=986) to work on /opt/airflow/dags/asset_analysis_procedural.py
[2024-06-01T06:34:40.180+0000] {processor.py:830} INFO - Processing file /opt/airflow/dags/asset_analysis_procedural.py for tasks to queue
[2024-06-01T06:34:40.181+0000] {logging_mixin.py:188} INFO - [2024-06-01T06:34:40.181+0000] {dagbag.py:545} INFO - Filling up the DagBag from /opt/airflow/dags/asset_analysis_procedural.py
[2024-06-01T06:34:40.234+0000] {processor.py:840} INFO - DAG(s) 'soc_domain_analysis_procedural' retrieved from /opt/airflow/dags/asset_analysis_procedural.py
[2024-06-01T06:34:40.244+0000] {logging_mixin.py:188} INFO - [2024-06-01T06:34:40.244+0000] {dag.py:3096} INFO - Sync 1 DAGs
[2024-06-01T06:34:40.258+0000] {processor.py:183} INFO - Processing /opt/airflow/dags/asset_analysis_procedural.py took 0.082 seconds
[2024-06-01T06:35:10.569+0000] {processor.py:161} INFO - Started process (PID=1016) to work on /opt/airflow/dags/asset_analysis_procedural.py
[2024-06-01T06:35:10.569+0000] {processor.py:830} INFO - Processing file /opt/airflow/dags/asset_analysis_procedural.py for tasks to queue
[2024-06-01T06:35:10.572+0000] {logging_mixin.py:188} INFO - [2024-06-01T06:35:10.572+0000] {dagbag.py:545} INFO - Filling up the DagBag from /opt/airflow/dags/asset_analysis_procedural.py
[2024-06-01T06:35:10.628+0000] {processor.py:840} INFO - DAG(s) 'soc_domain_analysis_procedural' retrieved from /opt/airflow/dags/asset_analysis_procedural.py
[2024-06-01T06:35:10.638+0000] {logging_mixin.py:188} INFO - [2024-06-01T06:35:10.638+0000] {dag.py:3096} INFO - Sync 1 DAGs
[2024-06-01T06:35:10.651+0000] {processor.py:183} INFO - Processing /opt/airflow/dags/asset_analysis_procedural.py took 0.087 seconds
[2024-06-01T06:35:40.965+0000] {processor.py:161} INFO - Started process (PID=1046) to work on /opt/airflow/dags/asset_analysis_procedural.py
[2024-06-01T06:35:40.965+0000] {processor.py:830} INFO - Processing file /opt/airflow/dags/asset_analysis_procedural.py for tasks to queue
[2024-06-01T06:35:40.966+0000] {logging_mixin.py:188} INFO - [2024-06-01T06:35:40.966+0000] {dagbag.py:545} INFO - Filling up the DagBag from /opt/airflow/dags/asset_analysis_procedural.py
[2024-06-01T06:35:41.020+0000] {processor.py:840} INFO - DAG(s) 'soc_domain_analysis_procedural' retrieved from /opt/airflow/dags/asset_analysis_procedural.py
[2024-06-01T06:35:41.030+0000] {logging_mixin.py:188} INFO - [2024-06-01T06:35:41.030+0000] {dag.py:3096} INFO - Sync 1 DAGs
[2024-06-01T06:35:41.044+0000] {processor.py:183} INFO - Processing /opt/airflow/dags/asset_analysis_procedural.py took 0.083 seconds
[2024-06-01T06:36:11.340+0000] {processor.py:161} INFO - Started process (PID=1076) to work on /opt/airflow/dags/asset_analysis_procedural.py
[2024-06-01T06:36:11.341+0000] {processor.py:830} INFO - Processing file /opt/airflow/dags/asset_analysis_procedural.py for tasks to queue
[2024-06-01T06:36:11.342+0000] {logging_mixin.py:188} INFO - [2024-06-01T06:36:11.342+0000] {dagbag.py:545} INFO - Filling up the DagBag from /opt/airflow/dags/asset_analysis_procedural.py
[2024-06-01T06:36:11.396+0000] {processor.py:840} INFO - DAG(s) 'soc_domain_analysis_procedural' retrieved from /opt/airflow/dags/asset_analysis_procedural.py
[2024-06-01T06:36:11.408+0000] {logging_mixin.py:188} INFO - [2024-06-01T06:36:11.407+0000] {dag.py:3096} INFO - Sync 1 DAGs
[2024-06-01T06:36:11.423+0000] {processor.py:183} INFO - Processing /opt/airflow/dags/asset_analysis_procedural.py took 0.086 seconds
[2024-06-01T06:36:41.850+0000] {processor.py:161} INFO - Started process (PID=1113) to work on /opt/airflow/dags/asset_analysis_procedural.py
[2024-06-01T06:36:41.851+0000] {processor.py:830} INFO - Processing file /opt/airflow/dags/asset_analysis_procedural.py for tasks to queue
[2024-06-01T06:36:41.852+0000] {logging_mixin.py:188} INFO - [2024-06-01T06:36:41.852+0000] {dagbag.py:545} INFO - Filling up the DagBag from /opt/airflow/dags/asset_analysis_procedural.py
[2024-06-01T06:36:41.906+0000] {processor.py:840} INFO - DAG(s) 'soc_domain_analysis_procedural' retrieved from /opt/airflow/dags/asset_analysis_procedural.py
[2024-06-01T06:36:41.918+0000] {logging_mixin.py:188} INFO - [2024-06-01T06:36:41.918+0000] {dag.py:3096} INFO - Sync 1 DAGs
[2024-06-01T06:36:41.933+0000] {processor.py:183} INFO - Processing /opt/airflow/dags/asset_analysis_procedural.py took 0.087 seconds
[2024-06-01T06:37:12.271+0000] {processor.py:161} INFO - Started process (PID=1143) to work on /opt/airflow/dags/asset_analysis_procedural.py
[2024-06-01T06:37:12.271+0000] {processor.py:830} INFO - Processing file /opt/airflow/dags/asset_analysis_procedural.py for tasks to queue
[2024-06-01T06:37:12.272+0000] {logging_mixin.py:188} INFO - [2024-06-01T06:37:12.272+0000] {dagbag.py:545} INFO - Filling up the DagBag from /opt/airflow/dags/asset_analysis_procedural.py
[2024-06-01T06:37:12.327+0000] {processor.py:840} INFO - DAG(s) 'soc_domain_analysis_procedural' retrieved from /opt/airflow/dags/asset_analysis_procedural.py
[2024-06-01T06:37:12.340+0000] {logging_mixin.py:188} INFO - [2024-06-01T06:37:12.340+0000] {dag.py:3096} INFO - Sync 1 DAGs
[2024-06-01T06:37:12.358+0000] {processor.py:183} INFO - Processing /opt/airflow/dags/asset_analysis_procedural.py took 0.090 seconds
[2024-06-01T06:37:42.692+0000] {processor.py:161} INFO - Started process (PID=1175) to work on /opt/airflow/dags/asset_analysis_procedural.py
[2024-06-01T06:37:42.692+0000] {processor.py:830} INFO - Processing file /opt/airflow/dags/asset_analysis_procedural.py for tasks to queue
[2024-06-01T06:37:42.694+0000] {logging_mixin.py:188} INFO - [2024-06-01T06:37:42.693+0000] {dagbag.py:545} INFO - Filling up the DagBag from /opt/airflow/dags/asset_analysis_procedural.py
[2024-06-01T06:37:42.748+0000] {processor.py:840} INFO - DAG(s) 'soc_domain_analysis_procedural' retrieved from /opt/airflow/dags/asset_analysis_procedural.py
[2024-06-01T06:37:42.759+0000] {logging_mixin.py:188} INFO - [2024-06-01T06:37:42.759+0000] {dag.py:3096} INFO - Sync 1 DAGs
[2024-06-01T06:37:42.766+0000] {logging_mixin.py:188} INFO - [2024-06-01T06:37:42.766+0000] {dag.py:3954} INFO - Setting next_dagrun for soc_domain_analysis_procedural to 2023-01-01 01:00:00+00:00, run_after=2023-01-01 02:00:00+00:00
[2024-06-01T06:37:42.772+0000] {processor.py:183} INFO - Processing /opt/airflow/dags/asset_analysis_procedural.py took 0.087 seconds
[2024-06-01T06:38:13.188+0000] {processor.py:161} INFO - Started process (PID=1227) to work on /opt/airflow/dags/asset_analysis_procedural.py
[2024-06-01T06:38:13.188+0000] {processor.py:830} INFO - Processing file /opt/airflow/dags/asset_analysis_procedural.py for tasks to queue
[2024-06-01T06:38:13.190+0000] {logging_mixin.py:188} INFO - [2024-06-01T06:38:13.190+0000] {dagbag.py:545} INFO - Filling up the DagBag from /opt/airflow/dags/asset_analysis_procedural.py
[2024-06-01T06:38:13.244+0000] {processor.py:840} INFO - DAG(s) 'soc_domain_analysis_procedural' retrieved from /opt/airflow/dags/asset_analysis_procedural.py
[2024-06-01T06:38:13.256+0000] {logging_mixin.py:188} INFO - [2024-06-01T06:38:13.256+0000] {dag.py:3096} INFO - Sync 1 DAGs
[2024-06-01T06:38:13.270+0000] {processor.py:183} INFO - Processing /opt/airflow/dags/asset_analysis_procedural.py took 0.088 seconds
[2024-06-01T06:38:43.619+0000] {processor.py:161} INFO - Started process (PID=1267) to work on /opt/airflow/dags/asset_analysis_procedural.py
[2024-06-01T06:38:43.620+0000] {processor.py:830} INFO - Processing file /opt/airflow/dags/asset_analysis_procedural.py for tasks to queue
[2024-06-01T06:38:43.621+0000] {logging_mixin.py:188} INFO - [2024-06-01T06:38:43.621+0000] {dagbag.py:545} INFO - Filling up the DagBag from /opt/airflow/dags/asset_analysis_procedural.py
[2024-06-01T06:38:43.666+0000] {processor.py:840} INFO - DAG(s) 'soc_domain_analysis_procedural' retrieved from /opt/airflow/dags/asset_analysis_procedural.py
[2024-06-01T06:38:43.677+0000] {logging_mixin.py:188} INFO - [2024-06-01T06:38:43.677+0000] {dag.py:3096} INFO - Sync 1 DAGs
[2024-06-01T06:38:43.685+0000] {logging_mixin.py:188} INFO - [2024-06-01T06:38:43.685+0000] {dag.py:3954} INFO - Setting next_dagrun for soc_domain_analysis_procedural to 2023-01-01 15:00:00+00:00, run_after=2023-01-01 16:00:00+00:00
[2024-06-01T06:38:43.692+0000] {processor.py:183} INFO - Processing /opt/airflow/dags/asset_analysis_procedural.py took 0.077 seconds
[2024-06-01T06:39:13.972+0000] {processor.py:161} INFO - Started process (PID=1319) to work on /opt/airflow/dags/asset_analysis_procedural.py
[2024-06-01T06:39:13.973+0000] {processor.py:830} INFO - Processing file /opt/airflow/dags/asset_analysis_procedural.py for tasks to queue
[2024-06-01T06:39:13.974+0000] {logging_mixin.py:188} INFO - [2024-06-01T06:39:13.974+0000] {dagbag.py:545} INFO - Filling up the DagBag from /opt/airflow/dags/asset_analysis_procedural.py
[2024-06-01T06:39:14.028+0000] {processor.py:840} INFO - DAG(s) 'soc_domain_analysis_procedural' retrieved from /opt/airflow/dags/asset_analysis_procedural.py
[2024-06-01T06:39:14.040+0000] {logging_mixin.py:188} INFO - [2024-06-01T06:39:14.040+0000] {dag.py:3096} INFO - Sync 1 DAGs
[2024-06-01T06:39:14.054+0000] {processor.py:183} INFO - Processing /opt/airflow/dags/asset_analysis_procedural.py took 0.085 seconds
[2024-06-01T06:39:24.156+0000] {processor.py:161} INFO - Started process (PID=1332) to work on /opt/airflow/dags/asset_analysis_procedural.py
[2024-06-01T06:39:24.157+0000] {processor.py:830} INFO - Processing file /opt/airflow/dags/asset_analysis_procedural.py for tasks to queue
[2024-06-01T06:39:24.159+0000] {logging_mixin.py:188} INFO - [2024-06-01T06:39:24.159+0000] {dagbag.py:545} INFO - Filling up the DagBag from /opt/airflow/dags/asset_analysis_procedural.py
[2024-06-01T06:39:24.218+0000] {processor.py:840} INFO - DAG(s) 'soc_domain_analysis_procedural' retrieved from /opt/airflow/dags/asset_analysis_procedural.py
[2024-06-01T06:39:24.229+0000] {logging_mixin.py:188} INFO - [2024-06-01T06:39:24.229+0000] {dag.py:3096} INFO - Sync 1 DAGs
[2024-06-01T06:39:24.236+0000] {logging_mixin.py:188} INFO - [2024-06-01T06:39:24.236+0000] {dag.py:3954} INFO - Setting next_dagrun for soc_domain_analysis_procedural to 2023-01-02 05:00:00+00:00, run_after=2023-01-02 06:00:00+00:00
[2024-06-01T06:39:24.243+0000] {processor.py:183} INFO - Processing /opt/airflow/dags/asset_analysis_procedural.py took 0.091 seconds
[2024-06-01T06:39:41.029+0000] {processor.py:161} INFO - Started process (PID=167) to work on /opt/airflow/dags/asset_analysis_procedural.py
[2024-06-01T06:39:41.029+0000] {processor.py:830} INFO - Processing file /opt/airflow/dags/asset_analysis_procedural.py for tasks to queue
[2024-06-01T06:39:41.030+0000] {logging_mixin.py:188} INFO - [2024-06-01T06:39:41.030+0000] {dagbag.py:545} INFO - Filling up the DagBag from /opt/airflow/dags/asset_analysis_procedural.py
[2024-06-01T06:39:41.203+0000] {processor.py:840} INFO - DAG(s) 'soc_domain_analysis_procedural' retrieved from /opt/airflow/dags/asset_analysis_procedural.py
[2024-06-01T06:39:41.302+0000] {logging_mixin.py:188} INFO - [2024-06-01T06:39:41.302+0000] {dag.py:3096} INFO - Sync 1 DAGs
[2024-06-01T06:39:41.323+0000] {processor.py:183} INFO - Processing /opt/airflow/dags/asset_analysis_procedural.py took 0.297 seconds
[2024-06-01T06:40:11.766+0000] {processor.py:161} INFO - Started process (PID=199) to work on /opt/airflow/dags/asset_analysis_procedural.py
[2024-06-01T06:40:11.768+0000] {processor.py:830} INFO - Processing file /opt/airflow/dags/asset_analysis_procedural.py for tasks to queue
[2024-06-01T06:40:11.771+0000] {logging_mixin.py:188} INFO - [2024-06-01T06:40:11.770+0000] {dagbag.py:545} INFO - Filling up the DagBag from /opt/airflow/dags/asset_analysis_procedural.py
[2024-06-01T06:40:11.844+0000] {processor.py:840} INFO - DAG(s) 'soc_domain_analysis_procedural' retrieved from /opt/airflow/dags/asset_analysis_procedural.py
[2024-06-01T06:40:11.856+0000] {logging_mixin.py:188} INFO - [2024-06-01T06:40:11.856+0000] {dag.py:3096} INFO - Sync 1 DAGs
[2024-06-01T06:40:11.871+0000] {processor.py:183} INFO - Processing /opt/airflow/dags/asset_analysis_procedural.py took 0.113 seconds
[2024-06-01T06:40:42.343+0000] {processor.py:161} INFO - Started process (PID=233) to work on /opt/airflow/dags/asset_analysis_procedural.py
[2024-06-01T06:40:42.344+0000] {processor.py:830} INFO - Processing file /opt/airflow/dags/asset_analysis_procedural.py for tasks to queue
[2024-06-01T06:40:42.346+0000] {logging_mixin.py:188} INFO - [2024-06-01T06:40:42.345+0000] {dagbag.py:545} INFO - Filling up the DagBag from /opt/airflow/dags/asset_analysis_procedural.py
[2024-06-01T06:40:42.412+0000] {processor.py:840} INFO - DAG(s) 'soc_domain_analysis_procedural' retrieved from /opt/airflow/dags/asset_analysis_procedural.py
[2024-06-01T06:40:42.424+0000] {logging_mixin.py:188} INFO - [2024-06-01T06:40:42.424+0000] {dag.py:3096} INFO - Sync 1 DAGs
[2024-06-01T06:40:42.443+0000] {processor.py:183} INFO - Processing /opt/airflow/dags/asset_analysis_procedural.py took 0.107 seconds
[2024-06-01T06:41:12.847+0000] {processor.py:161} INFO - Started process (PID=263) to work on /opt/airflow/dags/asset_analysis_procedural.py
[2024-06-01T06:41:12.847+0000] {processor.py:830} INFO - Processing file /opt/airflow/dags/asset_analysis_procedural.py for tasks to queue
[2024-06-01T06:41:12.849+0000] {logging_mixin.py:188} INFO - [2024-06-01T06:41:12.848+0000] {dagbag.py:545} INFO - Filling up the DagBag from /opt/airflow/dags/asset_analysis_procedural.py
[2024-06-01T06:41:12.906+0000] {processor.py:840} INFO - DAG(s) 'soc_domain_analysis_procedural' retrieved from /opt/airflow/dags/asset_analysis_procedural.py
[2024-06-01T06:41:12.917+0000] {logging_mixin.py:188} INFO - [2024-06-01T06:41:12.916+0000] {dag.py:3096} INFO - Sync 1 DAGs
[2024-06-01T06:41:12.930+0000] {processor.py:183} INFO - Processing /opt/airflow/dags/asset_analysis_procedural.py took 0.089 seconds
[2024-06-01T06:41:43.391+0000] {processor.py:161} INFO - Started process (PID=293) to work on /opt/airflow/dags/asset_analysis_procedural.py
[2024-06-01T06:41:43.392+0000] {processor.py:830} INFO - Processing file /opt/airflow/dags/asset_analysis_procedural.py for tasks to queue
[2024-06-01T06:41:43.393+0000] {logging_mixin.py:188} INFO - [2024-06-01T06:41:43.393+0000] {dagbag.py:545} INFO - Filling up the DagBag from /opt/airflow/dags/asset_analysis_procedural.py
[2024-06-01T06:41:43.455+0000] {processor.py:840} INFO - DAG(s) 'soc_domain_analysis_procedural' retrieved from /opt/airflow/dags/asset_analysis_procedural.py
[2024-06-01T06:41:43.465+0000] {logging_mixin.py:188} INFO - [2024-06-01T06:41:43.465+0000] {dag.py:3096} INFO - Sync 1 DAGs
[2024-06-01T06:41:43.479+0000] {processor.py:183} INFO - Processing /opt/airflow/dags/asset_analysis_procedural.py took 0.094 seconds
[2024-06-01T06:42:13.919+0000] {processor.py:161} INFO - Started process (PID=323) to work on /opt/airflow/dags/asset_analysis_procedural.py
[2024-06-01T06:42:13.920+0000] {processor.py:830} INFO - Processing file /opt/airflow/dags/asset_analysis_procedural.py for tasks to queue
[2024-06-01T06:42:13.922+0000] {logging_mixin.py:188} INFO - [2024-06-01T06:42:13.922+0000] {dagbag.py:545} INFO - Filling up the DagBag from /opt/airflow/dags/asset_analysis_procedural.py
[2024-06-01T06:42:13.987+0000] {processor.py:840} INFO - DAG(s) 'soc_domain_analysis_procedural' retrieved from /opt/airflow/dags/asset_analysis_procedural.py
[2024-06-01T06:42:13.998+0000] {logging_mixin.py:188} INFO - [2024-06-01T06:42:13.998+0000] {dag.py:3096} INFO - Sync 1 DAGs
[2024-06-01T06:42:14.012+0000] {processor.py:183} INFO - Processing /opt/airflow/dags/asset_analysis_procedural.py took 0.100 seconds
[2024-06-01T06:42:44.421+0000] {processor.py:161} INFO - Started process (PID=353) to work on /opt/airflow/dags/asset_analysis_procedural.py
[2024-06-01T06:42:44.423+0000] {processor.py:830} INFO - Processing file /opt/airflow/dags/asset_analysis_procedural.py for tasks to queue
[2024-06-01T06:42:44.424+0000] {logging_mixin.py:188} INFO - [2024-06-01T06:42:44.424+0000] {dagbag.py:545} INFO - Filling up the DagBag from /opt/airflow/dags/asset_analysis_procedural.py
[2024-06-01T06:42:44.484+0000] {processor.py:840} INFO - DAG(s) 'soc_domain_analysis_procedural' retrieved from /opt/airflow/dags/asset_analysis_procedural.py
[2024-06-01T06:42:44.494+0000] {logging_mixin.py:188} INFO - [2024-06-01T06:42:44.494+0000] {dag.py:3096} INFO - Sync 1 DAGs
[2024-06-01T06:42:44.508+0000] {processor.py:183} INFO - Processing /opt/airflow/dags/asset_analysis_procedural.py took 0.094 seconds
[2024-06-01T06:43:14.943+0000] {processor.py:161} INFO - Started process (PID=383) to work on /opt/airflow/dags/asset_analysis_procedural.py
[2024-06-01T06:43:14.944+0000] {processor.py:830} INFO - Processing file /opt/airflow/dags/asset_analysis_procedural.py for tasks to queue
[2024-06-01T06:43:14.946+0000] {logging_mixin.py:188} INFO - [2024-06-01T06:43:14.946+0000] {dagbag.py:545} INFO - Filling up the DagBag from /opt/airflow/dags/asset_analysis_procedural.py
[2024-06-01T06:43:15.013+0000] {processor.py:840} INFO - DAG(s) 'soc_domain_analysis_procedural' retrieved from /opt/airflow/dags/asset_analysis_procedural.py
[2024-06-01T06:43:15.025+0000] {logging_mixin.py:188} INFO - [2024-06-01T06:43:15.025+0000] {dag.py:3096} INFO - Sync 1 DAGs
[2024-06-01T06:43:15.034+0000] {logging_mixin.py:188} INFO - [2024-06-01T06:43:15.034+0000] {dag.py:3954} INFO - Setting next_dagrun for soc_domain_analysis_procedural to 2023-01-02 08:00:00+00:00, run_after=2023-01-02 09:00:00+00:00
[2024-06-01T06:43:15.041+0000] {processor.py:183} INFO - Processing /opt/airflow/dags/asset_analysis_procedural.py took 0.107 seconds
