[2024-06-01T06:04:04.094+0000] {processor.py:161} INFO - Started process (PID=3703) to work on /opt/airflow/dags/asset_analysis_parallel.py
[2024-06-01T06:04:04.095+0000] {processor.py:830} INFO - Processing file /opt/airflow/dags/asset_analysis_parallel.py for tasks to queue
[2024-06-01T06:04:04.096+0000] {logging_mixin.py:188} INFO - [2024-06-01T06:04:04.096+0000] {dagbag.py:545} INFO - Filling up the DagBag from /opt/airflow/dags/asset_analysis_parallel.py
[2024-06-01T06:04:04.240+0000] {processor.py:840} INFO - DAG(s) 'soc_domain_analysis' retrieved from /opt/airflow/dags/asset_analysis_parallel.py
[2024-06-01T06:04:04.279+0000] {logging_mixin.py:188} INFO - [2024-06-01T06:04:04.279+0000] {dag.py:3096} INFO - Sync 1 DAGs
[2024-06-01T06:04:04.291+0000] {processor.py:183} INFO - Processing /opt/airflow/dags/asset_analysis_parallel.py took 0.201 seconds
[2024-06-01T06:04:34.661+0000] {processor.py:161} INFO - Started process (PID=3728) to work on /opt/airflow/dags/asset_analysis_parallel.py
[2024-06-01T06:04:34.662+0000] {processor.py:830} INFO - Processing file /opt/airflow/dags/asset_analysis_parallel.py for tasks to queue
[2024-06-01T06:04:34.662+0000] {logging_mixin.py:188} INFO - [2024-06-01T06:04:34.662+0000] {dagbag.py:545} INFO - Filling up the DagBag from /opt/airflow/dags/asset_analysis_parallel.py
[2024-06-01T06:04:34.791+0000] {processor.py:840} INFO - DAG(s) 'soc_domain_analysis' retrieved from /opt/airflow/dags/asset_analysis_parallel.py
[2024-06-01T06:04:34.800+0000] {logging_mixin.py:188} INFO - [2024-06-01T06:04:34.800+0000] {dag.py:3096} INFO - Sync 1 DAGs
[2024-06-01T06:04:34.812+0000] {processor.py:183} INFO - Processing /opt/airflow/dags/asset_analysis_parallel.py took 0.159 seconds
[2024-06-01T06:05:05.172+0000] {processor.py:161} INFO - Started process (PID=3753) to work on /opt/airflow/dags/asset_analysis_parallel.py
[2024-06-01T06:05:05.173+0000] {processor.py:830} INFO - Processing file /opt/airflow/dags/asset_analysis_parallel.py for tasks to queue
[2024-06-01T06:05:05.174+0000] {logging_mixin.py:188} INFO - [2024-06-01T06:05:05.173+0000] {dagbag.py:545} INFO - Filling up the DagBag from /opt/airflow/dags/asset_analysis_parallel.py
[2024-06-01T06:05:05.320+0000] {processor.py:840} INFO - DAG(s) 'soc_domain_analysis' retrieved from /opt/airflow/dags/asset_analysis_parallel.py
[2024-06-01T06:05:05.355+0000] {logging_mixin.py:188} INFO - [2024-06-01T06:05:05.355+0000] {dag.py:3096} INFO - Sync 1 DAGs
[2024-06-01T06:05:05.365+0000] {processor.py:183} INFO - Processing /opt/airflow/dags/asset_analysis_parallel.py took 0.201 seconds
[2024-06-01T06:05:35.726+0000] {processor.py:161} INFO - Started process (PID=3778) to work on /opt/airflow/dags/asset_analysis_parallel.py
[2024-06-01T06:05:35.727+0000] {processor.py:830} INFO - Processing file /opt/airflow/dags/asset_analysis_parallel.py for tasks to queue
[2024-06-01T06:05:35.728+0000] {logging_mixin.py:188} INFO - [2024-06-01T06:05:35.727+0000] {dagbag.py:545} INFO - Filling up the DagBag from /opt/airflow/dags/asset_analysis_parallel.py
[2024-06-01T06:05:35.856+0000] {processor.py:840} INFO - DAG(s) 'soc_domain_analysis' retrieved from /opt/airflow/dags/asset_analysis_parallel.py
[2024-06-01T06:05:35.866+0000] {logging_mixin.py:188} INFO - [2024-06-01T06:05:35.865+0000] {dag.py:3096} INFO - Sync 1 DAGs
[2024-06-01T06:05:35.878+0000] {processor.py:183} INFO - Processing /opt/airflow/dags/asset_analysis_parallel.py took 0.160 seconds
[2024-06-01T06:06:06.258+0000] {processor.py:161} INFO - Started process (PID=3803) to work on /opt/airflow/dags/asset_analysis_parallel.py
[2024-06-01T06:06:06.258+0000] {processor.py:830} INFO - Processing file /opt/airflow/dags/asset_analysis_parallel.py for tasks to queue
[2024-06-01T06:06:06.259+0000] {logging_mixin.py:188} INFO - [2024-06-01T06:06:06.259+0000] {dagbag.py:545} INFO - Filling up the DagBag from /opt/airflow/dags/asset_analysis_parallel.py
[2024-06-01T06:06:06.399+0000] {processor.py:840} INFO - DAG(s) 'soc_domain_analysis' retrieved from /opt/airflow/dags/asset_analysis_parallel.py
[2024-06-01T06:06:06.436+0000] {logging_mixin.py:188} INFO - [2024-06-01T06:06:06.436+0000] {dag.py:3096} INFO - Sync 1 DAGs
[2024-06-01T06:06:06.447+0000] {processor.py:183} INFO - Processing /opt/airflow/dags/asset_analysis_parallel.py took 0.196 seconds
[2024-06-01T06:06:36.727+0000] {processor.py:161} INFO - Started process (PID=3828) to work on /opt/airflow/dags/asset_analysis_parallel.py
[2024-06-01T06:06:36.728+0000] {processor.py:830} INFO - Processing file /opt/airflow/dags/asset_analysis_parallel.py for tasks to queue
[2024-06-01T06:06:36.728+0000] {logging_mixin.py:188} INFO - [2024-06-01T06:06:36.728+0000] {dagbag.py:545} INFO - Filling up the DagBag from /opt/airflow/dags/asset_analysis_parallel.py
[2024-06-01T06:06:36.849+0000] {processor.py:840} INFO - DAG(s) 'soc_domain_analysis' retrieved from /opt/airflow/dags/asset_analysis_parallel.py
[2024-06-01T06:06:36.859+0000] {logging_mixin.py:188} INFO - [2024-06-01T06:06:36.859+0000] {dag.py:3096} INFO - Sync 1 DAGs
[2024-06-01T06:06:36.873+0000] {processor.py:183} INFO - Processing /opt/airflow/dags/asset_analysis_parallel.py took 0.151 seconds
[2024-06-01T06:07:07.214+0000] {processor.py:161} INFO - Started process (PID=3853) to work on /opt/airflow/dags/asset_analysis_parallel.py
[2024-06-01T06:07:07.215+0000] {processor.py:830} INFO - Processing file /opt/airflow/dags/asset_analysis_parallel.py for tasks to queue
[2024-06-01T06:07:07.215+0000] {logging_mixin.py:188} INFO - [2024-06-01T06:07:07.215+0000] {dagbag.py:545} INFO - Filling up the DagBag from /opt/airflow/dags/asset_analysis_parallel.py
[2024-06-01T06:07:07.335+0000] {processor.py:840} INFO - DAG(s) 'soc_domain_analysis' retrieved from /opt/airflow/dags/asset_analysis_parallel.py
[2024-06-01T06:07:07.370+0000] {logging_mixin.py:188} INFO - [2024-06-01T06:07:07.370+0000] {dag.py:3096} INFO - Sync 1 DAGs
[2024-06-01T06:07:07.380+0000] {processor.py:183} INFO - Processing /opt/airflow/dags/asset_analysis_parallel.py took 0.170 seconds
[2024-06-01T06:07:15.516+0000] {processor.py:161} INFO - Started process (PID=3878) to work on /opt/airflow/dags/asset_analysis_parallel.py
[2024-06-01T06:07:15.518+0000] {processor.py:830} INFO - Processing file /opt/airflow/dags/asset_analysis_parallel.py for tasks to queue
[2024-06-01T06:07:15.519+0000] {logging_mixin.py:188} INFO - [2024-06-01T06:07:15.518+0000] {dagbag.py:545} INFO - Filling up the DagBag from /opt/airflow/dags/asset_analysis_parallel.py
[2024-06-01T06:07:15.650+0000] {processor.py:840} INFO - DAG(s) 'soc_domain_analysis' retrieved from /opt/airflow/dags/asset_analysis_parallel.py
[2024-06-01T06:07:15.656+0000] {logging_mixin.py:188} INFO - [2024-06-01T06:07:15.656+0000] {dag.py:3096} INFO - Sync 1 DAGs
[2024-06-01T06:07:15.668+0000] {processor.py:183} INFO - Processing /opt/airflow/dags/asset_analysis_parallel.py took 0.158 seconds
[2024-06-01T06:07:28.811+0000] {processor.py:161} INFO - Started process (PID=3883) to work on /opt/airflow/dags/asset_analysis_parallel.py
[2024-06-01T06:07:28.812+0000] {processor.py:830} INFO - Processing file /opt/airflow/dags/asset_analysis_parallel.py for tasks to queue
[2024-06-01T06:07:28.812+0000] {logging_mixin.py:188} INFO - [2024-06-01T06:07:28.812+0000] {dagbag.py:545} INFO - Filling up the DagBag from /opt/airflow/dags/asset_analysis_parallel.py
[2024-06-01T06:07:28.929+0000] {processor.py:840} INFO - DAG(s) 'soc_domain_analysis_parallel' retrieved from /opt/airflow/dags/asset_analysis_parallel.py
[2024-06-01T06:07:28.960+0000] {logging_mixin.py:188} INFO - [2024-06-01T06:07:28.960+0000] {override.py:1829} INFO - Created Permission View: can delete on DAG:soc_domain_analysis_parallel
[2024-06-01T06:07:28.963+0000] {logging_mixin.py:188} INFO - [2024-06-01T06:07:28.963+0000] {override.py:1829} INFO - Created Permission View: can edit on DAG:soc_domain_analysis_parallel
[2024-06-01T06:07:28.965+0000] {logging_mixin.py:188} INFO - [2024-06-01T06:07:28.965+0000] {override.py:1829} INFO - Created Permission View: can read on DAG:soc_domain_analysis_parallel
[2024-06-01T06:07:28.965+0000] {logging_mixin.py:188} INFO - [2024-06-01T06:07:28.965+0000] {dag.py:3096} INFO - Sync 1 DAGs
[2024-06-01T06:07:28.968+0000] {logging_mixin.py:188} INFO - [2024-06-01T06:07:28.968+0000] {dag.py:3118} INFO - Creating ORM DAG for soc_domain_analysis_parallel
[2024-06-01T06:07:28.972+0000] {logging_mixin.py:188} INFO - [2024-06-01T06:07:28.972+0000] {dag.py:3954} INFO - Setting next_dagrun for soc_domain_analysis_parallel to 2023-01-01 00:00:00+00:00, run_after=2023-01-01 01:00:00+00:00
[2024-06-01T06:07:28.976+0000] {processor.py:183} INFO - Processing /opt/airflow/dags/asset_analysis_parallel.py took 0.171 seconds
[2024-06-01T06:07:59.243+0000] {processor.py:161} INFO - Started process (PID=3922) to work on /opt/airflow/dags/asset_analysis_parallel.py
[2024-06-01T06:07:59.243+0000] {processor.py:830} INFO - Processing file /opt/airflow/dags/asset_analysis_parallel.py for tasks to queue
[2024-06-01T06:07:59.244+0000] {logging_mixin.py:188} INFO - [2024-06-01T06:07:59.243+0000] {dagbag.py:545} INFO - Filling up the DagBag from /opt/airflow/dags/asset_analysis_parallel.py
[2024-06-01T06:07:59.377+0000] {processor.py:840} INFO - DAG(s) 'soc_domain_analysis_parallel' retrieved from /opt/airflow/dags/asset_analysis_parallel.py
[2024-06-01T06:07:59.391+0000] {logging_mixin.py:188} INFO - [2024-06-01T06:07:59.391+0000] {dag.py:3096} INFO - Sync 1 DAGs
[2024-06-01T06:07:59.406+0000] {processor.py:183} INFO - Processing /opt/airflow/dags/asset_analysis_parallel.py took 0.167 seconds
[2024-06-01T06:08:29.497+0000] {processor.py:161} INFO - Started process (PID=3947) to work on /opt/airflow/dags/asset_analysis_parallel.py
[2024-06-01T06:08:29.498+0000] {processor.py:830} INFO - Processing file /opt/airflow/dags/asset_analysis_parallel.py for tasks to queue
[2024-06-01T06:08:29.499+0000] {logging_mixin.py:188} INFO - [2024-06-01T06:08:29.499+0000] {dagbag.py:545} INFO - Filling up the DagBag from /opt/airflow/dags/asset_analysis_parallel.py
[2024-06-01T06:08:29.626+0000] {processor.py:840} INFO - DAG(s) 'soc_domain_analysis_parallel' retrieved from /opt/airflow/dags/asset_analysis_parallel.py
[2024-06-01T06:08:29.636+0000] {logging_mixin.py:188} INFO - [2024-06-01T06:08:29.636+0000] {dag.py:3096} INFO - Sync 1 DAGs
[2024-06-01T06:08:29.647+0000] {processor.py:183} INFO - Processing /opt/airflow/dags/asset_analysis_parallel.py took 0.155 seconds
[2024-06-01T06:08:59.942+0000] {processor.py:161} INFO - Started process (PID=3972) to work on /opt/airflow/dags/asset_analysis_parallel.py
[2024-06-01T06:08:59.942+0000] {processor.py:830} INFO - Processing file /opt/airflow/dags/asset_analysis_parallel.py for tasks to queue
[2024-06-01T06:08:59.943+0000] {logging_mixin.py:188} INFO - [2024-06-01T06:08:59.943+0000] {dagbag.py:545} INFO - Filling up the DagBag from /opt/airflow/dags/asset_analysis_parallel.py
[2024-06-01T06:09:00.050+0000] {processor.py:840} INFO - DAG(s) 'soc_domain_analysis_parallel' retrieved from /opt/airflow/dags/asset_analysis_parallel.py
[2024-06-01T06:09:00.058+0000] {logging_mixin.py:188} INFO - [2024-06-01T06:09:00.058+0000] {dag.py:3096} INFO - Sync 1 DAGs
[2024-06-01T06:09:00.070+0000] {processor.py:183} INFO - Processing /opt/airflow/dags/asset_analysis_parallel.py took 0.131 seconds
[2024-06-01T06:09:30.440+0000] {processor.py:161} INFO - Started process (PID=3997) to work on /opt/airflow/dags/asset_analysis_parallel.py
[2024-06-01T06:09:30.441+0000] {processor.py:830} INFO - Processing file /opt/airflow/dags/asset_analysis_parallel.py for tasks to queue
[2024-06-01T06:09:30.443+0000] {logging_mixin.py:188} INFO - [2024-06-01T06:09:30.442+0000] {dagbag.py:545} INFO - Filling up the DagBag from /opt/airflow/dags/asset_analysis_parallel.py
[2024-06-01T06:09:30.572+0000] {processor.py:840} INFO - DAG(s) 'soc_domain_analysis_parallel' retrieved from /opt/airflow/dags/asset_analysis_parallel.py
[2024-06-01T06:09:30.582+0000] {logging_mixin.py:188} INFO - [2024-06-01T06:09:30.581+0000] {dag.py:3096} INFO - Sync 1 DAGs
[2024-06-01T06:09:30.594+0000] {processor.py:183} INFO - Processing /opt/airflow/dags/asset_analysis_parallel.py took 0.161 seconds
[2024-06-01T06:10:00.886+0000] {processor.py:161} INFO - Started process (PID=4022) to work on /opt/airflow/dags/asset_analysis_parallel.py
[2024-06-01T06:10:00.886+0000] {processor.py:830} INFO - Processing file /opt/airflow/dags/asset_analysis_parallel.py for tasks to queue
[2024-06-01T06:10:00.887+0000] {logging_mixin.py:188} INFO - [2024-06-01T06:10:00.886+0000] {dagbag.py:545} INFO - Filling up the DagBag from /opt/airflow/dags/asset_analysis_parallel.py
[2024-06-01T06:10:01.015+0000] {processor.py:840} INFO - DAG(s) 'soc_domain_analysis_parallel' retrieved from /opt/airflow/dags/asset_analysis_parallel.py
[2024-06-01T06:10:01.024+0000] {logging_mixin.py:188} INFO - [2024-06-01T06:10:01.024+0000] {dag.py:3096} INFO - Sync 1 DAGs
[2024-06-01T06:10:01.036+0000] {processor.py:183} INFO - Processing /opt/airflow/dags/asset_analysis_parallel.py took 0.153 seconds
[2024-06-01T06:10:31.230+0000] {processor.py:161} INFO - Started process (PID=4047) to work on /opt/airflow/dags/asset_analysis_parallel.py
[2024-06-01T06:10:31.231+0000] {processor.py:830} INFO - Processing file /opt/airflow/dags/asset_analysis_parallel.py for tasks to queue
[2024-06-01T06:10:31.232+0000] {logging_mixin.py:188} INFO - [2024-06-01T06:10:31.231+0000] {dagbag.py:545} INFO - Filling up the DagBag from /opt/airflow/dags/asset_analysis_parallel.py
[2024-06-01T06:10:31.398+0000] {processor.py:840} INFO - DAG(s) 'soc_domain_analysis_parallel' retrieved from /opt/airflow/dags/asset_analysis_parallel.py
[2024-06-01T06:10:31.408+0000] {logging_mixin.py:188} INFO - [2024-06-01T06:10:31.407+0000] {dag.py:3096} INFO - Sync 1 DAGs
[2024-06-01T06:10:31.419+0000] {processor.py:183} INFO - Processing /opt/airflow/dags/asset_analysis_parallel.py took 0.194 seconds
[2024-06-01T06:11:01.714+0000] {processor.py:161} INFO - Started process (PID=4072) to work on /opt/airflow/dags/asset_analysis_parallel.py
[2024-06-01T06:11:01.715+0000] {processor.py:830} INFO - Processing file /opt/airflow/dags/asset_analysis_parallel.py for tasks to queue
[2024-06-01T06:11:01.716+0000] {logging_mixin.py:188} INFO - [2024-06-01T06:11:01.716+0000] {dagbag.py:545} INFO - Filling up the DagBag from /opt/airflow/dags/asset_analysis_parallel.py
[2024-06-01T06:11:01.832+0000] {processor.py:840} INFO - DAG(s) 'soc_domain_analysis_parallel' retrieved from /opt/airflow/dags/asset_analysis_parallel.py
[2024-06-01T06:11:01.844+0000] {logging_mixin.py:188} INFO - [2024-06-01T06:11:01.844+0000] {dag.py:3096} INFO - Sync 1 DAGs
[2024-06-01T06:11:01.855+0000] {processor.py:183} INFO - Processing /opt/airflow/dags/asset_analysis_parallel.py took 0.146 seconds
[2024-06-01T06:11:32.216+0000] {processor.py:161} INFO - Started process (PID=4097) to work on /opt/airflow/dags/asset_analysis_parallel.py
[2024-06-01T06:11:32.218+0000] {processor.py:830} INFO - Processing file /opt/airflow/dags/asset_analysis_parallel.py for tasks to queue
[2024-06-01T06:11:32.219+0000] {logging_mixin.py:188} INFO - [2024-06-01T06:11:32.218+0000] {dagbag.py:545} INFO - Filling up the DagBag from /opt/airflow/dags/asset_analysis_parallel.py
[2024-06-01T06:11:32.337+0000] {processor.py:840} INFO - DAG(s) 'soc_domain_analysis_parallel' retrieved from /opt/airflow/dags/asset_analysis_parallel.py
[2024-06-01T06:11:32.345+0000] {logging_mixin.py:188} INFO - [2024-06-01T06:11:32.345+0000] {dag.py:3096} INFO - Sync 1 DAGs
[2024-06-01T06:11:32.356+0000] {processor.py:183} INFO - Processing /opt/airflow/dags/asset_analysis_parallel.py took 0.145 seconds
[2024-06-01T06:12:02.671+0000] {processor.py:161} INFO - Started process (PID=4122) to work on /opt/airflow/dags/asset_analysis_parallel.py
[2024-06-01T06:12:02.672+0000] {processor.py:830} INFO - Processing file /opt/airflow/dags/asset_analysis_parallel.py for tasks to queue
[2024-06-01T06:12:02.673+0000] {logging_mixin.py:188} INFO - [2024-06-01T06:12:02.672+0000] {dagbag.py:545} INFO - Filling up the DagBag from /opt/airflow/dags/asset_analysis_parallel.py
[2024-06-01T06:12:02.801+0000] {processor.py:840} INFO - DAG(s) 'soc_domain_analysis_parallel' retrieved from /opt/airflow/dags/asset_analysis_parallel.py
[2024-06-01T06:12:02.809+0000] {logging_mixin.py:188} INFO - [2024-06-01T06:12:02.809+0000] {dag.py:3096} INFO - Sync 1 DAGs
[2024-06-01T06:12:02.821+0000] {processor.py:183} INFO - Processing /opt/airflow/dags/asset_analysis_parallel.py took 0.154 seconds
[2024-06-01T06:12:33.088+0000] {processor.py:161} INFO - Started process (PID=4165) to work on /opt/airflow/dags/asset_analysis_parallel.py
[2024-06-01T06:12:33.089+0000] {processor.py:830} INFO - Processing file /opt/airflow/dags/asset_analysis_parallel.py for tasks to queue
[2024-06-01T06:12:33.089+0000] {logging_mixin.py:188} INFO - [2024-06-01T06:12:33.089+0000] {dagbag.py:545} INFO - Filling up the DagBag from /opt/airflow/dags/asset_analysis_parallel.py
[2024-06-01T06:12:33.208+0000] {processor.py:840} INFO - DAG(s) 'soc_domain_analysis_parallel' retrieved from /opt/airflow/dags/asset_analysis_parallel.py
[2024-06-01T06:12:33.218+0000] {logging_mixin.py:188} INFO - [2024-06-01T06:12:33.218+0000] {dag.py:3096} INFO - Sync 1 DAGs
[2024-06-01T06:12:33.229+0000] {processor.py:183} INFO - Processing /opt/airflow/dags/asset_analysis_parallel.py took 0.144 seconds
[2024-06-01T06:13:03.532+0000] {processor.py:161} INFO - Started process (PID=4190) to work on /opt/airflow/dags/asset_analysis_parallel.py
[2024-06-01T06:13:03.533+0000] {processor.py:830} INFO - Processing file /opt/airflow/dags/asset_analysis_parallel.py for tasks to queue
[2024-06-01T06:13:03.534+0000] {logging_mixin.py:188} INFO - [2024-06-01T06:13:03.534+0000] {dagbag.py:545} INFO - Filling up the DagBag from /opt/airflow/dags/asset_analysis_parallel.py
[2024-06-01T06:13:03.648+0000] {processor.py:840} INFO - DAG(s) 'soc_domain_analysis_parallel' retrieved from /opt/airflow/dags/asset_analysis_parallel.py
[2024-06-01T06:13:03.657+0000] {logging_mixin.py:188} INFO - [2024-06-01T06:13:03.657+0000] {dag.py:3096} INFO - Sync 1 DAGs
[2024-06-01T06:13:03.668+0000] {processor.py:183} INFO - Processing /opt/airflow/dags/asset_analysis_parallel.py took 0.142 seconds
[2024-06-01T06:13:33.991+0000] {processor.py:161} INFO - Started process (PID=4215) to work on /opt/airflow/dags/asset_analysis_parallel.py
[2024-06-01T06:13:33.991+0000] {processor.py:830} INFO - Processing file /opt/airflow/dags/asset_analysis_parallel.py for tasks to queue
[2024-06-01T06:13:33.992+0000] {logging_mixin.py:188} INFO - [2024-06-01T06:13:33.992+0000] {dagbag.py:545} INFO - Filling up the DagBag from /opt/airflow/dags/asset_analysis_parallel.py
[2024-06-01T06:13:34.148+0000] {processor.py:840} INFO - DAG(s) 'soc_domain_analysis_parallel' retrieved from /opt/airflow/dags/asset_analysis_parallel.py
[2024-06-01T06:13:34.157+0000] {logging_mixin.py:188} INFO - [2024-06-01T06:13:34.157+0000] {dag.py:3096} INFO - Sync 1 DAGs
[2024-06-01T06:13:34.170+0000] {processor.py:183} INFO - Processing /opt/airflow/dags/asset_analysis_parallel.py took 0.183 seconds
[2024-06-01T06:14:04.472+0000] {processor.py:161} INFO - Started process (PID=4243) to work on /opt/airflow/dags/asset_analysis_parallel.py
[2024-06-01T06:14:04.472+0000] {processor.py:830} INFO - Processing file /opt/airflow/dags/asset_analysis_parallel.py for tasks to queue
[2024-06-01T06:14:04.473+0000] {logging_mixin.py:188} INFO - [2024-06-01T06:14:04.473+0000] {dagbag.py:545} INFO - Filling up the DagBag from /opt/airflow/dags/asset_analysis_parallel.py
[2024-06-01T06:14:04.590+0000] {processor.py:840} INFO - DAG(s) 'soc_domain_analysis_parallel' retrieved from /opt/airflow/dags/asset_analysis_parallel.py
[2024-06-01T06:14:04.599+0000] {logging_mixin.py:188} INFO - [2024-06-01T06:14:04.599+0000] {dag.py:3096} INFO - Sync 1 DAGs
[2024-06-01T06:14:04.613+0000] {processor.py:183} INFO - Processing /opt/airflow/dags/asset_analysis_parallel.py took 0.144 seconds
[2024-06-01T06:14:34.864+0000] {processor.py:161} INFO - Started process (PID=4273) to work on /opt/airflow/dags/asset_analysis_parallel.py
[2024-06-01T06:14:34.865+0000] {processor.py:830} INFO - Processing file /opt/airflow/dags/asset_analysis_parallel.py for tasks to queue
[2024-06-01T06:14:34.865+0000] {logging_mixin.py:188} INFO - [2024-06-01T06:14:34.865+0000] {dagbag.py:545} INFO - Filling up the DagBag from /opt/airflow/dags/asset_analysis_parallel.py
[2024-06-01T06:14:34.981+0000] {processor.py:840} INFO - DAG(s) 'soc_domain_analysis_parallel' retrieved from /opt/airflow/dags/asset_analysis_parallel.py
[2024-06-01T06:14:34.991+0000] {logging_mixin.py:188} INFO - [2024-06-01T06:14:34.991+0000] {dag.py:3096} INFO - Sync 1 DAGs
[2024-06-01T06:14:35.005+0000] {processor.py:183} INFO - Processing /opt/airflow/dags/asset_analysis_parallel.py took 0.144 seconds
[2024-06-01T06:15:05.270+0000] {processor.py:161} INFO - Started process (PID=4303) to work on /opt/airflow/dags/asset_analysis_parallel.py
[2024-06-01T06:15:05.271+0000] {processor.py:830} INFO - Processing file /opt/airflow/dags/asset_analysis_parallel.py for tasks to queue
[2024-06-01T06:15:05.271+0000] {logging_mixin.py:188} INFO - [2024-06-01T06:15:05.271+0000] {dagbag.py:545} INFO - Filling up the DagBag from /opt/airflow/dags/asset_analysis_parallel.py
[2024-06-01T06:15:05.403+0000] {processor.py:840} INFO - DAG(s) 'soc_domain_analysis_parallel' retrieved from /opt/airflow/dags/asset_analysis_parallel.py
[2024-06-01T06:15:05.412+0000] {logging_mixin.py:188} INFO - [2024-06-01T06:15:05.412+0000] {dag.py:3096} INFO - Sync 1 DAGs
[2024-06-01T06:15:05.425+0000] {processor.py:183} INFO - Processing /opt/airflow/dags/asset_analysis_parallel.py took 0.160 seconds
[2024-06-01T06:15:35.787+0000] {processor.py:161} INFO - Started process (PID=4333) to work on /opt/airflow/dags/asset_analysis_parallel.py
[2024-06-01T06:15:35.788+0000] {processor.py:830} INFO - Processing file /opt/airflow/dags/asset_analysis_parallel.py for tasks to queue
[2024-06-01T06:15:35.788+0000] {logging_mixin.py:188} INFO - [2024-06-01T06:15:35.788+0000] {dagbag.py:545} INFO - Filling up the DagBag from /opt/airflow/dags/asset_analysis_parallel.py
[2024-06-01T06:15:35.924+0000] {processor.py:840} INFO - DAG(s) 'soc_domain_analysis_parallel' retrieved from /opt/airflow/dags/asset_analysis_parallel.py
[2024-06-01T06:15:35.934+0000] {logging_mixin.py:188} INFO - [2024-06-01T06:15:35.934+0000] {dag.py:3096} INFO - Sync 1 DAGs
[2024-06-01T06:15:35.948+0000] {processor.py:183} INFO - Processing /opt/airflow/dags/asset_analysis_parallel.py took 0.164 seconds
[2024-06-01T06:16:06.318+0000] {processor.py:161} INFO - Started process (PID=4363) to work on /opt/airflow/dags/asset_analysis_parallel.py
[2024-06-01T06:16:06.319+0000] {processor.py:830} INFO - Processing file /opt/airflow/dags/asset_analysis_parallel.py for tasks to queue
[2024-06-01T06:16:06.320+0000] {logging_mixin.py:188} INFO - [2024-06-01T06:16:06.319+0000] {dagbag.py:545} INFO - Filling up the DagBag from /opt/airflow/dags/asset_analysis_parallel.py
[2024-06-01T06:16:06.448+0000] {processor.py:840} INFO - DAG(s) 'soc_domain_analysis_parallel' retrieved from /opt/airflow/dags/asset_analysis_parallel.py
[2024-06-01T06:16:06.457+0000] {logging_mixin.py:188} INFO - [2024-06-01T06:16:06.457+0000] {dag.py:3096} INFO - Sync 1 DAGs
[2024-06-01T06:16:06.470+0000] {processor.py:183} INFO - Processing /opt/airflow/dags/asset_analysis_parallel.py took 0.157 seconds
[2024-06-01T06:16:36.705+0000] {processor.py:161} INFO - Started process (PID=4393) to work on /opt/airflow/dags/asset_analysis_parallel.py
[2024-06-01T06:16:36.706+0000] {processor.py:830} INFO - Processing file /opt/airflow/dags/asset_analysis_parallel.py for tasks to queue
[2024-06-01T06:16:36.706+0000] {logging_mixin.py:188} INFO - [2024-06-01T06:16:36.706+0000] {dagbag.py:545} INFO - Filling up the DagBag from /opt/airflow/dags/asset_analysis_parallel.py
[2024-06-01T06:16:36.818+0000] {processor.py:840} INFO - DAG(s) 'soc_domain_analysis_parallel' retrieved from /opt/airflow/dags/asset_analysis_parallel.py
[2024-06-01T06:16:36.827+0000] {logging_mixin.py:188} INFO - [2024-06-01T06:16:36.827+0000] {dag.py:3096} INFO - Sync 1 DAGs
[2024-06-01T06:16:36.840+0000] {processor.py:183} INFO - Processing /opt/airflow/dags/asset_analysis_parallel.py took 0.138 seconds
[2024-06-01T06:17:07.127+0000] {processor.py:161} INFO - Started process (PID=4423) to work on /opt/airflow/dags/asset_analysis_parallel.py
[2024-06-01T06:17:07.128+0000] {processor.py:830} INFO - Processing file /opt/airflow/dags/asset_analysis_parallel.py for tasks to queue
[2024-06-01T06:17:07.129+0000] {logging_mixin.py:188} INFO - [2024-06-01T06:17:07.129+0000] {dagbag.py:545} INFO - Filling up the DagBag from /opt/airflow/dags/asset_analysis_parallel.py
[2024-06-01T06:17:07.299+0000] {processor.py:840} INFO - DAG(s) 'soc_domain_analysis_parallel' retrieved from /opt/airflow/dags/asset_analysis_parallel.py
[2024-06-01T06:17:07.313+0000] {logging_mixin.py:188} INFO - [2024-06-01T06:17:07.313+0000] {dag.py:3096} INFO - Sync 1 DAGs
[2024-06-01T06:17:07.334+0000] {processor.py:183} INFO - Processing /opt/airflow/dags/asset_analysis_parallel.py took 0.211 seconds
[2024-06-01T06:17:37.737+0000] {processor.py:161} INFO - Started process (PID=4453) to work on /opt/airflow/dags/asset_analysis_parallel.py
[2024-06-01T06:17:37.738+0000] {processor.py:830} INFO - Processing file /opt/airflow/dags/asset_analysis_parallel.py for tasks to queue
[2024-06-01T06:17:37.738+0000] {logging_mixin.py:188} INFO - [2024-06-01T06:17:37.738+0000] {dagbag.py:545} INFO - Filling up the DagBag from /opt/airflow/dags/asset_analysis_parallel.py
[2024-06-01T06:17:37.884+0000] {processor.py:840} INFO - DAG(s) 'soc_domain_analysis_parallel' retrieved from /opt/airflow/dags/asset_analysis_parallel.py
[2024-06-01T06:17:37.893+0000] {logging_mixin.py:188} INFO - [2024-06-01T06:17:37.893+0000] {dag.py:3096} INFO - Sync 1 DAGs
[2024-06-01T06:17:37.905+0000] {processor.py:183} INFO - Processing /opt/airflow/dags/asset_analysis_parallel.py took 0.174 seconds
[2024-06-01T06:18:08.213+0000] {processor.py:161} INFO - Started process (PID=4483) to work on /opt/airflow/dags/asset_analysis_parallel.py
[2024-06-01T06:18:08.215+0000] {processor.py:830} INFO - Processing file /opt/airflow/dags/asset_analysis_parallel.py for tasks to queue
[2024-06-01T06:18:08.215+0000] {logging_mixin.py:188} INFO - [2024-06-01T06:18:08.215+0000] {dagbag.py:545} INFO - Filling up the DagBag from /opt/airflow/dags/asset_analysis_parallel.py
[2024-06-01T06:18:08.335+0000] {processor.py:840} INFO - DAG(s) 'soc_domain_analysis_parallel' retrieved from /opt/airflow/dags/asset_analysis_parallel.py
[2024-06-01T06:18:08.345+0000] {logging_mixin.py:188} INFO - [2024-06-01T06:18:08.345+0000] {dag.py:3096} INFO - Sync 1 DAGs
[2024-06-01T06:18:08.357+0000] {processor.py:183} INFO - Processing /opt/airflow/dags/asset_analysis_parallel.py took 0.149 seconds
[2024-06-01T06:18:38.734+0000] {processor.py:161} INFO - Started process (PID=4517) to work on /opt/airflow/dags/asset_analysis_parallel.py
[2024-06-01T06:18:38.735+0000] {processor.py:830} INFO - Processing file /opt/airflow/dags/asset_analysis_parallel.py for tasks to queue
[2024-06-01T06:18:38.736+0000] {logging_mixin.py:188} INFO - [2024-06-01T06:18:38.736+0000] {dagbag.py:545} INFO - Filling up the DagBag from /opt/airflow/dags/asset_analysis_parallel.py
[2024-06-01T06:18:38.858+0000] {processor.py:840} INFO - DAG(s) 'soc_domain_analysis_parallel' retrieved from /opt/airflow/dags/asset_analysis_parallel.py
[2024-06-01T06:18:38.867+0000] {logging_mixin.py:188} INFO - [2024-06-01T06:18:38.867+0000] {dag.py:3096} INFO - Sync 1 DAGs
[2024-06-01T06:18:38.875+0000] {logging_mixin.py:188} INFO - [2024-06-01T06:18:38.875+0000] {dag.py:3954} INFO - Setting next_dagrun for soc_domain_analysis_parallel to 2023-01-01 01:00:00+00:00, run_after=2023-01-01 02:00:00+00:00
[2024-06-01T06:18:38.881+0000] {processor.py:183} INFO - Processing /opt/airflow/dags/asset_analysis_parallel.py took 0.152 seconds
[2024-06-01T06:19:09.171+0000] {processor.py:161} INFO - Started process (PID=4561) to work on /opt/airflow/dags/asset_analysis_parallel.py
[2024-06-01T06:19:09.171+0000] {processor.py:830} INFO - Processing file /opt/airflow/dags/asset_analysis_parallel.py for tasks to queue
[2024-06-01T06:19:09.172+0000] {logging_mixin.py:188} INFO - [2024-06-01T06:19:09.172+0000] {dagbag.py:545} INFO - Filling up the DagBag from /opt/airflow/dags/asset_analysis_parallel.py
[2024-06-01T06:19:09.296+0000] {processor.py:840} INFO - DAG(s) 'soc_domain_analysis_parallel' retrieved from /opt/airflow/dags/asset_analysis_parallel.py
[2024-06-01T06:19:09.304+0000] {logging_mixin.py:188} INFO - [2024-06-01T06:19:09.304+0000] {dag.py:3096} INFO - Sync 1 DAGs
[2024-06-01T06:19:09.316+0000] {processor.py:183} INFO - Processing /opt/airflow/dags/asset_analysis_parallel.py took 0.148 seconds
[2024-06-01T06:19:39.610+0000] {processor.py:161} INFO - Started process (PID=4591) to work on /opt/airflow/dags/asset_analysis_parallel.py
[2024-06-01T06:19:39.611+0000] {processor.py:830} INFO - Processing file /opt/airflow/dags/asset_analysis_parallel.py for tasks to queue
[2024-06-01T06:19:39.612+0000] {logging_mixin.py:188} INFO - [2024-06-01T06:19:39.612+0000] {dagbag.py:545} INFO - Filling up the DagBag from /opt/airflow/dags/asset_analysis_parallel.py
[2024-06-01T06:19:39.732+0000] {processor.py:840} INFO - DAG(s) 'soc_domain_analysis_parallel' retrieved from /opt/airflow/dags/asset_analysis_parallel.py
[2024-06-01T06:19:39.742+0000] {logging_mixin.py:188} INFO - [2024-06-01T06:19:39.741+0000] {dag.py:3096} INFO - Sync 1 DAGs
[2024-06-01T06:19:39.754+0000] {processor.py:183} INFO - Processing /opt/airflow/dags/asset_analysis_parallel.py took 0.149 seconds
[2024-06-01T06:20:10.113+0000] {processor.py:161} INFO - Started process (PID=4621) to work on /opt/airflow/dags/asset_analysis_parallel.py
[2024-06-01T06:20:10.113+0000] {processor.py:830} INFO - Processing file /opt/airflow/dags/asset_analysis_parallel.py for tasks to queue
[2024-06-01T06:20:10.114+0000] {logging_mixin.py:188} INFO - [2024-06-01T06:20:10.114+0000] {dagbag.py:545} INFO - Filling up the DagBag from /opt/airflow/dags/asset_analysis_parallel.py
[2024-06-01T06:20:10.226+0000] {processor.py:840} INFO - DAG(s) 'soc_domain_analysis_parallel' retrieved from /opt/airflow/dags/asset_analysis_parallel.py
[2024-06-01T06:20:10.235+0000] {logging_mixin.py:188} INFO - [2024-06-01T06:20:10.235+0000] {dag.py:3096} INFO - Sync 1 DAGs
[2024-06-01T06:20:10.246+0000] {processor.py:183} INFO - Processing /opt/airflow/dags/asset_analysis_parallel.py took 0.137 seconds
[2024-06-01T06:20:40.592+0000] {processor.py:161} INFO - Started process (PID=4651) to work on /opt/airflow/dags/asset_analysis_parallel.py
[2024-06-01T06:20:40.593+0000] {processor.py:830} INFO - Processing file /opt/airflow/dags/asset_analysis_parallel.py for tasks to queue
[2024-06-01T06:20:40.594+0000] {logging_mixin.py:188} INFO - [2024-06-01T06:20:40.594+0000] {dagbag.py:545} INFO - Filling up the DagBag from /opt/airflow/dags/asset_analysis_parallel.py
[2024-06-01T06:20:40.719+0000] {processor.py:840} INFO - DAG(s) 'soc_domain_analysis_parallel' retrieved from /opt/airflow/dags/asset_analysis_parallel.py
[2024-06-01T06:20:40.728+0000] {logging_mixin.py:188} INFO - [2024-06-01T06:20:40.728+0000] {dag.py:3096} INFO - Sync 1 DAGs
[2024-06-01T06:20:40.740+0000] {processor.py:183} INFO - Processing /opt/airflow/dags/asset_analysis_parallel.py took 0.153 seconds
[2024-06-01T06:21:24.603+0000] {processor.py:161} INFO - Started process (PID=169) to work on /opt/airflow/dags/asset_analysis_parallel.py
[2024-06-01T06:21:24.603+0000] {processor.py:830} INFO - Processing file /opt/airflow/dags/asset_analysis_parallel.py for tasks to queue
[2024-06-01T06:21:24.604+0000] {logging_mixin.py:188} INFO - [2024-06-01T06:21:24.604+0000] {dagbag.py:545} INFO - Filling up the DagBag from /opt/airflow/dags/asset_analysis_parallel.py
[2024-06-01T06:21:24.781+0000] {processor.py:840} INFO - DAG(s) 'soc_domain_analysis_parallel' retrieved from /opt/airflow/dags/asset_analysis_parallel.py
[2024-06-01T06:21:24.876+0000] {logging_mixin.py:188} INFO - [2024-06-01T06:21:24.876+0000] {dag.py:3096} INFO - Sync 1 DAGs
[2024-06-01T06:21:24.894+0000] {processor.py:183} INFO - Processing /opt/airflow/dags/asset_analysis_parallel.py took 0.294 seconds
[2024-06-01T06:21:55.308+0000] {processor.py:161} INFO - Started process (PID=201) to work on /opt/airflow/dags/asset_analysis_parallel.py
[2024-06-01T06:21:55.309+0000] {processor.py:830} INFO - Processing file /opt/airflow/dags/asset_analysis_parallel.py for tasks to queue
[2024-06-01T06:21:55.310+0000] {logging_mixin.py:188} INFO - [2024-06-01T06:21:55.310+0000] {dagbag.py:545} INFO - Filling up the DagBag from /opt/airflow/dags/asset_analysis_parallel.py
[2024-06-01T06:21:55.375+0000] {processor.py:840} INFO - DAG(s) 'soc_domain_analysis_parallel' retrieved from /opt/airflow/dags/asset_analysis_parallel.py
[2024-06-01T06:21:55.388+0000] {logging_mixin.py:188} INFO - [2024-06-01T06:21:55.388+0000] {dag.py:3096} INFO - Sync 1 DAGs
[2024-06-01T06:21:55.404+0000] {processor.py:183} INFO - Processing /opt/airflow/dags/asset_analysis_parallel.py took 0.103 seconds
[2024-06-01T06:22:25.817+0000] {processor.py:161} INFO - Started process (PID=233) to work on /opt/airflow/dags/asset_analysis_parallel.py
[2024-06-01T06:22:25.817+0000] {processor.py:830} INFO - Processing file /opt/airflow/dags/asset_analysis_parallel.py for tasks to queue
[2024-06-01T06:22:25.819+0000] {logging_mixin.py:188} INFO - [2024-06-01T06:22:25.819+0000] {dagbag.py:545} INFO - Filling up the DagBag from /opt/airflow/dags/asset_analysis_parallel.py
[2024-06-01T06:22:25.880+0000] {processor.py:840} INFO - DAG(s) 'soc_domain_analysis_parallel' retrieved from /opt/airflow/dags/asset_analysis_parallel.py
[2024-06-01T06:22:25.892+0000] {logging_mixin.py:188} INFO - [2024-06-01T06:22:25.892+0000] {dag.py:3096} INFO - Sync 1 DAGs
[2024-06-01T06:22:25.915+0000] {processor.py:183} INFO - Processing /opt/airflow/dags/asset_analysis_parallel.py took 0.105 seconds
[2024-06-01T06:22:56.305+0000] {processor.py:161} INFO - Started process (PID=263) to work on /opt/airflow/dags/asset_analysis_parallel.py
[2024-06-01T06:22:56.307+0000] {processor.py:830} INFO - Processing file /opt/airflow/dags/asset_analysis_parallel.py for tasks to queue
[2024-06-01T06:22:56.309+0000] {logging_mixin.py:188} INFO - [2024-06-01T06:22:56.308+0000] {dagbag.py:545} INFO - Filling up the DagBag from /opt/airflow/dags/asset_analysis_parallel.py
[2024-06-01T06:22:56.369+0000] {processor.py:840} INFO - DAG(s) 'soc_domain_analysis_parallel' retrieved from /opt/airflow/dags/asset_analysis_parallel.py
[2024-06-01T06:22:56.382+0000] {logging_mixin.py:188} INFO - [2024-06-01T06:22:56.382+0000] {dag.py:3096} INFO - Sync 1 DAGs
[2024-06-01T06:22:56.397+0000] {processor.py:183} INFO - Processing /opt/airflow/dags/asset_analysis_parallel.py took 0.098 seconds
[2024-06-01T06:23:26.739+0000] {processor.py:161} INFO - Started process (PID=293) to work on /opt/airflow/dags/asset_analysis_parallel.py
[2024-06-01T06:23:26.740+0000] {processor.py:830} INFO - Processing file /opt/airflow/dags/asset_analysis_parallel.py for tasks to queue
[2024-06-01T06:23:26.741+0000] {logging_mixin.py:188} INFO - [2024-06-01T06:23:26.741+0000] {dagbag.py:545} INFO - Filling up the DagBag from /opt/airflow/dags/asset_analysis_parallel.py
[2024-06-01T06:23:26.800+0000] {processor.py:840} INFO - DAG(s) 'soc_domain_analysis_parallel' retrieved from /opt/airflow/dags/asset_analysis_parallel.py
[2024-06-01T06:23:26.811+0000] {logging_mixin.py:188} INFO - [2024-06-01T06:23:26.811+0000] {dag.py:3096} INFO - Sync 1 DAGs
[2024-06-01T06:23:26.826+0000] {processor.py:183} INFO - Processing /opt/airflow/dags/asset_analysis_parallel.py took 0.091 seconds
[2024-06-01T06:23:57.132+0000] {processor.py:161} INFO - Started process (PID=323) to work on /opt/airflow/dags/asset_analysis_parallel.py
[2024-06-01T06:23:57.132+0000] {processor.py:830} INFO - Processing file /opt/airflow/dags/asset_analysis_parallel.py for tasks to queue
[2024-06-01T06:23:57.134+0000] {logging_mixin.py:188} INFO - [2024-06-01T06:23:57.134+0000] {dagbag.py:545} INFO - Filling up the DagBag from /opt/airflow/dags/asset_analysis_parallel.py
[2024-06-01T06:23:57.196+0000] {processor.py:840} INFO - DAG(s) 'soc_domain_analysis_parallel' retrieved from /opt/airflow/dags/asset_analysis_parallel.py
[2024-06-01T06:23:57.210+0000] {logging_mixin.py:188} INFO - [2024-06-01T06:23:57.210+0000] {dag.py:3096} INFO - Sync 1 DAGs
[2024-06-01T06:23:57.230+0000] {processor.py:183} INFO - Processing /opt/airflow/dags/asset_analysis_parallel.py took 0.105 seconds
[2024-06-01T06:24:27.557+0000] {processor.py:161} INFO - Started process (PID=353) to work on /opt/airflow/dags/asset_analysis_parallel.py
[2024-06-01T06:24:27.558+0000] {processor.py:830} INFO - Processing file /opt/airflow/dags/asset_analysis_parallel.py for tasks to queue
[2024-06-01T06:24:27.559+0000] {logging_mixin.py:188} INFO - [2024-06-01T06:24:27.559+0000] {dagbag.py:545} INFO - Filling up the DagBag from /opt/airflow/dags/asset_analysis_parallel.py
[2024-06-01T06:24:27.616+0000] {processor.py:840} INFO - DAG(s) 'soc_domain_analysis_parallel' retrieved from /opt/airflow/dags/asset_analysis_parallel.py
[2024-06-01T06:24:27.627+0000] {logging_mixin.py:188} INFO - [2024-06-01T06:24:27.627+0000] {dag.py:3096} INFO - Sync 1 DAGs
[2024-06-01T06:24:27.642+0000] {processor.py:183} INFO - Processing /opt/airflow/dags/asset_analysis_parallel.py took 0.089 seconds
[2024-06-01T06:24:57.994+0000] {processor.py:161} INFO - Started process (PID=383) to work on /opt/airflow/dags/asset_analysis_parallel.py
[2024-06-01T06:24:57.995+0000] {processor.py:830} INFO - Processing file /opt/airflow/dags/asset_analysis_parallel.py for tasks to queue
[2024-06-01T06:24:57.997+0000] {logging_mixin.py:188} INFO - [2024-06-01T06:24:57.996+0000] {dagbag.py:545} INFO - Filling up the DagBag from /opt/airflow/dags/asset_analysis_parallel.py
[2024-06-01T06:24:58.048+0000] {processor.py:840} INFO - DAG(s) 'soc_domain_analysis_parallel' retrieved from /opt/airflow/dags/asset_analysis_parallel.py
[2024-06-01T06:24:58.061+0000] {logging_mixin.py:188} INFO - [2024-06-01T06:24:58.061+0000] {dag.py:3096} INFO - Sync 1 DAGs
[2024-06-01T06:24:58.076+0000] {processor.py:183} INFO - Processing /opt/airflow/dags/asset_analysis_parallel.py took 0.086 seconds
[2024-06-01T06:25:28.417+0000] {processor.py:161} INFO - Started process (PID=413) to work on /opt/airflow/dags/asset_analysis_parallel.py
[2024-06-01T06:25:28.418+0000] {processor.py:830} INFO - Processing file /opt/airflow/dags/asset_analysis_parallel.py for tasks to queue
[2024-06-01T06:25:28.419+0000] {logging_mixin.py:188} INFO - [2024-06-01T06:25:28.419+0000] {dagbag.py:545} INFO - Filling up the DagBag from /opt/airflow/dags/asset_analysis_parallel.py
[2024-06-01T06:25:28.473+0000] {processor.py:840} INFO - DAG(s) 'soc_domain_analysis_parallel' retrieved from /opt/airflow/dags/asset_analysis_parallel.py
[2024-06-01T06:25:28.484+0000] {logging_mixin.py:188} INFO - [2024-06-01T06:25:28.484+0000] {dag.py:3096} INFO - Sync 1 DAGs
[2024-06-01T06:25:28.499+0000] {processor.py:183} INFO - Processing /opt/airflow/dags/asset_analysis_parallel.py took 0.086 seconds
[2024-06-01T06:25:58.852+0000] {processor.py:161} INFO - Started process (PID=443) to work on /opt/airflow/dags/asset_analysis_parallel.py
[2024-06-01T06:25:58.853+0000] {processor.py:830} INFO - Processing file /opt/airflow/dags/asset_analysis_parallel.py for tasks to queue
[2024-06-01T06:25:58.855+0000] {logging_mixin.py:188} INFO - [2024-06-01T06:25:58.854+0000] {dagbag.py:545} INFO - Filling up the DagBag from /opt/airflow/dags/asset_analysis_parallel.py
[2024-06-01T06:25:58.912+0000] {processor.py:840} INFO - DAG(s) 'soc_domain_analysis_parallel' retrieved from /opt/airflow/dags/asset_analysis_parallel.py
[2024-06-01T06:25:58.923+0000] {logging_mixin.py:188} INFO - [2024-06-01T06:25:58.923+0000] {dag.py:3096} INFO - Sync 1 DAGs
[2024-06-01T06:25:58.937+0000] {processor.py:183} INFO - Processing /opt/airflow/dags/asset_analysis_parallel.py took 0.090 seconds
[2024-06-01T06:26:28.309+0000] {processor.py:161} INFO - Started process (PID=473) to work on /opt/airflow/dags/asset_analysis_parallel.py
[2024-06-01T06:26:28.310+0000] {processor.py:830} INFO - Processing file /opt/airflow/dags/asset_analysis_parallel.py for tasks to queue
[2024-06-01T06:26:28.312+0000] {logging_mixin.py:188} INFO - [2024-06-01T06:26:28.311+0000] {dagbag.py:545} INFO - Filling up the DagBag from /opt/airflow/dags/asset_analysis_parallel.py
[2024-06-01T06:26:28.381+0000] {processor.py:840} INFO - DAG(s) 'soc_domain_analysis_parallel' retrieved from /opt/airflow/dags/asset_analysis_parallel.py
[2024-06-01T06:26:28.393+0000] {logging_mixin.py:188} INFO - [2024-06-01T06:26:28.393+0000] {dag.py:3096} INFO - Sync 1 DAGs
[2024-06-01T06:26:28.410+0000] {processor.py:183} INFO - Processing /opt/airflow/dags/asset_analysis_parallel.py took 0.108 seconds
[2024-06-01T06:26:58.772+0000] {processor.py:161} INFO - Started process (PID=503) to work on /opt/airflow/dags/asset_analysis_parallel.py
[2024-06-01T06:26:58.773+0000] {processor.py:830} INFO - Processing file /opt/airflow/dags/asset_analysis_parallel.py for tasks to queue
[2024-06-01T06:26:58.775+0000] {logging_mixin.py:188} INFO - [2024-06-01T06:26:58.774+0000] {dagbag.py:545} INFO - Filling up the DagBag from /opt/airflow/dags/asset_analysis_parallel.py
[2024-06-01T06:26:58.836+0000] {processor.py:840} INFO - DAG(s) 'soc_domain_analysis_parallel' retrieved from /opt/airflow/dags/asset_analysis_parallel.py
[2024-06-01T06:26:58.847+0000] {logging_mixin.py:188} INFO - [2024-06-01T06:26:58.847+0000] {dag.py:3096} INFO - Sync 1 DAGs
[2024-06-01T06:26:58.861+0000] {processor.py:183} INFO - Processing /opt/airflow/dags/asset_analysis_parallel.py took 0.095 seconds
[2024-06-01T06:27:29.111+0000] {processor.py:161} INFO - Started process (PID=533) to work on /opt/airflow/dags/asset_analysis_parallel.py
[2024-06-01T06:27:29.112+0000] {processor.py:830} INFO - Processing file /opt/airflow/dags/asset_analysis_parallel.py for tasks to queue
[2024-06-01T06:27:29.114+0000] {logging_mixin.py:188} INFO - [2024-06-01T06:27:29.114+0000] {dagbag.py:545} INFO - Filling up the DagBag from /opt/airflow/dags/asset_analysis_parallel.py
[2024-06-01T06:27:29.179+0000] {processor.py:840} INFO - DAG(s) 'soc_domain_analysis_parallel' retrieved from /opt/airflow/dags/asset_analysis_parallel.py
[2024-06-01T06:27:29.192+0000] {logging_mixin.py:188} INFO - [2024-06-01T06:27:29.191+0000] {dag.py:3096} INFO - Sync 1 DAGs
[2024-06-01T06:27:29.206+0000] {processor.py:183} INFO - Processing /opt/airflow/dags/asset_analysis_parallel.py took 0.100 seconds
[2024-06-01T06:27:59.461+0000] {processor.py:161} INFO - Started process (PID=563) to work on /opt/airflow/dags/asset_analysis_parallel.py
[2024-06-01T06:27:59.462+0000] {processor.py:830} INFO - Processing file /opt/airflow/dags/asset_analysis_parallel.py for tasks to queue
[2024-06-01T06:27:59.464+0000] {logging_mixin.py:188} INFO - [2024-06-01T06:27:59.464+0000] {dagbag.py:545} INFO - Filling up the DagBag from /opt/airflow/dags/asset_analysis_parallel.py
[2024-06-01T06:27:59.529+0000] {processor.py:840} INFO - DAG(s) 'soc_domain_analysis_parallel' retrieved from /opt/airflow/dags/asset_analysis_parallel.py
[2024-06-01T06:27:59.540+0000] {logging_mixin.py:188} INFO - [2024-06-01T06:27:59.540+0000] {dag.py:3096} INFO - Sync 1 DAGs
[2024-06-01T06:27:59.554+0000] {processor.py:183} INFO - Processing /opt/airflow/dags/asset_analysis_parallel.py took 0.099 seconds
[2024-06-01T06:28:29.857+0000] {processor.py:161} INFO - Started process (PID=593) to work on /opt/airflow/dags/asset_analysis_parallel.py
[2024-06-01T06:28:29.858+0000] {processor.py:830} INFO - Processing file /opt/airflow/dags/asset_analysis_parallel.py for tasks to queue
[2024-06-01T06:28:29.859+0000] {logging_mixin.py:188} INFO - [2024-06-01T06:28:29.859+0000] {dagbag.py:545} INFO - Filling up the DagBag from /opt/airflow/dags/asset_analysis_parallel.py
[2024-06-01T06:28:29.919+0000] {processor.py:840} INFO - DAG(s) 'soc_domain_analysis_parallel' retrieved from /opt/airflow/dags/asset_analysis_parallel.py
[2024-06-01T06:28:29.929+0000] {logging_mixin.py:188} INFO - [2024-06-01T06:28:29.929+0000] {dag.py:3096} INFO - Sync 1 DAGs
[2024-06-01T06:28:29.943+0000] {processor.py:183} INFO - Processing /opt/airflow/dags/asset_analysis_parallel.py took 0.092 seconds
[2024-06-01T06:29:00.301+0000] {processor.py:161} INFO - Started process (PID=623) to work on /opt/airflow/dags/asset_analysis_parallel.py
[2024-06-01T06:29:00.302+0000] {processor.py:830} INFO - Processing file /opt/airflow/dags/asset_analysis_parallel.py for tasks to queue
[2024-06-01T06:29:00.304+0000] {logging_mixin.py:188} INFO - [2024-06-01T06:29:00.304+0000] {dagbag.py:545} INFO - Filling up the DagBag from /opt/airflow/dags/asset_analysis_parallel.py
[2024-06-01T06:29:00.372+0000] {processor.py:840} INFO - DAG(s) 'soc_domain_analysis_parallel' retrieved from /opt/airflow/dags/asset_analysis_parallel.py
[2024-06-01T06:29:00.385+0000] {logging_mixin.py:188} INFO - [2024-06-01T06:29:00.385+0000] {dag.py:3096} INFO - Sync 1 DAGs
[2024-06-01T06:29:00.402+0000] {processor.py:183} INFO - Processing /opt/airflow/dags/asset_analysis_parallel.py took 0.112 seconds
[2024-06-01T06:29:30.732+0000] {processor.py:161} INFO - Started process (PID=653) to work on /opt/airflow/dags/asset_analysis_parallel.py
[2024-06-01T06:29:30.733+0000] {processor.py:830} INFO - Processing file /opt/airflow/dags/asset_analysis_parallel.py for tasks to queue
[2024-06-01T06:29:30.734+0000] {logging_mixin.py:188} INFO - [2024-06-01T06:29:30.734+0000] {dagbag.py:545} INFO - Filling up the DagBag from /opt/airflow/dags/asset_analysis_parallel.py
[2024-06-01T06:29:30.800+0000] {processor.py:840} INFO - DAG(s) 'soc_domain_analysis_parallel' retrieved from /opt/airflow/dags/asset_analysis_parallel.py
[2024-06-01T06:29:30.812+0000] {logging_mixin.py:188} INFO - [2024-06-01T06:29:30.812+0000] {dag.py:3096} INFO - Sync 1 DAGs
[2024-06-01T06:29:30.826+0000] {processor.py:183} INFO - Processing /opt/airflow/dags/asset_analysis_parallel.py took 0.104 seconds
[2024-06-01T06:30:01.141+0000] {processor.py:161} INFO - Started process (PID=683) to work on /opt/airflow/dags/asset_analysis_parallel.py
[2024-06-01T06:30:01.142+0000] {processor.py:830} INFO - Processing file /opt/airflow/dags/asset_analysis_parallel.py for tasks to queue
[2024-06-01T06:30:01.143+0000] {logging_mixin.py:188} INFO - [2024-06-01T06:30:01.143+0000] {dagbag.py:545} INFO - Filling up the DagBag from /opt/airflow/dags/asset_analysis_parallel.py
[2024-06-01T06:30:01.196+0000] {processor.py:840} INFO - DAG(s) 'soc_domain_analysis_parallel' retrieved from /opt/airflow/dags/asset_analysis_parallel.py
[2024-06-01T06:30:01.207+0000] {logging_mixin.py:188} INFO - [2024-06-01T06:30:01.206+0000] {dag.py:3096} INFO - Sync 1 DAGs
[2024-06-01T06:30:01.219+0000] {processor.py:183} INFO - Processing /opt/airflow/dags/asset_analysis_parallel.py took 0.082 seconds
[2024-06-01T06:30:31.590+0000] {processor.py:161} INFO - Started process (PID=713) to work on /opt/airflow/dags/asset_analysis_parallel.py
[2024-06-01T06:30:31.591+0000] {processor.py:830} INFO - Processing file /opt/airflow/dags/asset_analysis_parallel.py for tasks to queue
[2024-06-01T06:30:31.592+0000] {logging_mixin.py:188} INFO - [2024-06-01T06:30:31.592+0000] {dagbag.py:545} INFO - Filling up the DagBag from /opt/airflow/dags/asset_analysis_parallel.py
[2024-06-01T06:30:31.654+0000] {processor.py:840} INFO - DAG(s) 'soc_domain_analysis_parallel' retrieved from /opt/airflow/dags/asset_analysis_parallel.py
[2024-06-01T06:30:31.665+0000] {logging_mixin.py:188} INFO - [2024-06-01T06:30:31.665+0000] {dag.py:3096} INFO - Sync 1 DAGs
[2024-06-01T06:30:31.679+0000] {processor.py:183} INFO - Processing /opt/airflow/dags/asset_analysis_parallel.py took 0.096 seconds
[2024-06-01T06:31:02.022+0000] {processor.py:161} INFO - Started process (PID=743) to work on /opt/airflow/dags/asset_analysis_parallel.py
[2024-06-01T06:31:02.023+0000] {processor.py:830} INFO - Processing file /opt/airflow/dags/asset_analysis_parallel.py for tasks to queue
[2024-06-01T06:31:02.024+0000] {logging_mixin.py:188} INFO - [2024-06-01T06:31:02.024+0000] {dagbag.py:545} INFO - Filling up the DagBag from /opt/airflow/dags/asset_analysis_parallel.py
[2024-06-01T06:31:02.079+0000] {processor.py:840} INFO - DAG(s) 'soc_domain_analysis_parallel' retrieved from /opt/airflow/dags/asset_analysis_parallel.py
[2024-06-01T06:31:02.089+0000] {logging_mixin.py:188} INFO - [2024-06-01T06:31:02.089+0000] {dag.py:3096} INFO - Sync 1 DAGs
[2024-06-01T06:31:02.103+0000] {processor.py:183} INFO - Processing /opt/airflow/dags/asset_analysis_parallel.py took 0.087 seconds
[2024-06-01T06:31:07.181+0000] {processor.py:161} INFO - Started process (PID=773) to work on /opt/airflow/dags/asset_analysis_parallel.py
[2024-06-01T06:31:07.182+0000] {processor.py:830} INFO - Processing file /opt/airflow/dags/asset_analysis_parallel.py for tasks to queue
[2024-06-01T06:31:07.183+0000] {logging_mixin.py:188} INFO - [2024-06-01T06:31:07.183+0000] {dagbag.py:545} INFO - Filling up the DagBag from /opt/airflow/dags/asset_analysis_parallel.py
[2024-06-01T06:31:07.241+0000] {processor.py:840} INFO - DAG(s) 'soc_domain_analysis_parallel' retrieved from /opt/airflow/dags/asset_analysis_parallel.py
[2024-06-01T06:31:07.252+0000] {logging_mixin.py:188} INFO - [2024-06-01T06:31:07.252+0000] {dag.py:3096} INFO - Sync 1 DAGs
[2024-06-01T06:31:07.266+0000] {processor.py:183} INFO - Processing /opt/airflow/dags/asset_analysis_parallel.py took 0.089 seconds
[2024-06-01T06:31:37.609+0000] {processor.py:161} INFO - Started process (PID=803) to work on /opt/airflow/dags/asset_analysis_parallel.py
[2024-06-01T06:31:37.610+0000] {processor.py:830} INFO - Processing file /opt/airflow/dags/asset_analysis_parallel.py for tasks to queue
[2024-06-01T06:31:37.611+0000] {logging_mixin.py:188} INFO - [2024-06-01T06:31:37.611+0000] {dagbag.py:545} INFO - Filling up the DagBag from /opt/airflow/dags/asset_analysis_parallel.py
[2024-06-01T06:31:37.669+0000] {processor.py:840} INFO - DAG(s) 'soc_domain_analysis_parallel' retrieved from /opt/airflow/dags/asset_analysis_parallel.py
[2024-06-01T06:31:37.679+0000] {logging_mixin.py:188} INFO - [2024-06-01T06:31:37.679+0000] {dag.py:3096} INFO - Sync 1 DAGs
[2024-06-01T06:31:37.692+0000] {processor.py:183} INFO - Processing /opt/airflow/dags/asset_analysis_parallel.py took 0.089 seconds
[2024-06-01T06:32:08.007+0000] {processor.py:161} INFO - Started process (PID=833) to work on /opt/airflow/dags/asset_analysis_parallel.py
[2024-06-01T06:32:08.008+0000] {processor.py:830} INFO - Processing file /opt/airflow/dags/asset_analysis_parallel.py for tasks to queue
[2024-06-01T06:32:08.010+0000] {logging_mixin.py:188} INFO - [2024-06-01T06:32:08.009+0000] {dagbag.py:545} INFO - Filling up the DagBag from /opt/airflow/dags/asset_analysis_parallel.py
[2024-06-01T06:32:08.070+0000] {processor.py:840} INFO - DAG(s) 'soc_domain_analysis_parallel' retrieved from /opt/airflow/dags/asset_analysis_parallel.py
[2024-06-01T06:32:08.080+0000] {logging_mixin.py:188} INFO - [2024-06-01T06:32:08.080+0000] {dag.py:3096} INFO - Sync 1 DAGs
[2024-06-01T06:32:08.093+0000] {processor.py:183} INFO - Processing /opt/airflow/dags/asset_analysis_parallel.py took 0.093 seconds
[2024-06-01T06:32:38.453+0000] {processor.py:161} INFO - Started process (PID=863) to work on /opt/airflow/dags/asset_analysis_parallel.py
[2024-06-01T06:32:38.454+0000] {processor.py:830} INFO - Processing file /opt/airflow/dags/asset_analysis_parallel.py for tasks to queue
[2024-06-01T06:32:38.455+0000] {logging_mixin.py:188} INFO - [2024-06-01T06:32:38.455+0000] {dagbag.py:545} INFO - Filling up the DagBag from /opt/airflow/dags/asset_analysis_parallel.py
[2024-06-01T06:32:38.520+0000] {processor.py:840} INFO - DAG(s) 'soc_domain_analysis_parallel' retrieved from /opt/airflow/dags/asset_analysis_parallel.py
[2024-06-01T06:32:38.530+0000] {logging_mixin.py:188} INFO - [2024-06-01T06:32:38.530+0000] {dag.py:3096} INFO - Sync 1 DAGs
[2024-06-01T06:32:38.546+0000] {processor.py:183} INFO - Processing /opt/airflow/dags/asset_analysis_parallel.py took 0.102 seconds
[2024-06-01T06:33:08.892+0000] {processor.py:161} INFO - Started process (PID=893) to work on /opt/airflow/dags/asset_analysis_parallel.py
[2024-06-01T06:33:08.892+0000] {processor.py:830} INFO - Processing file /opt/airflow/dags/asset_analysis_parallel.py for tasks to queue
[2024-06-01T06:33:08.893+0000] {logging_mixin.py:188} INFO - [2024-06-01T06:33:08.893+0000] {dagbag.py:545} INFO - Filling up the DagBag from /opt/airflow/dags/asset_analysis_parallel.py
[2024-06-01T06:33:08.947+0000] {processor.py:840} INFO - DAG(s) 'soc_domain_analysis_parallel' retrieved from /opt/airflow/dags/asset_analysis_parallel.py
[2024-06-01T06:33:08.958+0000] {logging_mixin.py:188} INFO - [2024-06-01T06:33:08.958+0000] {dag.py:3096} INFO - Sync 1 DAGs
[2024-06-01T06:33:08.972+0000] {processor.py:183} INFO - Processing /opt/airflow/dags/asset_analysis_parallel.py took 0.085 seconds
[2024-06-01T06:33:39.286+0000] {processor.py:161} INFO - Started process (PID=923) to work on /opt/airflow/dags/asset_analysis_parallel.py
[2024-06-01T06:33:39.287+0000] {processor.py:830} INFO - Processing file /opt/airflow/dags/asset_analysis_parallel.py for tasks to queue
[2024-06-01T06:33:39.288+0000] {logging_mixin.py:188} INFO - [2024-06-01T06:33:39.288+0000] {dagbag.py:545} INFO - Filling up the DagBag from /opt/airflow/dags/asset_analysis_parallel.py
[2024-06-01T06:33:39.353+0000] {processor.py:840} INFO - DAG(s) 'soc_domain_analysis_parallel' retrieved from /opt/airflow/dags/asset_analysis_parallel.py
[2024-06-01T06:33:39.364+0000] {logging_mixin.py:188} INFO - [2024-06-01T06:33:39.364+0000] {dag.py:3096} INFO - Sync 1 DAGs
[2024-06-01T06:33:39.377+0000] {processor.py:183} INFO - Processing /opt/airflow/dags/asset_analysis_parallel.py took 0.098 seconds
[2024-06-01T06:34:09.738+0000] {processor.py:161} INFO - Started process (PID=953) to work on /opt/airflow/dags/asset_analysis_parallel.py
[2024-06-01T06:34:09.740+0000] {processor.py:830} INFO - Processing file /opt/airflow/dags/asset_analysis_parallel.py for tasks to queue
[2024-06-01T06:34:09.742+0000] {logging_mixin.py:188} INFO - [2024-06-01T06:34:09.741+0000] {dagbag.py:545} INFO - Filling up the DagBag from /opt/airflow/dags/asset_analysis_parallel.py
[2024-06-01T06:34:09.804+0000] {processor.py:840} INFO - DAG(s) 'soc_domain_analysis_parallel' retrieved from /opt/airflow/dags/asset_analysis_parallel.py
[2024-06-01T06:34:09.814+0000] {logging_mixin.py:188} INFO - [2024-06-01T06:34:09.814+0000] {dag.py:3096} INFO - Sync 1 DAGs
[2024-06-01T06:34:09.828+0000] {processor.py:183} INFO - Processing /opt/airflow/dags/asset_analysis_parallel.py took 0.097 seconds
[2024-06-01T06:34:40.175+0000] {processor.py:161} INFO - Started process (PID=983) to work on /opt/airflow/dags/asset_analysis_parallel.py
[2024-06-01T06:34:40.175+0000] {processor.py:830} INFO - Processing file /opt/airflow/dags/asset_analysis_parallel.py for tasks to queue
[2024-06-01T06:34:40.177+0000] {logging_mixin.py:188} INFO - [2024-06-01T06:34:40.177+0000] {dagbag.py:545} INFO - Filling up the DagBag from /opt/airflow/dags/asset_analysis_parallel.py
[2024-06-01T06:34:40.234+0000] {processor.py:840} INFO - DAG(s) 'soc_domain_analysis_parallel' retrieved from /opt/airflow/dags/asset_analysis_parallel.py
[2024-06-01T06:34:40.244+0000] {logging_mixin.py:188} INFO - [2024-06-01T06:34:40.244+0000] {dag.py:3096} INFO - Sync 1 DAGs
[2024-06-01T06:34:40.258+0000] {processor.py:183} INFO - Processing /opt/airflow/dags/asset_analysis_parallel.py took 0.090 seconds
[2024-06-01T06:35:10.567+0000] {processor.py:161} INFO - Started process (PID=1013) to work on /opt/airflow/dags/asset_analysis_parallel.py
[2024-06-01T06:35:10.568+0000] {processor.py:830} INFO - Processing file /opt/airflow/dags/asset_analysis_parallel.py for tasks to queue
[2024-06-01T06:35:10.570+0000] {logging_mixin.py:188} INFO - [2024-06-01T06:35:10.570+0000] {dagbag.py:545} INFO - Filling up the DagBag from /opt/airflow/dags/asset_analysis_parallel.py
[2024-06-01T06:35:10.628+0000] {processor.py:840} INFO - DAG(s) 'soc_domain_analysis_parallel' retrieved from /opt/airflow/dags/asset_analysis_parallel.py
[2024-06-01T06:35:10.638+0000] {logging_mixin.py:188} INFO - [2024-06-01T06:35:10.638+0000] {dag.py:3096} INFO - Sync 1 DAGs
[2024-06-01T06:35:10.651+0000] {processor.py:183} INFO - Processing /opt/airflow/dags/asset_analysis_parallel.py took 0.090 seconds
[2024-06-01T06:35:40.962+0000] {processor.py:161} INFO - Started process (PID=1043) to work on /opt/airflow/dags/asset_analysis_parallel.py
[2024-06-01T06:35:40.963+0000] {processor.py:830} INFO - Processing file /opt/airflow/dags/asset_analysis_parallel.py for tasks to queue
[2024-06-01T06:35:40.964+0000] {logging_mixin.py:188} INFO - [2024-06-01T06:35:40.964+0000] {dagbag.py:545} INFO - Filling up the DagBag from /opt/airflow/dags/asset_analysis_parallel.py
[2024-06-01T06:35:41.020+0000] {processor.py:840} INFO - DAG(s) 'soc_domain_analysis_parallel' retrieved from /opt/airflow/dags/asset_analysis_parallel.py
[2024-06-01T06:35:41.030+0000] {logging_mixin.py:188} INFO - [2024-06-01T06:35:41.030+0000] {dag.py:3096} INFO - Sync 1 DAGs
[2024-06-01T06:35:41.044+0000] {processor.py:183} INFO - Processing /opt/airflow/dags/asset_analysis_parallel.py took 0.086 seconds
[2024-06-01T06:36:11.337+0000] {processor.py:161} INFO - Started process (PID=1073) to work on /opt/airflow/dags/asset_analysis_parallel.py
[2024-06-01T06:36:11.338+0000] {processor.py:830} INFO - Processing file /opt/airflow/dags/asset_analysis_parallel.py for tasks to queue
[2024-06-01T06:36:11.339+0000] {logging_mixin.py:188} INFO - [2024-06-01T06:36:11.339+0000] {dagbag.py:545} INFO - Filling up the DagBag from /opt/airflow/dags/asset_analysis_parallel.py
[2024-06-01T06:36:11.396+0000] {processor.py:840} INFO - DAG(s) 'soc_domain_analysis_parallel' retrieved from /opt/airflow/dags/asset_analysis_parallel.py
[2024-06-01T06:36:11.408+0000] {logging_mixin.py:188} INFO - [2024-06-01T06:36:11.407+0000] {dag.py:3096} INFO - Sync 1 DAGs
[2024-06-01T06:36:11.423+0000] {processor.py:183} INFO - Processing /opt/airflow/dags/asset_analysis_parallel.py took 0.090 seconds
[2024-06-01T06:36:41.844+0000] {processor.py:161} INFO - Started process (PID=1110) to work on /opt/airflow/dags/asset_analysis_parallel.py
[2024-06-01T06:36:41.845+0000] {processor.py:830} INFO - Processing file /opt/airflow/dags/asset_analysis_parallel.py for tasks to queue
[2024-06-01T06:36:41.847+0000] {logging_mixin.py:188} INFO - [2024-06-01T06:36:41.846+0000] {dagbag.py:545} INFO - Filling up the DagBag from /opt/airflow/dags/asset_analysis_parallel.py
[2024-06-01T06:36:41.906+0000] {processor.py:840} INFO - DAG(s) 'soc_domain_analysis_parallel' retrieved from /opt/airflow/dags/asset_analysis_parallel.py
[2024-06-01T06:36:41.918+0000] {logging_mixin.py:188} INFO - [2024-06-01T06:36:41.918+0000] {dag.py:3096} INFO - Sync 1 DAGs
[2024-06-01T06:36:41.933+0000] {processor.py:183} INFO - Processing /opt/airflow/dags/asset_analysis_parallel.py took 0.095 seconds
[2024-06-01T06:37:12.268+0000] {processor.py:161} INFO - Started process (PID=1140) to work on /opt/airflow/dags/asset_analysis_parallel.py
[2024-06-01T06:37:12.269+0000] {processor.py:830} INFO - Processing file /opt/airflow/dags/asset_analysis_parallel.py for tasks to queue
[2024-06-01T06:37:12.269+0000] {logging_mixin.py:188} INFO - [2024-06-01T06:37:12.269+0000] {dagbag.py:545} INFO - Filling up the DagBag from /opt/airflow/dags/asset_analysis_parallel.py
[2024-06-01T06:37:12.327+0000] {processor.py:840} INFO - DAG(s) 'soc_domain_analysis_parallel' retrieved from /opt/airflow/dags/asset_analysis_parallel.py
[2024-06-01T06:37:12.340+0000] {logging_mixin.py:188} INFO - [2024-06-01T06:37:12.340+0000] {dag.py:3096} INFO - Sync 1 DAGs
[2024-06-01T06:37:12.358+0000] {processor.py:183} INFO - Processing /opt/airflow/dags/asset_analysis_parallel.py took 0.092 seconds
[2024-06-01T06:37:42.684+0000] {processor.py:161} INFO - Started process (PID=1172) to work on /opt/airflow/dags/asset_analysis_parallel.py
[2024-06-01T06:37:42.686+0000] {processor.py:830} INFO - Processing file /opt/airflow/dags/asset_analysis_parallel.py for tasks to queue
[2024-06-01T06:37:42.688+0000] {logging_mixin.py:188} INFO - [2024-06-01T06:37:42.687+0000] {dagbag.py:545} INFO - Filling up the DagBag from /opt/airflow/dags/asset_analysis_parallel.py
[2024-06-01T06:37:42.748+0000] {processor.py:840} INFO - DAG(s) 'soc_domain_analysis_parallel' retrieved from /opt/airflow/dags/asset_analysis_parallel.py
[2024-06-01T06:37:42.759+0000] {logging_mixin.py:188} INFO - [2024-06-01T06:37:42.759+0000] {dag.py:3096} INFO - Sync 1 DAGs
[2024-06-01T06:37:42.771+0000] {processor.py:183} INFO - Processing /opt/airflow/dags/asset_analysis_parallel.py took 0.094 seconds
[2024-06-01T06:38:13.180+0000] {processor.py:161} INFO - Started process (PID=1224) to work on /opt/airflow/dags/asset_analysis_parallel.py
[2024-06-01T06:38:13.181+0000] {processor.py:830} INFO - Processing file /opt/airflow/dags/asset_analysis_parallel.py for tasks to queue
[2024-06-01T06:38:13.183+0000] {logging_mixin.py:188} INFO - [2024-06-01T06:38:13.183+0000] {dagbag.py:545} INFO - Filling up the DagBag from /opt/airflow/dags/asset_analysis_parallel.py
[2024-06-01T06:38:13.244+0000] {processor.py:840} INFO - DAG(s) 'soc_domain_analysis_parallel' retrieved from /opt/airflow/dags/asset_analysis_parallel.py
[2024-06-01T06:38:13.256+0000] {logging_mixin.py:188} INFO - [2024-06-01T06:38:13.256+0000] {dag.py:3096} INFO - Sync 1 DAGs
[2024-06-01T06:38:13.270+0000] {processor.py:183} INFO - Processing /opt/airflow/dags/asset_analysis_parallel.py took 0.098 seconds
[2024-06-01T06:38:43.614+0000] {processor.py:161} INFO - Started process (PID=1264) to work on /opt/airflow/dags/asset_analysis_parallel.py
[2024-06-01T06:38:43.615+0000] {processor.py:830} INFO - Processing file /opt/airflow/dags/asset_analysis_parallel.py for tasks to queue
[2024-06-01T06:38:43.616+0000] {logging_mixin.py:188} INFO - [2024-06-01T06:38:43.616+0000] {dagbag.py:545} INFO - Filling up the DagBag from /opt/airflow/dags/asset_analysis_parallel.py
[2024-06-01T06:38:43.666+0000] {processor.py:840} INFO - DAG(s) 'soc_domain_analysis_parallel' retrieved from /opt/airflow/dags/asset_analysis_parallel.py
[2024-06-01T06:38:43.677+0000] {logging_mixin.py:188} INFO - [2024-06-01T06:38:43.677+0000] {dag.py:3096} INFO - Sync 1 DAGs
[2024-06-01T06:38:43.691+0000] {processor.py:183} INFO - Processing /opt/airflow/dags/asset_analysis_parallel.py took 0.082 seconds
[2024-06-01T06:39:13.969+0000] {processor.py:161} INFO - Started process (PID=1316) to work on /opt/airflow/dags/asset_analysis_parallel.py
[2024-06-01T06:39:13.970+0000] {processor.py:830} INFO - Processing file /opt/airflow/dags/asset_analysis_parallel.py for tasks to queue
[2024-06-01T06:39:13.971+0000] {logging_mixin.py:188} INFO - [2024-06-01T06:39:13.971+0000] {dagbag.py:545} INFO - Filling up the DagBag from /opt/airflow/dags/asset_analysis_parallel.py
[2024-06-01T06:39:14.028+0000] {processor.py:840} INFO - DAG(s) 'soc_domain_analysis_parallel' retrieved from /opt/airflow/dags/asset_analysis_parallel.py
[2024-06-01T06:39:14.040+0000] {logging_mixin.py:188} INFO - [2024-06-01T06:39:14.040+0000] {dag.py:3096} INFO - Sync 1 DAGs
[2024-06-01T06:39:14.054+0000] {processor.py:183} INFO - Processing /opt/airflow/dags/asset_analysis_parallel.py took 0.089 seconds
[2024-06-01T06:39:41.337+0000] {processor.py:161} INFO - Started process (PID=177) to work on /opt/airflow/dags/asset_analysis_parallel.py
[2024-06-01T06:39:41.338+0000] {processor.py:830} INFO - Processing file /opt/airflow/dags/asset_analysis_parallel.py for tasks to queue
[2024-06-01T06:39:41.338+0000] {logging_mixin.py:188} INFO - [2024-06-01T06:39:41.338+0000] {dagbag.py:545} INFO - Filling up the DagBag from /opt/airflow/dags/asset_analysis_parallel.py
[2024-06-01T06:39:41.384+0000] {processor.py:840} INFO - DAG(s) 'soc_domain_analysis_parallel' retrieved from /opt/airflow/dags/asset_analysis_parallel.py
[2024-06-01T06:39:41.421+0000] {logging_mixin.py:188} INFO - [2024-06-01T06:39:41.421+0000] {dag.py:3096} INFO - Sync 1 DAGs
[2024-06-01T06:39:41.435+0000] {processor.py:183} INFO - Processing /opt/airflow/dags/asset_analysis_parallel.py took 0.100 seconds
[2024-06-01T06:40:11.882+0000] {processor.py:161} INFO - Started process (PID=209) to work on /opt/airflow/dags/asset_analysis_parallel.py
[2024-06-01T06:40:11.882+0000] {processor.py:830} INFO - Processing file /opt/airflow/dags/asset_analysis_parallel.py for tasks to queue
[2024-06-01T06:40:11.883+0000] {logging_mixin.py:188} INFO - [2024-06-01T06:40:11.883+0000] {dagbag.py:545} INFO - Filling up the DagBag from /opt/airflow/dags/asset_analysis_parallel.py
[2024-06-01T06:40:11.924+0000] {processor.py:840} INFO - DAG(s) 'soc_domain_analysis_parallel' retrieved from /opt/airflow/dags/asset_analysis_parallel.py
[2024-06-01T06:40:11.934+0000] {logging_mixin.py:188} INFO - [2024-06-01T06:40:11.934+0000] {dag.py:3096} INFO - Sync 1 DAGs
[2024-06-01T06:40:11.946+0000] {processor.py:183} INFO - Processing /opt/airflow/dags/asset_analysis_parallel.py took 0.066 seconds
[2024-06-01T06:40:42.453+0000] {processor.py:161} INFO - Started process (PID=243) to work on /opt/airflow/dags/asset_analysis_parallel.py
[2024-06-01T06:40:42.454+0000] {processor.py:830} INFO - Processing file /opt/airflow/dags/asset_analysis_parallel.py for tasks to queue
[2024-06-01T06:40:42.454+0000] {logging_mixin.py:188} INFO - [2024-06-01T06:40:42.454+0000] {dagbag.py:545} INFO - Filling up the DagBag from /opt/airflow/dags/asset_analysis_parallel.py
[2024-06-01T06:40:42.496+0000] {processor.py:840} INFO - DAG(s) 'soc_domain_analysis_parallel' retrieved from /opt/airflow/dags/asset_analysis_parallel.py
[2024-06-01T06:40:42.507+0000] {logging_mixin.py:188} INFO - [2024-06-01T06:40:42.507+0000] {dag.py:3096} INFO - Sync 1 DAGs
[2024-06-01T06:40:42.520+0000] {processor.py:183} INFO - Processing /opt/airflow/dags/asset_analysis_parallel.py took 0.069 seconds
[2024-06-01T06:41:12.941+0000] {processor.py:161} INFO - Started process (PID=273) to work on /opt/airflow/dags/asset_analysis_parallel.py
[2024-06-01T06:41:12.941+0000] {processor.py:830} INFO - Processing file /opt/airflow/dags/asset_analysis_parallel.py for tasks to queue
[2024-06-01T06:41:12.942+0000] {logging_mixin.py:188} INFO - [2024-06-01T06:41:12.942+0000] {dagbag.py:545} INFO - Filling up the DagBag from /opt/airflow/dags/asset_analysis_parallel.py
[2024-06-01T06:41:12.982+0000] {processor.py:840} INFO - DAG(s) 'soc_domain_analysis_parallel' retrieved from /opt/airflow/dags/asset_analysis_parallel.py
[2024-06-01T06:41:12.992+0000] {logging_mixin.py:188} INFO - [2024-06-01T06:41:12.992+0000] {dag.py:3096} INFO - Sync 1 DAGs
[2024-06-01T06:41:13.003+0000] {processor.py:183} INFO - Processing /opt/airflow/dags/asset_analysis_parallel.py took 0.064 seconds
[2024-06-01T06:41:43.489+0000] {processor.py:161} INFO - Started process (PID=303) to work on /opt/airflow/dags/asset_analysis_parallel.py
[2024-06-01T06:41:43.490+0000] {processor.py:830} INFO - Processing file /opt/airflow/dags/asset_analysis_parallel.py for tasks to queue
[2024-06-01T06:41:43.490+0000] {logging_mixin.py:188} INFO - [2024-06-01T06:41:43.490+0000] {dagbag.py:545} INFO - Filling up the DagBag from /opt/airflow/dags/asset_analysis_parallel.py
[2024-06-01T06:41:43.531+0000] {processor.py:840} INFO - DAG(s) 'soc_domain_analysis_parallel' retrieved from /opt/airflow/dags/asset_analysis_parallel.py
[2024-06-01T06:41:43.541+0000] {logging_mixin.py:188} INFO - [2024-06-01T06:41:43.541+0000] {dag.py:3096} INFO - Sync 1 DAGs
[2024-06-01T06:41:43.553+0000] {processor.py:183} INFO - Processing /opt/airflow/dags/asset_analysis_parallel.py took 0.065 seconds
[2024-06-01T06:42:14.024+0000] {processor.py:161} INFO - Started process (PID=333) to work on /opt/airflow/dags/asset_analysis_parallel.py
[2024-06-01T06:42:14.024+0000] {processor.py:830} INFO - Processing file /opt/airflow/dags/asset_analysis_parallel.py for tasks to queue
[2024-06-01T06:42:14.025+0000] {logging_mixin.py:188} INFO - [2024-06-01T06:42:14.025+0000] {dagbag.py:545} INFO - Filling up the DagBag from /opt/airflow/dags/asset_analysis_parallel.py
[2024-06-01T06:42:14.065+0000] {processor.py:840} INFO - DAG(s) 'soc_domain_analysis_parallel' retrieved from /opt/airflow/dags/asset_analysis_parallel.py
[2024-06-01T06:42:14.075+0000] {logging_mixin.py:188} INFO - [2024-06-01T06:42:14.075+0000] {dag.py:3096} INFO - Sync 1 DAGs
[2024-06-01T06:42:14.086+0000] {processor.py:183} INFO - Processing /opt/airflow/dags/asset_analysis_parallel.py took 0.064 seconds
[2024-06-01T06:42:44.520+0000] {processor.py:161} INFO - Started process (PID=363) to work on /opt/airflow/dags/asset_analysis_parallel.py
[2024-06-01T06:42:44.520+0000] {processor.py:830} INFO - Processing file /opt/airflow/dags/asset_analysis_parallel.py for tasks to queue
[2024-06-01T06:42:44.521+0000] {logging_mixin.py:188} INFO - [2024-06-01T06:42:44.521+0000] {dagbag.py:545} INFO - Filling up the DagBag from /opt/airflow/dags/asset_analysis_parallel.py
[2024-06-01T06:42:44.561+0000] {processor.py:840} INFO - DAG(s) 'soc_domain_analysis_parallel' retrieved from /opt/airflow/dags/asset_analysis_parallel.py
[2024-06-01T06:42:44.570+0000] {logging_mixin.py:188} INFO - [2024-06-01T06:42:44.570+0000] {dag.py:3096} INFO - Sync 1 DAGs
[2024-06-01T06:42:44.582+0000] {processor.py:183} INFO - Processing /opt/airflow/dags/asset_analysis_parallel.py took 0.064 seconds
[2024-06-01T06:43:15.051+0000] {processor.py:161} INFO - Started process (PID=393) to work on /opt/airflow/dags/asset_analysis_parallel.py
[2024-06-01T06:43:15.052+0000] {processor.py:830} INFO - Processing file /opt/airflow/dags/asset_analysis_parallel.py for tasks to queue
[2024-06-01T06:43:15.052+0000] {logging_mixin.py:188} INFO - [2024-06-01T06:43:15.052+0000] {dagbag.py:545} INFO - Filling up the DagBag from /opt/airflow/dags/asset_analysis_parallel.py
[2024-06-01T06:43:15.093+0000] {processor.py:840} INFO - DAG(s) 'soc_domain_analysis_parallel' retrieved from /opt/airflow/dags/asset_analysis_parallel.py
[2024-06-01T06:43:15.103+0000] {logging_mixin.py:188} INFO - [2024-06-01T06:43:15.102+0000] {dag.py:3096} INFO - Sync 1 DAGs
[2024-06-01T06:43:15.115+0000] {processor.py:183} INFO - Processing /opt/airflow/dags/asset_analysis_parallel.py took 0.065 seconds
