[2024-05-25T04:57:52.631+0000] {processor.py:161} INFO - Started process (PID=202) to work on /opt/airflow/dags/analysis_dag.py
[2024-05-25T04:57:52.632+0000] {processor.py:830} INFO - Processing file /opt/airflow/dags/analysis_dag.py for tasks to queue
[2024-05-25T04:57:52.633+0000] {logging_mixin.py:188} INFO - [2024-05-25T04:57:52.633+0000] {dagbag.py:545} INFO - Filling up the DagBag from /opt/airflow/dags/analysis_dag.py
[2024-05-25T04:57:52.669+0000] {processor.py:840} INFO - DAG(s) 'domain_analysis_full' retrieved from /opt/airflow/dags/analysis_dag.py
[2024-05-25T04:57:52.683+0000] {logging_mixin.py:188} INFO - [2024-05-25T04:57:52.682+0000] {dag.py:3096} INFO - Sync 1 DAGs
[2024-05-25T04:57:52.702+0000] {processor.py:183} INFO - Processing /opt/airflow/dags/analysis_dag.py took 0.074 seconds
[2024-05-25T04:58:22.973+0000] {processor.py:161} INFO - Started process (PID=244) to work on /opt/airflow/dags/analysis_dag.py
[2024-05-25T04:58:22.974+0000] {processor.py:830} INFO - Processing file /opt/airflow/dags/analysis_dag.py for tasks to queue
[2024-05-25T04:58:22.975+0000] {logging_mixin.py:188} INFO - [2024-05-25T04:58:22.975+0000] {dagbag.py:545} INFO - Filling up the DagBag from /opt/airflow/dags/analysis_dag.py
[2024-05-25T04:58:23.008+0000] {processor.py:840} INFO - DAG(s) 'domain_analysis_full' retrieved from /opt/airflow/dags/analysis_dag.py
[2024-05-25T04:58:23.063+0000] {logging_mixin.py:188} INFO - [2024-05-25T04:58:23.063+0000] {dag.py:3096} INFO - Sync 1 DAGs
[2024-05-25T04:58:23.080+0000] {processor.py:183} INFO - Processing /opt/airflow/dags/analysis_dag.py took 0.112 seconds
[2024-05-25T04:58:53.454+0000] {processor.py:161} INFO - Started process (PID=264) to work on /opt/airflow/dags/analysis_dag.py
[2024-05-25T04:58:53.455+0000] {processor.py:830} INFO - Processing file /opt/airflow/dags/analysis_dag.py for tasks to queue
[2024-05-25T04:58:53.456+0000] {logging_mixin.py:188} INFO - [2024-05-25T04:58:53.456+0000] {dagbag.py:545} INFO - Filling up the DagBag from /opt/airflow/dags/analysis_dag.py
[2024-05-25T04:58:53.494+0000] {processor.py:840} INFO - DAG(s) 'domain_analysis_full' retrieved from /opt/airflow/dags/analysis_dag.py
[2024-05-25T04:58:53.565+0000] {logging_mixin.py:188} INFO - [2024-05-25T04:58:53.565+0000] {dag.py:3096} INFO - Sync 1 DAGs
[2024-05-25T04:58:53.587+0000] {processor.py:183} INFO - Processing /opt/airflow/dags/analysis_dag.py took 0.139 seconds
[2024-05-25T04:59:23.927+0000] {processor.py:161} INFO - Started process (PID=284) to work on /opt/airflow/dags/analysis_dag.py
[2024-05-25T04:59:23.928+0000] {processor.py:830} INFO - Processing file /opt/airflow/dags/analysis_dag.py for tasks to queue
[2024-05-25T04:59:23.929+0000] {logging_mixin.py:188} INFO - [2024-05-25T04:59:23.929+0000] {dagbag.py:545} INFO - Filling up the DagBag from /opt/airflow/dags/analysis_dag.py
[2024-05-25T04:59:23.969+0000] {processor.py:840} INFO - DAG(s) 'domain_analysis_full' retrieved from /opt/airflow/dags/analysis_dag.py
[2024-05-25T04:59:23.994+0000] {logging_mixin.py:188} INFO - [2024-05-25T04:59:23.993+0000] {dag.py:3096} INFO - Sync 1 DAGs
[2024-05-25T04:59:24.019+0000] {processor.py:183} INFO - Processing /opt/airflow/dags/analysis_dag.py took 0.097 seconds
[2024-05-25T04:59:54.341+0000] {processor.py:161} INFO - Started process (PID=304) to work on /opt/airflow/dags/analysis_dag.py
[2024-05-25T04:59:54.342+0000] {processor.py:830} INFO - Processing file /opt/airflow/dags/analysis_dag.py for tasks to queue
[2024-05-25T04:59:54.343+0000] {logging_mixin.py:188} INFO - [2024-05-25T04:59:54.342+0000] {dagbag.py:545} INFO - Filling up the DagBag from /opt/airflow/dags/analysis_dag.py
[2024-05-25T04:59:54.378+0000] {processor.py:840} INFO - DAG(s) 'domain_analysis_full' retrieved from /opt/airflow/dags/analysis_dag.py
[2024-05-25T04:59:54.448+0000] {logging_mixin.py:188} INFO - [2024-05-25T04:59:54.448+0000] {dag.py:3096} INFO - Sync 1 DAGs
[2024-05-25T04:59:54.478+0000] {processor.py:183} INFO - Processing /opt/airflow/dags/analysis_dag.py took 0.141 seconds
[2024-05-25T05:00:24.781+0000] {processor.py:161} INFO - Started process (PID=324) to work on /opt/airflow/dags/analysis_dag.py
[2024-05-25T05:00:24.782+0000] {processor.py:830} INFO - Processing file /opt/airflow/dags/analysis_dag.py for tasks to queue
[2024-05-25T05:00:24.783+0000] {logging_mixin.py:188} INFO - [2024-05-25T05:00:24.783+0000] {dagbag.py:545} INFO - Filling up the DagBag from /opt/airflow/dags/analysis_dag.py
[2024-05-25T05:00:24.819+0000] {processor.py:840} INFO - DAG(s) 'domain_analysis_full' retrieved from /opt/airflow/dags/analysis_dag.py
[2024-05-25T05:00:24.834+0000] {logging_mixin.py:188} INFO - [2024-05-25T05:00:24.834+0000] {dag.py:3096} INFO - Sync 1 DAGs
[2024-05-25T05:00:24.855+0000] {processor.py:183} INFO - Processing /opt/airflow/dags/analysis_dag.py took 0.080 seconds
[2024-05-25T05:00:55.187+0000] {processor.py:161} INFO - Started process (PID=344) to work on /opt/airflow/dags/analysis_dag.py
[2024-05-25T05:00:55.188+0000] {processor.py:830} INFO - Processing file /opt/airflow/dags/analysis_dag.py for tasks to queue
[2024-05-25T05:00:55.191+0000] {logging_mixin.py:188} INFO - [2024-05-25T05:00:55.191+0000] {dagbag.py:545} INFO - Filling up the DagBag from /opt/airflow/dags/analysis_dag.py
[2024-05-25T05:00:55.244+0000] {processor.py:840} INFO - DAG(s) 'domain_analysis_full' retrieved from /opt/airflow/dags/analysis_dag.py
[2024-05-25T05:00:55.320+0000] {logging_mixin.py:188} INFO - [2024-05-25T05:00:55.320+0000] {dag.py:3096} INFO - Sync 1 DAGs
[2024-05-25T05:00:55.354+0000] {processor.py:183} INFO - Processing /opt/airflow/dags/analysis_dag.py took 0.175 seconds
[2024-05-25T05:01:25.684+0000] {processor.py:161} INFO - Started process (PID=364) to work on /opt/airflow/dags/analysis_dag.py
[2024-05-25T05:01:25.685+0000] {processor.py:830} INFO - Processing file /opt/airflow/dags/analysis_dag.py for tasks to queue
[2024-05-25T05:01:25.686+0000] {logging_mixin.py:188} INFO - [2024-05-25T05:01:25.686+0000] {dagbag.py:545} INFO - Filling up the DagBag from /opt/airflow/dags/analysis_dag.py
[2024-05-25T05:01:25.725+0000] {processor.py:840} INFO - DAG(s) 'domain_analysis_full' retrieved from /opt/airflow/dags/analysis_dag.py
[2024-05-25T05:01:25.746+0000] {logging_mixin.py:188} INFO - [2024-05-25T05:01:25.746+0000] {dag.py:3096} INFO - Sync 1 DAGs
[2024-05-25T05:01:25.771+0000] {processor.py:183} INFO - Processing /opt/airflow/dags/analysis_dag.py took 0.092 seconds
[2024-05-25T05:01:56.183+0000] {processor.py:161} INFO - Started process (PID=384) to work on /opt/airflow/dags/analysis_dag.py
[2024-05-25T05:01:56.183+0000] {processor.py:830} INFO - Processing file /opt/airflow/dags/analysis_dag.py for tasks to queue
[2024-05-25T05:01:56.185+0000] {logging_mixin.py:188} INFO - [2024-05-25T05:01:56.185+0000] {dagbag.py:545} INFO - Filling up the DagBag from /opt/airflow/dags/analysis_dag.py
[2024-05-25T05:01:56.222+0000] {processor.py:840} INFO - DAG(s) 'domain_analysis_full' retrieved from /opt/airflow/dags/analysis_dag.py
[2024-05-25T05:01:56.278+0000] {logging_mixin.py:188} INFO - [2024-05-25T05:01:56.278+0000] {dag.py:3096} INFO - Sync 1 DAGs
[2024-05-25T05:01:56.298+0000] {processor.py:183} INFO - Processing /opt/airflow/dags/analysis_dag.py took 0.120 seconds
[2024-05-25T05:02:26.615+0000] {processor.py:161} INFO - Started process (PID=404) to work on /opt/airflow/dags/analysis_dag.py
[2024-05-25T05:02:26.615+0000] {processor.py:830} INFO - Processing file /opt/airflow/dags/analysis_dag.py for tasks to queue
[2024-05-25T05:02:26.616+0000] {logging_mixin.py:188} INFO - [2024-05-25T05:02:26.616+0000] {dagbag.py:545} INFO - Filling up the DagBag from /opt/airflow/dags/analysis_dag.py
[2024-05-25T05:02:26.652+0000] {processor.py:840} INFO - DAG(s) 'domain_analysis_full' retrieved from /opt/airflow/dags/analysis_dag.py
[2024-05-25T05:02:26.673+0000] {logging_mixin.py:188} INFO - [2024-05-25T05:02:26.673+0000] {dag.py:3096} INFO - Sync 1 DAGs
[2024-05-25T05:02:26.697+0000] {processor.py:183} INFO - Processing /opt/airflow/dags/analysis_dag.py took 0.087 seconds
[2024-05-25T05:02:54.424+0000] {processor.py:161} INFO - Started process (PID=202) to work on /opt/airflow/dags/analysis_dag.py
[2024-05-25T05:02:54.424+0000] {processor.py:830} INFO - Processing file /opt/airflow/dags/analysis_dag.py for tasks to queue
[2024-05-25T05:02:54.426+0000] {logging_mixin.py:188} INFO - [2024-05-25T05:02:54.425+0000] {dagbag.py:545} INFO - Filling up the DagBag from /opt/airflow/dags/analysis_dag.py
[2024-05-25T05:02:54.459+0000] {processor.py:840} INFO - DAG(s) 'domain_analysis_full' retrieved from /opt/airflow/dags/analysis_dag.py
[2024-05-25T05:02:54.474+0000] {logging_mixin.py:188} INFO - [2024-05-25T05:02:54.474+0000] {dag.py:3096} INFO - Sync 1 DAGs
[2024-05-25T05:02:54.494+0000] {processor.py:183} INFO - Processing /opt/airflow/dags/analysis_dag.py took 0.074 seconds
[2024-05-25T05:03:24.792+0000] {processor.py:161} INFO - Started process (PID=244) to work on /opt/airflow/dags/analysis_dag.py
[2024-05-25T05:03:24.793+0000] {processor.py:830} INFO - Processing file /opt/airflow/dags/analysis_dag.py for tasks to queue
[2024-05-25T05:03:24.795+0000] {logging_mixin.py:188} INFO - [2024-05-25T05:03:24.794+0000] {dagbag.py:545} INFO - Filling up the DagBag from /opt/airflow/dags/analysis_dag.py
[2024-05-25T05:03:24.842+0000] {processor.py:840} INFO - DAG(s) 'domain_analysis_full' retrieved from /opt/airflow/dags/analysis_dag.py
[2024-05-25T05:03:24.919+0000] {logging_mixin.py:188} INFO - [2024-05-25T05:03:24.918+0000] {dag.py:3096} INFO - Sync 1 DAGs
[2024-05-25T05:03:24.942+0000] {processor.py:183} INFO - Processing /opt/airflow/dags/analysis_dag.py took 0.155 seconds
[2024-05-25T05:03:55.332+0000] {processor.py:161} INFO - Started process (PID=264) to work on /opt/airflow/dags/analysis_dag.py
[2024-05-25T05:03:55.332+0000] {processor.py:830} INFO - Processing file /opt/airflow/dags/analysis_dag.py for tasks to queue
[2024-05-25T05:03:55.334+0000] {logging_mixin.py:188} INFO - [2024-05-25T05:03:55.333+0000] {dagbag.py:545} INFO - Filling up the DagBag from /opt/airflow/dags/analysis_dag.py
[2024-05-25T05:03:55.374+0000] {processor.py:840} INFO - DAG(s) 'domain_analysis_full' retrieved from /opt/airflow/dags/analysis_dag.py
[2024-05-25T05:03:55.454+0000] {logging_mixin.py:188} INFO - [2024-05-25T05:03:55.454+0000] {dag.py:3096} INFO - Sync 1 DAGs
[2024-05-25T05:03:55.488+0000] {processor.py:183} INFO - Processing /opt/airflow/dags/analysis_dag.py took 0.161 seconds
[2024-05-25T05:04:25.813+0000] {processor.py:161} INFO - Started process (PID=284) to work on /opt/airflow/dags/analysis_dag.py
[2024-05-25T05:04:25.814+0000] {processor.py:830} INFO - Processing file /opt/airflow/dags/analysis_dag.py for tasks to queue
[2024-05-25T05:04:25.815+0000] {logging_mixin.py:188} INFO - [2024-05-25T05:04:25.815+0000] {dagbag.py:545} INFO - Filling up the DagBag from /opt/airflow/dags/analysis_dag.py
[2024-05-25T05:04:25.854+0000] {processor.py:840} INFO - DAG(s) 'domain_analysis_full' retrieved from /opt/airflow/dags/analysis_dag.py
[2024-05-25T05:04:25.870+0000] {logging_mixin.py:188} INFO - [2024-05-25T05:04:25.870+0000] {dag.py:3096} INFO - Sync 1 DAGs
[2024-05-25T05:04:25.890+0000] {processor.py:183} INFO - Processing /opt/airflow/dags/analysis_dag.py took 0.081 seconds
[2024-05-25T05:04:56.274+0000] {processor.py:161} INFO - Started process (PID=304) to work on /opt/airflow/dags/analysis_dag.py
[2024-05-25T05:04:56.274+0000] {processor.py:830} INFO - Processing file /opt/airflow/dags/analysis_dag.py for tasks to queue
[2024-05-25T05:04:56.276+0000] {logging_mixin.py:188} INFO - [2024-05-25T05:04:56.275+0000] {dagbag.py:545} INFO - Filling up the DagBag from /opt/airflow/dags/analysis_dag.py
[2024-05-25T05:04:56.315+0000] {processor.py:840} INFO - DAG(s) 'domain_analysis_full' retrieved from /opt/airflow/dags/analysis_dag.py
[2024-05-25T05:04:56.378+0000] {logging_mixin.py:188} INFO - [2024-05-25T05:04:56.377+0000] {dag.py:3096} INFO - Sync 1 DAGs
[2024-05-25T05:04:56.402+0000] {processor.py:183} INFO - Processing /opt/airflow/dags/analysis_dag.py took 0.133 seconds
